INFO - 2020-09-27 20:17:09 --> Config Class Initialized
INFO - 2020-09-27 20:17:09 --> Hooks Class Initialized
DEBUG - 2020-09-27 20:17:09 --> UTF-8 Support Enabled
INFO - 2020-09-27 20:17:09 --> Utf8 Class Initialized
INFO - 2020-09-27 20:17:09 --> URI Class Initialized
INFO - 2020-09-27 20:17:09 --> Router Class Initialized
INFO - 2020-09-27 20:17:09 --> Output Class Initialized
INFO - 2020-09-27 20:17:09 --> Security Class Initialized
DEBUG - 2020-09-27 20:17:09 --> Global POST, GET and COOKIE data sanitized
INFO - 2020-09-27 20:17:09 --> Input Class Initialized
INFO - 2020-09-27 20:17:09 --> Language Class Initialized
INFO - 2020-09-27 20:17:10 --> Language Class Initialized
INFO - 2020-09-27 20:17:10 --> Config Class Initialized
INFO - 2020-09-27 20:17:10 --> Loader Class Initialized
DEBUG - 2020-09-27 20:17:10 --> Config file loaded: C:\Apache24\htdocs\KSEBL_SSP\application\config/rest.php
INFO - 2020-09-27 20:17:10 --> Helper loaded: url_helper
INFO - 2020-09-27 20:17:10 --> Helper loaded: form_helper
INFO - 2020-09-27 20:17:10 --> Helper loaded: adminurl_helper
INFO - 2020-09-27 20:17:10 --> Helper loaded: site_helper
INFO - 2020-09-27 20:17:10 --> Helper loaded: directory_helper
INFO - 2020-09-27 20:17:10 --> Helper loaded: mail_helper
INFO - 2020-09-27 20:17:10 --> Language file loaded: language/english/api_lang.php
INFO - 2020-09-27 20:17:11 --> Database Driver Class Initialized
INFO - 2020-09-27 20:17:11 --> Database Driver Class Initialized
INFO - 2020-09-27 20:17:11 --> Email Class Initialized
INFO - 2020-09-27 20:17:11 --> Session: Class initialized using 'database' driver.
INFO - 2020-09-27 20:17:11 --> Form Validation Class Initialized
INFO - 2020-09-27 20:17:11 --> Controller Class Initialized
DEBUG - 2020-09-27 20:17:11 --> Supplier_delivery MX_Controller Initialized
INFO - 2020-09-27 20:17:12 --> Config Class Initialized
INFO - 2020-09-27 20:17:12 --> Hooks Class Initialized
DEBUG - 2020-09-27 20:17:12 --> UTF-8 Support Enabled
INFO - 2020-09-27 20:17:12 --> Utf8 Class Initialized
INFO - 2020-09-27 20:17:12 --> URI Class Initialized
INFO - 2020-09-27 20:17:12 --> Router Class Initialized
INFO - 2020-09-27 20:17:12 --> Output Class Initialized
INFO - 2020-09-27 20:17:12 --> Security Class Initialized
DEBUG - 2020-09-27 20:17:12 --> Global POST, GET and COOKIE data sanitized
INFO - 2020-09-27 20:17:12 --> Input Class Initialized
INFO - 2020-09-27 20:17:12 --> Language Class Initialized
INFO - 2020-09-27 20:17:12 --> Language Class Initialized
INFO - 2020-09-27 20:17:12 --> Config Class Initialized
INFO - 2020-09-27 20:17:12 --> Loader Class Initialized
DEBUG - 2020-09-27 20:17:12 --> Config file loaded: C:\Apache24\htdocs\KSEBL_SSP\application\config/rest.php
INFO - 2020-09-27 20:17:12 --> Helper loaded: url_helper
INFO - 2020-09-27 20:17:12 --> Helper loaded: form_helper
INFO - 2020-09-27 20:17:12 --> Helper loaded: adminurl_helper
INFO - 2020-09-27 20:17:12 --> Helper loaded: site_helper
INFO - 2020-09-27 20:17:12 --> Helper loaded: directory_helper
INFO - 2020-09-27 20:17:12 --> Helper loaded: mail_helper
INFO - 2020-09-27 20:17:13 --> Language file loaded: language/english/api_lang.php
INFO - 2020-09-27 20:17:13 --> Database Driver Class Initialized
INFO - 2020-09-27 20:17:13 --> Database Driver Class Initialized
INFO - 2020-09-27 20:17:13 --> Email Class Initialized
INFO - 2020-09-27 20:17:13 --> Session: Class initialized using 'database' driver.
INFO - 2020-09-27 20:17:13 --> Form Validation Class Initialized
INFO - 2020-09-27 20:17:13 --> Controller Class Initialized
DEBUG - 2020-09-27 20:17:13 --> File loaded: C:\Apache24\htdocs\KSEBL_SSP\application\controllers/../modules/template/controllers/Template.php
DEBUG - 2020-09-27 20:17:13 --> Template MX_Controller Initialized
INFO - 2020-09-27 20:17:13 --> Config Class Initialized
INFO - 2020-09-27 20:17:13 --> Hooks Class Initialized
DEBUG - 2020-09-27 20:17:13 --> UTF-8 Support Enabled
INFO - 2020-09-27 20:17:13 --> Utf8 Class Initialized
INFO - 2020-09-27 20:17:13 --> URI Class Initialized
DEBUG - 2020-09-27 20:17:13 --> No URI present. Default controller set.
INFO - 2020-09-27 20:17:13 --> Router Class Initialized
INFO - 2020-09-27 20:17:13 --> Output Class Initialized
INFO - 2020-09-27 20:17:14 --> Security Class Initialized
DEBUG - 2020-09-27 20:17:14 --> Global POST, GET and COOKIE data sanitized
INFO - 2020-09-27 20:17:14 --> Input Class Initialized
INFO - 2020-09-27 20:17:14 --> Language Class Initialized
INFO - 2020-09-27 20:17:14 --> Language Class Initialized
INFO - 2020-09-27 20:17:14 --> Config Class Initialized
INFO - 2020-09-27 20:17:14 --> Loader Class Initialized
DEBUG - 2020-09-27 20:17:14 --> Config file loaded: C:\Apache24\htdocs\KSEBL_SSP\application\config/rest.php
INFO - 2020-09-27 20:17:14 --> Helper loaded: url_helper
INFO - 2020-09-27 20:17:14 --> Helper loaded: form_helper
INFO - 2020-09-27 20:17:14 --> Helper loaded: adminurl_helper
INFO - 2020-09-27 20:17:14 --> Helper loaded: site_helper
INFO - 2020-09-27 20:17:14 --> Helper loaded: directory_helper
INFO - 2020-09-27 20:17:14 --> Helper loaded: mail_helper
INFO - 2020-09-27 20:17:14 --> Language file loaded: language/english/api_lang.php
INFO - 2020-09-27 20:17:14 --> Database Driver Class Initialized
INFO - 2020-09-27 20:17:14 --> Database Driver Class Initialized
INFO - 2020-09-27 20:17:14 --> Email Class Initialized
INFO - 2020-09-27 20:17:14 --> Session: Class initialized using 'database' driver.
INFO - 2020-09-27 20:17:14 --> Form Validation Class Initialized
INFO - 2020-09-27 20:17:14 --> Controller Class Initialized
DEBUG - 2020-09-27 20:17:15 --> Web MX_Controller Initialized
DEBUG - 2020-09-27 20:17:15 --> File loaded: C:\Apache24\htdocs\KSEBL_SSP\application\controllers/../modules/template/controllers/Template.php
DEBUG - 2020-09-27 20:17:15 --> Template MX_Controller Initialized
DEBUG - 2020-09-27 20:17:15 --> File loaded: C:\Apache24\htdocs\KSEBL_SSP\application\modules/template/views/public/header.php
DEBUG - 2020-09-27 20:17:15 --> File loaded: C:\Apache24\htdocs\KSEBL_SSP\application\modules/website/web/views/home.php
DEBUG - 2020-09-27 20:17:15 --> File loaded: C:\Apache24\htdocs\KSEBL_SSP\application\modules/template/views/public/footer.php
INFO - 2020-09-27 20:17:15 --> Final output sent to browser
DEBUG - 2020-09-27 20:17:15 --> Total execution time: 1.6530
INFO - 2020-09-27 20:17:35 --> Config Class Initialized
INFO - 2020-09-27 20:17:35 --> Hooks Class Initialized
DEBUG - 2020-09-27 20:17:35 --> UTF-8 Support Enabled
INFO - 2020-09-27 20:17:35 --> Utf8 Class Initialized
INFO - 2020-09-27 20:17:35 --> URI Class Initialized
INFO - 2020-09-27 20:17:35 --> Router Class Initialized
INFO - 2020-09-27 20:17:35 --> Output Class Initialized
INFO - 2020-09-27 20:17:35 --> Security Class Initialized
DEBUG - 2020-09-27 20:17:35 --> Global POST, GET and COOKIE data sanitized
INFO - 2020-09-27 20:17:35 --> Input Class Initialized
INFO - 2020-09-27 20:17:35 --> Language Class Initialized
INFO - 2020-09-27 20:17:35 --> Language Class Initialized
INFO - 2020-09-27 20:17:36 --> Config Class Initialized
INFO - 2020-09-27 20:17:36 --> Loader Class Initialized
DEBUG - 2020-09-27 20:17:36 --> Config file loaded: C:\Apache24\htdocs\KSEBL_SSP\application\config/rest.php
INFO - 2020-09-27 20:17:36 --> Helper loaded: url_helper
INFO - 2020-09-27 20:17:36 --> Helper loaded: form_helper
INFO - 2020-09-27 20:17:36 --> Helper loaded: adminurl_helper
INFO - 2020-09-27 20:17:36 --> Helper loaded: site_helper
INFO - 2020-09-27 20:17:36 --> Helper loaded: directory_helper
INFO - 2020-09-27 20:17:36 --> Helper loaded: mail_helper
INFO - 2020-09-27 20:17:36 --> Language file loaded: language/english/api_lang.php
INFO - 2020-09-27 20:17:36 --> Database Driver Class Initialized
INFO - 2020-09-27 20:17:36 --> Database Driver Class Initialized
INFO - 2020-09-27 20:17:36 --> Email Class Initialized
INFO - 2020-09-27 20:17:36 --> Session: Class initialized using 'database' driver.
INFO - 2020-09-27 20:17:36 --> Form Validation Class Initialized
INFO - 2020-09-27 20:17:36 --> Controller Class Initialized
DEBUG - 2020-09-27 20:17:36 --> File loaded: C:\Apache24\htdocs\KSEBL_SSP\application\controllers/../modules/template/controllers/Template.php
DEBUG - 2020-09-27 20:17:36 --> Template MX_Controller Initialized
INFO - 2020-09-27 20:17:37 --> Language file loaded: language/english/form_validation_lang.php
DEBUG - 2020-09-27 20:17:37 --> File loaded: C:\Apache24\htdocs\KSEBL_SSP\application\modules/supplier/supplier_home/models/Login.php
ERROR - 2020-09-27 20:17:37 --> Severity: Notice --> Undefined index: uid C:\Apache24\htdocs\KSEBL_SSP\application\modules\supplier\supplier_home\controllers\Supplier_home.php 36
ERROR - 2020-09-27 20:17:37 --> Severity: Notice --> Undefined index: district_id C:\Apache24\htdocs\KSEBL_SSP\application\modules\supplier\supplier_home\controllers\Supplier_home.php 41
ERROR - 2020-09-27 20:17:37 --> Severity: Notice --> Undefined index: basin_id C:\Apache24\htdocs\KSEBL_SSP\application\modules\supplier\supplier_home\controllers\Supplier_home.php 42
INFO - 2020-09-27 20:17:37 --> Config Class Initialized
INFO - 2020-09-27 20:17:37 --> Hooks Class Initialized
DEBUG - 2020-09-27 20:17:37 --> UTF-8 Support Enabled
INFO - 2020-09-27 20:17:37 --> Utf8 Class Initialized
INFO - 2020-09-27 20:17:37 --> URI Class Initialized
INFO - 2020-09-27 20:17:37 --> Router Class Initialized
INFO - 2020-09-27 20:17:37 --> Output Class Initialized
INFO - 2020-09-27 20:17:37 --> Security Class Initialized
DEBUG - 2020-09-27 20:17:37 --> Global POST, GET and COOKIE data sanitized
INFO - 2020-09-27 20:17:38 --> Input Class Initialized
INFO - 2020-09-27 20:17:38 --> Language Class Initialized
INFO - 2020-09-27 20:17:38 --> Language Class Initialized
INFO - 2020-09-27 20:17:38 --> Config Class Initialized
INFO - 2020-09-27 20:17:38 --> Loader Class Initialized
DEBUG - 2020-09-27 20:17:38 --> Config file loaded: C:\Apache24\htdocs\KSEBL_SSP\application\config/rest.php
INFO - 2020-09-27 20:17:38 --> Helper loaded: url_helper
INFO - 2020-09-27 20:17:38 --> Helper loaded: form_helper
INFO - 2020-09-27 20:17:38 --> Helper loaded: adminurl_helper
INFO - 2020-09-27 20:17:38 --> Helper loaded: site_helper
INFO - 2020-09-27 20:17:38 --> Helper loaded: directory_helper
INFO - 2020-09-27 20:17:38 --> Helper loaded: mail_helper
INFO - 2020-09-27 20:17:38 --> Language file loaded: language/english/api_lang.php
INFO - 2020-09-27 20:17:38 --> Database Driver Class Initialized
INFO - 2020-09-27 20:17:38 --> Database Driver Class Initialized
INFO - 2020-09-27 20:17:38 --> Email Class Initialized
INFO - 2020-09-27 20:17:38 --> Session: Class initialized using 'database' driver.
INFO - 2020-09-27 20:17:38 --> Form Validation Class Initialized
INFO - 2020-09-27 20:17:38 --> Controller Class Initialized
DEBUG - 2020-09-27 20:17:38 --> Supplier_dashboard MX_Controller Initialized
DEBUG - 2020-09-27 20:17:38 --> File loaded: C:\Apache24\htdocs\KSEBL_SSP\application\controllers/../modules/template/controllers/Template.php
DEBUG - 2020-09-27 20:17:38 --> Template MX_Controller Initialized
DEBUG - 2020-09-27 20:17:39 --> File loaded: C:\Apache24\htdocs\KSEBL_SSP\application\modules/supplier/supplier_dashboard/models/Dashboard_model.php
DEBUG - 2020-09-27 20:17:39 --> File loaded: C:\Apache24\htdocs\KSEBL_SSP\application\modules/template/views/supplier_portal/header.php
DEBUG - 2020-09-27 20:17:39 --> File loaded: C:\Apache24\htdocs\KSEBL_SSP\application\modules/supplier/supplier_dashboard/views/home.php
DEBUG - 2020-09-27 20:17:39 --> File loaded: C:\Apache24\htdocs\KSEBL_SSP\application\modules/template/views/supplier_portal/footer.php
INFO - 2020-09-27 20:17:39 --> Final output sent to browser
DEBUG - 2020-09-27 20:17:39 --> Total execution time: 1.7249
INFO - 2020-09-27 20:17:40 --> Config Class Initialized
INFO - 2020-09-27 20:17:40 --> Hooks Class Initialized
DEBUG - 2020-09-27 20:17:40 --> UTF-8 Support Enabled
INFO - 2020-09-27 20:17:40 --> Utf8 Class Initialized
INFO - 2020-09-27 20:17:40 --> URI Class Initialized
INFO - 2020-09-27 20:17:40 --> Router Class Initialized
INFO - 2020-09-27 20:17:40 --> Output Class Initialized
INFO - 2020-09-27 20:17:40 --> Security Class Initialized
DEBUG - 2020-09-27 20:17:40 --> Global POST, GET and COOKIE data sanitized
INFO - 2020-09-27 20:17:40 --> Input Class Initialized
INFO - 2020-09-27 20:17:40 --> Language Class Initialized
INFO - 2020-09-27 20:17:40 --> Language Class Initialized
INFO - 2020-09-27 20:17:41 --> Config Class Initialized
INFO - 2020-09-27 20:17:41 --> Loader Class Initialized
DEBUG - 2020-09-27 20:17:41 --> Config file loaded: C:\Apache24\htdocs\KSEBL_SSP\application\config/rest.php
INFO - 2020-09-27 20:17:41 --> Helper loaded: url_helper
INFO - 2020-09-27 20:17:41 --> Helper loaded: form_helper
INFO - 2020-09-27 20:17:41 --> Helper loaded: adminurl_helper
INFO - 2020-09-27 20:17:41 --> Helper loaded: site_helper
INFO - 2020-09-27 20:17:41 --> Helper loaded: directory_helper
INFO - 2020-09-27 20:17:41 --> Helper loaded: mail_helper
INFO - 2020-09-27 20:17:41 --> Language file loaded: language/english/api_lang.php
INFO - 2020-09-27 20:17:41 --> Database Driver Class Initialized
INFO - 2020-09-27 20:17:41 --> Database Driver Class Initialized
INFO - 2020-09-27 20:17:41 --> Email Class Initialized
INFO - 2020-09-27 20:17:41 --> Session: Class initialized using 'database' driver.
INFO - 2020-09-27 20:17:41 --> Config Class Initialized
INFO - 2020-09-27 20:17:41 --> Form Validation Class Initialized
INFO - 2020-09-27 20:17:41 --> Hooks Class Initialized
DEBUG - 2020-09-27 20:17:41 --> UTF-8 Support Enabled
INFO - 2020-09-27 20:17:41 --> Controller Class Initialized
DEBUG - 2020-09-27 20:17:41 --> Web MX_Controller Initialized
INFO - 2020-09-27 20:17:41 --> Utf8 Class Initialized
DEBUG - 2020-09-27 20:17:41 --> File loaded: C:\Apache24\htdocs\KSEBL_SSP\application\controllers/../modules/template/controllers/Template.php
INFO - 2020-09-27 20:17:41 --> URI Class Initialized
DEBUG - 2020-09-27 20:17:41 --> Template MX_Controller Initialized
INFO - 2020-09-27 20:17:41 --> Router Class Initialized
DEBUG - 2020-09-27 20:17:41 --> File loaded: C:\Apache24\htdocs\KSEBL_SSP\application\modules/template/views/public/header.php
INFO - 2020-09-27 20:17:41 --> Output Class Initialized
DEBUG - 2020-09-27 20:17:41 --> File loaded: C:\Apache24\htdocs\KSEBL_SSP\application\modules/website/web/views/404.php
INFO - 2020-09-27 20:17:41 --> Security Class Initialized
DEBUG - 2020-09-27 20:17:41 --> File loaded: C:\Apache24\htdocs\KSEBL_SSP\application\modules/template/views/public/footer.php
DEBUG - 2020-09-27 20:17:42 --> Global POST, GET and COOKIE data sanitized
INFO - 2020-09-27 20:17:42 --> Final output sent to browser
INFO - 2020-09-27 20:17:42 --> Input Class Initialized
DEBUG - 2020-09-27 20:17:42 --> Total execution time: 1.5629
INFO - 2020-09-27 20:17:42 --> Language Class Initialized
INFO - 2020-09-27 20:17:42 --> Language Class Initialized
INFO - 2020-09-27 20:17:42 --> Config Class Initialized
INFO - 2020-09-27 20:17:42 --> Loader Class Initialized
DEBUG - 2020-09-27 20:17:42 --> Config file loaded: C:\Apache24\htdocs\KSEBL_SSP\application\config/rest.php
INFO - 2020-09-27 20:17:42 --> Helper loaded: url_helper
INFO - 2020-09-27 20:17:42 --> Helper loaded: form_helper
INFO - 2020-09-27 20:17:42 --> Helper loaded: adminurl_helper
INFO - 2020-09-27 20:17:42 --> Helper loaded: site_helper
INFO - 2020-09-27 20:17:42 --> Helper loaded: directory_helper
INFO - 2020-09-27 20:17:42 --> Helper loaded: mail_helper
INFO - 2020-09-27 20:17:42 --> Language file loaded: language/english/api_lang.php
INFO - 2020-09-27 20:17:42 --> Database Driver Class Initialized
INFO - 2020-09-27 20:17:42 --> Database Driver Class Initialized
INFO - 2020-09-27 20:17:42 --> Email Class Initialized
INFO - 2020-09-27 20:17:43 --> Session: Class initialized using 'database' driver.
INFO - 2020-09-27 20:17:43 --> Form Validation Class Initialized
INFO - 2020-09-27 20:17:43 --> Controller Class Initialized
DEBUG - 2020-09-27 20:17:43 --> Template MX_Controller Initialized
ERROR - 2020-09-27 20:17:43 --> Severity: Notice --> Undefined variable: showdashbaord C:\Apache24\htdocs\KSEBL_SSP\application\modules\template\views\supplier\sidebar.php 26
ERROR - 2020-09-27 20:17:43 --> Severity: Notice --> Undefined variable: page C:\Apache24\htdocs\KSEBL_SSP\application\modules\template\views\supplier\sidebar.php 30
ERROR - 2020-09-27 20:17:43 --> Severity: Notice --> Undefined variable: page C:\Apache24\htdocs\KSEBL_SSP\application\modules\template\views\supplier\sidebar.php 36
ERROR - 2020-09-27 20:17:43 --> Severity: Notice --> Undefined variable: page C:\Apache24\htdocs\KSEBL_SSP\application\modules\template\views\supplier\sidebar.php 42
DEBUG - 2020-09-27 20:17:43 --> File loaded: C:\Apache24\htdocs\KSEBL_SSP\application\modules/template/views/supplier/sidebar.php
ERROR - 2020-09-27 20:17:43 --> Severity: Notice --> Undefined variable: showdashbaord C:\Apache24\htdocs\KSEBL_SSP\application\modules\template\views\supplier\header.php 84
DEBUG - 2020-09-27 20:17:43 --> File loaded: C:\Apache24\htdocs\KSEBL_SSP\application\modules/template/views/supplier/header.php
DEBUG - 2020-09-27 20:17:43 --> File loaded: C:\Apache24\htdocs\KSEBL_SSP\application\modules/template/views/supplier/e404.php
DEBUG - 2020-09-27 20:17:43 --> File loaded: C:\Apache24\htdocs\KSEBL_SSP\application\modules/template/views/supplier/footer.php
INFO - 2020-09-27 20:17:43 --> Final output sent to browser
DEBUG - 2020-09-27 20:17:43 --> Total execution time: 2.1888
INFO - 2020-09-27 20:18:59 --> Config Class Initialized
INFO - 2020-09-27 20:18:59 --> Hooks Class Initialized
DEBUG - 2020-09-27 20:18:59 --> UTF-8 Support Enabled
INFO - 2020-09-27 20:18:59 --> Utf8 Class Initialized
INFO - 2020-09-27 20:18:59 --> URI Class Initialized
INFO - 2020-09-27 20:18:59 --> Router Class Initialized
INFO - 2020-09-27 20:18:59 --> Output Class Initialized
INFO - 2020-09-27 20:18:59 --> Security Class Initialized
DEBUG - 2020-09-27 20:18:59 --> Global POST, GET and COOKIE data sanitized
INFO - 2020-09-27 20:18:59 --> Input Class Initialized
INFO - 2020-09-27 20:18:59 --> Language Class Initialized
INFO - 2020-09-27 20:19:00 --> Language Class Initialized
INFO - 2020-09-27 20:19:00 --> Config Class Initialized
INFO - 2020-09-27 20:19:00 --> Loader Class Initialized
DEBUG - 2020-09-27 20:19:00 --> Config file loaded: C:\Apache24\htdocs\KSEBL_SSP\application\config/rest.php
INFO - 2020-09-27 20:19:00 --> Helper loaded: url_helper
INFO - 2020-09-27 20:19:00 --> Helper loaded: form_helper
INFO - 2020-09-27 20:19:00 --> Helper loaded: adminurl_helper
INFO - 2020-09-27 20:19:00 --> Helper loaded: site_helper
INFO - 2020-09-27 20:19:00 --> Helper loaded: directory_helper
INFO - 2020-09-27 20:19:00 --> Helper loaded: mail_helper
INFO - 2020-09-27 20:19:00 --> Language file loaded: language/english/api_lang.php
INFO - 2020-09-27 20:19:00 --> Database Driver Class Initialized
INFO - 2020-09-27 20:19:00 --> Database Driver Class Initialized
INFO - 2020-09-27 20:19:00 --> Email Class Initialized
INFO - 2020-09-27 20:19:00 --> Session: Class initialized using 'database' driver.
INFO - 2020-09-27 20:19:00 --> Form Validation Class Initialized
INFO - 2020-09-27 20:19:00 --> Controller Class Initialized
DEBUG - 2020-09-27 20:19:00 --> Supplier_delivery MX_Controller Initialized
DEBUG - 2020-09-27 20:19:00 --> File loaded: C:\Apache24\htdocs\KSEBL_SSP\application\controllers/../modules/template/controllers/Template.php
DEBUG - 2020-09-27 20:19:00 --> Template MX_Controller Initialized
DEBUG - 2020-09-27 20:19:00 --> File loaded: C:\Apache24\htdocs\KSEBL_SSP\application\modules/template/views/supplier_portal/header.php
DEBUG - 2020-09-27 20:19:00 --> File loaded: C:\Apache24\htdocs\KSEBL_SSP\application\modules/supplier/supplier_delivery/views/home.php
DEBUG - 2020-09-27 20:19:01 --> File loaded: C:\Apache24\htdocs\KSEBL_SSP\application\modules/template/views/supplier_portal/footer.php
INFO - 2020-09-27 20:19:01 --> Final output sent to browser
DEBUG - 2020-09-27 20:19:01 --> Total execution time: 1.5603
INFO - 2020-09-27 20:19:01 --> Config Class Initialized
INFO - 2020-09-27 20:19:01 --> Config Class Initialized
INFO - 2020-09-27 20:19:01 --> Hooks Class Initialized
INFO - 2020-09-27 20:19:01 --> Hooks Class Initialized
DEBUG - 2020-09-27 20:19:01 --> UTF-8 Support Enabled
DEBUG - 2020-09-27 20:19:01 --> UTF-8 Support Enabled
INFO - 2020-09-27 20:19:01 --> Utf8 Class Initialized
INFO - 2020-09-27 20:19:01 --> Utf8 Class Initialized
INFO - 2020-09-27 20:19:01 --> URI Class Initialized
INFO - 2020-09-27 20:19:01 --> URI Class Initialized
INFO - 2020-09-27 20:19:01 --> Router Class Initialized
INFO - 2020-09-27 20:19:01 --> Router Class Initialized
INFO - 2020-09-27 20:19:01 --> Output Class Initialized
INFO - 2020-09-27 20:19:01 --> Output Class Initialized
INFO - 2020-09-27 20:19:01 --> Security Class Initialized
INFO - 2020-09-27 20:19:01 --> Security Class Initialized
DEBUG - 2020-09-27 20:19:01 --> Global POST, GET and COOKIE data sanitized
DEBUG - 2020-09-27 20:19:01 --> Global POST, GET and COOKIE data sanitized
INFO - 2020-09-27 20:19:01 --> Input Class Initialized
INFO - 2020-09-27 20:19:01 --> Input Class Initialized
INFO - 2020-09-27 20:19:01 --> Language Class Initialized
INFO - 2020-09-27 20:19:01 --> Language Class Initialized
INFO - 2020-09-27 20:19:01 --> Language Class Initialized
INFO - 2020-09-27 20:19:01 --> Language Class Initialized
INFO - 2020-09-27 20:19:01 --> Config Class Initialized
INFO - 2020-09-27 20:19:01 --> Config Class Initialized
INFO - 2020-09-27 20:19:01 --> Loader Class Initialized
INFO - 2020-09-27 20:19:01 --> Loader Class Initialized
DEBUG - 2020-09-27 20:19:02 --> Config file loaded: C:\Apache24\htdocs\KSEBL_SSP\application\config/rest.php
DEBUG - 2020-09-27 20:19:02 --> Config file loaded: C:\Apache24\htdocs\KSEBL_SSP\application\config/rest.php
INFO - 2020-09-27 20:19:02 --> Helper loaded: url_helper
INFO - 2020-09-27 20:19:02 --> Helper loaded: url_helper
INFO - 2020-09-27 20:19:02 --> Helper loaded: form_helper
INFO - 2020-09-27 20:19:02 --> Helper loaded: form_helper
INFO - 2020-09-27 20:19:02 --> Helper loaded: adminurl_helper
INFO - 2020-09-27 20:19:02 --> Helper loaded: adminurl_helper
INFO - 2020-09-27 20:19:02 --> Helper loaded: site_helper
INFO - 2020-09-27 20:19:02 --> Helper loaded: site_helper
INFO - 2020-09-27 20:19:02 --> Helper loaded: directory_helper
INFO - 2020-09-27 20:19:02 --> Helper loaded: directory_helper
INFO - 2020-09-27 20:19:02 --> Helper loaded: mail_helper
INFO - 2020-09-27 20:19:02 --> Helper loaded: mail_helper
INFO - 2020-09-27 20:19:02 --> Language file loaded: language/english/api_lang.php
INFO - 2020-09-27 20:19:02 --> Language file loaded: language/english/api_lang.php
INFO - 2020-09-27 20:19:02 --> Database Driver Class Initialized
INFO - 2020-09-27 20:19:02 --> Database Driver Class Initialized
INFO - 2020-09-27 20:19:02 --> Database Driver Class Initialized
INFO - 2020-09-27 20:19:02 --> Database Driver Class Initialized
INFO - 2020-09-27 20:19:02 --> Email Class Initialized
INFO - 2020-09-27 20:19:02 --> Email Class Initialized
INFO - 2020-09-27 20:19:02 --> Session: Class initialized using 'database' driver.
INFO - 2020-09-27 20:19:02 --> Form Validation Class Initialized
INFO - 2020-09-27 20:19:02 --> Controller Class Initialized
DEBUG - 2020-09-27 20:19:02 --> Template MX_Controller Initialized
ERROR - 2020-09-27 20:19:02 --> Severity: Notice --> Undefined variable: showdashbaord C:\Apache24\htdocs\KSEBL_SSP\application\modules\template\views\supplier\sidebar.php 26
ERROR - 2020-09-27 20:19:02 --> Severity: Notice --> Undefined variable: page C:\Apache24\htdocs\KSEBL_SSP\application\modules\template\views\supplier\sidebar.php 30
ERROR - 2020-09-27 20:19:02 --> Severity: Notice --> Undefined variable: page C:\Apache24\htdocs\KSEBL_SSP\application\modules\template\views\supplier\sidebar.php 36
ERROR - 2020-09-27 20:19:02 --> Severity: Notice --> Undefined variable: page C:\Apache24\htdocs\KSEBL_SSP\application\modules\template\views\supplier\sidebar.php 42
DEBUG - 2020-09-27 20:19:02 --> File loaded: C:\Apache24\htdocs\KSEBL_SSP\application\modules/template/views/supplier/sidebar.php
ERROR - 2020-09-27 20:19:02 --> Severity: Notice --> Undefined variable: showdashbaord C:\Apache24\htdocs\KSEBL_SSP\application\modules\template\views\supplier\header.php 84
DEBUG - 2020-09-27 20:19:02 --> File loaded: C:\Apache24\htdocs\KSEBL_SSP\application\modules/template/views/supplier/header.php
DEBUG - 2020-09-27 20:19:02 --> File loaded: C:\Apache24\htdocs\KSEBL_SSP\application\modules/template/views/supplier/e404.php
DEBUG - 2020-09-27 20:19:02 --> File loaded: C:\Apache24\htdocs\KSEBL_SSP\application\modules/template/views/supplier/footer.php
INFO - 2020-09-27 20:19:03 --> Final output sent to browser
DEBUG - 2020-09-27 20:19:03 --> Total execution time: 1.5916
INFO - 2020-09-27 20:19:03 --> Session: Class initialized using 'database' driver.
INFO - 2020-09-27 20:19:03 --> Form Validation Class Initialized
INFO - 2020-09-27 20:19:03 --> Controller Class Initialized
DEBUG - 2020-09-27 20:19:03 --> Web MX_Controller Initialized
DEBUG - 2020-09-27 20:19:03 --> File loaded: C:\Apache24\htdocs\KSEBL_SSP\application\controllers/../modules/template/controllers/Template.php
DEBUG - 2020-09-27 20:19:03 --> Template MX_Controller Initialized
DEBUG - 2020-09-27 20:19:03 --> File loaded: C:\Apache24\htdocs\KSEBL_SSP\application\modules/template/views/public/header.php
DEBUG - 2020-09-27 20:19:03 --> File loaded: C:\Apache24\htdocs\KSEBL_SSP\application\modules/website/web/views/404.php
DEBUG - 2020-09-27 20:19:03 --> File loaded: C:\Apache24\htdocs\KSEBL_SSP\application\modules/template/views/public/footer.php
INFO - 2020-09-27 20:19:03 --> Final output sent to browser
DEBUG - 2020-09-27 20:19:03 --> Total execution time: 2.0392
INFO - 2020-09-27 20:47:26 --> Config Class Initialized
INFO - 2020-09-27 20:47:26 --> Hooks Class Initialized
INFO - 2020-09-27 20:47:26 --> Config Class Initialized
DEBUG - 2020-09-27 20:47:26 --> UTF-8 Support Enabled
INFO - 2020-09-27 20:47:26 --> Hooks Class Initialized
INFO - 2020-09-27 20:47:26 --> Utf8 Class Initialized
DEBUG - 2020-09-27 20:47:26 --> UTF-8 Support Enabled
INFO - 2020-09-27 20:47:26 --> URI Class Initialized
INFO - 2020-09-27 20:47:26 --> Utf8 Class Initialized
INFO - 2020-09-27 20:47:26 --> Router Class Initialized
INFO - 2020-09-27 20:47:26 --> URI Class Initialized
INFO - 2020-09-27 20:47:26 --> Output Class Initialized
INFO - 2020-09-27 20:47:26 --> Router Class Initialized
INFO - 2020-09-27 20:47:26 --> Security Class Initialized
INFO - 2020-09-27 20:47:26 --> Output Class Initialized
DEBUG - 2020-09-27 20:47:26 --> Global POST, GET and COOKIE data sanitized
INFO - 2020-09-27 20:47:26 --> Security Class Initialized
INFO - 2020-09-27 20:47:26 --> Input Class Initialized
DEBUG - 2020-09-27 20:47:26 --> Global POST, GET and COOKIE data sanitized
INFO - 2020-09-27 20:47:26 --> Language Class Initialized
INFO - 2020-09-27 20:47:26 --> Input Class Initialized
INFO - 2020-09-27 20:47:26 --> Language Class Initialized
INFO - 2020-09-27 20:47:26 --> Language Class Initialized
INFO - 2020-09-27 20:47:26 --> Config Class Initialized
INFO - 2020-09-27 20:47:26 --> Language Class Initialized
INFO - 2020-09-27 20:47:26 --> Loader Class Initialized
INFO - 2020-09-27 20:47:26 --> Config Class Initialized
DEBUG - 2020-09-27 20:47:26 --> Config file loaded: C:\Apache24\htdocs\KSEBL_SSP\application\config/rest.php
INFO - 2020-09-27 20:47:27 --> Loader Class Initialized
INFO - 2020-09-27 20:47:27 --> Helper loaded: url_helper
DEBUG - 2020-09-27 20:47:27 --> Config file loaded: C:\Apache24\htdocs\KSEBL_SSP\application\config/rest.php
INFO - 2020-09-27 20:47:27 --> Helper loaded: form_helper
INFO - 2020-09-27 20:47:27 --> Helper loaded: url_helper
INFO - 2020-09-27 20:47:27 --> Helper loaded: adminurl_helper
INFO - 2020-09-27 20:47:27 --> Helper loaded: form_helper
INFO - 2020-09-27 20:47:27 --> Helper loaded: site_helper
INFO - 2020-09-27 20:47:27 --> Helper loaded: adminurl_helper
INFO - 2020-09-27 20:47:27 --> Helper loaded: directory_helper
INFO - 2020-09-27 20:47:27 --> Helper loaded: site_helper
INFO - 2020-09-27 20:47:27 --> Helper loaded: mail_helper
INFO - 2020-09-27 20:47:27 --> Helper loaded: directory_helper
INFO - 2020-09-27 20:47:27 --> Language file loaded: language/english/api_lang.php
INFO - 2020-09-27 20:47:27 --> Helper loaded: mail_helper
INFO - 2020-09-27 20:47:27 --> Database Driver Class Initialized
INFO - 2020-09-27 20:47:27 --> Language file loaded: language/english/api_lang.php
INFO - 2020-09-27 20:47:27 --> Database Driver Class Initialized
INFO - 2020-09-27 20:47:27 --> Database Driver Class Initialized
INFO - 2020-09-27 20:47:27 --> Database Driver Class Initialized
INFO - 2020-09-27 20:47:27 --> Email Class Initialized
INFO - 2020-09-27 20:47:27 --> Session: Class initialized using 'database' driver.
INFO - 2020-09-27 20:47:27 --> Email Class Initialized
INFO - 2020-09-27 20:47:27 --> Form Validation Class Initialized
INFO - 2020-09-27 20:47:27 --> Session: Class initialized using 'database' driver.
INFO - 2020-09-27 20:47:27 --> Controller Class Initialized
INFO - 2020-09-27 20:47:27 --> Form Validation Class Initialized
DEBUG - 2020-09-27 20:47:27 --> Web MX_Controller Initialized
INFO - 2020-09-27 20:47:27 --> Controller Class Initialized
DEBUG - 2020-09-27 20:47:27 --> File loaded: C:\Apache24\htdocs\KSEBL_SSP\application\controllers/../modules/template/controllers/Template.php
DEBUG - 2020-09-27 20:47:27 --> Web MX_Controller Initialized
DEBUG - 2020-09-27 20:47:27 --> Template MX_Controller Initialized
DEBUG - 2020-09-27 20:47:27 --> File loaded: C:\Apache24\htdocs\KSEBL_SSP\application\controllers/../modules/template/controllers/Template.php
DEBUG - 2020-09-27 20:47:27 --> File loaded: C:\Apache24\htdocs\KSEBL_SSP\application\modules/template/views/public/header.php
DEBUG - 2020-09-27 20:47:27 --> Template MX_Controller Initialized
DEBUG - 2020-09-27 20:47:27 --> File loaded: C:\Apache24\htdocs\KSEBL_SSP\application\modules/website/web/views/404.php
DEBUG - 2020-09-27 20:47:27 --> File loaded: C:\Apache24\htdocs\KSEBL_SSP\application\modules/template/views/public/header.php
DEBUG - 2020-09-27 20:47:27 --> File loaded: C:\Apache24\htdocs\KSEBL_SSP\application\modules/template/views/public/footer.php
DEBUG - 2020-09-27 20:47:27 --> File loaded: C:\Apache24\htdocs\KSEBL_SSP\application\modules/website/web/views/404.php
INFO - 2020-09-27 20:47:27 --> Final output sent to browser
DEBUG - 2020-09-27 20:47:27 --> File loaded: C:\Apache24\htdocs\KSEBL_SSP\application\modules/template/views/public/footer.php
DEBUG - 2020-09-27 20:47:27 --> Total execution time: 1.5328
INFO - 2020-09-27 20:47:27 --> Final output sent to browser
DEBUG - 2020-09-27 20:47:27 --> Total execution time: 1.4789
INFO - 2020-09-27 20:47:28 --> Config Class Initialized
INFO - 2020-09-27 20:47:28 --> Hooks Class Initialized
DEBUG - 2020-09-27 20:47:28 --> UTF-8 Support Enabled
INFO - 2020-09-27 20:47:28 --> Utf8 Class Initialized
INFO - 2020-09-27 20:47:28 --> URI Class Initialized
INFO - 2020-09-27 20:47:28 --> Router Class Initialized
INFO - 2020-09-27 20:47:28 --> Output Class Initialized
INFO - 2020-09-27 20:47:28 --> Security Class Initialized
DEBUG - 2020-09-27 20:47:28 --> Global POST, GET and COOKIE data sanitized
INFO - 2020-09-27 20:47:28 --> Input Class Initialized
INFO - 2020-09-27 20:47:28 --> Language Class Initialized
INFO - 2020-09-27 20:47:28 --> Language Class Initialized
INFO - 2020-09-27 20:47:28 --> Config Class Initialized
INFO - 2020-09-27 20:47:28 --> Loader Class Initialized
DEBUG - 2020-09-27 20:47:28 --> Config file loaded: C:\Apache24\htdocs\KSEBL_SSP\application\config/rest.php
INFO - 2020-09-27 20:47:28 --> Helper loaded: url_helper
INFO - 2020-09-27 20:47:28 --> Helper loaded: form_helper
INFO - 2020-09-27 20:47:28 --> Helper loaded: adminurl_helper
INFO - 2020-09-27 20:47:28 --> Helper loaded: site_helper
INFO - 2020-09-27 20:47:29 --> Helper loaded: directory_helper
INFO - 2020-09-27 20:47:29 --> Helper loaded: mail_helper
INFO - 2020-09-27 20:47:29 --> Language file loaded: language/english/api_lang.php
INFO - 2020-09-27 20:47:29 --> Database Driver Class Initialized
INFO - 2020-09-27 20:47:29 --> Database Driver Class Initialized
INFO - 2020-09-27 20:47:29 --> Email Class Initialized
INFO - 2020-09-27 20:47:29 --> Session: Class initialized using 'database' driver.
INFO - 2020-09-27 20:47:29 --> Form Validation Class Initialized
INFO - 2020-09-27 20:47:29 --> Controller Class Initialized
DEBUG - 2020-09-27 20:47:29 --> Web MX_Controller Initialized
DEBUG - 2020-09-27 20:47:29 --> File loaded: C:\Apache24\htdocs\KSEBL_SSP\application\controllers/../modules/template/controllers/Template.php
DEBUG - 2020-09-27 20:47:29 --> Template MX_Controller Initialized
DEBUG - 2020-09-27 20:47:29 --> File loaded: C:\Apache24\htdocs\KSEBL_SSP\application\modules/template/views/public/header.php
DEBUG - 2020-09-27 20:47:29 --> File loaded: C:\Apache24\htdocs\KSEBL_SSP\application\modules/website/web/views/404.php
DEBUG - 2020-09-27 20:47:29 --> File loaded: C:\Apache24\htdocs\KSEBL_SSP\application\modules/template/views/public/footer.php
INFO - 2020-09-27 20:47:29 --> Final output sent to browser
DEBUG - 2020-09-27 20:47:29 --> Total execution time: 1.4554
INFO - 2020-09-27 21:12:56 --> Config Class Initialized
INFO - 2020-09-27 21:12:56 --> Hooks Class Initialized
DEBUG - 2020-09-27 21:12:56 --> UTF-8 Support Enabled
INFO - 2020-09-27 21:12:56 --> Utf8 Class Initialized
INFO - 2020-09-27 21:12:56 --> URI Class Initialized
INFO - 2020-09-27 21:12:56 --> Router Class Initialized
INFO - 2020-09-27 21:12:56 --> Output Class Initialized
INFO - 2020-09-27 21:12:56 --> Security Class Initialized
DEBUG - 2020-09-27 21:12:56 --> Global POST, GET and COOKIE data sanitized
INFO - 2020-09-27 21:12:56 --> Input Class Initialized
INFO - 2020-09-27 21:12:56 --> Language Class Initialized
INFO - 2020-09-27 21:12:57 --> Language Class Initialized
INFO - 2020-09-27 21:12:57 --> Config Class Initialized
INFO - 2020-09-27 21:12:57 --> Loader Class Initialized
DEBUG - 2020-09-27 21:12:57 --> Config file loaded: C:\Apache24\htdocs\KSEBL_SSP\application\config/rest.php
INFO - 2020-09-27 21:12:57 --> Helper loaded: url_helper
INFO - 2020-09-27 21:12:57 --> Helper loaded: form_helper
INFO - 2020-09-27 21:12:57 --> Helper loaded: adminurl_helper
INFO - 2020-09-27 21:12:57 --> Helper loaded: site_helper
INFO - 2020-09-27 21:12:57 --> Helper loaded: directory_helper
INFO - 2020-09-27 21:12:57 --> Helper loaded: mail_helper
INFO - 2020-09-27 21:12:57 --> Language file loaded: language/english/api_lang.php
INFO - 2020-09-27 21:12:57 --> Database Driver Class Initialized
INFO - 2020-09-27 21:12:57 --> Database Driver Class Initialized
INFO - 2020-09-27 21:12:57 --> Email Class Initialized
INFO - 2020-09-27 21:12:57 --> Session: Class initialized using 'database' driver.
INFO - 2020-09-27 21:12:57 --> Form Validation Class Initialized
INFO - 2020-09-27 21:12:57 --> Controller Class Initialized
DEBUG - 2020-09-27 21:12:58 --> Supplier_accounts MX_Controller Initialized
DEBUG - 2020-09-27 21:12:58 --> File loaded: C:\Apache24\htdocs\KSEBL_SSP\application\controllers/../modules/template/controllers/Template.php
DEBUG - 2020-09-27 21:12:58 --> Template MX_Controller Initialized
DEBUG - 2020-09-27 21:12:58 --> File loaded: C:\Apache24\htdocs\KSEBL_SSP\application\modules/template/views/supplier_portal/header.php
DEBUG - 2020-09-27 21:12:58 --> File loaded: C:\Apache24\htdocs\KSEBL_SSP\application\modules/supplier/supplier_accounts/views/home.php
DEBUG - 2020-09-27 21:12:58 --> File loaded: C:\Apache24\htdocs\KSEBL_SSP\application\modules/template/views/supplier_portal/footer.php
INFO - 2020-09-27 21:12:58 --> Final output sent to browser
DEBUG - 2020-09-27 21:12:58 --> Total execution time: 1.8102
INFO - 2020-09-27 21:12:58 --> Config Class Initialized
INFO - 2020-09-27 21:12:58 --> Config Class Initialized
INFO - 2020-09-27 21:12:58 --> Hooks Class Initialized
INFO - 2020-09-27 21:12:58 --> Hooks Class Initialized
DEBUG - 2020-09-27 21:12:58 --> UTF-8 Support Enabled
DEBUG - 2020-09-27 21:12:58 --> UTF-8 Support Enabled
INFO - 2020-09-27 21:12:58 --> Utf8 Class Initialized
INFO - 2020-09-27 21:12:58 --> Utf8 Class Initialized
INFO - 2020-09-27 21:12:58 --> URI Class Initialized
INFO - 2020-09-27 21:12:58 --> URI Class Initialized
INFO - 2020-09-27 21:12:58 --> Router Class Initialized
INFO - 2020-09-27 21:12:58 --> Router Class Initialized
INFO - 2020-09-27 21:12:58 --> Output Class Initialized
INFO - 2020-09-27 21:12:58 --> Output Class Initialized
INFO - 2020-09-27 21:12:59 --> Security Class Initialized
INFO - 2020-09-27 21:12:59 --> Security Class Initialized
DEBUG - 2020-09-27 21:12:59 --> Global POST, GET and COOKIE data sanitized
DEBUG - 2020-09-27 21:12:59 --> Global POST, GET and COOKIE data sanitized
INFO - 2020-09-27 21:12:59 --> Input Class Initialized
INFO - 2020-09-27 21:12:59 --> Input Class Initialized
INFO - 2020-09-27 21:12:59 --> Language Class Initialized
INFO - 2020-09-27 21:12:59 --> Language Class Initialized
INFO - 2020-09-27 21:12:59 --> Language Class Initialized
INFO - 2020-09-27 21:12:59 --> Language Class Initialized
INFO - 2020-09-27 21:12:59 --> Config Class Initialized
INFO - 2020-09-27 21:12:59 --> Config Class Initialized
INFO - 2020-09-27 21:12:59 --> Loader Class Initialized
INFO - 2020-09-27 21:12:59 --> Loader Class Initialized
DEBUG - 2020-09-27 21:12:59 --> Config file loaded: C:\Apache24\htdocs\KSEBL_SSP\application\config/rest.php
DEBUG - 2020-09-27 21:12:59 --> Config file loaded: C:\Apache24\htdocs\KSEBL_SSP\application\config/rest.php
INFO - 2020-09-27 21:12:59 --> Helper loaded: url_helper
INFO - 2020-09-27 21:12:59 --> Helper loaded: url_helper
INFO - 2020-09-27 21:12:59 --> Helper loaded: form_helper
INFO - 2020-09-27 21:12:59 --> Helper loaded: form_helper
INFO - 2020-09-27 21:12:59 --> Helper loaded: adminurl_helper
INFO - 2020-09-27 21:12:59 --> Helper loaded: adminurl_helper
INFO - 2020-09-27 21:12:59 --> Helper loaded: site_helper
INFO - 2020-09-27 21:12:59 --> Helper loaded: site_helper
INFO - 2020-09-27 21:12:59 --> Helper loaded: directory_helper
INFO - 2020-09-27 21:12:59 --> Helper loaded: directory_helper
INFO - 2020-09-27 21:12:59 --> Helper loaded: mail_helper
INFO - 2020-09-27 21:12:59 --> Helper loaded: mail_helper
INFO - 2020-09-27 21:12:59 --> Language file loaded: language/english/api_lang.php
INFO - 2020-09-27 21:12:59 --> Language file loaded: language/english/api_lang.php
INFO - 2020-09-27 21:12:59 --> Database Driver Class Initialized
INFO - 2020-09-27 21:12:59 --> Database Driver Class Initialized
INFO - 2020-09-27 21:12:59 --> Database Driver Class Initialized
INFO - 2020-09-27 21:12:59 --> Database Driver Class Initialized
INFO - 2020-09-27 21:12:59 --> Email Class Initialized
INFO - 2020-09-27 21:12:59 --> Email Class Initialized
INFO - 2020-09-27 21:12:59 --> Session: Class initialized using 'database' driver.
INFO - 2020-09-27 21:12:59 --> Form Validation Class Initialized
INFO - 2020-09-27 21:12:59 --> Controller Class Initialized
ERROR - 2020-09-27 21:12:59 --> 404 Page Not Found: ../modules/supplier/supplier_accounts/controllers/Supplier_accounts/images
INFO - 2020-09-27 21:12:59 --> Session: Class initialized using 'database' driver.
INFO - 2020-09-27 21:13:00 --> Form Validation Class Initialized
INFO - 2020-09-27 21:13:00 --> Controller Class Initialized
DEBUG - 2020-09-27 21:13:00 --> Web MX_Controller Initialized
DEBUG - 2020-09-27 21:13:00 --> File loaded: C:\Apache24\htdocs\KSEBL_SSP\application\controllers/../modules/template/controllers/Template.php
DEBUG - 2020-09-27 21:13:00 --> Template MX_Controller Initialized
DEBUG - 2020-09-27 21:13:00 --> File loaded: C:\Apache24\htdocs\KSEBL_SSP\application\modules/template/views/public/header.php
DEBUG - 2020-09-27 21:13:00 --> File loaded: C:\Apache24\htdocs\KSEBL_SSP\application\modules/website/web/views/404.php
DEBUG - 2020-09-27 21:13:00 --> File loaded: C:\Apache24\htdocs\KSEBL_SSP\application\modules/template/views/public/footer.php
INFO - 2020-09-27 21:13:00 --> Final output sent to browser
DEBUG - 2020-09-27 21:13:00 --> Total execution time: 1.6454
INFO - 2020-09-27 21:42:57 --> Config Class Initialized
INFO - 2020-09-27 21:42:57 --> Hooks Class Initialized
DEBUG - 2020-09-27 21:42:57 --> UTF-8 Support Enabled
INFO - 2020-09-27 21:42:57 --> Utf8 Class Initialized
INFO - 2020-09-27 21:42:57 --> URI Class Initialized
INFO - 2020-09-27 21:42:57 --> Router Class Initialized
INFO - 2020-09-27 21:42:57 --> Output Class Initialized
INFO - 2020-09-27 21:42:57 --> Security Class Initialized
DEBUG - 2020-09-27 21:42:57 --> Global POST, GET and COOKIE data sanitized
INFO - 2020-09-27 21:42:57 --> Input Class Initialized
INFO - 2020-09-27 21:42:57 --> Language Class Initialized
INFO - 2020-09-27 21:42:57 --> Language Class Initialized
INFO - 2020-09-27 21:42:57 --> Config Class Initialized
INFO - 2020-09-27 21:42:57 --> Loader Class Initialized
DEBUG - 2020-09-27 21:42:57 --> Config file loaded: C:\Apache24\htdocs\KSEBL_SSP\application\config/rest.php
INFO - 2020-09-27 21:42:57 --> Helper loaded: url_helper
INFO - 2020-09-27 21:42:57 --> Helper loaded: form_helper
INFO - 2020-09-27 21:42:57 --> Helper loaded: adminurl_helper
INFO - 2020-09-27 21:42:57 --> Helper loaded: site_helper
INFO - 2020-09-27 21:42:57 --> Helper loaded: directory_helper
INFO - 2020-09-27 21:42:57 --> Helper loaded: mail_helper
INFO - 2020-09-27 21:42:57 --> Language file loaded: language/english/api_lang.php
INFO - 2020-09-27 21:42:58 --> Database Driver Class Initialized
INFO - 2020-09-27 21:42:58 --> Database Driver Class Initialized
INFO - 2020-09-27 21:42:58 --> Email Class Initialized
INFO - 2020-09-27 21:42:58 --> Session: Class initialized using 'database' driver.
INFO - 2020-09-27 21:42:58 --> Form Validation Class Initialized
INFO - 2020-09-27 21:42:58 --> Controller Class Initialized
DEBUG - 2020-09-27 21:42:58 --> Supplier_dashboard MX_Controller Initialized
DEBUG - 2020-09-27 21:42:58 --> File loaded: C:\Apache24\htdocs\KSEBL_SSP\application\controllers/../modules/template/controllers/Template.php
DEBUG - 2020-09-27 21:42:58 --> Template MX_Controller Initialized
DEBUG - 2020-09-27 21:42:58 --> File loaded: C:\Apache24\htdocs\KSEBL_SSP\application\modules/supplier/supplier_dashboard/models/Dashboard_model.php
DEBUG - 2020-09-27 21:42:58 --> File loaded: C:\Apache24\htdocs\KSEBL_SSP\application\modules/template/views/supplier_portal/header.php
DEBUG - 2020-09-27 21:42:58 --> File loaded: C:\Apache24\htdocs\KSEBL_SSP\application\modules/supplier/supplier_dashboard/views/profile_sidebar.php
DEBUG - 2020-09-27 21:42:58 --> File loaded: C:\Apache24\htdocs\KSEBL_SSP\application\modules/supplier/supplier_dashboard/views/company_profile.php
DEBUG - 2020-09-27 21:42:58 --> File loaded: C:\Apache24\htdocs\KSEBL_SSP\application\modules/template/views/supplier_portal/footer.php
INFO - 2020-09-27 21:42:58 --> Final output sent to browser
DEBUG - 2020-09-27 21:42:58 --> Total execution time: 1.6877
INFO - 2020-09-27 21:42:59 --> Config Class Initialized
INFO - 2020-09-27 21:42:59 --> Config Class Initialized
INFO - 2020-09-27 21:42:59 --> Hooks Class Initialized
INFO - 2020-09-27 21:42:59 --> Hooks Class Initialized
DEBUG - 2020-09-27 21:42:59 --> UTF-8 Support Enabled
DEBUG - 2020-09-27 21:42:59 --> UTF-8 Support Enabled
INFO - 2020-09-27 21:42:59 --> Utf8 Class Initialized
INFO - 2020-09-27 21:42:59 --> Utf8 Class Initialized
INFO - 2020-09-27 21:42:59 --> URI Class Initialized
INFO - 2020-09-27 21:42:59 --> URI Class Initialized
INFO - 2020-09-27 21:42:59 --> Router Class Initialized
INFO - 2020-09-27 21:42:59 --> Router Class Initialized
INFO - 2020-09-27 21:42:59 --> Output Class Initialized
INFO - 2020-09-27 21:42:59 --> Output Class Initialized
INFO - 2020-09-27 21:42:59 --> Security Class Initialized
INFO - 2020-09-27 21:42:59 --> Security Class Initialized
DEBUG - 2020-09-27 21:42:59 --> Global POST, GET and COOKIE data sanitized
DEBUG - 2020-09-27 21:42:59 --> Global POST, GET and COOKIE data sanitized
INFO - 2020-09-27 21:42:59 --> Input Class Initialized
INFO - 2020-09-27 21:42:59 --> Input Class Initialized
INFO - 2020-09-27 21:42:59 --> Language Class Initialized
INFO - 2020-09-27 21:42:59 --> Language Class Initialized
INFO - 2020-09-27 21:42:59 --> Language Class Initialized
INFO - 2020-09-27 21:42:59 --> Language Class Initialized
INFO - 2020-09-27 21:42:59 --> Config Class Initialized
INFO - 2020-09-27 21:42:59 --> Config Class Initialized
INFO - 2020-09-27 21:42:59 --> Loader Class Initialized
INFO - 2020-09-27 21:42:59 --> Loader Class Initialized
DEBUG - 2020-09-27 21:42:59 --> Config file loaded: C:\Apache24\htdocs\KSEBL_SSP\application\config/rest.php
DEBUG - 2020-09-27 21:42:59 --> Config file loaded: C:\Apache24\htdocs\KSEBL_SSP\application\config/rest.php
INFO - 2020-09-27 21:42:59 --> Helper loaded: url_helper
INFO - 2020-09-27 21:42:59 --> Helper loaded: url_helper
INFO - 2020-09-27 21:42:59 --> Helper loaded: form_helper
INFO - 2020-09-27 21:42:59 --> Helper loaded: form_helper
INFO - 2020-09-27 21:42:59 --> Helper loaded: adminurl_helper
INFO - 2020-09-27 21:42:59 --> Helper loaded: adminurl_helper
INFO - 2020-09-27 21:42:59 --> Helper loaded: site_helper
INFO - 2020-09-27 21:42:59 --> Helper loaded: site_helper
INFO - 2020-09-27 21:42:59 --> Helper loaded: directory_helper
INFO - 2020-09-27 21:42:59 --> Helper loaded: directory_helper
INFO - 2020-09-27 21:43:00 --> Helper loaded: mail_helper
INFO - 2020-09-27 21:43:00 --> Helper loaded: mail_helper
INFO - 2020-09-27 21:43:00 --> Language file loaded: language/english/api_lang.php
INFO - 2020-09-27 21:43:00 --> Language file loaded: language/english/api_lang.php
INFO - 2020-09-27 21:43:00 --> Database Driver Class Initialized
INFO - 2020-09-27 21:43:00 --> Database Driver Class Initialized
INFO - 2020-09-27 21:43:00 --> Database Driver Class Initialized
INFO - 2020-09-27 21:43:00 --> Database Driver Class Initialized
INFO - 2020-09-27 21:43:00 --> Email Class Initialized
INFO - 2020-09-27 21:43:00 --> Email Class Initialized
INFO - 2020-09-27 21:43:00 --> Session: Class initialized using 'database' driver.
INFO - 2020-09-27 21:43:00 --> Form Validation Class Initialized
INFO - 2020-09-27 21:43:00 --> Controller Class Initialized
DEBUG - 2020-09-27 21:43:00 --> Web MX_Controller Initialized
DEBUG - 2020-09-27 21:43:00 --> File loaded: C:\Apache24\htdocs\KSEBL_SSP\application\controllers/../modules/template/controllers/Template.php
DEBUG - 2020-09-27 21:43:00 --> Template MX_Controller Initialized
DEBUG - 2020-09-27 21:43:00 --> File loaded: C:\Apache24\htdocs\KSEBL_SSP\application\modules/template/views/public/header.php
DEBUG - 2020-09-27 21:43:00 --> File loaded: C:\Apache24\htdocs\KSEBL_SSP\application\modules/website/web/views/404.php
DEBUG - 2020-09-27 21:43:00 --> File loaded: C:\Apache24\htdocs\KSEBL_SSP\application\modules/template/views/public/footer.php
INFO - 2020-09-27 21:43:00 --> Final output sent to browser
DEBUG - 2020-09-27 21:43:00 --> Total execution time: 1.4708
INFO - 2020-09-27 21:43:00 --> Session: Class initialized using 'database' driver.
INFO - 2020-09-27 21:43:00 --> Form Validation Class Initialized
INFO - 2020-09-27 21:43:00 --> Controller Class Initialized
ERROR - 2020-09-27 21:43:00 --> 404 Page Not Found: ../modules/supplier/supplier_dashboard/controllers/Supplier_dashboard/images
