INFO - 2020-11-12 05:11:46 --> Config Class Initialized
INFO - 2020-11-12 05:11:46 --> Hooks Class Initialized
DEBUG - 2020-11-12 05:11:47 --> UTF-8 Support Enabled
INFO - 2020-11-12 05:11:47 --> Utf8 Class Initialized
INFO - 2020-11-12 05:11:47 --> URI Class Initialized
INFO - 2020-11-12 05:11:48 --> Router Class Initialized
INFO - 2020-11-12 05:11:49 --> Output Class Initialized
INFO - 2020-11-12 05:11:49 --> Security Class Initialized
DEBUG - 2020-11-12 05:11:49 --> Global POST, GET and COOKIE data sanitized
INFO - 2020-11-12 05:11:50 --> Input Class Initialized
INFO - 2020-11-12 05:11:50 --> Language Class Initialized
INFO - 2020-11-12 05:11:51 --> Language Class Initialized
INFO - 2020-11-12 05:11:52 --> Config Class Initialized
INFO - 2020-11-12 05:11:52 --> Loader Class Initialized
DEBUG - 2020-11-12 05:11:53 --> Config file loaded: C:\xampp\htdocs\KSEBL_SSP\application\config/rest.php
INFO - 2020-11-12 05:11:53 --> Helper loaded: url_helper
INFO - 2020-11-12 05:11:54 --> Helper loaded: form_helper
INFO - 2020-11-12 05:11:54 --> Helper loaded: adminurl_helper
INFO - 2020-11-12 05:11:54 --> Helper loaded: site_helper
INFO - 2020-11-12 05:11:54 --> Helper loaded: directory_helper
INFO - 2020-11-12 05:11:54 --> Helper loaded: mail_helper
INFO - 2020-11-12 05:11:54 --> Language file loaded: language/english/api_lang.php
INFO - 2020-11-12 05:11:55 --> Database Driver Class Initialized
INFO - 2020-11-12 05:11:55 --> Database Driver Class Initialized
INFO - 2020-11-12 05:11:56 --> Email Class Initialized
INFO - 2020-11-12 05:11:58 --> Session: Class initialized using 'database' driver.
INFO - 2020-11-12 05:11:58 --> Form Validation Class Initialized
INFO - 2020-11-12 05:11:58 --> Controller Class Initialized
DEBUG - 2020-11-12 05:11:59 --> Supplier_dashboard MX_Controller Initialized
INFO - 2020-11-12 05:12:00 --> Config Class Initialized
INFO - 2020-11-12 05:12:00 --> Hooks Class Initialized
DEBUG - 2020-11-12 05:12:00 --> UTF-8 Support Enabled
INFO - 2020-11-12 05:12:00 --> Utf8 Class Initialized
INFO - 2020-11-12 05:12:00 --> URI Class Initialized
INFO - 2020-11-12 05:12:00 --> Router Class Initialized
INFO - 2020-11-12 05:12:01 --> Output Class Initialized
INFO - 2020-11-12 05:12:01 --> Security Class Initialized
DEBUG - 2020-11-12 05:12:01 --> Global POST, GET and COOKIE data sanitized
INFO - 2020-11-12 05:12:01 --> Input Class Initialized
INFO - 2020-11-12 05:12:01 --> Language Class Initialized
INFO - 2020-11-12 05:12:01 --> Language Class Initialized
INFO - 2020-11-12 05:12:01 --> Config Class Initialized
INFO - 2020-11-12 05:12:02 --> Loader Class Initialized
DEBUG - 2020-11-12 05:12:02 --> Config file loaded: C:\xampp\htdocs\KSEBL_SSP\application\config/rest.php
INFO - 2020-11-12 05:12:02 --> Helper loaded: url_helper
INFO - 2020-11-12 05:12:02 --> Helper loaded: form_helper
INFO - 2020-11-12 05:12:02 --> Helper loaded: adminurl_helper
INFO - 2020-11-12 05:12:02 --> Helper loaded: site_helper
INFO - 2020-11-12 05:12:02 --> Helper loaded: directory_helper
INFO - 2020-11-12 05:12:02 --> Helper loaded: mail_helper
INFO - 2020-11-12 05:12:03 --> Language file loaded: language/english/api_lang.php
INFO - 2020-11-12 05:12:03 --> Database Driver Class Initialized
INFO - 2020-11-12 05:12:03 --> Database Driver Class Initialized
INFO - 2020-11-12 05:12:03 --> Email Class Initialized
INFO - 2020-11-12 05:12:04 --> Session: Class initialized using 'database' driver.
INFO - 2020-11-12 05:12:04 --> Form Validation Class Initialized
INFO - 2020-11-12 05:12:04 --> Controller Class Initialized
DEBUG - 2020-11-12 05:12:05 --> File loaded: C:\xampp\htdocs\KSEBL_SSP\application\controllers/../modules/template/controllers/Template.php
DEBUG - 2020-11-12 05:12:05 --> Template MX_Controller Initialized
INFO - 2020-11-12 05:12:06 --> Config Class Initialized
INFO - 2020-11-12 05:12:06 --> Hooks Class Initialized
DEBUG - 2020-11-12 05:12:06 --> UTF-8 Support Enabled
INFO - 2020-11-12 05:12:06 --> Utf8 Class Initialized
INFO - 2020-11-12 05:12:06 --> URI Class Initialized
DEBUG - 2020-11-12 05:12:06 --> No URI present. Default controller set.
INFO - 2020-11-12 05:12:06 --> Router Class Initialized
INFO - 2020-11-12 05:12:06 --> Output Class Initialized
INFO - 2020-11-12 05:12:07 --> Security Class Initialized
DEBUG - 2020-11-12 05:12:07 --> Global POST, GET and COOKIE data sanitized
INFO - 2020-11-12 05:12:07 --> Input Class Initialized
INFO - 2020-11-12 05:12:07 --> Language Class Initialized
INFO - 2020-11-12 05:12:07 --> Language Class Initialized
INFO - 2020-11-12 05:12:07 --> Config Class Initialized
INFO - 2020-11-12 05:12:07 --> Loader Class Initialized
DEBUG - 2020-11-12 05:12:08 --> Config file loaded: C:\xampp\htdocs\KSEBL_SSP\application\config/rest.php
INFO - 2020-11-12 05:12:08 --> Helper loaded: url_helper
INFO - 2020-11-12 05:12:08 --> Helper loaded: form_helper
INFO - 2020-11-12 05:12:08 --> Helper loaded: adminurl_helper
INFO - 2020-11-12 05:12:08 --> Helper loaded: site_helper
INFO - 2020-11-12 05:12:08 --> Helper loaded: directory_helper
INFO - 2020-11-12 05:12:08 --> Helper loaded: mail_helper
INFO - 2020-11-12 05:12:08 --> Language file loaded: language/english/api_lang.php
INFO - 2020-11-12 05:12:09 --> Database Driver Class Initialized
INFO - 2020-11-12 05:12:09 --> Database Driver Class Initialized
INFO - 2020-11-12 05:12:09 --> Email Class Initialized
INFO - 2020-11-12 05:12:10 --> Session: Class initialized using 'database' driver.
INFO - 2020-11-12 05:12:10 --> Form Validation Class Initialized
INFO - 2020-11-12 05:12:10 --> Controller Class Initialized
DEBUG - 2020-11-12 05:12:10 --> Web MX_Controller Initialized
DEBUG - 2020-11-12 05:12:11 --> File loaded: C:\xampp\htdocs\KSEBL_SSP\application\controllers/../modules/template/controllers/Template.php
DEBUG - 2020-11-12 05:12:11 --> Template MX_Controller Initialized
DEBUG - 2020-11-12 05:12:11 --> File loaded: C:\xampp\htdocs\KSEBL_SSP\application\modules/template/views/public/header.php
DEBUG - 2020-11-12 05:12:11 --> File loaded: C:\xampp\htdocs\KSEBL_SSP\application\modules/website/web/views/home.php
DEBUG - 2020-11-12 05:12:11 --> File loaded: C:\xampp\htdocs\KSEBL_SSP\application\modules/template/views/public/footer.php
INFO - 2020-11-12 05:12:11 --> Final output sent to browser
DEBUG - 2020-11-12 05:12:11 --> Total execution time: 5.6452
INFO - 2020-11-12 05:16:11 --> Config Class Initialized
INFO - 2020-11-12 05:16:11 --> Hooks Class Initialized
DEBUG - 2020-11-12 05:16:11 --> UTF-8 Support Enabled
INFO - 2020-11-12 05:16:11 --> Utf8 Class Initialized
INFO - 2020-11-12 05:16:12 --> URI Class Initialized
INFO - 2020-11-12 05:16:12 --> Router Class Initialized
INFO - 2020-11-12 05:16:12 --> Output Class Initialized
INFO - 2020-11-12 05:16:12 --> Security Class Initialized
DEBUG - 2020-11-12 05:16:12 --> Global POST, GET and COOKIE data sanitized
INFO - 2020-11-12 05:16:12 --> Input Class Initialized
INFO - 2020-11-12 05:16:12 --> Language Class Initialized
INFO - 2020-11-12 05:16:12 --> Language Class Initialized
INFO - 2020-11-12 05:16:12 --> Config Class Initialized
INFO - 2020-11-12 05:16:12 --> Loader Class Initialized
DEBUG - 2020-11-12 05:16:13 --> Config file loaded: C:\xampp\htdocs\KSEBL_SSP\application\config/rest.php
INFO - 2020-11-12 05:16:13 --> Helper loaded: url_helper
INFO - 2020-11-12 05:16:13 --> Helper loaded: form_helper
INFO - 2020-11-12 05:16:13 --> Helper loaded: adminurl_helper
INFO - 2020-11-12 05:16:13 --> Helper loaded: site_helper
INFO - 2020-11-12 05:16:13 --> Helper loaded: directory_helper
INFO - 2020-11-12 05:16:13 --> Helper loaded: mail_helper
INFO - 2020-11-12 05:16:13 --> Language file loaded: language/english/api_lang.php
INFO - 2020-11-12 05:16:13 --> Database Driver Class Initialized
INFO - 2020-11-12 05:16:13 --> Database Driver Class Initialized
INFO - 2020-11-12 05:16:14 --> Email Class Initialized
INFO - 2020-11-12 05:16:15 --> Session: Class initialized using 'database' driver.
INFO - 2020-11-12 05:16:15 --> Form Validation Class Initialized
INFO - 2020-11-12 05:16:15 --> Controller Class Initialized
DEBUG - 2020-11-12 05:16:15 --> File loaded: C:\xampp\htdocs\KSEBL_SSP\application\controllers/../modules/template/controllers/Template.php
DEBUG - 2020-11-12 05:16:15 --> Template MX_Controller Initialized
INFO - 2020-11-12 05:16:15 --> Language file loaded: language/english/form_validation_lang.php
DEBUG - 2020-11-12 05:16:15 --> File loaded: C:\xampp\htdocs\KSEBL_SSP\application\modules/supplier/supplier_home/models/Login.php
ERROR - 2020-11-12 05:16:16 --> Severity: Notice --> Undefined index: uid C:\xampp\htdocs\KSEBL_SSP\application\modules\supplier\supplier_home\controllers\Supplier_home.php 36
ERROR - 2020-11-12 05:16:16 --> Severity: Notice --> Undefined index: district_id C:\xampp\htdocs\KSEBL_SSP\application\modules\supplier\supplier_home\controllers\Supplier_home.php 41
ERROR - 2020-11-12 05:16:16 --> Severity: Notice --> Undefined index: basin_id C:\xampp\htdocs\KSEBL_SSP\application\modules\supplier\supplier_home\controllers\Supplier_home.php 42
INFO - 2020-11-12 05:16:17 --> Config Class Initialized
INFO - 2020-11-12 05:16:17 --> Hooks Class Initialized
DEBUG - 2020-11-12 05:16:18 --> UTF-8 Support Enabled
INFO - 2020-11-12 05:16:18 --> Utf8 Class Initialized
INFO - 2020-11-12 05:16:18 --> URI Class Initialized
INFO - 2020-11-12 05:16:18 --> Router Class Initialized
INFO - 2020-11-12 05:16:18 --> Output Class Initialized
INFO - 2020-11-12 05:16:18 --> Security Class Initialized
DEBUG - 2020-11-12 05:16:18 --> Global POST, GET and COOKIE data sanitized
INFO - 2020-11-12 05:16:18 --> Input Class Initialized
INFO - 2020-11-12 05:16:18 --> Language Class Initialized
INFO - 2020-11-12 05:16:18 --> Language Class Initialized
INFO - 2020-11-12 05:16:19 --> Config Class Initialized
INFO - 2020-11-12 05:16:19 --> Loader Class Initialized
DEBUG - 2020-11-12 05:16:19 --> Config file loaded: C:\xampp\htdocs\KSEBL_SSP\application\config/rest.php
INFO - 2020-11-12 05:16:19 --> Helper loaded: url_helper
INFO - 2020-11-12 05:16:19 --> Helper loaded: form_helper
INFO - 2020-11-12 05:16:19 --> Helper loaded: adminurl_helper
INFO - 2020-11-12 05:16:19 --> Helper loaded: site_helper
INFO - 2020-11-12 05:16:19 --> Helper loaded: directory_helper
INFO - 2020-11-12 05:16:19 --> Helper loaded: mail_helper
INFO - 2020-11-12 05:16:19 --> Language file loaded: language/english/api_lang.php
INFO - 2020-11-12 05:16:20 --> Database Driver Class Initialized
INFO - 2020-11-12 05:16:20 --> Database Driver Class Initialized
INFO - 2020-11-12 05:16:21 --> Email Class Initialized
INFO - 2020-11-12 05:16:21 --> Session: Class initialized using 'database' driver.
INFO - 2020-11-12 05:16:21 --> Form Validation Class Initialized
INFO - 2020-11-12 05:16:21 --> Controller Class Initialized
DEBUG - 2020-11-12 05:16:21 --> Supplier_dashboard MX_Controller Initialized
DEBUG - 2020-11-12 05:16:22 --> File loaded: C:\xampp\htdocs\KSEBL_SSP\application\controllers/../modules/template/controllers/Template.php
DEBUG - 2020-11-12 05:16:22 --> Template MX_Controller Initialized
DEBUG - 2020-11-12 05:16:22 --> File loaded: C:\xampp\htdocs\KSEBL_SSP\application\modules/supplier/supplier_dashboard/models/Dashboard_model.php
DEBUG - 2020-11-12 05:16:22 --> File loaded: C:\xampp\htdocs\KSEBL_SSP\application\modules/template/views/supplier_portal/header.php
DEBUG - 2020-11-12 05:16:22 --> File loaded: C:\xampp\htdocs\KSEBL_SSP\application\modules/template/views/supplier_portal/banner.php
DEBUG - 2020-11-12 05:16:23 --> File loaded: C:\xampp\htdocs\KSEBL_SSP\application\modules/template/views/supplier_portal/widget.php
DEBUG - 2020-11-12 05:16:23 --> File loaded: C:\xampp\htdocs\KSEBL_SSP\application\modules/supplier/supplier_dashboard/views/dashboard.php
DEBUG - 2020-11-12 05:16:23 --> File loaded: C:\xampp\htdocs\KSEBL_SSP\application\modules/template/views/supplier_portal/footer.php
INFO - 2020-11-12 05:16:23 --> Final output sent to browser
DEBUG - 2020-11-12 05:16:23 --> Total execution time: 5.6635
INFO - 2020-11-12 05:16:25 --> Config Class Initialized
INFO - 2020-11-12 05:16:25 --> Hooks Class Initialized
DEBUG - 2020-11-12 05:16:25 --> UTF-8 Support Enabled
INFO - 2020-11-12 05:16:25 --> Utf8 Class Initialized
INFO - 2020-11-12 05:16:26 --> URI Class Initialized
INFO - 2020-11-12 05:16:26 --> Router Class Initialized
INFO - 2020-11-12 05:16:26 --> Output Class Initialized
INFO - 2020-11-12 05:16:26 --> Security Class Initialized
DEBUG - 2020-11-12 05:16:26 --> Global POST, GET and COOKIE data sanitized
INFO - 2020-11-12 05:16:26 --> Input Class Initialized
INFO - 2020-11-12 05:16:26 --> Language Class Initialized
INFO - 2020-11-12 05:16:26 --> Language Class Initialized
INFO - 2020-11-12 05:16:27 --> Config Class Initialized
INFO - 2020-11-12 05:16:27 --> Loader Class Initialized
INFO - 2020-11-12 05:16:27 --> Config Class Initialized
DEBUG - 2020-11-12 05:16:27 --> Config file loaded: C:\xampp\htdocs\KSEBL_SSP\application\config/rest.php
INFO - 2020-11-12 05:16:27 --> Helper loaded: url_helper
INFO - 2020-11-12 05:16:27 --> Hooks Class Initialized
DEBUG - 2020-11-12 05:16:27 --> UTF-8 Support Enabled
INFO - 2020-11-12 05:16:27 --> Helper loaded: form_helper
INFO - 2020-11-12 05:16:27 --> Helper loaded: adminurl_helper
INFO - 2020-11-12 05:16:27 --> Utf8 Class Initialized
INFO - 2020-11-12 05:16:27 --> URI Class Initialized
INFO - 2020-11-12 05:16:27 --> Helper loaded: site_helper
INFO - 2020-11-12 05:16:27 --> Helper loaded: directory_helper
INFO - 2020-11-12 05:16:27 --> Router Class Initialized
INFO - 2020-11-12 05:16:28 --> Output Class Initialized
INFO - 2020-11-12 05:16:28 --> Helper loaded: mail_helper
INFO - 2020-11-12 05:16:28 --> Security Class Initialized
INFO - 2020-11-12 05:16:28 --> Language file loaded: language/english/api_lang.php
DEBUG - 2020-11-12 05:16:28 --> Global POST, GET and COOKIE data sanitized
INFO - 2020-11-12 05:16:28 --> Database Driver Class Initialized
INFO - 2020-11-12 05:16:28 --> Database Driver Class Initialized
INFO - 2020-11-12 05:16:28 --> Input Class Initialized
INFO - 2020-11-12 05:16:28 --> Language Class Initialized
INFO - 2020-11-12 05:16:28 --> Language Class Initialized
INFO - 2020-11-12 05:16:28 --> Config Class Initialized
INFO - 2020-11-12 05:16:28 --> Loader Class Initialized
DEBUG - 2020-11-12 05:16:29 --> Config file loaded: C:\xampp\htdocs\KSEBL_SSP\application\config/rest.php
INFO - 2020-11-12 05:16:29 --> Email Class Initialized
INFO - 2020-11-12 05:16:29 --> Helper loaded: url_helper
INFO - 2020-11-12 05:16:29 --> Helper loaded: form_helper
INFO - 2020-11-12 05:16:29 --> Helper loaded: adminurl_helper
INFO - 2020-11-12 05:16:29 --> Helper loaded: site_helper
INFO - 2020-11-12 05:16:29 --> Helper loaded: directory_helper
INFO - 2020-11-12 05:16:29 --> Session: Class initialized using 'database' driver.
INFO - 2020-11-12 05:16:29 --> Helper loaded: mail_helper
INFO - 2020-11-12 05:16:29 --> Form Validation Class Initialized
INFO - 2020-11-12 05:16:30 --> Language file loaded: language/english/api_lang.php
INFO - 2020-11-12 05:16:30 --> Controller Class Initialized
INFO - 2020-11-12 05:16:30 --> Database Driver Class Initialized
DEBUG - 2020-11-12 05:16:30 --> Web MX_Controller Initialized
INFO - 2020-11-12 05:16:30 --> Database Driver Class Initialized
DEBUG - 2020-11-12 05:16:30 --> File loaded: C:\xampp\htdocs\KSEBL_SSP\application\controllers/../modules/template/controllers/Template.php
DEBUG - 2020-11-12 05:16:30 --> Template MX_Controller Initialized
DEBUG - 2020-11-12 05:16:30 --> File loaded: C:\xampp\htdocs\KSEBL_SSP\application\modules/template/views/public/header.php
INFO - 2020-11-12 05:16:30 --> Email Class Initialized
INFO - 2020-11-12 05:16:31 --> Session: Class initialized using 'database' driver.
INFO - 2020-11-12 05:16:31 --> Form Validation Class Initialized
INFO - 2020-11-12 05:16:31 --> Controller Class Initialized
DEBUG - 2020-11-12 05:16:32 --> Template MX_Controller Initialized
ERROR - 2020-11-12 05:16:32 --> Severity: Notice --> Undefined variable: showdashbaord C:\xampp\htdocs\KSEBL_SSP\application\modules\template\views\supplier\sidebar.php 26
ERROR - 2020-11-12 05:16:32 --> Severity: Notice --> Undefined variable: page C:\xampp\htdocs\KSEBL_SSP\application\modules\template\views\supplier\sidebar.php 30
ERROR - 2020-11-12 05:16:32 --> Severity: Notice --> Undefined variable: page C:\xampp\htdocs\KSEBL_SSP\application\modules\template\views\supplier\sidebar.php 36
ERROR - 2020-11-12 05:16:32 --> Severity: Notice --> Undefined variable: page C:\xampp\htdocs\KSEBL_SSP\application\modules\template\views\supplier\sidebar.php 42
DEBUG - 2020-11-12 05:16:32 --> File loaded: C:\xampp\htdocs\KSEBL_SSP\application\modules/template/views/supplier/sidebar.php
ERROR - 2020-11-12 05:16:33 --> Severity: Notice --> Undefined variable: showdashbaord C:\xampp\htdocs\KSEBL_SSP\application\modules\template\views\supplier\header.php 84
DEBUG - 2020-11-12 05:16:33 --> File loaded: C:\xampp\htdocs\KSEBL_SSP\application\modules/template/views/supplier/header.php
DEBUG - 2020-11-12 05:16:33 --> File loaded: C:\xampp\htdocs\KSEBL_SSP\application\modules/template/views/supplier/e404.php
DEBUG - 2020-11-12 05:16:33 --> File loaded: C:\xampp\htdocs\KSEBL_SSP\application\modules/template/views/supplier/footer.php
INFO - 2020-11-12 05:16:33 --> Final output sent to browser
DEBUG - 2020-11-12 05:16:33 --> Total execution time: 6.3303
INFO - 2020-11-12 05:18:27 --> Config Class Initialized
INFO - 2020-11-12 05:18:27 --> Hooks Class Initialized
DEBUG - 2020-11-12 05:18:27 --> UTF-8 Support Enabled
INFO - 2020-11-12 05:18:27 --> Utf8 Class Initialized
INFO - 2020-11-12 05:18:28 --> URI Class Initialized
INFO - 2020-11-12 05:18:28 --> Router Class Initialized
INFO - 2020-11-12 05:18:28 --> Output Class Initialized
INFO - 2020-11-12 05:18:28 --> Security Class Initialized
DEBUG - 2020-11-12 05:18:28 --> Global POST, GET and COOKIE data sanitized
INFO - 2020-11-12 05:18:28 --> Input Class Initialized
INFO - 2020-11-12 05:18:28 --> Language Class Initialized
INFO - 2020-11-12 05:18:28 --> Language Class Initialized
INFO - 2020-11-12 05:18:28 --> Config Class Initialized
INFO - 2020-11-12 05:18:29 --> Loader Class Initialized
DEBUG - 2020-11-12 05:18:29 --> Config file loaded: C:\xampp\htdocs\KSEBL_SSP\application\config/rest.php
INFO - 2020-11-12 05:18:29 --> Helper loaded: url_helper
INFO - 2020-11-12 05:18:29 --> Helper loaded: form_helper
INFO - 2020-11-12 05:18:29 --> Helper loaded: adminurl_helper
INFO - 2020-11-12 05:18:29 --> Helper loaded: site_helper
INFO - 2020-11-12 05:18:29 --> Helper loaded: directory_helper
INFO - 2020-11-12 05:18:29 --> Helper loaded: mail_helper
INFO - 2020-11-12 05:18:29 --> Language file loaded: language/english/api_lang.php
INFO - 2020-11-12 05:18:29 --> Database Driver Class Initialized
INFO - 2020-11-12 05:18:30 --> Database Driver Class Initialized
INFO - 2020-11-12 05:18:30 --> Email Class Initialized
INFO - 2020-11-12 05:18:32 --> Session: Class initialized using 'database' driver.
INFO - 2020-11-12 05:18:32 --> Form Validation Class Initialized
INFO - 2020-11-12 05:18:32 --> Controller Class Initialized
DEBUG - 2020-11-12 05:18:32 --> Supplier_dashboard MX_Controller Initialized
DEBUG - 2020-11-12 05:18:32 --> File loaded: C:\xampp\htdocs\KSEBL_SSP\application\controllers/../modules/template/controllers/Template.php
DEBUG - 2020-11-12 05:18:32 --> Template MX_Controller Initialized
DEBUG - 2020-11-12 05:18:32 --> File loaded: C:\xampp\htdocs\KSEBL_SSP\application\modules/supplier/supplier_dashboard/models/Dashboard_model.php
DEBUG - 2020-11-12 05:18:32 --> File loaded: C:\xampp\htdocs\KSEBL_SSP\application\modules/template/views/supplier_portal/header.php
DEBUG - 2020-11-12 05:18:33 --> File loaded: C:\xampp\htdocs\KSEBL_SSP\application\modules/template/views/supplier_portal/banner.php
DEBUG - 2020-11-12 05:18:33 --> File loaded: C:\xampp\htdocs\KSEBL_SSP\application\modules/template/views/supplier_portal/widget.php
DEBUG - 2020-11-12 05:18:33 --> File loaded: C:\xampp\htdocs\KSEBL_SSP\application\modules/supplier/supplier_dashboard/views/supplier_notifications.php
DEBUG - 2020-11-12 05:18:33 --> File loaded: C:\xampp\htdocs\KSEBL_SSP\application\modules/template/views/supplier_portal/footer.php
INFO - 2020-11-12 05:18:33 --> Final output sent to browser
DEBUG - 2020-11-12 05:18:33 --> Total execution time: 6.1613
INFO - 2020-11-12 05:18:34 --> Config Class Initialized
INFO - 2020-11-12 05:18:34 --> Config Class Initialized
INFO - 2020-11-12 05:18:34 --> Hooks Class Initialized
INFO - 2020-11-12 05:18:34 --> Hooks Class Initialized
DEBUG - 2020-11-12 05:18:34 --> UTF-8 Support Enabled
DEBUG - 2020-11-12 05:18:34 --> UTF-8 Support Enabled
INFO - 2020-11-12 05:18:34 --> Utf8 Class Initialized
INFO - 2020-11-12 05:18:34 --> Utf8 Class Initialized
INFO - 2020-11-12 05:18:34 --> URI Class Initialized
INFO - 2020-11-12 05:18:34 --> URI Class Initialized
INFO - 2020-11-12 05:18:34 --> Router Class Initialized
INFO - 2020-11-12 05:18:34 --> Router Class Initialized
INFO - 2020-11-12 05:18:35 --> Output Class Initialized
INFO - 2020-11-12 05:18:35 --> Output Class Initialized
INFO - 2020-11-12 05:18:35 --> Security Class Initialized
INFO - 2020-11-12 05:18:35 --> Security Class Initialized
DEBUG - 2020-11-12 05:18:35 --> Global POST, GET and COOKIE data sanitized
DEBUG - 2020-11-12 05:18:35 --> Global POST, GET and COOKIE data sanitized
INFO - 2020-11-12 05:18:35 --> Input Class Initialized
INFO - 2020-11-12 05:18:35 --> Input Class Initialized
INFO - 2020-11-12 05:18:35 --> Language Class Initialized
INFO - 2020-11-12 05:18:35 --> Language Class Initialized
INFO - 2020-11-12 05:18:35 --> Language Class Initialized
INFO - 2020-11-12 05:18:35 --> Language Class Initialized
INFO - 2020-11-12 05:18:36 --> Config Class Initialized
INFO - 2020-11-12 05:18:36 --> Config Class Initialized
INFO - 2020-11-12 05:18:36 --> Loader Class Initialized
INFO - 2020-11-12 05:18:36 --> Loader Class Initialized
DEBUG - 2020-11-12 05:18:36 --> Config file loaded: C:\xampp\htdocs\KSEBL_SSP\application\config/rest.php
DEBUG - 2020-11-12 05:18:36 --> Config file loaded: C:\xampp\htdocs\KSEBL_SSP\application\config/rest.php
INFO - 2020-11-12 05:18:36 --> Helper loaded: url_helper
INFO - 2020-11-12 05:18:36 --> Helper loaded: url_helper
INFO - 2020-11-12 05:18:36 --> Helper loaded: form_helper
INFO - 2020-11-12 05:18:36 --> Helper loaded: form_helper
INFO - 2020-11-12 05:18:36 --> Helper loaded: adminurl_helper
INFO - 2020-11-12 05:18:36 --> Helper loaded: adminurl_helper
INFO - 2020-11-12 05:18:36 --> Helper loaded: site_helper
INFO - 2020-11-12 05:18:36 --> Helper loaded: site_helper
INFO - 2020-11-12 05:18:37 --> Helper loaded: directory_helper
INFO - 2020-11-12 05:18:37 --> Helper loaded: directory_helper
INFO - 2020-11-12 05:18:37 --> Helper loaded: mail_helper
INFO - 2020-11-12 05:18:37 --> Helper loaded: mail_helper
INFO - 2020-11-12 05:18:37 --> Language file loaded: language/english/api_lang.php
INFO - 2020-11-12 05:18:37 --> Language file loaded: language/english/api_lang.php
INFO - 2020-11-12 05:18:37 --> Database Driver Class Initialized
INFO - 2020-11-12 05:18:37 --> Database Driver Class Initialized
INFO - 2020-11-12 05:18:37 --> Database Driver Class Initialized
INFO - 2020-11-12 05:18:37 --> Database Driver Class Initialized
INFO - 2020-11-12 05:18:38 --> Email Class Initialized
INFO - 2020-11-12 05:18:38 --> Email Class Initialized
INFO - 2020-11-12 05:18:38 --> Session: Class initialized using 'database' driver.
INFO - 2020-11-12 05:18:39 --> Form Validation Class Initialized
INFO - 2020-11-12 05:18:39 --> Controller Class Initialized
ERROR - 2020-11-12 05:18:39 --> 404 Page Not Found: ../modules/supplier/supplier_dashboard/controllers/Supplier_dashboard/images
INFO - 2020-11-12 05:18:39 --> Session: Class initialized using 'database' driver.
INFO - 2020-11-12 05:18:40 --> Form Validation Class Initialized
INFO - 2020-11-12 05:18:40 --> Controller Class Initialized
DEBUG - 2020-11-12 05:18:40 --> Web MX_Controller Initialized
DEBUG - 2020-11-12 05:18:40 --> File loaded: C:\xampp\htdocs\KSEBL_SSP\application\controllers/../modules/template/controllers/Template.php
DEBUG - 2020-11-12 05:18:40 --> Template MX_Controller Initialized
DEBUG - 2020-11-12 05:18:40 --> File loaded: C:\xampp\htdocs\KSEBL_SSP\application\modules/template/views/public/header.php
INFO - 2020-11-12 05:19:46 --> Config Class Initialized
INFO - 2020-11-12 05:19:46 --> Hooks Class Initialized
DEBUG - 2020-11-12 05:19:47 --> UTF-8 Support Enabled
INFO - 2020-11-12 05:19:47 --> Utf8 Class Initialized
INFO - 2020-11-12 05:19:47 --> URI Class Initialized
INFO - 2020-11-12 05:19:47 --> Router Class Initialized
INFO - 2020-11-12 05:19:47 --> Output Class Initialized
INFO - 2020-11-12 05:19:47 --> Security Class Initialized
DEBUG - 2020-11-12 05:19:47 --> Global POST, GET and COOKIE data sanitized
INFO - 2020-11-12 05:19:47 --> Input Class Initialized
INFO - 2020-11-12 05:19:47 --> Language Class Initialized
INFO - 2020-11-12 05:19:47 --> Language Class Initialized
INFO - 2020-11-12 05:19:48 --> Config Class Initialized
INFO - 2020-11-12 05:19:48 --> Loader Class Initialized
DEBUG - 2020-11-12 05:19:48 --> Config file loaded: C:\xampp\htdocs\KSEBL_SSP\application\config/rest.php
INFO - 2020-11-12 05:19:48 --> Helper loaded: url_helper
INFO - 2020-11-12 05:19:48 --> Helper loaded: form_helper
INFO - 2020-11-12 05:19:48 --> Helper loaded: adminurl_helper
INFO - 2020-11-12 05:19:48 --> Helper loaded: site_helper
INFO - 2020-11-12 05:19:48 --> Helper loaded: directory_helper
INFO - 2020-11-12 05:19:48 --> Helper loaded: mail_helper
INFO - 2020-11-12 05:19:48 --> Language file loaded: language/english/api_lang.php
INFO - 2020-11-12 05:19:49 --> Database Driver Class Initialized
INFO - 2020-11-12 05:19:49 --> Database Driver Class Initialized
INFO - 2020-11-12 05:19:49 --> Email Class Initialized
INFO - 2020-11-12 05:19:50 --> Session: Class initialized using 'database' driver.
INFO - 2020-11-12 05:19:50 --> Form Validation Class Initialized
INFO - 2020-11-12 05:19:50 --> Controller Class Initialized
DEBUG - 2020-11-12 05:19:50 --> Supplier_dashboard MX_Controller Initialized
DEBUG - 2020-11-12 05:19:50 --> File loaded: C:\xampp\htdocs\KSEBL_SSP\application\controllers/../modules/template/controllers/Template.php
DEBUG - 2020-11-12 05:19:50 --> Template MX_Controller Initialized
DEBUG - 2020-11-12 05:19:50 --> File loaded: C:\xampp\htdocs\KSEBL_SSP\application\modules/supplier/supplier_dashboard/models/Dashboard_model.php
DEBUG - 2020-11-12 05:19:51 --> File loaded: C:\xampp\htdocs\KSEBL_SSP\application\modules/template/views/supplier_portal/header.php
DEBUG - 2020-11-12 05:19:51 --> File loaded: C:\xampp\htdocs\KSEBL_SSP\application\modules/template/views/supplier_portal/banner.php
DEBUG - 2020-11-12 05:19:51 --> File loaded: C:\xampp\htdocs\KSEBL_SSP\application\modules/template/views/supplier_portal/widget.php
DEBUG - 2020-11-12 05:19:51 --> File loaded: C:\xampp\htdocs\KSEBL_SSP\application\modules/supplier/supplier_dashboard/views/supplier_notifications.php
DEBUG - 2020-11-12 05:19:51 --> File loaded: C:\xampp\htdocs\KSEBL_SSP\application\modules/template/views/supplier_portal/footer.php
INFO - 2020-11-12 05:19:51 --> Final output sent to browser
DEBUG - 2020-11-12 05:19:51 --> Total execution time: 5.0300
INFO - 2020-11-12 05:19:52 --> Config Class Initialized
INFO - 2020-11-12 05:19:52 --> Config Class Initialized
INFO - 2020-11-12 05:19:52 --> Hooks Class Initialized
INFO - 2020-11-12 05:19:52 --> Hooks Class Initialized
DEBUG - 2020-11-12 05:19:52 --> UTF-8 Support Enabled
DEBUG - 2020-11-12 05:19:52 --> UTF-8 Support Enabled
INFO - 2020-11-12 05:19:52 --> Utf8 Class Initialized
INFO - 2020-11-12 05:19:52 --> Utf8 Class Initialized
INFO - 2020-11-12 05:19:52 --> URI Class Initialized
INFO - 2020-11-12 05:19:52 --> URI Class Initialized
INFO - 2020-11-12 05:19:53 --> Router Class Initialized
INFO - 2020-11-12 05:19:53 --> Router Class Initialized
INFO - 2020-11-12 05:19:53 --> Output Class Initialized
INFO - 2020-11-12 05:19:53 --> Output Class Initialized
INFO - 2020-11-12 05:19:53 --> Security Class Initialized
INFO - 2020-11-12 05:19:53 --> Security Class Initialized
DEBUG - 2020-11-12 05:19:53 --> Global POST, GET and COOKIE data sanitized
DEBUG - 2020-11-12 05:19:53 --> Global POST, GET and COOKIE data sanitized
INFO - 2020-11-12 05:19:53 --> Input Class Initialized
INFO - 2020-11-12 05:19:53 --> Input Class Initialized
INFO - 2020-11-12 05:19:53 --> Language Class Initialized
INFO - 2020-11-12 05:19:53 --> Language Class Initialized
INFO - 2020-11-12 05:19:53 --> Language Class Initialized
INFO - 2020-11-12 05:19:53 --> Language Class Initialized
INFO - 2020-11-12 05:19:54 --> Config Class Initialized
INFO - 2020-11-12 05:19:54 --> Config Class Initialized
INFO - 2020-11-12 05:19:54 --> Loader Class Initialized
INFO - 2020-11-12 05:19:54 --> Loader Class Initialized
DEBUG - 2020-11-12 05:19:54 --> Config file loaded: C:\xampp\htdocs\KSEBL_SSP\application\config/rest.php
DEBUG - 2020-11-12 05:19:54 --> Config file loaded: C:\xampp\htdocs\KSEBL_SSP\application\config/rest.php
INFO - 2020-11-12 05:19:54 --> Helper loaded: url_helper
INFO - 2020-11-12 05:19:54 --> Helper loaded: url_helper
INFO - 2020-11-12 05:19:54 --> Helper loaded: form_helper
INFO - 2020-11-12 05:19:54 --> Helper loaded: form_helper
INFO - 2020-11-12 05:19:54 --> Helper loaded: adminurl_helper
INFO - 2020-11-12 05:19:54 --> Helper loaded: adminurl_helper
INFO - 2020-11-12 05:19:55 --> Helper loaded: site_helper
INFO - 2020-11-12 05:19:55 --> Helper loaded: site_helper
INFO - 2020-11-12 05:19:55 --> Helper loaded: directory_helper
INFO - 2020-11-12 05:19:55 --> Helper loaded: directory_helper
INFO - 2020-11-12 05:19:55 --> Helper loaded: mail_helper
INFO - 2020-11-12 05:19:55 --> Helper loaded: mail_helper
INFO - 2020-11-12 05:19:55 --> Language file loaded: language/english/api_lang.php
INFO - 2020-11-12 05:19:55 --> Language file loaded: language/english/api_lang.php
INFO - 2020-11-12 05:19:55 --> Database Driver Class Initialized
INFO - 2020-11-12 05:19:55 --> Database Driver Class Initialized
INFO - 2020-11-12 05:19:55 --> Database Driver Class Initialized
INFO - 2020-11-12 05:19:55 --> Database Driver Class Initialized
INFO - 2020-11-12 05:19:56 --> Email Class Initialized
INFO - 2020-11-12 05:19:56 --> Email Class Initialized
INFO - 2020-11-12 05:19:57 --> Session: Class initialized using 'database' driver.
INFO - 2020-11-12 05:19:57 --> Form Validation Class Initialized
INFO - 2020-11-12 05:19:57 --> Controller Class Initialized
DEBUG - 2020-11-12 05:19:57 --> Web MX_Controller Initialized
DEBUG - 2020-11-12 05:19:57 --> File loaded: C:\xampp\htdocs\KSEBL_SSP\application\controllers/../modules/template/controllers/Template.php
DEBUG - 2020-11-12 05:19:57 --> Template MX_Controller Initialized
DEBUG - 2020-11-12 05:19:57 --> File loaded: C:\xampp\htdocs\KSEBL_SSP\application\modules/template/views/public/header.php
INFO - 2020-11-12 05:19:58 --> Session: Class initialized using 'database' driver.
INFO - 2020-11-12 05:19:58 --> Form Validation Class Initialized
INFO - 2020-11-12 05:19:58 --> Controller Class Initialized
ERROR - 2020-11-12 05:19:58 --> 404 Page Not Found: ../modules/supplier/supplier_dashboard/controllers/Supplier_dashboard/images
INFO - 2020-11-12 05:20:23 --> Config Class Initialized
INFO - 2020-11-12 05:20:23 --> Hooks Class Initialized
DEBUG - 2020-11-12 05:20:23 --> UTF-8 Support Enabled
INFO - 2020-11-12 05:20:23 --> Utf8 Class Initialized
INFO - 2020-11-12 05:20:24 --> URI Class Initialized
INFO - 2020-11-12 05:20:24 --> Router Class Initialized
INFO - 2020-11-12 05:20:24 --> Output Class Initialized
INFO - 2020-11-12 05:20:24 --> Security Class Initialized
DEBUG - 2020-11-12 05:20:24 --> Global POST, GET and COOKIE data sanitized
INFO - 2020-11-12 05:20:24 --> Input Class Initialized
INFO - 2020-11-12 05:20:24 --> Language Class Initialized
INFO - 2020-11-12 05:20:25 --> Language Class Initialized
INFO - 2020-11-12 05:20:25 --> Config Class Initialized
INFO - 2020-11-12 05:20:25 --> Loader Class Initialized
DEBUG - 2020-11-12 05:20:25 --> Config file loaded: C:\xampp\htdocs\KSEBL_SSP\application\config/rest.php
INFO - 2020-11-12 05:20:25 --> Helper loaded: url_helper
INFO - 2020-11-12 05:20:25 --> Helper loaded: form_helper
INFO - 2020-11-12 05:20:25 --> Helper loaded: adminurl_helper
INFO - 2020-11-12 05:20:25 --> Helper loaded: site_helper
INFO - 2020-11-12 05:20:25 --> Helper loaded: directory_helper
INFO - 2020-11-12 05:20:25 --> Helper loaded: mail_helper
INFO - 2020-11-12 05:20:26 --> Language file loaded: language/english/api_lang.php
INFO - 2020-11-12 05:20:26 --> Database Driver Class Initialized
INFO - 2020-11-12 05:20:26 --> Database Driver Class Initialized
INFO - 2020-11-12 05:20:27 --> Email Class Initialized
INFO - 2020-11-12 05:20:27 --> Session: Class initialized using 'database' driver.
INFO - 2020-11-12 05:20:27 --> Form Validation Class Initialized
INFO - 2020-11-12 05:20:27 --> Controller Class Initialized
DEBUG - 2020-11-12 05:20:27 --> Supplier_dashboard MX_Controller Initialized
DEBUG - 2020-11-12 05:20:28 --> File loaded: C:\xampp\htdocs\KSEBL_SSP\application\controllers/../modules/template/controllers/Template.php
DEBUG - 2020-11-12 05:20:28 --> Template MX_Controller Initialized
DEBUG - 2020-11-12 05:20:28 --> File loaded: C:\xampp\htdocs\KSEBL_SSP\application\modules/supplier/supplier_dashboard/models/Dashboard_model.php
DEBUG - 2020-11-12 05:20:28 --> File loaded: C:\xampp\htdocs\KSEBL_SSP\application\modules/template/views/supplier_portal/header.php
DEBUG - 2020-11-12 05:20:28 --> File loaded: C:\xampp\htdocs\KSEBL_SSP\application\modules/template/views/supplier_portal/banner.php
DEBUG - 2020-11-12 05:20:28 --> File loaded: C:\xampp\htdocs\KSEBL_SSP\application\modules/template/views/supplier_portal/widget.php
DEBUG - 2020-11-12 05:20:28 --> File loaded: C:\xampp\htdocs\KSEBL_SSP\application\modules/supplier/supplier_dashboard/views/supplier_notifications.php
DEBUG - 2020-11-12 05:20:28 --> File loaded: C:\xampp\htdocs\KSEBL_SSP\application\modules/template/views/supplier_portal/footer.php
INFO - 2020-11-12 05:20:28 --> Final output sent to browser
DEBUG - 2020-11-12 05:20:29 --> Total execution time: 5.3614
INFO - 2020-11-12 05:20:29 --> Config Class Initialized
INFO - 2020-11-12 05:20:29 --> Config Class Initialized
INFO - 2020-11-12 05:20:29 --> Hooks Class Initialized
INFO - 2020-11-12 05:20:29 --> Hooks Class Initialized
DEBUG - 2020-11-12 05:20:29 --> UTF-8 Support Enabled
DEBUG - 2020-11-12 05:20:29 --> UTF-8 Support Enabled
INFO - 2020-11-12 05:20:30 --> Utf8 Class Initialized
INFO - 2020-11-12 05:20:30 --> Utf8 Class Initialized
INFO - 2020-11-12 05:20:30 --> URI Class Initialized
INFO - 2020-11-12 05:20:30 --> URI Class Initialized
INFO - 2020-11-12 05:20:30 --> Router Class Initialized
INFO - 2020-11-12 05:20:30 --> Router Class Initialized
INFO - 2020-11-12 05:20:30 --> Output Class Initialized
INFO - 2020-11-12 05:20:30 --> Output Class Initialized
INFO - 2020-11-12 05:20:30 --> Security Class Initialized
INFO - 2020-11-12 05:20:30 --> Security Class Initialized
DEBUG - 2020-11-12 05:20:30 --> Global POST, GET and COOKIE data sanitized
DEBUG - 2020-11-12 05:20:30 --> Global POST, GET and COOKIE data sanitized
INFO - 2020-11-12 05:20:30 --> Input Class Initialized
INFO - 2020-11-12 05:20:30 --> Input Class Initialized
INFO - 2020-11-12 05:20:31 --> Language Class Initialized
INFO - 2020-11-12 05:20:31 --> Language Class Initialized
INFO - 2020-11-12 05:20:31 --> Language Class Initialized
INFO - 2020-11-12 05:20:31 --> Language Class Initialized
INFO - 2020-11-12 05:20:31 --> Config Class Initialized
INFO - 2020-11-12 05:20:31 --> Config Class Initialized
INFO - 2020-11-12 05:20:31 --> Loader Class Initialized
INFO - 2020-11-12 05:20:31 --> Loader Class Initialized
DEBUG - 2020-11-12 05:20:31 --> Config file loaded: C:\xampp\htdocs\KSEBL_SSP\application\config/rest.php
DEBUG - 2020-11-12 05:20:31 --> Config file loaded: C:\xampp\htdocs\KSEBL_SSP\application\config/rest.php
INFO - 2020-11-12 05:20:31 --> Helper loaded: url_helper
INFO - 2020-11-12 05:20:31 --> Helper loaded: url_helper
INFO - 2020-11-12 05:20:32 --> Helper loaded: form_helper
INFO - 2020-11-12 05:20:32 --> Helper loaded: form_helper
INFO - 2020-11-12 05:20:32 --> Helper loaded: adminurl_helper
INFO - 2020-11-12 05:20:32 --> Helper loaded: adminurl_helper
INFO - 2020-11-12 05:20:32 --> Helper loaded: site_helper
INFO - 2020-11-12 05:20:32 --> Helper loaded: site_helper
INFO - 2020-11-12 05:20:32 --> Helper loaded: directory_helper
INFO - 2020-11-12 05:20:32 --> Helper loaded: directory_helper
INFO - 2020-11-12 05:20:32 --> Helper loaded: mail_helper
INFO - 2020-11-12 05:20:32 --> Helper loaded: mail_helper
INFO - 2020-11-12 05:20:32 --> Language file loaded: language/english/api_lang.php
INFO - 2020-11-12 05:20:32 --> Language file loaded: language/english/api_lang.php
INFO - 2020-11-12 05:20:33 --> Database Driver Class Initialized
INFO - 2020-11-12 05:20:33 --> Database Driver Class Initialized
INFO - 2020-11-12 05:20:33 --> Database Driver Class Initialized
INFO - 2020-11-12 05:20:33 --> Database Driver Class Initialized
INFO - 2020-11-12 05:20:34 --> Email Class Initialized
INFO - 2020-11-12 05:20:34 --> Email Class Initialized
INFO - 2020-11-12 05:20:34 --> Session: Class initialized using 'database' driver.
INFO - 2020-11-12 05:20:34 --> Form Validation Class Initialized
INFO - 2020-11-12 05:20:34 --> Controller Class Initialized
DEBUG - 2020-11-12 05:20:34 --> Web MX_Controller Initialized
DEBUG - 2020-11-12 05:20:35 --> File loaded: C:\xampp\htdocs\KSEBL_SSP\application\controllers/../modules/template/controllers/Template.php
DEBUG - 2020-11-12 05:20:35 --> Template MX_Controller Initialized
DEBUG - 2020-11-12 05:20:35 --> File loaded: C:\xampp\htdocs\KSEBL_SSP\application\modules/template/views/public/header.php
INFO - 2020-11-12 05:20:36 --> Session: Class initialized using 'database' driver.
INFO - 2020-11-12 05:20:36 --> Form Validation Class Initialized
INFO - 2020-11-12 05:20:36 --> Controller Class Initialized
ERROR - 2020-11-12 05:20:36 --> 404 Page Not Found: ../modules/supplier/supplier_dashboard/controllers/Supplier_dashboard/images
INFO - 2020-11-12 05:21:04 --> Config Class Initialized
INFO - 2020-11-12 05:21:04 --> Hooks Class Initialized
DEBUG - 2020-11-12 05:21:04 --> UTF-8 Support Enabled
INFO - 2020-11-12 05:21:04 --> Utf8 Class Initialized
INFO - 2020-11-12 05:21:04 --> URI Class Initialized
INFO - 2020-11-12 05:21:04 --> Router Class Initialized
INFO - 2020-11-12 05:21:04 --> Output Class Initialized
INFO - 2020-11-12 05:21:05 --> Security Class Initialized
DEBUG - 2020-11-12 05:21:05 --> Global POST, GET and COOKIE data sanitized
INFO - 2020-11-12 05:21:05 --> Input Class Initialized
INFO - 2020-11-12 05:21:05 --> Language Class Initialized
INFO - 2020-11-12 05:21:05 --> Language Class Initialized
INFO - 2020-11-12 05:21:05 --> Config Class Initialized
INFO - 2020-11-12 05:21:05 --> Loader Class Initialized
DEBUG - 2020-11-12 05:21:05 --> Config file loaded: C:\xampp\htdocs\KSEBL_SSP\application\config/rest.php
INFO - 2020-11-12 05:21:05 --> Helper loaded: url_helper
INFO - 2020-11-12 05:21:06 --> Helper loaded: form_helper
INFO - 2020-11-12 05:21:06 --> Helper loaded: adminurl_helper
INFO - 2020-11-12 05:21:06 --> Helper loaded: site_helper
INFO - 2020-11-12 05:21:06 --> Helper loaded: directory_helper
INFO - 2020-11-12 05:21:06 --> Helper loaded: mail_helper
INFO - 2020-11-12 05:21:06 --> Language file loaded: language/english/api_lang.php
INFO - 2020-11-12 05:21:06 --> Database Driver Class Initialized
INFO - 2020-11-12 05:21:06 --> Database Driver Class Initialized
INFO - 2020-11-12 05:21:07 --> Email Class Initialized
INFO - 2020-11-12 05:21:07 --> Session: Class initialized using 'database' driver.
INFO - 2020-11-12 05:21:07 --> Form Validation Class Initialized
INFO - 2020-11-12 05:21:08 --> Controller Class Initialized
DEBUG - 2020-11-12 05:21:08 --> Supplier_dashboard MX_Controller Initialized
DEBUG - 2020-11-12 05:21:08 --> File loaded: C:\xampp\htdocs\KSEBL_SSP\application\controllers/../modules/template/controllers/Template.php
DEBUG - 2020-11-12 05:21:08 --> Template MX_Controller Initialized
DEBUG - 2020-11-12 05:21:08 --> File loaded: C:\xampp\htdocs\KSEBL_SSP\application\modules/supplier/supplier_dashboard/models/Dashboard_model.php
DEBUG - 2020-11-12 05:21:08 --> File loaded: C:\xampp\htdocs\KSEBL_SSP\application\modules/template/views/supplier_portal/header.php
DEBUG - 2020-11-12 05:21:08 --> File loaded: C:\xampp\htdocs\KSEBL_SSP\application\modules/template/views/supplier_portal/banner.php
DEBUG - 2020-11-12 05:21:08 --> File loaded: C:\xampp\htdocs\KSEBL_SSP\application\modules/template/views/supplier_portal/widget.php
DEBUG - 2020-11-12 05:21:09 --> File loaded: C:\xampp\htdocs\KSEBL_SSP\application\modules/supplier/supplier_dashboard/views/supplier_notifications.php
DEBUG - 2020-11-12 05:21:09 --> File loaded: C:\xampp\htdocs\KSEBL_SSP\application\modules/template/views/supplier_portal/footer.php
INFO - 2020-11-12 05:21:09 --> Final output sent to browser
DEBUG - 2020-11-12 05:21:09 --> Total execution time: 5.2141
INFO - 2020-11-12 05:21:09 --> Config Class Initialized
INFO - 2020-11-12 05:21:09 --> Config Class Initialized
INFO - 2020-11-12 05:21:10 --> Hooks Class Initialized
INFO - 2020-11-12 05:21:10 --> Hooks Class Initialized
DEBUG - 2020-11-12 05:21:10 --> UTF-8 Support Enabled
DEBUG - 2020-11-12 05:21:10 --> UTF-8 Support Enabled
INFO - 2020-11-12 05:21:10 --> Utf8 Class Initialized
INFO - 2020-11-12 05:21:10 --> Utf8 Class Initialized
INFO - 2020-11-12 05:21:10 --> URI Class Initialized
INFO - 2020-11-12 05:21:10 --> URI Class Initialized
INFO - 2020-11-12 05:21:10 --> Router Class Initialized
INFO - 2020-11-12 05:21:10 --> Router Class Initialized
INFO - 2020-11-12 05:21:10 --> Output Class Initialized
INFO - 2020-11-12 05:21:10 --> Output Class Initialized
INFO - 2020-11-12 05:21:11 --> Security Class Initialized
INFO - 2020-11-12 05:21:11 --> Security Class Initialized
DEBUG - 2020-11-12 05:21:11 --> Global POST, GET and COOKIE data sanitized
DEBUG - 2020-11-12 05:21:11 --> Global POST, GET and COOKIE data sanitized
INFO - 2020-11-12 05:21:11 --> Input Class Initialized
INFO - 2020-11-12 05:21:11 --> Input Class Initialized
INFO - 2020-11-12 05:21:11 --> Language Class Initialized
INFO - 2020-11-12 05:21:11 --> Language Class Initialized
INFO - 2020-11-12 05:21:11 --> Language Class Initialized
INFO - 2020-11-12 05:21:11 --> Language Class Initialized
INFO - 2020-11-12 05:21:11 --> Config Class Initialized
INFO - 2020-11-12 05:21:11 --> Config Class Initialized
INFO - 2020-11-12 05:21:11 --> Loader Class Initialized
INFO - 2020-11-12 05:21:12 --> Loader Class Initialized
DEBUG - 2020-11-12 05:21:12 --> Config file loaded: C:\xampp\htdocs\KSEBL_SSP\application\config/rest.php
DEBUG - 2020-11-12 05:21:12 --> Config file loaded: C:\xampp\htdocs\KSEBL_SSP\application\config/rest.php
INFO - 2020-11-12 05:21:12 --> Helper loaded: url_helper
INFO - 2020-11-12 05:21:12 --> Helper loaded: url_helper
INFO - 2020-11-12 05:21:12 --> Helper loaded: form_helper
INFO - 2020-11-12 05:21:12 --> Helper loaded: form_helper
INFO - 2020-11-12 05:21:12 --> Helper loaded: adminurl_helper
INFO - 2020-11-12 05:21:12 --> Helper loaded: adminurl_helper
INFO - 2020-11-12 05:21:12 --> Helper loaded: site_helper
INFO - 2020-11-12 05:21:12 --> Helper loaded: site_helper
INFO - 2020-11-12 05:21:12 --> Helper loaded: directory_helper
INFO - 2020-11-12 05:21:12 --> Helper loaded: directory_helper
INFO - 2020-11-12 05:21:13 --> Helper loaded: mail_helper
INFO - 2020-11-12 05:21:13 --> Helper loaded: mail_helper
INFO - 2020-11-12 05:21:13 --> Language file loaded: language/english/api_lang.php
INFO - 2020-11-12 05:21:13 --> Language file loaded: language/english/api_lang.php
INFO - 2020-11-12 05:21:13 --> Database Driver Class Initialized
INFO - 2020-11-12 05:21:13 --> Database Driver Class Initialized
INFO - 2020-11-12 05:21:13 --> Database Driver Class Initialized
INFO - 2020-11-12 05:21:13 --> Database Driver Class Initialized
INFO - 2020-11-12 05:21:14 --> Email Class Initialized
INFO - 2020-11-12 05:21:14 --> Email Class Initialized
INFO - 2020-11-12 05:21:14 --> Session: Class initialized using 'database' driver.
INFO - 2020-11-12 05:21:15 --> Form Validation Class Initialized
INFO - 2020-11-12 05:21:15 --> Controller Class Initialized
ERROR - 2020-11-12 05:21:15 --> 404 Page Not Found: ../modules/supplier/supplier_dashboard/controllers/Supplier_dashboard/images
INFO - 2020-11-12 05:21:15 --> Session: Class initialized using 'database' driver.
INFO - 2020-11-12 05:21:16 --> Form Validation Class Initialized
INFO - 2020-11-12 05:21:16 --> Controller Class Initialized
DEBUG - 2020-11-12 05:21:16 --> Web MX_Controller Initialized
DEBUG - 2020-11-12 05:21:16 --> File loaded: C:\xampp\htdocs\KSEBL_SSP\application\controllers/../modules/template/controllers/Template.php
DEBUG - 2020-11-12 05:21:16 --> Template MX_Controller Initialized
DEBUG - 2020-11-12 05:21:16 --> File loaded: C:\xampp\htdocs\KSEBL_SSP\application\modules/template/views/public/header.php
