INFO - 2020-11-10 08:52:42 --> Config Class Initialized
INFO - 2020-11-10 08:52:42 --> Hooks Class Initialized
DEBUG - 2020-11-10 08:52:42 --> UTF-8 Support Enabled
INFO - 2020-11-10 08:52:42 --> Utf8 Class Initialized
INFO - 2020-11-10 08:52:43 --> URI Class Initialized
DEBUG - 2020-11-10 08:52:43 --> No URI present. Default controller set.
INFO - 2020-11-10 08:52:43 --> Router Class Initialized
INFO - 2020-11-10 08:52:43 --> Output Class Initialized
INFO - 2020-11-10 08:52:43 --> Security Class Initialized
DEBUG - 2020-11-10 08:52:43 --> Global POST, GET and COOKIE data sanitized
INFO - 2020-11-10 08:52:43 --> Input Class Initialized
INFO - 2020-11-10 08:52:43 --> Language Class Initialized
INFO - 2020-11-10 08:52:43 --> Language Class Initialized
INFO - 2020-11-10 08:52:43 --> Config Class Initialized
INFO - 2020-11-10 08:52:43 --> Loader Class Initialized
DEBUG - 2020-11-10 08:52:43 --> Config file loaded: C:\xampp\htdocs\KSEBL_SSP\application\config/rest.php
INFO - 2020-11-10 08:52:44 --> Helper loaded: url_helper
INFO - 2020-11-10 08:52:44 --> Helper loaded: form_helper
INFO - 2020-11-10 08:52:44 --> Helper loaded: adminurl_helper
INFO - 2020-11-10 08:52:44 --> Helper loaded: site_helper
INFO - 2020-11-10 08:52:44 --> Helper loaded: directory_helper
INFO - 2020-11-10 08:52:44 --> Helper loaded: mail_helper
INFO - 2020-11-10 08:52:44 --> Language file loaded: language/english/api_lang.php
INFO - 2020-11-10 08:52:44 --> Database Driver Class Initialized
INFO - 2020-11-10 08:52:44 --> Database Driver Class Initialized
INFO - 2020-11-10 08:53:05 --> Language file loaded: language/english/db_lang.php
INFO - 2020-11-10 08:53:30 --> Config Class Initialized
INFO - 2020-11-10 08:53:30 --> Hooks Class Initialized
DEBUG - 2020-11-10 08:53:31 --> UTF-8 Support Enabled
INFO - 2020-11-10 08:53:31 --> Utf8 Class Initialized
INFO - 2020-11-10 08:53:31 --> URI Class Initialized
DEBUG - 2020-11-10 08:53:31 --> No URI present. Default controller set.
INFO - 2020-11-10 08:53:31 --> Router Class Initialized
INFO - 2020-11-10 08:53:31 --> Output Class Initialized
INFO - 2020-11-10 08:53:31 --> Security Class Initialized
DEBUG - 2020-11-10 08:53:31 --> Global POST, GET and COOKIE data sanitized
INFO - 2020-11-10 08:53:31 --> Input Class Initialized
INFO - 2020-11-10 08:53:31 --> Language Class Initialized
INFO - 2020-11-10 08:53:31 --> Language Class Initialized
INFO - 2020-11-10 08:53:31 --> Config Class Initialized
INFO - 2020-11-10 08:53:31 --> Loader Class Initialized
DEBUG - 2020-11-10 08:53:31 --> Config file loaded: C:\xampp\htdocs\KSEBL_SSP\application\config/rest.php
INFO - 2020-11-10 08:53:31 --> Helper loaded: url_helper
INFO - 2020-11-10 08:53:32 --> Helper loaded: form_helper
INFO - 2020-11-10 08:53:32 --> Helper loaded: adminurl_helper
INFO - 2020-11-10 08:53:32 --> Helper loaded: site_helper
INFO - 2020-11-10 08:53:32 --> Helper loaded: directory_helper
INFO - 2020-11-10 08:53:32 --> Helper loaded: mail_helper
INFO - 2020-11-10 08:53:32 --> Language file loaded: language/english/api_lang.php
INFO - 2020-11-10 08:53:32 --> Database Driver Class Initialized
INFO - 2020-11-10 08:53:32 --> Database Driver Class Initialized
INFO - 2020-11-10 08:53:33 --> Email Class Initialized
INFO - 2020-11-10 08:53:34 --> Session: Class initialized using 'database' driver.
INFO - 2020-11-10 08:53:34 --> Form Validation Class Initialized
INFO - 2020-11-10 08:53:34 --> Controller Class Initialized
DEBUG - 2020-11-10 08:53:34 --> Web MX_Controller Initialized
DEBUG - 2020-11-10 08:53:34 --> File loaded: C:\xampp\htdocs\KSEBL_SSP\application\controllers/../modules/template/controllers/Template.php
DEBUG - 2020-11-10 08:53:34 --> Template MX_Controller Initialized
DEBUG - 2020-11-10 08:53:34 --> File loaded: C:\xampp\htdocs\KSEBL_SSP\application\modules/template/views/public/header.php
DEBUG - 2020-11-10 08:53:34 --> File loaded: C:\xampp\htdocs\KSEBL_SSP\application\modules/website/web/views/home.php
DEBUG - 2020-11-10 08:53:34 --> File loaded: C:\xampp\htdocs\KSEBL_SSP\application\modules/template/views/public/footer.php
INFO - 2020-11-10 08:53:34 --> Final output sent to browser
DEBUG - 2020-11-10 08:53:34 --> Total execution time: 3.7601
