INFO - 2020-06-17 04:39:58 --> Config Class Initialized
INFO - 2020-06-17 04:39:58 --> Hooks Class Initialized
DEBUG - 2020-06-17 04:39:58 --> UTF-8 Support Enabled
INFO - 2020-06-17 04:39:58 --> Utf8 Class Initialized
INFO - 2020-06-17 04:39:58 --> URI Class Initialized
DEBUG - 2020-06-17 04:39:58 --> No URI present. Default controller set.
INFO - 2020-06-17 04:39:58 --> Router Class Initialized
INFO - 2020-06-17 04:39:58 --> Output Class Initialized
INFO - 2020-06-17 04:39:58 --> Security Class Initialized
DEBUG - 2020-06-17 04:39:58 --> Global POST, GET and COOKIE data sanitized
INFO - 2020-06-17 04:39:58 --> Input Class Initialized
INFO - 2020-06-17 04:39:58 --> Language Class Initialized
INFO - 2020-06-17 04:39:58 --> Language Class Initialized
INFO - 2020-06-17 04:39:58 --> Config Class Initialized
INFO - 2020-06-17 04:39:58 --> Loader Class Initialized
DEBUG - 2020-06-17 04:39:58 --> Config file loaded: /opt/lampp/htdocs/medi_shop_codeigniter_hmvc/application/config/rest.php
INFO - 2020-06-17 04:39:58 --> Helper loaded: url_helper
INFO - 2020-06-17 04:39:58 --> Helper loaded: form_helper
INFO - 2020-06-17 04:39:58 --> Helper loaded: adminurl_helper
INFO - 2020-06-17 04:39:58 --> Helper loaded: site_helper
INFO - 2020-06-17 04:39:58 --> Helper loaded: directory_helper
INFO - 2020-06-17 04:39:58 --> Language file loaded: language/english/api_lang.php
INFO - 2020-06-17 04:39:58 --> Database Driver Class Initialized
INFO - 2020-06-17 04:39:58 --> Email Class Initialized
DEBUG - 2020-06-17 04:39:58 --> Session: "sess_save_path" is empty; using "session.save_path" value from php.ini.
INFO - 2020-06-17 04:39:58 --> Session: Class initialized using 'files' driver.
INFO - 2020-06-17 04:39:58 --> Form Validation Class Initialized
INFO - 2020-06-17 04:39:58 --> Controller Class Initialized
DEBUG - 2020-06-17 04:39:58 --> Web MX_Controller Initialized
DEBUG - 2020-06-17 04:39:58 --> File loaded: /opt/lampp/htdocs/medi_shop_codeigniter_hmvc/application/modules/website/web/models/Public_users_m.php
DEBUG - 2020-06-17 04:39:58 --> File loaded: /opt/lampp/htdocs/medi_shop_codeigniter_hmvc/application/modules/website/web/views/sections/header.php
DEBUG - 2020-06-17 04:39:58 --> File loaded: /opt/lampp/htdocs/medi_shop_codeigniter_hmvc/application/modules/website/web/views/sections/modals.php
DEBUG - 2020-06-17 04:39:58 --> File loaded: /opt/lampp/htdocs/medi_shop_codeigniter_hmvc/application/modules/website/web/views/home.php
DEBUG - 2020-06-17 04:39:58 --> File loaded: /opt/lampp/htdocs/medi_shop_codeigniter_hmvc/application/modules/website/web/views/sections/search_all.php
DEBUG - 2020-06-17 04:39:58 --> File loaded: /opt/lampp/htdocs/medi_shop_codeigniter_hmvc/application/modules/website/web/views/sections/js.php
DEBUG - 2020-06-17 04:39:58 --> File loaded: /opt/lampp/htdocs/medi_shop_codeigniter_hmvc/application/modules/website/web/views/sections/footer.php
INFO - 2020-06-17 04:39:58 --> Final output sent to browser
DEBUG - 2020-06-17 04:39:58 --> Total execution time: 0.5162
INFO - 2020-06-17 04:39:59 --> Config Class Initialized
INFO - 2020-06-17 04:39:59 --> Hooks Class Initialized
DEBUG - 2020-06-17 04:39:59 --> UTF-8 Support Enabled
INFO - 2020-06-17 04:39:59 --> Utf8 Class Initialized
INFO - 2020-06-17 04:39:59 --> URI Class Initialized
INFO - 2020-06-17 04:39:59 --> Router Class Initialized
INFO - 2020-06-17 04:39:59 --> Output Class Initialized
INFO - 2020-06-17 04:39:59 --> Security Class Initialized
DEBUG - 2020-06-17 04:39:59 --> Global POST, GET and COOKIE data sanitized
INFO - 2020-06-17 04:39:59 --> Input Class Initialized
INFO - 2020-06-17 04:39:59 --> Language Class Initialized
INFO - 2020-06-17 04:40:00 --> Language Class Initialized
INFO - 2020-06-17 04:40:00 --> Config Class Initialized
INFO - 2020-06-17 04:40:00 --> Loader Class Initialized
DEBUG - 2020-06-17 04:40:00 --> Config file loaded: /opt/lampp/htdocs/medi_shop_codeigniter_hmvc/application/config/rest.php
INFO - 2020-06-17 04:40:00 --> Helper loaded: url_helper
INFO - 2020-06-17 04:40:00 --> Helper loaded: form_helper
INFO - 2020-06-17 04:40:00 --> Helper loaded: adminurl_helper
INFO - 2020-06-17 04:40:00 --> Helper loaded: site_helper
INFO - 2020-06-17 04:40:00 --> Helper loaded: directory_helper
INFO - 2020-06-17 04:40:00 --> Language file loaded: language/english/api_lang.php
INFO - 2020-06-17 04:40:00 --> Database Driver Class Initialized
INFO - 2020-06-17 04:40:00 --> Email Class Initialized
DEBUG - 2020-06-17 04:40:00 --> Session: "sess_save_path" is empty; using "session.save_path" value from php.ini.
INFO - 2020-06-17 04:40:00 --> Session: Class initialized using 'files' driver.
INFO - 2020-06-17 04:40:00 --> Form Validation Class Initialized
INFO - 2020-06-17 04:40:00 --> Controller Class Initialized
DEBUG - 2020-06-17 04:40:00 --> Orders MX_Controller Initialized
DEBUG - 2020-06-17 04:40:00 --> File loaded: /opt/lampp/htdocs/medi_shop_codeigniter_hmvc/application/controllers/../modules/website/web/controllers/Web.php
DEBUG - 2020-06-17 04:40:00 --> Web MX_Controller Initialized
DEBUG - 2020-06-17 04:40:00 --> File loaded: /opt/lampp/htdocs/medi_shop_codeigniter_hmvc/application/modules/website/web/models/Public_users_m.php
DEBUG - 2020-06-17 04:40:00 --> File loaded: /opt/lampp/htdocs/medi_shop_codeigniter_hmvc/application/modules/website/orders/models/Order_management.php
DEBUG - 2020-06-17 04:40:00 --> File already loaded: /opt/lampp/htdocs/medi_shop_codeigniter_hmvc/application/modules/website/web/models/Public_users_m.php
ERROR - 2020-06-17 04:40:00 --> Severity: Notice --> Undefined index: public_userid /opt/lampp/htdocs/medi_shop_codeigniter_hmvc/application/modules/website/orders/controllers/Orders.php 932
ERROR - 2020-06-17 04:40:00 --> Severity: Notice --> Trying to get property 'place' of non-object /opt/lampp/htdocs/medi_shop_codeigniter_hmvc/application/modules/website/orders/controllers/Orders.php 933
ERROR - 2020-06-17 04:40:00 --> Severity: Warning --> Creating default object from empty value /opt/lampp/htdocs/medi_shop_codeigniter_hmvc/application/modules/website/orders/controllers/Orders.php 935
INFO - 2020-06-17 04:40:00 --> Final output sent to browser
DEBUG - 2020-06-17 04:40:00 --> Total execution time: 0.4667
INFO - 2020-06-17 07:45:46 --> Config Class Initialized
INFO - 2020-06-17 07:45:46 --> Hooks Class Initialized
DEBUG - 2020-06-17 07:45:46 --> UTF-8 Support Enabled
INFO - 2020-06-17 07:45:46 --> Utf8 Class Initialized
INFO - 2020-06-17 07:45:46 --> URI Class Initialized
DEBUG - 2020-06-17 07:45:46 --> No URI present. Default controller set.
INFO - 2020-06-17 07:45:46 --> Router Class Initialized
INFO - 2020-06-17 07:45:46 --> Output Class Initialized
INFO - 2020-06-17 07:45:46 --> Security Class Initialized
DEBUG - 2020-06-17 07:45:46 --> Global POST, GET and COOKIE data sanitized
INFO - 2020-06-17 07:45:46 --> Input Class Initialized
INFO - 2020-06-17 07:45:46 --> Language Class Initialized
INFO - 2020-06-17 07:45:46 --> Language Class Initialized
INFO - 2020-06-17 07:45:46 --> Config Class Initialized
INFO - 2020-06-17 07:45:46 --> Loader Class Initialized
DEBUG - 2020-06-17 07:45:46 --> Config file loaded: /opt/lampp/htdocs/medi_shop_codeigniter_hmvc/application/config/rest.php
INFO - 2020-06-17 07:45:46 --> Helper loaded: url_helper
INFO - 2020-06-17 07:45:46 --> Helper loaded: form_helper
INFO - 2020-06-17 07:45:46 --> Helper loaded: adminurl_helper
INFO - 2020-06-17 07:45:46 --> Helper loaded: site_helper
INFO - 2020-06-17 07:45:46 --> Helper loaded: directory_helper
INFO - 2020-06-17 07:45:46 --> Language file loaded: language/english/api_lang.php
INFO - 2020-06-17 07:45:46 --> Database Driver Class Initialized
INFO - 2020-06-17 07:45:46 --> Email Class Initialized
DEBUG - 2020-06-17 07:45:46 --> Session: "sess_save_path" is empty; using "session.save_path" value from php.ini.
INFO - 2020-06-17 07:45:46 --> Session: Class initialized using 'files' driver.
INFO - 2020-06-17 07:45:46 --> Form Validation Class Initialized
INFO - 2020-06-17 07:45:46 --> Controller Class Initialized
DEBUG - 2020-06-17 07:45:46 --> Web MX_Controller Initialized
DEBUG - 2020-06-17 07:45:47 --> File loaded: /opt/lampp/htdocs/medi_shop_codeigniter_hmvc/application/modules/website/web/models/Public_users_m.php
DEBUG - 2020-06-17 07:45:47 --> File loaded: /opt/lampp/htdocs/medi_shop_codeigniter_hmvc/application/modules/website/web/views/sections/header.php
DEBUG - 2020-06-17 07:45:47 --> File loaded: /opt/lampp/htdocs/medi_shop_codeigniter_hmvc/application/modules/website/web/views/sections/modals.php
DEBUG - 2020-06-17 07:45:47 --> File loaded: /opt/lampp/htdocs/medi_shop_codeigniter_hmvc/application/modules/website/web/views/home.php
DEBUG - 2020-06-17 07:45:47 --> File loaded: /opt/lampp/htdocs/medi_shop_codeigniter_hmvc/application/modules/website/web/views/sections/search_all.php
DEBUG - 2020-06-17 07:45:47 --> File loaded: /opt/lampp/htdocs/medi_shop_codeigniter_hmvc/application/modules/website/web/views/sections/js.php
DEBUG - 2020-06-17 07:45:47 --> File loaded: /opt/lampp/htdocs/medi_shop_codeigniter_hmvc/application/modules/website/web/views/sections/footer.php
INFO - 2020-06-17 07:45:47 --> Final output sent to browser
DEBUG - 2020-06-17 07:45:47 --> Total execution time: 1.3694
INFO - 2020-06-17 07:45:48 --> Config Class Initialized
INFO - 2020-06-17 07:45:48 --> Hooks Class Initialized
DEBUG - 2020-06-17 07:45:48 --> UTF-8 Support Enabled
INFO - 2020-06-17 07:45:48 --> Utf8 Class Initialized
INFO - 2020-06-17 07:45:48 --> URI Class Initialized
INFO - 2020-06-17 07:45:48 --> Router Class Initialized
INFO - 2020-06-17 07:45:48 --> Output Class Initialized
INFO - 2020-06-17 07:45:48 --> Security Class Initialized
DEBUG - 2020-06-17 07:45:48 --> Global POST, GET and COOKIE data sanitized
INFO - 2020-06-17 07:45:48 --> Input Class Initialized
INFO - 2020-06-17 07:45:48 --> Language Class Initialized
INFO - 2020-06-17 07:45:48 --> Language Class Initialized
INFO - 2020-06-17 07:45:48 --> Config Class Initialized
INFO - 2020-06-17 07:45:48 --> Loader Class Initialized
DEBUG - 2020-06-17 07:45:48 --> Config file loaded: /opt/lampp/htdocs/medi_shop_codeigniter_hmvc/application/config/rest.php
INFO - 2020-06-17 07:45:48 --> Helper loaded: url_helper
INFO - 2020-06-17 07:45:48 --> Helper loaded: form_helper
INFO - 2020-06-17 07:45:48 --> Helper loaded: adminurl_helper
INFO - 2020-06-17 07:45:48 --> Helper loaded: site_helper
INFO - 2020-06-17 07:45:48 --> Helper loaded: directory_helper
INFO - 2020-06-17 07:45:48 --> Language file loaded: language/english/api_lang.php
INFO - 2020-06-17 07:45:48 --> Database Driver Class Initialized
INFO - 2020-06-17 07:45:48 --> Email Class Initialized
DEBUG - 2020-06-17 07:45:48 --> Session: "sess_save_path" is empty; using "session.save_path" value from php.ini.
INFO - 2020-06-17 07:45:48 --> Session: Class initialized using 'files' driver.
INFO - 2020-06-17 07:45:48 --> Form Validation Class Initialized
INFO - 2020-06-17 07:45:48 --> Controller Class Initialized
DEBUG - 2020-06-17 07:45:48 --> Orders MX_Controller Initialized
DEBUG - 2020-06-17 07:45:48 --> File loaded: /opt/lampp/htdocs/medi_shop_codeigniter_hmvc/application/controllers/../modules/website/web/controllers/Web.php
DEBUG - 2020-06-17 07:45:48 --> Web MX_Controller Initialized
DEBUG - 2020-06-17 07:45:48 --> File loaded: /opt/lampp/htdocs/medi_shop_codeigniter_hmvc/application/modules/website/web/models/Public_users_m.php
DEBUG - 2020-06-17 07:45:48 --> File loaded: /opt/lampp/htdocs/medi_shop_codeigniter_hmvc/application/modules/website/orders/models/Order_management.php
DEBUG - 2020-06-17 07:45:48 --> File already loaded: /opt/lampp/htdocs/medi_shop_codeigniter_hmvc/application/modules/website/web/models/Public_users_m.php
ERROR - 2020-06-17 07:45:48 --> Severity: Notice --> Undefined index: public_userid /opt/lampp/htdocs/medi_shop_codeigniter_hmvc/application/modules/website/orders/controllers/Orders.php 932
ERROR - 2020-06-17 07:45:48 --> Severity: Notice --> Trying to get property 'place' of non-object /opt/lampp/htdocs/medi_shop_codeigniter_hmvc/application/modules/website/orders/controllers/Orders.php 933
ERROR - 2020-06-17 07:45:48 --> Severity: Warning --> Creating default object from empty value /opt/lampp/htdocs/medi_shop_codeigniter_hmvc/application/modules/website/orders/controllers/Orders.php 935
INFO - 2020-06-17 07:45:48 --> Final output sent to browser
DEBUG - 2020-06-17 07:45:48 --> Total execution time: 0.4423
