INFO - 2020-05-22 07:58:36 --> Config Class Initialized
INFO - 2020-05-22 07:58:36 --> Hooks Class Initialized
DEBUG - 2020-05-22 07:58:36 --> UTF-8 Support Enabled
INFO - 2020-05-22 07:58:36 --> Utf8 Class Initialized
INFO - 2020-05-22 07:58:36 --> URI Class Initialized
DEBUG - 2020-05-22 07:58:36 --> No URI present. Default controller set.
INFO - 2020-05-22 07:58:36 --> Router Class Initialized
INFO - 2020-05-22 07:58:36 --> Output Class Initialized
INFO - 2020-05-22 07:58:36 --> Security Class Initialized
DEBUG - 2020-05-22 07:58:36 --> Global POST, GET and COOKIE data sanitized
INFO - 2020-05-22 07:58:36 --> Input Class Initialized
INFO - 2020-05-22 07:58:36 --> Language Class Initialized
INFO - 2020-05-22 07:58:36 --> Language Class Initialized
INFO - 2020-05-22 07:58:36 --> Config Class Initialized
INFO - 2020-05-22 07:58:36 --> Loader Class Initialized
DEBUG - 2020-05-22 07:58:36 --> Config file loaded: /opt/lampp/htdocs/medi_shop_codeigniter_hmvc/application/config/rest.php
INFO - 2020-05-22 07:58:36 --> Helper loaded: url_helper
INFO - 2020-05-22 07:58:36 --> Helper loaded: form_helper
INFO - 2020-05-22 07:58:36 --> Helper loaded: adminurl_helper
INFO - 2020-05-22 07:58:37 --> Helper loaded: site_helper
INFO - 2020-05-22 07:58:37 --> Helper loaded: directory_helper
INFO - 2020-05-22 07:58:37 --> Language file loaded: language/english/api_lang.php
INFO - 2020-05-22 07:58:37 --> Database Driver Class Initialized
INFO - 2020-05-22 07:58:37 --> Email Class Initialized
DEBUG - 2020-05-22 07:58:37 --> Session: "sess_save_path" is empty; using "session.save_path" value from php.ini.
INFO - 2020-05-22 07:58:37 --> Session: Class initialized using 'files' driver.
INFO - 2020-05-22 07:58:37 --> Form Validation Class Initialized
INFO - 2020-05-22 07:58:37 --> Controller Class Initialized
DEBUG - 2020-05-22 07:58:37 --> Web MX_Controller Initialized
DEBUG - 2020-05-22 07:58:37 --> File loaded: /opt/lampp/htdocs/medi_shop_codeigniter_hmvc/application/modules/website/web/models/Public_users_m.php
DEBUG - 2020-05-22 07:58:37 --> File loaded: /opt/lampp/htdocs/medi_shop_codeigniter_hmvc/application/modules/website/web/views/sections/header.php
INFO - 2020-05-22 07:58:37 --> Config Class Initialized
INFO - 2020-05-22 07:58:37 --> Hooks Class Initialized
DEBUG - 2020-05-22 07:58:37 --> UTF-8 Support Enabled
INFO - 2020-05-22 07:58:37 --> Utf8 Class Initialized
INFO - 2020-05-22 07:58:37 --> URI Class Initialized
DEBUG - 2020-05-22 07:58:37 --> File loaded: /opt/lampp/htdocs/medi_shop_codeigniter_hmvc/application/modules/website/web/views/sections/modals.php
INFO - 2020-05-22 07:58:37 --> Router Class Initialized
INFO - 2020-05-22 07:58:37 --> Output Class Initialized
INFO - 2020-05-22 07:58:37 --> Security Class Initialized
DEBUG - 2020-05-22 07:58:37 --> File loaded: /opt/lampp/htdocs/medi_shop_codeigniter_hmvc/application/modules/website/web/views/home.php
DEBUG - 2020-05-22 07:58:37 --> File loaded: /opt/lampp/htdocs/medi_shop_codeigniter_hmvc/application/modules/website/web/views/sections/search_all.php
DEBUG - 2020-05-22 07:58:37 --> Global POST, GET and COOKIE data sanitized
INFO - 2020-05-22 07:58:37 --> Input Class Initialized
DEBUG - 2020-05-22 07:58:37 --> File loaded: /opt/lampp/htdocs/medi_shop_codeigniter_hmvc/application/modules/website/web/views/sections/js.php
INFO - 2020-05-22 07:58:37 --> Language Class Initialized
INFO - 2020-05-22 07:58:37 --> Language Class Initialized
INFO - 2020-05-22 07:58:37 --> Config Class Initialized
DEBUG - 2020-05-22 07:58:37 --> File loaded: /opt/lampp/htdocs/medi_shop_codeigniter_hmvc/application/modules/website/web/views/sections/footer.php
INFO - 2020-05-22 07:58:37 --> Loader Class Initialized
INFO - 2020-05-22 07:58:37 --> Final output sent to browser
DEBUG - 2020-05-22 07:58:37 --> Total execution time: 1.0602
DEBUG - 2020-05-22 07:58:37 --> Config file loaded: /opt/lampp/htdocs/medi_shop_codeigniter_hmvc/application/config/rest.php
INFO - 2020-05-22 07:58:37 --> Helper loaded: url_helper
INFO - 2020-05-22 07:58:37 --> Helper loaded: form_helper
INFO - 2020-05-22 07:58:37 --> Helper loaded: adminurl_helper
INFO - 2020-05-22 07:58:37 --> Helper loaded: site_helper
INFO - 2020-05-22 07:58:37 --> Helper loaded: directory_helper
INFO - 2020-05-22 07:58:37 --> Language file loaded: language/english/api_lang.php
INFO - 2020-05-22 07:58:37 --> Database Driver Class Initialized
INFO - 2020-05-22 07:58:37 --> Email Class Initialized
DEBUG - 2020-05-22 07:58:37 --> Session: "sess_save_path" is empty; using "session.save_path" value from php.ini.
INFO - 2020-05-22 07:58:37 --> Session: Class initialized using 'files' driver.
INFO - 2020-05-22 07:58:37 --> Form Validation Class Initialized
INFO - 2020-05-22 07:58:37 --> Controller Class Initialized
DEBUG - 2020-05-22 07:58:38 --> Manage_shops MX_Controller Initialized
INFO - 2020-05-22 07:58:38 --> Config Class Initialized
INFO - 2020-05-22 07:58:38 --> Hooks Class Initialized
DEBUG - 2020-05-22 07:58:38 --> UTF-8 Support Enabled
INFO - 2020-05-22 07:58:38 --> Utf8 Class Initialized
INFO - 2020-05-22 07:58:38 --> URI Class Initialized
INFO - 2020-05-22 07:58:38 --> Router Class Initialized
INFO - 2020-05-22 07:58:38 --> Output Class Initialized
INFO - 2020-05-22 07:58:38 --> Security Class Initialized
DEBUG - 2020-05-22 07:58:38 --> Global POST, GET and COOKIE data sanitized
INFO - 2020-05-22 07:58:38 --> Input Class Initialized
INFO - 2020-05-22 07:58:38 --> Language Class Initialized
INFO - 2020-05-22 07:58:38 --> Language Class Initialized
INFO - 2020-05-22 07:58:38 --> Config Class Initialized
INFO - 2020-05-22 07:58:38 --> Loader Class Initialized
DEBUG - 2020-05-22 07:58:38 --> Config file loaded: /opt/lampp/htdocs/medi_shop_codeigniter_hmvc/application/config/rest.php
INFO - 2020-05-22 07:58:38 --> Helper loaded: url_helper
INFO - 2020-05-22 07:58:38 --> Helper loaded: form_helper
INFO - 2020-05-22 07:58:38 --> Helper loaded: adminurl_helper
INFO - 2020-05-22 07:58:38 --> Helper loaded: site_helper
INFO - 2020-05-22 07:58:38 --> Helper loaded: directory_helper
INFO - 2020-05-22 07:58:38 --> Language file loaded: language/english/api_lang.php
INFO - 2020-05-22 07:58:38 --> Database Driver Class Initialized
INFO - 2020-05-22 07:58:38 --> Email Class Initialized
DEBUG - 2020-05-22 07:58:38 --> Session: "sess_save_path" is empty; using "session.save_path" value from php.ini.
INFO - 2020-05-22 07:58:38 --> Session: Class initialized using 'files' driver.
INFO - 2020-05-22 07:58:38 --> Form Validation Class Initialized
INFO - 2020-05-22 07:58:38 --> Controller Class Initialized
DEBUG - 2020-05-22 07:58:38 --> Home MX_Controller Initialized
DEBUG - 2020-05-22 07:58:38 --> File loaded: /opt/lampp/htdocs/medi_shop_codeigniter_hmvc/application/modules/admin/home/views/login.php
INFO - 2020-05-22 07:58:38 --> Final output sent to browser
DEBUG - 2020-05-22 07:58:38 --> Total execution time: 0.3296
INFO - 2020-05-22 07:58:38 --> Config Class Initialized
INFO - 2020-05-22 07:58:38 --> Hooks Class Initialized
DEBUG - 2020-05-22 07:58:38 --> UTF-8 Support Enabled
INFO - 2020-05-22 07:58:38 --> Utf8 Class Initialized
INFO - 2020-05-22 07:58:38 --> URI Class Initialized
INFO - 2020-05-22 07:58:38 --> Router Class Initialized
INFO - 2020-05-22 07:58:38 --> Output Class Initialized
INFO - 2020-05-22 07:58:38 --> Security Class Initialized
DEBUG - 2020-05-22 07:58:38 --> Global POST, GET and COOKIE data sanitized
INFO - 2020-05-22 07:58:38 --> Input Class Initialized
INFO - 2020-05-22 07:58:38 --> Language Class Initialized
INFO - 2020-05-22 07:58:38 --> Language Class Initialized
INFO - 2020-05-22 07:58:38 --> Config Class Initialized
INFO - 2020-05-22 07:58:38 --> Loader Class Initialized
DEBUG - 2020-05-22 07:58:38 --> Config file loaded: /opt/lampp/htdocs/medi_shop_codeigniter_hmvc/application/config/rest.php
INFO - 2020-05-22 07:58:38 --> Helper loaded: url_helper
INFO - 2020-05-22 07:58:38 --> Config Class Initialized
INFO - 2020-05-22 07:58:38 --> Helper loaded: form_helper
INFO - 2020-05-22 07:58:38 --> Hooks Class Initialized
DEBUG - 2020-05-22 07:58:38 --> UTF-8 Support Enabled
INFO - 2020-05-22 07:58:38 --> Helper loaded: adminurl_helper
INFO - 2020-05-22 07:58:38 --> Utf8 Class Initialized
INFO - 2020-05-22 07:58:38 --> Helper loaded: site_helper
INFO - 2020-05-22 07:58:38 --> URI Class Initialized
INFO - 2020-05-22 07:58:38 --> Helper loaded: directory_helper
INFO - 2020-05-22 07:58:38 --> Language file loaded: language/english/api_lang.php
INFO - 2020-05-22 07:58:38 --> Router Class Initialized
INFO - 2020-05-22 07:58:38 --> Output Class Initialized
INFO - 2020-05-22 07:58:38 --> Database Driver Class Initialized
INFO - 2020-05-22 07:58:38 --> Security Class Initialized
DEBUG - 2020-05-22 07:58:38 --> Global POST, GET and COOKIE data sanitized
INFO - 2020-05-22 07:58:39 --> Email Class Initialized
INFO - 2020-05-22 07:58:39 --> Input Class Initialized
INFO - 2020-05-22 07:58:39 --> Language Class Initialized
DEBUG - 2020-05-22 07:58:39 --> Session: "sess_save_path" is empty; using "session.save_path" value from php.ini.
INFO - 2020-05-22 07:58:39 --> Session: Class initialized using 'files' driver.
INFO - 2020-05-22 07:58:39 --> Language Class Initialized
INFO - 2020-05-22 07:58:39 --> Config Class Initialized
INFO - 2020-05-22 07:58:39 --> Form Validation Class Initialized
INFO - 2020-05-22 07:58:39 --> Controller Class Initialized
INFO - 2020-05-22 07:58:39 --> Loader Class Initialized
DEBUG - 2020-05-22 07:58:39 --> Config file loaded: /opt/lampp/htdocs/medi_shop_codeigniter_hmvc/application/config/rest.php
INFO - 2020-05-22 07:58:39 --> Helper loaded: url_helper
INFO - 2020-05-22 07:58:39 --> Helper loaded: form_helper
INFO - 2020-05-22 07:58:39 --> Helper loaded: adminurl_helper
INFO - 2020-05-22 07:58:39 --> Helper loaded: site_helper
INFO - 2020-05-22 07:58:39 --> Helper loaded: directory_helper
INFO - 2020-05-22 07:58:39 --> Language file loaded: language/english/api_lang.php
INFO - 2020-05-22 07:58:39 --> Database Driver Class Initialized
INFO - 2020-05-22 07:58:39 --> Email Class Initialized
DEBUG - 2020-05-22 07:58:39 --> Session: "sess_save_path" is empty; using "session.save_path" value from php.ini.
DEBUG - 2020-05-22 07:58:39 --> Orders MX_Controller Initialized
DEBUG - 2020-05-22 07:58:39 --> File loaded: /opt/lampp/htdocs/medi_shop_codeigniter_hmvc/application/controllers/../modules/website/web/controllers/Web.php
DEBUG - 2020-05-22 07:58:39 --> Web MX_Controller Initialized
DEBUG - 2020-05-22 07:58:39 --> File loaded: /opt/lampp/htdocs/medi_shop_codeigniter_hmvc/application/modules/website/web/models/Public_users_m.php
DEBUG - 2020-05-22 07:58:39 --> File loaded: /opt/lampp/htdocs/medi_shop_codeigniter_hmvc/application/modules/website/orders/models/Order_management.php
DEBUG - 2020-05-22 07:58:39 --> File already loaded: /opt/lampp/htdocs/medi_shop_codeigniter_hmvc/application/modules/website/web/models/Public_users_m.php
ERROR - 2020-05-22 07:58:39 --> Severity: Notice --> Undefined index: public_userid /opt/lampp/htdocs/medi_shop_codeigniter_hmvc/application/modules/website/orders/controllers/Orders.php 932
ERROR - 2020-05-22 07:58:39 --> Severity: Notice --> Trying to get property 'place' of non-object /opt/lampp/htdocs/medi_shop_codeigniter_hmvc/application/modules/website/orders/controllers/Orders.php 933
ERROR - 2020-05-22 07:58:39 --> Severity: Warning --> Creating default object from empty value /opt/lampp/htdocs/medi_shop_codeigniter_hmvc/application/modules/website/orders/controllers/Orders.php 935
INFO - 2020-05-22 07:58:39 --> Final output sent to browser
DEBUG - 2020-05-22 07:58:39 --> Total execution time: 0.7399
INFO - 2020-05-22 07:58:39 --> Session: Class initialized using 'files' driver.
INFO - 2020-05-22 07:58:39 --> Form Validation Class Initialized
INFO - 2020-05-22 07:58:39 --> Controller Class Initialized
DEBUG - 2020-05-22 07:58:39 --> Home MX_Controller Initialized
DEBUG - 2020-05-22 07:58:39 --> File loaded: /opt/lampp/htdocs/medi_shop_codeigniter_hmvc/application/modules/admin/home/views/login.php
INFO - 2020-05-22 07:58:39 --> Final output sent to browser
DEBUG - 2020-05-22 07:58:39 --> Total execution time: 0.7381
