INFO - 2020-09-04 12:56:45 --> Config Class Initialized
INFO - 2020-09-04 12:56:45 --> Hooks Class Initialized
DEBUG - 2020-09-04 12:56:45 --> UTF-8 Support Enabled
INFO - 2020-09-04 12:56:45 --> Utf8 Class Initialized
INFO - 2020-09-04 12:56:45 --> URI Class Initialized
DEBUG - 2020-09-04 12:56:45 --> No URI present. Default controller set.
INFO - 2020-09-04 12:56:45 --> Router Class Initialized
INFO - 2020-09-04 12:56:45 --> Output Class Initialized
INFO - 2020-09-04 12:56:45 --> Security Class Initialized
DEBUG - 2020-09-04 12:56:45 --> Global POST, GET and COOKIE data sanitized
INFO - 2020-09-04 12:56:45 --> Input Class Initialized
INFO - 2020-09-04 12:56:45 --> Language Class Initialized
INFO - 2020-09-04 12:56:45 --> Language Class Initialized
INFO - 2020-09-04 12:56:46 --> Config Class Initialized
INFO - 2020-09-04 12:56:46 --> Loader Class Initialized
DEBUG - 2020-09-04 12:56:46 --> Config file loaded: C:\Apache24\htdocs\KSEBL_SSP\application\config/rest.php
INFO - 2020-09-04 12:56:46 --> Helper loaded: url_helper
INFO - 2020-09-04 12:56:46 --> Helper loaded: form_helper
INFO - 2020-09-04 12:56:46 --> Helper loaded: adminurl_helper
INFO - 2020-09-04 12:56:46 --> Helper loaded: site_helper
INFO - 2020-09-04 12:56:46 --> Helper loaded: directory_helper
INFO - 2020-09-04 12:56:46 --> Helper loaded: mail_helper
INFO - 2020-09-04 12:56:46 --> Language file loaded: language/english/api_lang.php
INFO - 2020-09-04 12:56:46 --> Database Driver Class Initialized
INFO - 2020-09-04 12:56:47 --> Email Class Initialized
INFO - 2020-09-04 12:56:47 --> Session: Class initialized using 'database' driver.
INFO - 2020-09-04 12:56:47 --> Form Validation Class Initialized
INFO - 2020-09-04 12:56:47 --> Controller Class Initialized
DEBUG - 2020-09-04 12:56:47 --> Web MX_Controller Initialized
DEBUG - 2020-09-04 12:56:47 --> File loaded: C:\Apache24\htdocs\KSEBL_SSP\application\controllers/../modules/template/controllers/Template.php
DEBUG - 2020-09-04 12:56:47 --> Template MX_Controller Initialized
DEBUG - 2020-09-04 12:56:47 --> File loaded: C:\Apache24\htdocs\KSEBL_SSP\application\modules/template/views/public/header.php
DEBUG - 2020-09-04 12:56:47 --> File loaded: C:\Apache24\htdocs\KSEBL_SSP\application\modules/website/web/views/home.php
DEBUG - 2020-09-04 12:56:47 --> File loaded: C:\Apache24\htdocs\KSEBL_SSP\application\modules/template/views/public/footer.php
INFO - 2020-09-04 12:56:47 --> Final output sent to browser
DEBUG - 2020-09-04 12:56:47 --> Total execution time: 2.8586
