INFO - 2020-12-18 12:42:02 --> Config Class Initialized
INFO - 2020-12-18 12:42:02 --> Hooks Class Initialized
DEBUG - 2020-12-18 12:42:02 --> UTF-8 Support Enabled
INFO - 2020-12-18 12:42:02 --> Utf8 Class Initialized
INFO - 2020-12-18 12:42:02 --> URI Class Initialized
DEBUG - 2020-12-18 12:42:02 --> No URI present. Default controller set.
INFO - 2020-12-18 12:42:03 --> Router Class Initialized
INFO - 2020-12-18 12:42:03 --> Output Class Initialized
INFO - 2020-12-18 12:42:03 --> Security Class Initialized
DEBUG - 2020-12-18 12:42:03 --> Global POST, GET and COOKIE data sanitized
INFO - 2020-12-18 12:42:03 --> Input Class Initialized
INFO - 2020-12-18 12:42:03 --> Language Class Initialized
INFO - 2020-12-18 12:42:03 --> Language Class Initialized
INFO - 2020-12-18 12:42:03 --> Config Class Initialized
INFO - 2020-12-18 12:42:04 --> Loader Class Initialized
DEBUG - 2020-12-18 12:42:04 --> Config file loaded: C:\xampp\htdocs\KSEBL_SSP\application\config/rest.php
INFO - 2020-12-18 12:42:04 --> Helper loaded: url_helper
INFO - 2020-12-18 12:42:04 --> Helper loaded: form_helper
INFO - 2020-12-18 12:42:04 --> Helper loaded: adminurl_helper
INFO - 2020-12-18 12:42:04 --> Helper loaded: site_helper
INFO - 2020-12-18 12:42:05 --> Helper loaded: directory_helper
INFO - 2020-12-18 12:42:05 --> Helper loaded: mail_helper
INFO - 2020-12-18 12:42:05 --> Language file loaded: language/english/api_lang.php
INFO - 2020-12-18 12:42:05 --> Database Driver Class Initialized
INFO - 2020-12-18 12:42:06 --> Database Driver Class Initialized
INFO - 2020-12-18 12:42:06 --> Email Class Initialized
INFO - 2020-12-18 12:42:07 --> Session: Class initialized using 'database' driver.
INFO - 2020-12-18 12:42:08 --> Form Validation Class Initialized
INFO - 2020-12-18 12:42:08 --> Controller Class Initialized
DEBUG - 2020-12-18 12:42:08 --> Web MX_Controller Initialized
DEBUG - 2020-12-18 12:42:08 --> File loaded: C:\xampp\htdocs\KSEBL_SSP\application\controllers/../modules/template/controllers/Template.php
DEBUG - 2020-12-18 12:42:08 --> Template MX_Controller Initialized
DEBUG - 2020-12-18 12:42:08 --> File loaded: C:\xampp\htdocs\KSEBL_SSP\application\modules/template/views/public/header.php
DEBUG - 2020-12-18 12:42:08 --> File loaded: C:\xampp\htdocs\KSEBL_SSP\application\modules/website/web/views/home.php
DEBUG - 2020-12-18 12:42:08 --> File loaded: C:\xampp\htdocs\KSEBL_SSP\application\modules/template/views/public/footer.php
INFO - 2020-12-18 12:42:08 --> Final output sent to browser
DEBUG - 2020-12-18 12:42:08 --> Total execution time: 6.6264
INFO - 2020-12-18 12:46:58 --> Config Class Initialized
INFO - 2020-12-18 12:46:58 --> Hooks Class Initialized
DEBUG - 2020-12-18 12:46:58 --> UTF-8 Support Enabled
INFO - 2020-12-18 12:46:58 --> Utf8 Class Initialized
INFO - 2020-12-18 12:46:58 --> URI Class Initialized
INFO - 2020-12-18 12:46:58 --> Router Class Initialized
INFO - 2020-12-18 12:46:58 --> Output Class Initialized
INFO - 2020-12-18 12:46:58 --> Security Class Initialized
DEBUG - 2020-12-18 12:46:58 --> Global POST, GET and COOKIE data sanitized
INFO - 2020-12-18 12:46:58 --> Input Class Initialized
INFO - 2020-12-18 12:46:58 --> Language Class Initialized
INFO - 2020-12-18 12:46:58 --> Language Class Initialized
INFO - 2020-12-18 12:46:58 --> Config Class Initialized
INFO - 2020-12-18 12:46:58 --> Loader Class Initialized
DEBUG - 2020-12-18 12:46:58 --> Config file loaded: C:\xampp\htdocs\KSEBL_SSP\application\config/rest.php
INFO - 2020-12-18 12:46:58 --> Helper loaded: url_helper
INFO - 2020-12-18 12:46:58 --> Helper loaded: form_helper
INFO - 2020-12-18 12:46:59 --> Helper loaded: adminurl_helper
INFO - 2020-12-18 12:46:59 --> Helper loaded: site_helper
INFO - 2020-12-18 12:46:59 --> Helper loaded: directory_helper
INFO - 2020-12-18 12:46:59 --> Helper loaded: mail_helper
INFO - 2020-12-18 12:46:59 --> Language file loaded: language/english/api_lang.php
INFO - 2020-12-18 12:46:59 --> Database Driver Class Initialized
INFO - 2020-12-18 12:46:59 --> Database Driver Class Initialized
INFO - 2020-12-18 12:47:00 --> Email Class Initialized
INFO - 2020-12-18 12:47:01 --> Session: Class initialized using 'database' driver.
INFO - 2020-12-18 12:47:01 --> Form Validation Class Initialized
INFO - 2020-12-18 12:47:01 --> Controller Class Initialized
DEBUG - 2020-12-18 12:47:01 --> File loaded: C:\xampp\htdocs\KSEBL_SSP\application\controllers/../modules/template/controllers/Template.php
DEBUG - 2020-12-18 12:47:01 --> Template MX_Controller Initialized
INFO - 2020-12-18 12:47:01 --> Language file loaded: language/english/form_validation_lang.php
DEBUG - 2020-12-18 12:47:01 --> File loaded: C:\xampp\htdocs\KSEBL_SSP\application\modules/supplier/supplier_home/models/Login.php
ERROR - 2020-12-18 12:47:01 --> Severity: Notice --> Undefined index: uid C:\xampp\htdocs\KSEBL_SSP\application\modules\supplier\supplier_home\controllers\Supplier_home.php 36
ERROR - 2020-12-18 12:47:01 --> Severity: Notice --> Undefined index: district_id C:\xampp\htdocs\KSEBL_SSP\application\modules\supplier\supplier_home\controllers\Supplier_home.php 41
ERROR - 2020-12-18 12:47:02 --> Severity: Notice --> Undefined index: basin_id C:\xampp\htdocs\KSEBL_SSP\application\modules\supplier\supplier_home\controllers\Supplier_home.php 42
INFO - 2020-12-18 12:47:02 --> Config Class Initialized
INFO - 2020-12-18 12:47:02 --> Hooks Class Initialized
DEBUG - 2020-12-18 12:47:02 --> UTF-8 Support Enabled
INFO - 2020-12-18 12:47:02 --> Utf8 Class Initialized
INFO - 2020-12-18 12:47:02 --> URI Class Initialized
INFO - 2020-12-18 12:47:02 --> Router Class Initialized
INFO - 2020-12-18 12:47:03 --> Output Class Initialized
INFO - 2020-12-18 12:47:03 --> Security Class Initialized
DEBUG - 2020-12-18 12:47:03 --> Global POST, GET and COOKIE data sanitized
INFO - 2020-12-18 12:47:03 --> Input Class Initialized
INFO - 2020-12-18 12:47:03 --> Language Class Initialized
INFO - 2020-12-18 12:47:03 --> Language Class Initialized
INFO - 2020-12-18 12:47:03 --> Config Class Initialized
INFO - 2020-12-18 12:47:03 --> Loader Class Initialized
DEBUG - 2020-12-18 12:47:03 --> Config file loaded: C:\xampp\htdocs\KSEBL_SSP\application\config/rest.php
INFO - 2020-12-18 12:47:03 --> Helper loaded: url_helper
INFO - 2020-12-18 12:47:03 --> Helper loaded: form_helper
INFO - 2020-12-18 12:47:03 --> Helper loaded: adminurl_helper
INFO - 2020-12-18 12:47:03 --> Helper loaded: site_helper
INFO - 2020-12-18 12:47:03 --> Helper loaded: directory_helper
INFO - 2020-12-18 12:47:03 --> Helper loaded: mail_helper
INFO - 2020-12-18 12:47:03 --> Language file loaded: language/english/api_lang.php
INFO - 2020-12-18 12:47:03 --> Database Driver Class Initialized
INFO - 2020-12-18 12:47:03 --> Database Driver Class Initialized
INFO - 2020-12-18 12:47:04 --> Email Class Initialized
INFO - 2020-12-18 12:47:05 --> Session: Class initialized using 'database' driver.
INFO - 2020-12-18 12:47:05 --> Form Validation Class Initialized
INFO - 2020-12-18 12:47:05 --> Controller Class Initialized
DEBUG - 2020-12-18 12:47:05 --> Supplier_dashboard MX_Controller Initialized
DEBUG - 2020-12-18 12:47:05 --> File loaded: C:\xampp\htdocs\KSEBL_SSP\application\controllers/../modules/template/controllers/Template.php
DEBUG - 2020-12-18 12:47:05 --> Template MX_Controller Initialized
DEBUG - 2020-12-18 12:47:05 --> File loaded: C:\xampp\htdocs\KSEBL_SSP\application\modules/supplier/supplier_dashboard/models/Dashboard_model.php
DEBUG - 2020-12-18 12:47:05 --> File loaded: C:\xampp\htdocs\KSEBL_SSP\application\modules/template/views/supplier_portal/header.php
DEBUG - 2020-12-18 12:47:06 --> File loaded: C:\xampp\htdocs\KSEBL_SSP\application\modules/template/views/supplier_portal/banner.php
DEBUG - 2020-12-18 12:47:06 --> File loaded: C:\xampp\htdocs\KSEBL_SSP\application\modules/template/views/supplier_portal/widget.php
DEBUG - 2020-12-18 12:47:06 --> File loaded: C:\xampp\htdocs\KSEBL_SSP\application\modules/supplier/supplier_dashboard/views/dashboard.php
DEBUG - 2020-12-18 12:47:06 --> File loaded: C:\xampp\htdocs\KSEBL_SSP\application\modules/template/views/supplier_portal/footer.php
INFO - 2020-12-18 12:47:06 --> Final output sent to browser
DEBUG - 2020-12-18 12:47:06 --> Total execution time: 3.5751
INFO - 2020-12-18 12:47:06 --> Config Class Initialized
INFO - 2020-12-18 12:47:06 --> Hooks Class Initialized
DEBUG - 2020-12-18 12:47:06 --> UTF-8 Support Enabled
INFO - 2020-12-18 12:47:06 --> Utf8 Class Initialized
INFO - 2020-12-18 12:47:06 --> URI Class Initialized
INFO - 2020-12-18 12:47:07 --> Config Class Initialized
INFO - 2020-12-18 12:47:07 --> Router Class Initialized
INFO - 2020-12-18 12:47:07 --> Hooks Class Initialized
INFO - 2020-12-18 12:47:07 --> Output Class Initialized
DEBUG - 2020-12-18 12:47:07 --> UTF-8 Support Enabled
INFO - 2020-12-18 12:47:07 --> Security Class Initialized
INFO - 2020-12-18 12:47:07 --> Utf8 Class Initialized
DEBUG - 2020-12-18 12:47:07 --> Global POST, GET and COOKIE data sanitized
INFO - 2020-12-18 12:47:07 --> URI Class Initialized
INFO - 2020-12-18 12:47:07 --> Input Class Initialized
INFO - 2020-12-18 12:47:07 --> Router Class Initialized
INFO - 2020-12-18 12:47:07 --> Language Class Initialized
INFO - 2020-12-18 12:47:07 --> Output Class Initialized
INFO - 2020-12-18 12:47:07 --> Language Class Initialized
INFO - 2020-12-18 12:47:07 --> Security Class Initialized
INFO - 2020-12-18 12:47:07 --> Config Class Initialized
DEBUG - 2020-12-18 12:47:07 --> Global POST, GET and COOKIE data sanitized
INFO - 2020-12-18 12:47:07 --> Loader Class Initialized
INFO - 2020-12-18 12:47:07 --> Input Class Initialized
DEBUG - 2020-12-18 12:47:07 --> Config file loaded: C:\xampp\htdocs\KSEBL_SSP\application\config/rest.php
INFO - 2020-12-18 12:47:07 --> Language Class Initialized
INFO - 2020-12-18 12:47:07 --> Helper loaded: url_helper
INFO - 2020-12-18 12:47:07 --> Language Class Initialized
INFO - 2020-12-18 12:47:07 --> Helper loaded: form_helper
INFO - 2020-12-18 12:47:07 --> Config Class Initialized
INFO - 2020-12-18 12:47:07 --> Helper loaded: adminurl_helper
INFO - 2020-12-18 12:47:07 --> Loader Class Initialized
DEBUG - 2020-12-18 12:47:07 --> Config file loaded: C:\xampp\htdocs\KSEBL_SSP\application\config/rest.php
INFO - 2020-12-18 12:47:07 --> Helper loaded: url_helper
INFO - 2020-12-18 12:47:07 --> Helper loaded: site_helper
INFO - 2020-12-18 12:47:07 --> Helper loaded: form_helper
INFO - 2020-12-18 12:47:07 --> Helper loaded: directory_helper
INFO - 2020-12-18 12:47:07 --> Helper loaded: adminurl_helper
INFO - 2020-12-18 12:47:07 --> Helper loaded: mail_helper
INFO - 2020-12-18 12:47:08 --> Helper loaded: site_helper
INFO - 2020-12-18 12:47:08 --> Language file loaded: language/english/api_lang.php
INFO - 2020-12-18 12:47:08 --> Helper loaded: directory_helper
INFO - 2020-12-18 12:47:08 --> Database Driver Class Initialized
INFO - 2020-12-18 12:47:08 --> Helper loaded: mail_helper
INFO - 2020-12-18 12:47:08 --> Database Driver Class Initialized
INFO - 2020-12-18 12:47:08 --> Language file loaded: language/english/api_lang.php
INFO - 2020-12-18 12:47:08 --> Database Driver Class Initialized
INFO - 2020-12-18 12:47:08 --> Database Driver Class Initialized
INFO - 2020-12-18 12:47:09 --> Email Class Initialized
INFO - 2020-12-18 12:47:09 --> Email Class Initialized
INFO - 2020-12-18 12:47:11 --> Session: Class initialized using 'database' driver.
INFO - 2020-12-18 12:47:11 --> Form Validation Class Initialized
INFO - 2020-12-18 12:47:11 --> Controller Class Initialized
DEBUG - 2020-12-18 12:47:11 --> Template MX_Controller Initialized
ERROR - 2020-12-18 12:47:11 --> Severity: Notice --> Undefined variable: showdashbaord C:\xampp\htdocs\KSEBL_SSP\application\modules\template\views\supplier\sidebar.php 26
ERROR - 2020-12-18 12:47:11 --> Severity: Notice --> Undefined variable: page C:\xampp\htdocs\KSEBL_SSP\application\modules\template\views\supplier\sidebar.php 30
INFO - 2020-12-18 12:47:11 --> Session: Class initialized using 'database' driver.
ERROR - 2020-12-18 12:47:11 --> Severity: Notice --> Undefined variable: page C:\xampp\htdocs\KSEBL_SSP\application\modules\template\views\supplier\sidebar.php 36
ERROR - 2020-12-18 12:47:11 --> Severity: Notice --> Undefined variable: page C:\xampp\htdocs\KSEBL_SSP\application\modules\template\views\supplier\sidebar.php 42
INFO - 2020-12-18 12:47:11 --> Form Validation Class Initialized
INFO - 2020-12-18 12:47:11 --> Controller Class Initialized
DEBUG - 2020-12-18 12:47:11 --> File loaded: C:\xampp\htdocs\KSEBL_SSP\application\modules/template/views/supplier/sidebar.php
DEBUG - 2020-12-18 12:47:11 --> Web MX_Controller Initialized
ERROR - 2020-12-18 12:47:11 --> Severity: Notice --> Undefined variable: showdashbaord C:\xampp\htdocs\KSEBL_SSP\application\modules\template\views\supplier\header.php 84
DEBUG - 2020-12-18 12:47:11 --> File loaded: C:\xampp\htdocs\KSEBL_SSP\application\controllers/../modules/template/controllers/Template.php
DEBUG - 2020-12-18 12:47:11 --> File loaded: C:\xampp\htdocs\KSEBL_SSP\application\modules/template/views/supplier/header.php
DEBUG - 2020-12-18 12:47:11 --> Template MX_Controller Initialized
DEBUG - 2020-12-18 12:47:11 --> File loaded: C:\xampp\htdocs\KSEBL_SSP\application\modules/template/views/supplier/e404.php
DEBUG - 2020-12-18 12:47:11 --> File loaded: C:\xampp\htdocs\KSEBL_SSP\application\modules/template/views/public/header.php
DEBUG - 2020-12-18 12:47:11 --> File loaded: C:\xampp\htdocs\KSEBL_SSP\application\modules/template/views/supplier/footer.php
INFO - 2020-12-18 12:47:11 --> Final output sent to browser
DEBUG - 2020-12-18 12:47:11 --> Total execution time: 4.8603
INFO - 2020-12-18 13:55:08 --> Config Class Initialized
INFO - 2020-12-18 13:55:08 --> Config Class Initialized
INFO - 2020-12-18 13:55:08 --> Hooks Class Initialized
INFO - 2020-12-18 13:55:08 --> Hooks Class Initialized
DEBUG - 2020-12-18 13:55:08 --> UTF-8 Support Enabled
DEBUG - 2020-12-18 13:55:08 --> UTF-8 Support Enabled
INFO - 2020-12-18 13:55:08 --> Utf8 Class Initialized
INFO - 2020-12-18 13:55:08 --> Utf8 Class Initialized
INFO - 2020-12-18 13:55:08 --> URI Class Initialized
INFO - 2020-12-18 13:55:08 --> URI Class Initialized
INFO - 2020-12-18 13:55:08 --> Router Class Initialized
INFO - 2020-12-18 13:55:08 --> Router Class Initialized
INFO - 2020-12-18 13:55:08 --> Output Class Initialized
INFO - 2020-12-18 13:55:08 --> Output Class Initialized
INFO - 2020-12-18 13:55:08 --> Security Class Initialized
INFO - 2020-12-18 13:55:08 --> Security Class Initialized
DEBUG - 2020-12-18 13:55:08 --> Global POST, GET and COOKIE data sanitized
DEBUG - 2020-12-18 13:55:08 --> Global POST, GET and COOKIE data sanitized
INFO - 2020-12-18 13:55:08 --> Input Class Initialized
INFO - 2020-12-18 13:55:08 --> Input Class Initialized
INFO - 2020-12-18 13:55:08 --> Language Class Initialized
INFO - 2020-12-18 13:55:08 --> Language Class Initialized
INFO - 2020-12-18 13:55:09 --> Language Class Initialized
INFO - 2020-12-18 13:55:09 --> Language Class Initialized
INFO - 2020-12-18 13:55:09 --> Config Class Initialized
INFO - 2020-12-18 13:55:09 --> Config Class Initialized
INFO - 2020-12-18 13:55:09 --> Loader Class Initialized
INFO - 2020-12-18 13:55:09 --> Loader Class Initialized
DEBUG - 2020-12-18 13:55:09 --> Config file loaded: C:\xampp\htdocs\KSEBL_SSP\application\config/rest.php
DEBUG - 2020-12-18 13:55:09 --> Config file loaded: C:\xampp\htdocs\KSEBL_SSP\application\config/rest.php
INFO - 2020-12-18 13:55:09 --> Helper loaded: url_helper
INFO - 2020-12-18 13:55:09 --> Helper loaded: url_helper
INFO - 2020-12-18 13:55:09 --> Helper loaded: form_helper
INFO - 2020-12-18 13:55:09 --> Helper loaded: form_helper
INFO - 2020-12-18 13:55:09 --> Helper loaded: adminurl_helper
INFO - 2020-12-18 13:55:09 --> Helper loaded: adminurl_helper
INFO - 2020-12-18 13:55:09 --> Helper loaded: site_helper
INFO - 2020-12-18 13:55:09 --> Helper loaded: site_helper
INFO - 2020-12-18 13:55:10 --> Helper loaded: directory_helper
INFO - 2020-12-18 13:55:10 --> Helper loaded: directory_helper
INFO - 2020-12-18 13:55:10 --> Helper loaded: mail_helper
INFO - 2020-12-18 13:55:10 --> Helper loaded: mail_helper
INFO - 2020-12-18 13:55:10 --> Language file loaded: language/english/api_lang.php
INFO - 2020-12-18 13:55:10 --> Language file loaded: language/english/api_lang.php
INFO - 2020-12-18 13:55:10 --> Database Driver Class Initialized
INFO - 2020-12-18 13:55:10 --> Database Driver Class Initialized
INFO - 2020-12-18 13:55:10 --> Database Driver Class Initialized
INFO - 2020-12-18 13:55:10 --> Database Driver Class Initialized
INFO - 2020-12-18 13:55:11 --> Email Class Initialized
INFO - 2020-12-18 13:55:11 --> Email Class Initialized
INFO - 2020-12-18 13:55:14 --> Session: Class initialized using 'database' driver.
INFO - 2020-12-18 13:55:14 --> Form Validation Class Initialized
INFO - 2020-12-18 13:55:14 --> Controller Class Initialized
DEBUG - 2020-12-18 13:55:14 --> Web MX_Controller Initialized
DEBUG - 2020-12-18 13:55:14 --> File loaded: C:\xampp\htdocs\KSEBL_SSP\application\controllers/../modules/template/controllers/Template.php
DEBUG - 2020-12-18 13:55:14 --> Template MX_Controller Initialized
DEBUG - 2020-12-18 13:55:14 --> File loaded: C:\xampp\htdocs\KSEBL_SSP\application\modules/template/views/public/header.php
INFO - 2020-12-18 13:55:15 --> Session: Class initialized using 'database' driver.
INFO - 2020-12-18 13:55:15 --> Form Validation Class Initialized
INFO - 2020-12-18 13:55:15 --> Controller Class Initialized
DEBUG - 2020-12-18 13:55:15 --> Web MX_Controller Initialized
DEBUG - 2020-12-18 13:55:15 --> File loaded: C:\xampp\htdocs\KSEBL_SSP\application\controllers/../modules/template/controllers/Template.php
DEBUG - 2020-12-18 13:55:15 --> Template MX_Controller Initialized
DEBUG - 2020-12-18 13:55:15 --> File loaded: C:\xampp\htdocs\KSEBL_SSP\application\modules/template/views/public/header.php
INFO - 2020-12-18 13:55:17 --> Config Class Initialized
INFO - 2020-12-18 13:55:17 --> Hooks Class Initialized
DEBUG - 2020-12-18 13:55:17 --> UTF-8 Support Enabled
INFO - 2020-12-18 13:55:17 --> Utf8 Class Initialized
INFO - 2020-12-18 13:55:17 --> URI Class Initialized
INFO - 2020-12-18 13:55:17 --> Router Class Initialized
INFO - 2020-12-18 13:55:17 --> Output Class Initialized
INFO - 2020-12-18 13:55:17 --> Security Class Initialized
DEBUG - 2020-12-18 13:55:17 --> Global POST, GET and COOKIE data sanitized
INFO - 2020-12-18 13:55:17 --> Input Class Initialized
INFO - 2020-12-18 13:55:17 --> Language Class Initialized
INFO - 2020-12-18 13:55:17 --> Language Class Initialized
INFO - 2020-12-18 13:55:18 --> Config Class Initialized
INFO - 2020-12-18 13:55:18 --> Loader Class Initialized
DEBUG - 2020-12-18 13:55:18 --> Config file loaded: C:\xampp\htdocs\KSEBL_SSP\application\config/rest.php
INFO - 2020-12-18 13:55:18 --> Helper loaded: url_helper
INFO - 2020-12-18 13:55:18 --> Helper loaded: form_helper
INFO - 2020-12-18 13:55:18 --> Helper loaded: adminurl_helper
INFO - 2020-12-18 13:55:18 --> Helper loaded: site_helper
INFO - 2020-12-18 13:55:18 --> Helper loaded: directory_helper
INFO - 2020-12-18 13:55:18 --> Helper loaded: mail_helper
INFO - 2020-12-18 13:55:18 --> Language file loaded: language/english/api_lang.php
INFO - 2020-12-18 13:55:18 --> Database Driver Class Initialized
INFO - 2020-12-18 13:55:18 --> Database Driver Class Initialized
INFO - 2020-12-18 13:55:19 --> Email Class Initialized
INFO - 2020-12-18 13:55:20 --> Session: Class initialized using 'database' driver.
INFO - 2020-12-18 13:55:20 --> Form Validation Class Initialized
INFO - 2020-12-18 13:55:20 --> Controller Class Initialized
DEBUG - 2020-12-18 13:55:20 --> Web MX_Controller Initialized
DEBUG - 2020-12-18 13:55:20 --> File loaded: C:\xampp\htdocs\KSEBL_SSP\application\controllers/../modules/template/controllers/Template.php
DEBUG - 2020-12-18 13:55:20 --> Template MX_Controller Initialized
DEBUG - 2020-12-18 13:55:20 --> File loaded: C:\xampp\htdocs\KSEBL_SSP\application\modules/template/views/public/header.php
INFO - 2020-12-18 13:57:35 --> Config Class Initialized
INFO - 2020-12-18 13:57:35 --> Config Class Initialized
INFO - 2020-12-18 13:57:35 --> Hooks Class Initialized
INFO - 2020-12-18 13:57:35 --> Hooks Class Initialized
DEBUG - 2020-12-18 13:57:36 --> UTF-8 Support Enabled
DEBUG - 2020-12-18 13:57:36 --> UTF-8 Support Enabled
INFO - 2020-12-18 13:57:36 --> Utf8 Class Initialized
INFO - 2020-12-18 13:57:36 --> Utf8 Class Initialized
INFO - 2020-12-18 13:57:36 --> URI Class Initialized
INFO - 2020-12-18 13:57:36 --> URI Class Initialized
INFO - 2020-12-18 13:57:36 --> Router Class Initialized
INFO - 2020-12-18 13:57:36 --> Router Class Initialized
INFO - 2020-12-18 13:57:36 --> Output Class Initialized
INFO - 2020-12-18 13:57:36 --> Output Class Initialized
INFO - 2020-12-18 13:57:36 --> Security Class Initialized
INFO - 2020-12-18 13:57:36 --> Security Class Initialized
DEBUG - 2020-12-18 13:57:36 --> Global POST, GET and COOKIE data sanitized
DEBUG - 2020-12-18 13:57:36 --> Global POST, GET and COOKIE data sanitized
INFO - 2020-12-18 13:57:36 --> Input Class Initialized
INFO - 2020-12-18 13:57:36 --> Input Class Initialized
INFO - 2020-12-18 13:57:36 --> Language Class Initialized
INFO - 2020-12-18 13:57:36 --> Language Class Initialized
INFO - 2020-12-18 13:57:36 --> Language Class Initialized
INFO - 2020-12-18 13:57:36 --> Language Class Initialized
INFO - 2020-12-18 13:57:36 --> Config Class Initialized
INFO - 2020-12-18 13:57:36 --> Config Class Initialized
INFO - 2020-12-18 13:57:36 --> Loader Class Initialized
INFO - 2020-12-18 13:57:36 --> Loader Class Initialized
DEBUG - 2020-12-18 13:57:36 --> Config file loaded: C:\xampp\htdocs\KSEBL_SSP\application\config/rest.php
DEBUG - 2020-12-18 13:57:36 --> Config file loaded: C:\xampp\htdocs\KSEBL_SSP\application\config/rest.php
INFO - 2020-12-18 13:57:36 --> Helper loaded: url_helper
INFO - 2020-12-18 13:57:36 --> Helper loaded: url_helper
INFO - 2020-12-18 13:57:36 --> Helper loaded: form_helper
INFO - 2020-12-18 13:57:36 --> Helper loaded: form_helper
INFO - 2020-12-18 13:57:36 --> Helper loaded: adminurl_helper
INFO - 2020-12-18 13:57:36 --> Helper loaded: adminurl_helper
INFO - 2020-12-18 13:57:36 --> Helper loaded: site_helper
INFO - 2020-12-18 13:57:36 --> Helper loaded: site_helper
INFO - 2020-12-18 13:57:37 --> Helper loaded: directory_helper
INFO - 2020-12-18 13:57:37 --> Helper loaded: directory_helper
INFO - 2020-12-18 13:57:37 --> Helper loaded: mail_helper
INFO - 2020-12-18 13:57:37 --> Helper loaded: mail_helper
INFO - 2020-12-18 13:57:37 --> Language file loaded: language/english/api_lang.php
INFO - 2020-12-18 13:57:37 --> Language file loaded: language/english/api_lang.php
INFO - 2020-12-18 13:57:37 --> Database Driver Class Initialized
INFO - 2020-12-18 13:57:37 --> Database Driver Class Initialized
INFO - 2020-12-18 13:57:37 --> Database Driver Class Initialized
INFO - 2020-12-18 13:57:37 --> Database Driver Class Initialized
INFO - 2020-12-18 13:57:38 --> Email Class Initialized
INFO - 2020-12-18 13:57:39 --> Email Class Initialized
INFO - 2020-12-18 13:57:40 --> Session: Class initialized using 'database' driver.
INFO - 2020-12-18 13:57:40 --> Form Validation Class Initialized
INFO - 2020-12-18 13:57:40 --> Controller Class Initialized
DEBUG - 2020-12-18 13:57:40 --> Web MX_Controller Initialized
DEBUG - 2020-12-18 13:57:40 --> File loaded: C:\xampp\htdocs\KSEBL_SSP\application\controllers/../modules/template/controllers/Template.php
DEBUG - 2020-12-18 13:57:40 --> Template MX_Controller Initialized
DEBUG - 2020-12-18 13:57:40 --> File loaded: C:\xampp\htdocs\KSEBL_SSP\application\modules/template/views/public/header.php
INFO - 2020-12-18 13:57:42 --> Session: Class initialized using 'database' driver.
INFO - 2020-12-18 13:57:42 --> Form Validation Class Initialized
INFO - 2020-12-18 13:57:42 --> Controller Class Initialized
DEBUG - 2020-12-18 13:57:42 --> Web MX_Controller Initialized
DEBUG - 2020-12-18 13:57:42 --> File loaded: C:\xampp\htdocs\KSEBL_SSP\application\controllers/../modules/template/controllers/Template.php
DEBUG - 2020-12-18 13:57:42 --> Template MX_Controller Initialized
DEBUG - 2020-12-18 13:57:42 --> File loaded: C:\xampp\htdocs\KSEBL_SSP\application\modules/template/views/public/header.php
INFO - 2020-12-18 13:59:39 --> Config Class Initialized
INFO - 2020-12-18 13:59:39 --> Hooks Class Initialized
DEBUG - 2020-12-18 13:59:39 --> UTF-8 Support Enabled
INFO - 2020-12-18 13:59:39 --> Utf8 Class Initialized
INFO - 2020-12-18 13:59:39 --> URI Class Initialized
INFO - 2020-12-18 13:59:39 --> Router Class Initialized
INFO - 2020-12-18 13:59:39 --> Output Class Initialized
INFO - 2020-12-18 13:59:39 --> Security Class Initialized
DEBUG - 2020-12-18 13:59:39 --> Global POST, GET and COOKIE data sanitized
INFO - 2020-12-18 13:59:39 --> Input Class Initialized
INFO - 2020-12-18 13:59:39 --> Language Class Initialized
INFO - 2020-12-18 13:59:39 --> Language Class Initialized
INFO - 2020-12-18 13:59:39 --> Config Class Initialized
INFO - 2020-12-18 13:59:39 --> Loader Class Initialized
DEBUG - 2020-12-18 13:59:39 --> Config file loaded: C:\xampp\htdocs\KSEBL_SSP\application\config/rest.php
INFO - 2020-12-18 13:59:39 --> Helper loaded: url_helper
INFO - 2020-12-18 13:59:39 --> Helper loaded: form_helper
INFO - 2020-12-18 13:59:39 --> Helper loaded: adminurl_helper
INFO - 2020-12-18 13:59:40 --> Helper loaded: site_helper
INFO - 2020-12-18 13:59:40 --> Helper loaded: directory_helper
INFO - 2020-12-18 13:59:40 --> Helper loaded: mail_helper
INFO - 2020-12-18 13:59:40 --> Language file loaded: language/english/api_lang.php
INFO - 2020-12-18 13:59:40 --> Database Driver Class Initialized
INFO - 2020-12-18 13:59:40 --> Database Driver Class Initialized
INFO - 2020-12-18 13:59:41 --> Email Class Initialized
INFO - 2020-12-18 13:59:44 --> Session: Class initialized using 'database' driver.
INFO - 2020-12-18 13:59:44 --> Form Validation Class Initialized
INFO - 2020-12-18 13:59:44 --> Controller Class Initialized
DEBUG - 2020-12-18 13:59:44 --> Supplier_dashboard MX_Controller Initialized
DEBUG - 2020-12-18 13:59:44 --> File loaded: C:\xampp\htdocs\KSEBL_SSP\application\controllers/../modules/template/controllers/Template.php
DEBUG - 2020-12-18 13:59:44 --> Template MX_Controller Initialized
DEBUG - 2020-12-18 13:59:44 --> File loaded: C:\xampp\htdocs\KSEBL_SSP\application\modules/supplier/supplier_dashboard/models/Dashboard_model.php
DEBUG - 2020-12-18 13:59:44 --> File loaded: C:\xampp\htdocs\KSEBL_SSP\application\modules/template/views/supplier_portal/header.php
DEBUG - 2020-12-18 13:59:44 --> File loaded: C:\xampp\htdocs\KSEBL_SSP\application\modules/template/views/supplier_portal/banner.php
DEBUG - 2020-12-18 13:59:44 --> File loaded: C:\xampp\htdocs\KSEBL_SSP\application\modules/template/views/supplier_portal/widget.php
DEBUG - 2020-12-18 13:59:44 --> File loaded: C:\xampp\htdocs\KSEBL_SSP\application\modules/supplier/supplier_dashboard/views/dashboard.php
DEBUG - 2020-12-18 13:59:44 --> File loaded: C:\xampp\htdocs\KSEBL_SSP\application\modules/template/views/supplier_portal/footer.php
INFO - 2020-12-18 13:59:44 --> Final output sent to browser
INFO - 2020-12-18 13:59:44 --> Config Class Initialized
INFO - 2020-12-18 13:59:44 --> Config Class Initialized
DEBUG - 2020-12-18 13:59:44 --> Total execution time: 5.7312
INFO - 2020-12-18 13:59:45 --> Hooks Class Initialized
INFO - 2020-12-18 13:59:45 --> Hooks Class Initialized
INFO - 2020-12-18 13:59:45 --> Config Class Initialized
DEBUG - 2020-12-18 13:59:45 --> UTF-8 Support Enabled
DEBUG - 2020-12-18 13:59:45 --> UTF-8 Support Enabled
INFO - 2020-12-18 13:59:45 --> Hooks Class Initialized
INFO - 2020-12-18 13:59:45 --> Utf8 Class Initialized
INFO - 2020-12-18 13:59:45 --> Utf8 Class Initialized
DEBUG - 2020-12-18 13:59:45 --> UTF-8 Support Enabled
INFO - 2020-12-18 13:59:45 --> URI Class Initialized
INFO - 2020-12-18 13:59:45 --> URI Class Initialized
INFO - 2020-12-18 13:59:45 --> Utf8 Class Initialized
INFO - 2020-12-18 13:59:45 --> Router Class Initialized
INFO - 2020-12-18 13:59:46 --> Router Class Initialized
INFO - 2020-12-18 13:59:46 --> URI Class Initialized
INFO - 2020-12-18 13:59:46 --> Output Class Initialized
INFO - 2020-12-18 13:59:46 --> Output Class Initialized
INFO - 2020-12-18 13:59:46 --> Router Class Initialized
INFO - 2020-12-18 13:59:46 --> Security Class Initialized
INFO - 2020-12-18 13:59:46 --> Security Class Initialized
INFO - 2020-12-18 13:59:46 --> Output Class Initialized
DEBUG - 2020-12-18 13:59:46 --> Global POST, GET and COOKIE data sanitized
DEBUG - 2020-12-18 13:59:46 --> Global POST, GET and COOKIE data sanitized
INFO - 2020-12-18 13:59:46 --> Security Class Initialized
INFO - 2020-12-18 13:59:46 --> Input Class Initialized
INFO - 2020-12-18 13:59:46 --> Input Class Initialized
DEBUG - 2020-12-18 13:59:47 --> Global POST, GET and COOKIE data sanitized
INFO - 2020-12-18 13:59:47 --> Language Class Initialized
INFO - 2020-12-18 13:59:47 --> Language Class Initialized
INFO - 2020-12-18 13:59:47 --> Language Class Initialized
INFO - 2020-12-18 13:59:47 --> Input Class Initialized
INFO - 2020-12-18 13:59:47 --> Language Class Initialized
INFO - 2020-12-18 13:59:47 --> Language Class Initialized
INFO - 2020-12-18 13:59:47 --> Config Class Initialized
INFO - 2020-12-18 13:59:47 --> Config Class Initialized
INFO - 2020-12-18 13:59:47 --> Language Class Initialized
INFO - 2020-12-18 13:59:47 --> Loader Class Initialized
INFO - 2020-12-18 13:59:47 --> Loader Class Initialized
INFO - 2020-12-18 13:59:47 --> Config Class Initialized
DEBUG - 2020-12-18 13:59:47 --> Config file loaded: C:\xampp\htdocs\KSEBL_SSP\application\config/rest.php
DEBUG - 2020-12-18 13:59:47 --> Config file loaded: C:\xampp\htdocs\KSEBL_SSP\application\config/rest.php
INFO - 2020-12-18 13:59:48 --> Loader Class Initialized
INFO - 2020-12-18 13:59:48 --> Helper loaded: url_helper
INFO - 2020-12-18 13:59:48 --> Helper loaded: url_helper
DEBUG - 2020-12-18 13:59:48 --> Config file loaded: C:\xampp\htdocs\KSEBL_SSP\application\config/rest.php
INFO - 2020-12-18 13:59:48 --> Helper loaded: form_helper
INFO - 2020-12-18 13:59:48 --> Helper loaded: form_helper
INFO - 2020-12-18 13:59:48 --> Helper loaded: url_helper
INFO - 2020-12-18 13:59:48 --> Helper loaded: adminurl_helper
INFO - 2020-12-18 13:59:48 --> Helper loaded: adminurl_helper
INFO - 2020-12-18 13:59:48 --> Helper loaded: site_helper
INFO - 2020-12-18 13:59:48 --> Helper loaded: form_helper
INFO - 2020-12-18 13:59:48 --> Helper loaded: site_helper
INFO - 2020-12-18 13:59:48 --> Helper loaded: adminurl_helper
INFO - 2020-12-18 13:59:48 --> Helper loaded: directory_helper
INFO - 2020-12-18 13:59:48 --> Helper loaded: directory_helper
INFO - 2020-12-18 13:59:48 --> Helper loaded: site_helper
INFO - 2020-12-18 13:59:48 --> Helper loaded: mail_helper
INFO - 2020-12-18 13:59:49 --> Helper loaded: mail_helper
INFO - 2020-12-18 13:59:49 --> Language file loaded: language/english/api_lang.php
INFO - 2020-12-18 13:59:49 --> Helper loaded: directory_helper
INFO - 2020-12-18 13:59:49 --> Language file loaded: language/english/api_lang.php
INFO - 2020-12-18 13:59:49 --> Database Driver Class Initialized
INFO - 2020-12-18 13:59:49 --> Helper loaded: mail_helper
INFO - 2020-12-18 13:59:49 --> Database Driver Class Initialized
INFO - 2020-12-18 13:59:49 --> Database Driver Class Initialized
INFO - 2020-12-18 13:59:49 --> Language file loaded: language/english/api_lang.php
INFO - 2020-12-18 13:59:49 --> Database Driver Class Initialized
INFO - 2020-12-18 13:59:49 --> Database Driver Class Initialized
INFO - 2020-12-18 13:59:49 --> Database Driver Class Initialized
INFO - 2020-12-18 13:59:50 --> Email Class Initialized
INFO - 2020-12-18 13:59:50 --> Email Class Initialized
INFO - 2020-12-18 13:59:51 --> Email Class Initialized
INFO - 2020-12-18 13:59:52 --> Session: Class initialized using 'database' driver.
INFO - 2020-12-18 13:59:52 --> Form Validation Class Initialized
INFO - 2020-12-18 13:59:52 --> Controller Class Initialized
DEBUG - 2020-12-18 13:59:52 --> Template MX_Controller Initialized
ERROR - 2020-12-18 13:59:52 --> Severity: Notice --> Undefined variable: showdashbaord C:\xampp\htdocs\KSEBL_SSP\application\modules\template\views\supplier\sidebar.php 26
ERROR - 2020-12-18 13:59:52 --> Severity: Notice --> Undefined variable: page C:\xampp\htdocs\KSEBL_SSP\application\modules\template\views\supplier\sidebar.php 30
ERROR - 2020-12-18 13:59:53 --> Severity: Notice --> Undefined variable: page C:\xampp\htdocs\KSEBL_SSP\application\modules\template\views\supplier\sidebar.php 36
ERROR - 2020-12-18 13:59:53 --> Severity: Notice --> Undefined variable: page C:\xampp\htdocs\KSEBL_SSP\application\modules\template\views\supplier\sidebar.php 42
DEBUG - 2020-12-18 13:59:53 --> File loaded: C:\xampp\htdocs\KSEBL_SSP\application\modules/template/views/supplier/sidebar.php
ERROR - 2020-12-18 13:59:53 --> Severity: Notice --> Undefined variable: showdashbaord C:\xampp\htdocs\KSEBL_SSP\application\modules\template\views\supplier\header.php 84
DEBUG - 2020-12-18 13:59:53 --> File loaded: C:\xampp\htdocs\KSEBL_SSP\application\modules/template/views/supplier/header.php
DEBUG - 2020-12-18 13:59:53 --> File loaded: C:\xampp\htdocs\KSEBL_SSP\application\modules/template/views/supplier/e404.php
DEBUG - 2020-12-18 13:59:53 --> File loaded: C:\xampp\htdocs\KSEBL_SSP\application\modules/template/views/supplier/footer.php
INFO - 2020-12-18 13:59:53 --> Final output sent to browser
DEBUG - 2020-12-18 13:59:53 --> Total execution time: 8.8035
INFO - 2020-12-18 13:59:55 --> Session: Class initialized using 'database' driver.
INFO - 2020-12-18 13:59:55 --> Form Validation Class Initialized
INFO - 2020-12-18 13:59:55 --> Controller Class Initialized
DEBUG - 2020-12-18 13:59:55 --> Web MX_Controller Initialized
DEBUG - 2020-12-18 13:59:55 --> File loaded: C:\xampp\htdocs\KSEBL_SSP\application\controllers/../modules/template/controllers/Template.php
DEBUG - 2020-12-18 13:59:55 --> Template MX_Controller Initialized
DEBUG - 2020-12-18 13:59:55 --> File loaded: C:\xampp\htdocs\KSEBL_SSP\application\modules/template/views/public/header.php
INFO - 2020-12-18 13:59:56 --> Session: Class initialized using 'database' driver.
INFO - 2020-12-18 13:59:56 --> Form Validation Class Initialized
INFO - 2020-12-18 13:59:56 --> Controller Class Initialized
INFO - 2020-12-18 13:59:57 --> Config Class Initialized
DEBUG - 2020-12-18 13:59:57 --> Web MX_Controller Initialized
INFO - 2020-12-18 13:59:57 --> Hooks Class Initialized
DEBUG - 2020-12-18 13:59:57 --> File loaded: C:\xampp\htdocs\KSEBL_SSP\application\controllers/../modules/template/controllers/Template.php
DEBUG - 2020-12-18 13:59:57 --> UTF-8 Support Enabled
DEBUG - 2020-12-18 13:59:57 --> Template MX_Controller Initialized
INFO - 2020-12-18 13:59:57 --> Utf8 Class Initialized
DEBUG - 2020-12-18 13:59:57 --> File loaded: C:\xampp\htdocs\KSEBL_SSP\application\modules/template/views/public/header.php
INFO - 2020-12-18 13:59:57 --> URI Class Initialized
INFO - 2020-12-18 13:59:57 --> Router Class Initialized
INFO - 2020-12-18 13:59:57 --> Output Class Initialized
INFO - 2020-12-18 13:59:57 --> Security Class Initialized
DEBUG - 2020-12-18 13:59:58 --> Global POST, GET and COOKIE data sanitized
INFO - 2020-12-18 13:59:58 --> Input Class Initialized
INFO - 2020-12-18 13:59:58 --> Language Class Initialized
INFO - 2020-12-18 13:59:58 --> Language Class Initialized
INFO - 2020-12-18 13:59:58 --> Config Class Initialized
INFO - 2020-12-18 13:59:58 --> Loader Class Initialized
DEBUG - 2020-12-18 13:59:58 --> Config file loaded: C:\xampp\htdocs\KSEBL_SSP\application\config/rest.php
INFO - 2020-12-18 13:59:58 --> Config Class Initialized
INFO - 2020-12-18 13:59:58 --> Helper loaded: url_helper
INFO - 2020-12-18 13:59:58 --> Hooks Class Initialized
INFO - 2020-12-18 13:59:58 --> Helper loaded: form_helper
DEBUG - 2020-12-18 13:59:58 --> UTF-8 Support Enabled
INFO - 2020-12-18 13:59:58 --> Helper loaded: adminurl_helper
INFO - 2020-12-18 13:59:58 --> Utf8 Class Initialized
INFO - 2020-12-18 13:59:59 --> Helper loaded: site_helper
INFO - 2020-12-18 13:59:59 --> URI Class Initialized
INFO - 2020-12-18 13:59:59 --> Helper loaded: directory_helper
INFO - 2020-12-18 13:59:59 --> Router Class Initialized
INFO - 2020-12-18 13:59:59 --> Helper loaded: mail_helper
INFO - 2020-12-18 13:59:59 --> Language file loaded: language/english/api_lang.php
INFO - 2020-12-18 13:59:59 --> Output Class Initialized
INFO - 2020-12-18 13:59:59 --> Security Class Initialized
INFO - 2020-12-18 13:59:59 --> Database Driver Class Initialized
DEBUG - 2020-12-18 13:59:59 --> Global POST, GET and COOKIE data sanitized
INFO - 2020-12-18 13:59:59 --> Database Driver Class Initialized
INFO - 2020-12-18 13:59:59 --> Input Class Initialized
INFO - 2020-12-18 13:59:59 --> Language Class Initialized
INFO - 2020-12-18 13:59:59 --> Language Class Initialized
INFO - 2020-12-18 13:59:59 --> Config Class Initialized
INFO - 2020-12-18 13:59:59 --> Loader Class Initialized
DEBUG - 2020-12-18 13:59:59 --> Config file loaded: C:\xampp\htdocs\KSEBL_SSP\application\config/rest.php
INFO - 2020-12-18 13:59:59 --> Helper loaded: url_helper
INFO - 2020-12-18 14:00:00 --> Helper loaded: form_helper
INFO - 2020-12-18 14:00:00 --> Helper loaded: adminurl_helper
INFO - 2020-12-18 14:00:00 --> Helper loaded: site_helper
INFO - 2020-12-18 14:00:00 --> Email Class Initialized
INFO - 2020-12-18 14:00:00 --> Helper loaded: directory_helper
INFO - 2020-12-18 14:00:00 --> Helper loaded: mail_helper
INFO - 2020-12-18 14:00:00 --> Language file loaded: language/english/api_lang.php
INFO - 2020-12-18 14:00:00 --> Database Driver Class Initialized
INFO - 2020-12-18 14:00:00 --> Database Driver Class Initialized
INFO - 2020-12-18 14:00:01 --> Session: Class initialized using 'database' driver.
INFO - 2020-12-18 14:00:01 --> Form Validation Class Initialized
INFO - 2020-12-18 14:00:01 --> Controller Class Initialized
DEBUG - 2020-12-18 14:00:01 --> Web MX_Controller Initialized
DEBUG - 2020-12-18 14:00:01 --> File loaded: C:\xampp\htdocs\KSEBL_SSP\application\controllers/../modules/template/controllers/Template.php
DEBUG - 2020-12-18 14:00:02 --> Template MX_Controller Initialized
DEBUG - 2020-12-18 14:00:02 --> File loaded: C:\xampp\htdocs\KSEBL_SSP\application\modules/template/views/public/header.php
INFO - 2020-12-18 14:00:02 --> Email Class Initialized
INFO - 2020-12-18 14:00:03 --> Session: Class initialized using 'database' driver.
INFO - 2020-12-18 14:00:03 --> Form Validation Class Initialized
INFO - 2020-12-18 14:00:03 --> Controller Class Initialized
DEBUG - 2020-12-18 14:00:03 --> Supplier_dashboard MX_Controller Initialized
DEBUG - 2020-12-18 14:00:03 --> File loaded: C:\xampp\htdocs\KSEBL_SSP\application\controllers/../modules/template/controllers/Template.php
DEBUG - 2020-12-18 14:00:03 --> Template MX_Controller Initialized
DEBUG - 2020-12-18 14:00:03 --> File loaded: C:\xampp\htdocs\KSEBL_SSP\application\modules/supplier/supplier_dashboard/models/Dashboard_model.php
DEBUG - 2020-12-18 14:00:03 --> File loaded: C:\xampp\htdocs\KSEBL_SSP\application\modules/template/views/supplier_portal/header.php
DEBUG - 2020-12-18 14:00:03 --> File loaded: C:\xampp\htdocs\KSEBL_SSP\application\modules/template/views/supplier_portal/banner.php
DEBUG - 2020-12-18 14:00:03 --> File loaded: C:\xampp\htdocs\KSEBL_SSP\application\modules/template/views/supplier_portal/widget.php
DEBUG - 2020-12-18 14:00:03 --> File loaded: C:\xampp\htdocs\KSEBL_SSP\application\modules/supplier/supplier_dashboard/views/dashboard.php
DEBUG - 2020-12-18 14:00:03 --> File loaded: C:\xampp\htdocs\KSEBL_SSP\application\modules/template/views/supplier_portal/footer.php
INFO - 2020-12-18 14:00:03 --> Final output sent to browser
DEBUG - 2020-12-18 14:00:03 --> Total execution time: 5.1068
INFO - 2020-12-18 14:00:03 --> Config Class Initialized
INFO - 2020-12-18 14:00:03 --> Config Class Initialized
INFO - 2020-12-18 14:00:03 --> Config Class Initialized
INFO - 2020-12-18 14:00:04 --> Hooks Class Initialized
INFO - 2020-12-18 14:00:04 --> Hooks Class Initialized
DEBUG - 2020-12-18 14:00:04 --> UTF-8 Support Enabled
INFO - 2020-12-18 14:00:04 --> Hooks Class Initialized
DEBUG - 2020-12-18 14:00:04 --> UTF-8 Support Enabled
DEBUG - 2020-12-18 14:00:04 --> UTF-8 Support Enabled
INFO - 2020-12-18 14:00:04 --> Utf8 Class Initialized
INFO - 2020-12-18 14:00:04 --> Utf8 Class Initialized
INFO - 2020-12-18 14:00:04 --> Utf8 Class Initialized
INFO - 2020-12-18 14:00:04 --> URI Class Initialized
INFO - 2020-12-18 14:00:04 --> URI Class Initialized
INFO - 2020-12-18 14:00:04 --> Router Class Initialized
INFO - 2020-12-18 14:00:04 --> URI Class Initialized
INFO - 2020-12-18 14:00:04 --> Router Class Initialized
INFO - 2020-12-18 14:00:04 --> Router Class Initialized
INFO - 2020-12-18 14:00:04 --> Output Class Initialized
INFO - 2020-12-18 14:00:04 --> Output Class Initialized
INFO - 2020-12-18 14:00:04 --> Security Class Initialized
INFO - 2020-12-18 14:00:04 --> Output Class Initialized
INFO - 2020-12-18 14:00:04 --> Security Class Initialized
DEBUG - 2020-12-18 14:00:04 --> Global POST, GET and COOKIE data sanitized
INFO - 2020-12-18 14:00:04 --> Security Class Initialized
DEBUG - 2020-12-18 14:00:04 --> Global POST, GET and COOKIE data sanitized
INFO - 2020-12-18 14:00:04 --> Input Class Initialized
DEBUG - 2020-12-18 14:00:04 --> Global POST, GET and COOKIE data sanitized
INFO - 2020-12-18 14:00:04 --> Input Class Initialized
INFO - 2020-12-18 14:00:04 --> Language Class Initialized
INFO - 2020-12-18 14:00:05 --> Input Class Initialized
INFO - 2020-12-18 14:00:05 --> Language Class Initialized
INFO - 2020-12-18 14:00:05 --> Language Class Initialized
INFO - 2020-12-18 14:00:05 --> Language Class Initialized
INFO - 2020-12-18 14:00:05 --> Language Class Initialized
INFO - 2020-12-18 14:00:05 --> Language Class Initialized
INFO - 2020-12-18 14:00:05 --> Config Class Initialized
INFO - 2020-12-18 14:00:05 --> Config Class Initialized
INFO - 2020-12-18 14:00:05 --> Loader Class Initialized
INFO - 2020-12-18 14:00:05 --> Config Class Initialized
INFO - 2020-12-18 14:00:05 --> Loader Class Initialized
DEBUG - 2020-12-18 14:00:05 --> Config file loaded: C:\xampp\htdocs\KSEBL_SSP\application\config/rest.php
INFO - 2020-12-18 14:00:05 --> Loader Class Initialized
DEBUG - 2020-12-18 14:00:05 --> Config file loaded: C:\xampp\htdocs\KSEBL_SSP\application\config/rest.php
DEBUG - 2020-12-18 14:00:05 --> Config file loaded: C:\xampp\htdocs\KSEBL_SSP\application\config/rest.php
INFO - 2020-12-18 14:00:05 --> Helper loaded: url_helper
INFO - 2020-12-18 14:00:05 --> Helper loaded: url_helper
INFO - 2020-12-18 14:00:05 --> Helper loaded: form_helper
INFO - 2020-12-18 14:00:05 --> Helper loaded: url_helper
INFO - 2020-12-18 14:00:05 --> Helper loaded: form_helper
INFO - 2020-12-18 14:00:05 --> Helper loaded: form_helper
INFO - 2020-12-18 14:00:05 --> Helper loaded: adminurl_helper
INFO - 2020-12-18 14:00:05 --> Helper loaded: adminurl_helper
INFO - 2020-12-18 14:00:05 --> Helper loaded: site_helper
INFO - 2020-12-18 14:00:05 --> Helper loaded: adminurl_helper
INFO - 2020-12-18 14:00:06 --> Helper loaded: site_helper
INFO - 2020-12-18 14:00:06 --> Helper loaded: directory_helper
INFO - 2020-12-18 14:00:06 --> Helper loaded: site_helper
INFO - 2020-12-18 14:00:06 --> Helper loaded: mail_helper
INFO - 2020-12-18 14:00:06 --> Helper loaded: directory_helper
INFO - 2020-12-18 14:00:06 --> Helper loaded: directory_helper
INFO - 2020-12-18 14:00:06 --> Helper loaded: mail_helper
INFO - 2020-12-18 14:00:06 --> Helper loaded: mail_helper
INFO - 2020-12-18 14:00:06 --> Language file loaded: language/english/api_lang.php
INFO - 2020-12-18 14:00:06 --> Language file loaded: language/english/api_lang.php
INFO - 2020-12-18 14:00:06 --> Language file loaded: language/english/api_lang.php
INFO - 2020-12-18 14:00:06 --> Database Driver Class Initialized
INFO - 2020-12-18 14:00:06 --> Database Driver Class Initialized
INFO - 2020-12-18 14:00:06 --> Database Driver Class Initialized
INFO - 2020-12-18 14:00:06 --> Database Driver Class Initialized
INFO - 2020-12-18 14:00:06 --> Database Driver Class Initialized
INFO - 2020-12-18 14:00:06 --> Database Driver Class Initialized
INFO - 2020-12-18 14:00:07 --> Email Class Initialized
INFO - 2020-12-18 14:00:08 --> Email Class Initialized
INFO - 2020-12-18 14:00:08 --> Email Class Initialized
INFO - 2020-12-18 14:00:09 --> Session: Class initialized using 'database' driver.
INFO - 2020-12-18 14:00:09 --> Form Validation Class Initialized
INFO - 2020-12-18 14:00:09 --> Controller Class Initialized
DEBUG - 2020-12-18 14:00:09 --> Template MX_Controller Initialized
ERROR - 2020-12-18 14:00:09 --> Severity: Notice --> Undefined variable: showdashbaord C:\xampp\htdocs\KSEBL_SSP\application\modules\template\views\supplier\sidebar.php 26
ERROR - 2020-12-18 14:00:09 --> Severity: Notice --> Undefined variable: page C:\xampp\htdocs\KSEBL_SSP\application\modules\template\views\supplier\sidebar.php 30
ERROR - 2020-12-18 14:00:09 --> Severity: Notice --> Undefined variable: page C:\xampp\htdocs\KSEBL_SSP\application\modules\template\views\supplier\sidebar.php 36
ERROR - 2020-12-18 14:00:09 --> Severity: Notice --> Undefined variable: page C:\xampp\htdocs\KSEBL_SSP\application\modules\template\views\supplier\sidebar.php 42
DEBUG - 2020-12-18 14:00:09 --> File loaded: C:\xampp\htdocs\KSEBL_SSP\application\modules/template/views/supplier/sidebar.php
ERROR - 2020-12-18 14:00:09 --> Severity: Notice --> Undefined variable: showdashbaord C:\xampp\htdocs\KSEBL_SSP\application\modules\template\views\supplier\header.php 84
DEBUG - 2020-12-18 14:00:09 --> File loaded: C:\xampp\htdocs\KSEBL_SSP\application\modules/template/views/supplier/header.php
DEBUG - 2020-12-18 14:00:09 --> File loaded: C:\xampp\htdocs\KSEBL_SSP\application\modules/template/views/supplier/e404.php
DEBUG - 2020-12-18 14:00:09 --> File loaded: C:\xampp\htdocs\KSEBL_SSP\application\modules/template/views/supplier/footer.php
INFO - 2020-12-18 14:00:09 --> Final output sent to browser
DEBUG - 2020-12-18 14:00:10 --> Total execution time: 6.0997
INFO - 2020-12-18 14:00:11 --> Session: Class initialized using 'database' driver.
INFO - 2020-12-18 14:00:11 --> Form Validation Class Initialized
INFO - 2020-12-18 14:00:11 --> Controller Class Initialized
DEBUG - 2020-12-18 14:00:11 --> Web MX_Controller Initialized
DEBUG - 2020-12-18 14:00:11 --> File loaded: C:\xampp\htdocs\KSEBL_SSP\application\controllers/../modules/template/controllers/Template.php
DEBUG - 2020-12-18 14:00:11 --> Template MX_Controller Initialized
DEBUG - 2020-12-18 14:00:11 --> File loaded: C:\xampp\htdocs\KSEBL_SSP\application\modules/template/views/public/header.php
INFO - 2020-12-18 14:00:13 --> Config Class Initialized
INFO - 2020-12-18 14:00:13 --> Hooks Class Initialized
DEBUG - 2020-12-18 14:00:13 --> UTF-8 Support Enabled
INFO - 2020-12-18 14:00:13 --> Utf8 Class Initialized
INFO - 2020-12-18 14:00:13 --> URI Class Initialized
INFO - 2020-12-18 14:00:13 --> Router Class Initialized
INFO - 2020-12-18 14:00:13 --> Output Class Initialized
INFO - 2020-12-18 14:00:13 --> Security Class Initialized
DEBUG - 2020-12-18 14:00:14 --> Global POST, GET and COOKIE data sanitized
INFO - 2020-12-18 14:00:14 --> Input Class Initialized
INFO - 2020-12-18 14:00:14 --> Language Class Initialized
INFO - 2020-12-18 14:00:14 --> Language Class Initialized
INFO - 2020-12-18 14:00:14 --> Config Class Initialized
INFO - 2020-12-18 14:00:14 --> Loader Class Initialized
DEBUG - 2020-12-18 14:00:14 --> Config file loaded: C:\xampp\htdocs\KSEBL_SSP\application\config/rest.php
INFO - 2020-12-18 14:00:14 --> Helper loaded: url_helper
INFO - 2020-12-18 14:00:14 --> Helper loaded: form_helper
INFO - 2020-12-18 14:00:14 --> Helper loaded: adminurl_helper
INFO - 2020-12-18 14:00:14 --> Helper loaded: site_helper
INFO - 2020-12-18 14:00:14 --> Helper loaded: directory_helper
INFO - 2020-12-18 14:00:15 --> Helper loaded: mail_helper
INFO - 2020-12-18 14:00:15 --> Language file loaded: language/english/api_lang.php
INFO - 2020-12-18 14:00:15 --> Database Driver Class Initialized
INFO - 2020-12-18 14:00:15 --> Database Driver Class Initialized
INFO - 2020-12-18 14:00:15 --> Config Class Initialized
INFO - 2020-12-18 14:00:15 --> Hooks Class Initialized
INFO - 2020-12-18 14:00:15 --> Session: Class initialized using 'database' driver.
DEBUG - 2020-12-18 14:00:15 --> UTF-8 Support Enabled
INFO - 2020-12-18 14:00:15 --> Form Validation Class Initialized
INFO - 2020-12-18 14:00:15 --> Utf8 Class Initialized
INFO - 2020-12-18 14:00:15 --> Controller Class Initialized
INFO - 2020-12-18 14:00:16 --> URI Class Initialized
DEBUG - 2020-12-18 14:00:16 --> Web MX_Controller Initialized
INFO - 2020-12-18 14:00:16 --> Router Class Initialized
DEBUG - 2020-12-18 14:00:16 --> File loaded: C:\xampp\htdocs\KSEBL_SSP\application\controllers/../modules/template/controllers/Template.php
INFO - 2020-12-18 14:00:16 --> Output Class Initialized
DEBUG - 2020-12-18 14:00:16 --> Template MX_Controller Initialized
INFO - 2020-12-18 14:00:16 --> Security Class Initialized
DEBUG - 2020-12-18 14:00:16 --> File loaded: C:\xampp\htdocs\KSEBL_SSP\application\modules/template/views/public/header.php
DEBUG - 2020-12-18 14:00:16 --> Global POST, GET and COOKIE data sanitized
INFO - 2020-12-18 14:00:16 --> Input Class Initialized
INFO - 2020-12-18 14:00:16 --> Language Class Initialized
INFO - 2020-12-18 14:00:16 --> Language Class Initialized
INFO - 2020-12-18 14:00:16 --> Config Class Initialized
INFO - 2020-12-18 14:00:16 --> Loader Class Initialized
DEBUG - 2020-12-18 14:00:16 --> Config file loaded: C:\xampp\htdocs\KSEBL_SSP\application\config/rest.php
INFO - 2020-12-18 14:00:17 --> Helper loaded: url_helper
INFO - 2020-12-18 14:00:17 --> Helper loaded: form_helper
INFO - 2020-12-18 14:00:17 --> Helper loaded: adminurl_helper
INFO - 2020-12-18 14:00:17 --> Helper loaded: site_helper
INFO - 2020-12-18 14:00:17 --> Email Class Initialized
INFO - 2020-12-18 14:00:17 --> Helper loaded: directory_helper
INFO - 2020-12-18 14:00:17 --> Helper loaded: mail_helper
INFO - 2020-12-18 14:00:17 --> Language file loaded: language/english/api_lang.php
INFO - 2020-12-18 14:00:17 --> Database Driver Class Initialized
INFO - 2020-12-18 14:00:17 --> Database Driver Class Initialized
INFO - 2020-12-18 14:00:18 --> Session: Class initialized using 'database' driver.
INFO - 2020-12-18 14:00:18 --> Form Validation Class Initialized
INFO - 2020-12-18 14:00:18 --> Controller Class Initialized
DEBUG - 2020-12-18 14:00:18 --> Web MX_Controller Initialized
INFO - 2020-12-18 14:00:18 --> Email Class Initialized
DEBUG - 2020-12-18 14:00:18 --> File loaded: C:\xampp\htdocs\KSEBL_SSP\application\controllers/../modules/template/controllers/Template.php
DEBUG - 2020-12-18 14:00:18 --> Template MX_Controller Initialized
DEBUG - 2020-12-18 14:00:19 --> File loaded: C:\xampp\htdocs\KSEBL_SSP\application\modules/template/views/public/header.php
INFO - 2020-12-18 14:00:20 --> Session: Class initialized using 'database' driver.
INFO - 2020-12-18 14:00:20 --> Form Validation Class Initialized
INFO - 2020-12-18 14:00:20 --> Controller Class Initialized
DEBUG - 2020-12-18 14:00:20 --> Supplier_dashboard MX_Controller Initialized
DEBUG - 2020-12-18 14:00:20 --> File loaded: C:\xampp\htdocs\KSEBL_SSP\application\controllers/../modules/template/controllers/Template.php
DEBUG - 2020-12-18 14:00:20 --> Template MX_Controller Initialized
DEBUG - 2020-12-18 14:00:20 --> File loaded: C:\xampp\htdocs\KSEBL_SSP\application\modules/supplier/supplier_dashboard/models/Dashboard_model.php
DEBUG - 2020-12-18 14:00:20 --> File loaded: C:\xampp\htdocs\KSEBL_SSP\application\modules/template/views/supplier_portal/header.php
DEBUG - 2020-12-18 14:00:20 --> File loaded: C:\xampp\htdocs\KSEBL_SSP\application\modules/template/views/supplier_portal/banner.php
DEBUG - 2020-12-18 14:00:20 --> File loaded: C:\xampp\htdocs\KSEBL_SSP\application\modules/template/views/supplier_portal/widget.php
DEBUG - 2020-12-18 14:00:20 --> File loaded: C:\xampp\htdocs\KSEBL_SSP\application\modules/supplier/supplier_dashboard/views/dashboard.php
DEBUG - 2020-12-18 14:00:20 --> File loaded: C:\xampp\htdocs\KSEBL_SSP\application\modules/template/views/supplier_portal/footer.php
INFO - 2020-12-18 14:00:20 --> Final output sent to browser
DEBUG - 2020-12-18 14:00:20 --> Total execution time: 5.0463
INFO - 2020-12-18 14:00:20 --> Config Class Initialized
INFO - 2020-12-18 14:00:21 --> Hooks Class Initialized
DEBUG - 2020-12-18 14:00:21 --> UTF-8 Support Enabled
INFO - 2020-12-18 14:00:21 --> Utf8 Class Initialized
INFO - 2020-12-18 14:00:21 --> URI Class Initialized
INFO - 2020-12-18 14:00:21 --> Router Class Initialized
INFO - 2020-12-18 14:00:21 --> Output Class Initialized
INFO - 2020-12-18 14:00:21 --> Security Class Initialized
INFO - 2020-12-18 14:00:21 --> Config Class Initialized
DEBUG - 2020-12-18 14:00:21 --> Global POST, GET and COOKIE data sanitized
INFO - 2020-12-18 14:00:21 --> Hooks Class Initialized
INFO - 2020-12-18 14:00:21 --> Input Class Initialized
DEBUG - 2020-12-18 14:00:21 --> UTF-8 Support Enabled
INFO - 2020-12-18 14:00:21 --> Language Class Initialized
INFO - 2020-12-18 14:00:22 --> Utf8 Class Initialized
INFO - 2020-12-18 14:00:22 --> Language Class Initialized
INFO - 2020-12-18 14:00:22 --> URI Class Initialized
INFO - 2020-12-18 14:00:22 --> Config Class Initialized
INFO - 2020-12-18 14:00:22 --> Router Class Initialized
INFO - 2020-12-18 14:00:22 --> Loader Class Initialized
INFO - 2020-12-18 14:00:22 --> Output Class Initialized
DEBUG - 2020-12-18 14:00:22 --> Config file loaded: C:\xampp\htdocs\KSEBL_SSP\application\config/rest.php
INFO - 2020-12-18 14:00:22 --> Security Class Initialized
INFO - 2020-12-18 14:00:22 --> Helper loaded: url_helper
DEBUG - 2020-12-18 14:00:22 --> Global POST, GET and COOKIE data sanitized
INFO - 2020-12-18 14:00:22 --> Helper loaded: form_helper
INFO - 2020-12-18 14:00:22 --> Config Class Initialized
INFO - 2020-12-18 14:00:22 --> Input Class Initialized
INFO - 2020-12-18 14:00:22 --> Helper loaded: adminurl_helper
INFO - 2020-12-18 14:00:22 --> Hooks Class Initialized
INFO - 2020-12-18 14:00:22 --> Language Class Initialized
INFO - 2020-12-18 14:00:22 --> Helper loaded: site_helper
DEBUG - 2020-12-18 14:00:22 --> UTF-8 Support Enabled
INFO - 2020-12-18 14:00:22 --> Language Class Initialized
INFO - 2020-12-18 14:00:22 --> Helper loaded: directory_helper
INFO - 2020-12-18 14:00:22 --> Utf8 Class Initialized
INFO - 2020-12-18 14:00:23 --> Config Class Initialized
INFO - 2020-12-18 14:00:23 --> Helper loaded: mail_helper
INFO - 2020-12-18 14:00:23 --> URI Class Initialized
INFO - 2020-12-18 14:00:23 --> Loader Class Initialized
INFO - 2020-12-18 14:00:23 --> Language file loaded: language/english/api_lang.php
INFO - 2020-12-18 14:00:23 --> Router Class Initialized
DEBUG - 2020-12-18 14:00:23 --> Config file loaded: C:\xampp\htdocs\KSEBL_SSP\application\config/rest.php
INFO - 2020-12-18 14:00:23 --> Database Driver Class Initialized
INFO - 2020-12-18 14:00:23 --> Output Class Initialized
INFO - 2020-12-18 14:00:23 --> Helper loaded: url_helper
INFO - 2020-12-18 14:00:23 --> Database Driver Class Initialized
INFO - 2020-12-18 14:00:23 --> Security Class Initialized
INFO - 2020-12-18 14:00:23 --> Helper loaded: form_helper
DEBUG - 2020-12-18 14:00:23 --> Global POST, GET and COOKIE data sanitized
INFO - 2020-12-18 14:00:23 --> Helper loaded: adminurl_helper
INFO - 2020-12-18 14:00:23 --> Input Class Initialized
INFO - 2020-12-18 14:00:23 --> Helper loaded: site_helper
INFO - 2020-12-18 14:00:23 --> Language Class Initialized
INFO - 2020-12-18 14:00:23 --> Helper loaded: directory_helper
INFO - 2020-12-18 14:00:23 --> Language Class Initialized
INFO - 2020-12-18 14:00:23 --> Helper loaded: mail_helper
INFO - 2020-12-18 14:00:23 --> Config Class Initialized
INFO - 2020-12-18 14:00:23 --> Language file loaded: language/english/api_lang.php
INFO - 2020-12-18 14:00:24 --> Loader Class Initialized
INFO - 2020-12-18 14:00:24 --> Database Driver Class Initialized
DEBUG - 2020-12-18 14:00:24 --> Config file loaded: C:\xampp\htdocs\KSEBL_SSP\application\config/rest.php
INFO - 2020-12-18 14:00:24 --> Database Driver Class Initialized
INFO - 2020-12-18 14:00:24 --> Helper loaded: url_helper
INFO - 2020-12-18 14:00:24 --> Helper loaded: form_helper
INFO - 2020-12-18 14:00:24 --> Helper loaded: adminurl_helper
INFO - 2020-12-18 14:00:24 --> Helper loaded: site_helper
INFO - 2020-12-18 14:00:24 --> Email Class Initialized
INFO - 2020-12-18 14:00:24 --> Helper loaded: directory_helper
INFO - 2020-12-18 14:00:24 --> Helper loaded: mail_helper
INFO - 2020-12-18 14:00:24 --> Language file loaded: language/english/api_lang.php
INFO - 2020-12-18 14:00:24 --> Database Driver Class Initialized
INFO - 2020-12-18 14:00:24 --> Database Driver Class Initialized
INFO - 2020-12-18 14:00:25 --> Email Class Initialized
INFO - 2020-12-18 14:00:26 --> Email Class Initialized
INFO - 2020-12-18 14:00:26 --> Session: Class initialized using 'database' driver.
INFO - 2020-12-18 14:00:26 --> Form Validation Class Initialized
INFO - 2020-12-18 14:00:26 --> Controller Class Initialized
DEBUG - 2020-12-18 14:00:26 --> Web MX_Controller Initialized
DEBUG - 2020-12-18 14:00:26 --> File loaded: C:\xampp\htdocs\KSEBL_SSP\application\controllers/../modules/template/controllers/Template.php
DEBUG - 2020-12-18 14:00:26 --> Template MX_Controller Initialized
DEBUG - 2020-12-18 14:00:26 --> File loaded: C:\xampp\htdocs\KSEBL_SSP\application\modules/template/views/public/header.php
INFO - 2020-12-18 14:00:27 --> Config Class Initialized
INFO - 2020-12-18 14:00:27 --> Hooks Class Initialized
DEBUG - 2020-12-18 14:00:27 --> UTF-8 Support Enabled
INFO - 2020-12-18 14:00:27 --> Utf8 Class Initialized
INFO - 2020-12-18 14:00:28 --> URI Class Initialized
INFO - 2020-12-18 14:00:28 --> Router Class Initialized
INFO - 2020-12-18 14:00:28 --> Output Class Initialized
INFO - 2020-12-18 14:00:28 --> Security Class Initialized
DEBUG - 2020-12-18 14:00:28 --> Global POST, GET and COOKIE data sanitized
INFO - 2020-12-18 14:00:28 --> Input Class Initialized
INFO - 2020-12-18 14:00:28 --> Language Class Initialized
INFO - 2020-12-18 14:00:28 --> Session: Class initialized using 'database' driver.
INFO - 2020-12-18 14:00:28 --> Language Class Initialized
INFO - 2020-12-18 14:00:28 --> Form Validation Class Initialized
INFO - 2020-12-18 14:00:28 --> Config Class Initialized
INFO - 2020-12-18 14:00:28 --> Controller Class Initialized
INFO - 2020-12-18 14:00:28 --> Loader Class Initialized
DEBUG - 2020-12-18 14:00:28 --> Web MX_Controller Initialized
DEBUG - 2020-12-18 14:00:28 --> Config file loaded: C:\xampp\htdocs\KSEBL_SSP\application\config/rest.php
DEBUG - 2020-12-18 14:00:28 --> File loaded: C:\xampp\htdocs\KSEBL_SSP\application\controllers/../modules/template/controllers/Template.php
INFO - 2020-12-18 14:00:28 --> Helper loaded: url_helper
DEBUG - 2020-12-18 14:00:28 --> Template MX_Controller Initialized
INFO - 2020-12-18 14:00:28 --> Helper loaded: form_helper
DEBUG - 2020-12-18 14:00:28 --> File loaded: C:\xampp\htdocs\KSEBL_SSP\application\modules/template/views/public/header.php
INFO - 2020-12-18 14:00:28 --> Helper loaded: adminurl_helper
INFO - 2020-12-18 14:00:28 --> Helper loaded: site_helper
INFO - 2020-12-18 14:00:29 --> Helper loaded: directory_helper
INFO - 2020-12-18 14:00:29 --> Helper loaded: mail_helper
INFO - 2020-12-18 14:00:29 --> Language file loaded: language/english/api_lang.php
INFO - 2020-12-18 14:00:29 --> Database Driver Class Initialized
INFO - 2020-12-18 14:00:29 --> Database Driver Class Initialized
INFO - 2020-12-18 14:00:30 --> Session: Class initialized using 'database' driver.
INFO - 2020-12-18 14:00:30 --> Form Validation Class Initialized
INFO - 2020-12-18 14:00:30 --> Controller Class Initialized
DEBUG - 2020-12-18 14:00:30 --> Template MX_Controller Initialized
ERROR - 2020-12-18 14:00:30 --> Severity: Notice --> Undefined variable: showdashbaord C:\xampp\htdocs\KSEBL_SSP\application\modules\template\views\supplier\sidebar.php 26
ERROR - 2020-12-18 14:00:30 --> Severity: Notice --> Undefined variable: page C:\xampp\htdocs\KSEBL_SSP\application\modules\template\views\supplier\sidebar.php 30
ERROR - 2020-12-18 14:00:30 --> Severity: Notice --> Undefined variable: page C:\xampp\htdocs\KSEBL_SSP\application\modules\template\views\supplier\sidebar.php 36
ERROR - 2020-12-18 14:00:30 --> Severity: Notice --> Undefined variable: page C:\xampp\htdocs\KSEBL_SSP\application\modules\template\views\supplier\sidebar.php 42
DEBUG - 2020-12-18 14:00:30 --> File loaded: C:\xampp\htdocs\KSEBL_SSP\application\modules/template/views/supplier/sidebar.php
ERROR - 2020-12-18 14:00:30 --> Severity: Notice --> Undefined variable: showdashbaord C:\xampp\htdocs\KSEBL_SSP\application\modules\template\views\supplier\header.php 84
DEBUG - 2020-12-18 14:00:30 --> File loaded: C:\xampp\htdocs\KSEBL_SSP\application\modules/template/views/supplier/header.php
DEBUG - 2020-12-18 14:00:30 --> File loaded: C:\xampp\htdocs\KSEBL_SSP\application\modules/template/views/supplier/e404.php
DEBUG - 2020-12-18 14:00:31 --> File loaded: C:\xampp\htdocs\KSEBL_SSP\application\modules/template/views/supplier/footer.php
INFO - 2020-12-18 14:00:31 --> Final output sent to browser
DEBUG - 2020-12-18 14:00:31 --> Total execution time: 8.5457
INFO - 2020-12-18 14:00:33 --> Email Class Initialized
INFO - 2020-12-18 14:00:34 --> Session: Class initialized using 'database' driver.
INFO - 2020-12-18 14:00:34 --> Form Validation Class Initialized
INFO - 2020-12-18 14:00:34 --> Controller Class Initialized
DEBUG - 2020-12-18 14:00:34 --> Web MX_Controller Initialized
DEBUG - 2020-12-18 14:00:34 --> File loaded: C:\xampp\htdocs\KSEBL_SSP\application\controllers/../modules/template/controllers/Template.php
DEBUG - 2020-12-18 14:00:34 --> Template MX_Controller Initialized
DEBUG - 2020-12-18 14:00:34 --> File loaded: C:\xampp\htdocs\KSEBL_SSP\application\modules/template/views/public/header.php
INFO - 2020-12-18 14:01:42 --> Config Class Initialized
INFO - 2020-12-18 14:01:42 --> Hooks Class Initialized
DEBUG - 2020-12-18 14:01:42 --> UTF-8 Support Enabled
INFO - 2020-12-18 14:01:42 --> Utf8 Class Initialized
INFO - 2020-12-18 14:01:42 --> URI Class Initialized
INFO - 2020-12-18 14:01:42 --> Router Class Initialized
INFO - 2020-12-18 14:01:42 --> Output Class Initialized
INFO - 2020-12-18 14:01:42 --> Security Class Initialized
DEBUG - 2020-12-18 14:01:42 --> Global POST, GET and COOKIE data sanitized
INFO - 2020-12-18 14:01:42 --> Input Class Initialized
INFO - 2020-12-18 14:01:42 --> Language Class Initialized
INFO - 2020-12-18 14:01:42 --> Language Class Initialized
INFO - 2020-12-18 14:01:42 --> Config Class Initialized
INFO - 2020-12-18 14:01:42 --> Loader Class Initialized
DEBUG - 2020-12-18 14:01:42 --> Config file loaded: C:\xampp\htdocs\KSEBL_SSP\application\config/rest.php
INFO - 2020-12-18 14:01:42 --> Helper loaded: url_helper
INFO - 2020-12-18 14:01:42 --> Helper loaded: form_helper
INFO - 2020-12-18 14:01:42 --> Helper loaded: adminurl_helper
INFO - 2020-12-18 14:01:43 --> Helper loaded: site_helper
INFO - 2020-12-18 14:01:43 --> Helper loaded: directory_helper
INFO - 2020-12-18 14:01:43 --> Helper loaded: mail_helper
INFO - 2020-12-18 14:01:43 --> Language file loaded: language/english/api_lang.php
INFO - 2020-12-18 14:01:43 --> Database Driver Class Initialized
INFO - 2020-12-18 14:01:43 --> Database Driver Class Initialized
INFO - 2020-12-18 14:01:44 --> Config Class Initialized
INFO - 2020-12-18 14:01:44 --> Hooks Class Initialized
DEBUG - 2020-12-18 14:01:44 --> UTF-8 Support Enabled
INFO - 2020-12-18 14:01:44 --> Utf8 Class Initialized
INFO - 2020-12-18 14:01:44 --> URI Class Initialized
INFO - 2020-12-18 14:01:44 --> Router Class Initialized
INFO - 2020-12-18 14:01:44 --> Output Class Initialized
INFO - 2020-12-18 14:01:44 --> Security Class Initialized
DEBUG - 2020-12-18 14:01:44 --> Global POST, GET and COOKIE data sanitized
INFO - 2020-12-18 14:01:44 --> Input Class Initialized
INFO - 2020-12-18 14:01:44 --> Language Class Initialized
INFO - 2020-12-18 14:01:44 --> Language Class Initialized
INFO - 2020-12-18 14:01:44 --> Config Class Initialized
INFO - 2020-12-18 14:01:44 --> Loader Class Initialized
DEBUG - 2020-12-18 14:01:44 --> Config file loaded: C:\xampp\htdocs\KSEBL_SSP\application\config/rest.php
INFO - 2020-12-18 14:01:44 --> Helper loaded: url_helper
INFO - 2020-12-18 14:01:44 --> Helper loaded: form_helper
INFO - 2020-12-18 14:01:45 --> Helper loaded: adminurl_helper
INFO - 2020-12-18 14:01:45 --> Helper loaded: site_helper
INFO - 2020-12-18 14:01:45 --> Helper loaded: directory_helper
INFO - 2020-12-18 14:01:45 --> Helper loaded: mail_helper
INFO - 2020-12-18 14:01:45 --> Email Class Initialized
INFO - 2020-12-18 14:01:45 --> Language file loaded: language/english/api_lang.php
INFO - 2020-12-18 14:01:45 --> Database Driver Class Initialized
INFO - 2020-12-18 14:01:45 --> Database Driver Class Initialized
INFO - 2020-12-18 14:01:46 --> Session: Class initialized using 'database' driver.
INFO - 2020-12-18 14:01:46 --> Email Class Initialized
INFO - 2020-12-18 14:01:46 --> Form Validation Class Initialized
INFO - 2020-12-18 14:01:46 --> Controller Class Initialized
DEBUG - 2020-12-18 14:01:47 --> Supplier_procurement MX_Controller Initialized
DEBUG - 2020-12-18 14:01:47 --> File loaded: C:\xampp\htdocs\KSEBL_SSP\application\controllers/../modules/template/controllers/Template.php
DEBUG - 2020-12-18 14:01:47 --> Template MX_Controller Initialized
DEBUG - 2020-12-18 14:01:47 --> File loaded: C:\xampp\htdocs\KSEBL_SSP\application\modules/template/views/supplier_portal/header.php
DEBUG - 2020-12-18 14:01:47 --> File loaded: C:\xampp\htdocs\KSEBL_SSP\application\modules/template/views/supplier_portal/banner.php
DEBUG - 2020-12-18 14:01:47 --> File loaded: C:\xampp\htdocs\KSEBL_SSP\application\modules/template/views/supplier_portal/widget.php
DEBUG - 2020-12-18 14:01:47 --> File loaded: C:\xampp\htdocs\KSEBL_SSP\application\modules/supplier/supplier_procurement/views/home.php
DEBUG - 2020-12-18 14:01:47 --> File loaded: C:\xampp\htdocs\KSEBL_SSP\application\modules/template/views/supplier_portal/footer.php
INFO - 2020-12-18 14:01:47 --> Final output sent to browser
DEBUG - 2020-12-18 14:01:47 --> Total execution time: 5.3626
INFO - 2020-12-18 14:01:49 --> Session: Class initialized using 'database' driver.
INFO - 2020-12-18 14:01:49 --> Form Validation Class Initialized
INFO - 2020-12-18 14:01:49 --> Controller Class Initialized
DEBUG - 2020-12-18 14:01:49 --> Supplier_tenders MX_Controller Initialized
DEBUG - 2020-12-18 14:01:49 --> File loaded: C:\xampp\htdocs\KSEBL_SSP\application\controllers/../modules/template/controllers/Template.php
DEBUG - 2020-12-18 14:01:50 --> Template MX_Controller Initialized
DEBUG - 2020-12-18 14:01:50 --> File loaded: C:\xampp\htdocs\KSEBL_SSP\application\modules/admin/procurement/models/Procurement_model.php
DEBUG - 2020-12-18 14:01:50 --> File loaded: C:\xampp\htdocs\KSEBL_SSP\application\modules/template/views/supplier_portal/header.php
DEBUG - 2020-12-18 14:01:50 --> File loaded: C:\xampp\htdocs\KSEBL_SSP\application\modules/template/views/supplier_portal/banner.php
DEBUG - 2020-12-18 14:01:50 --> File loaded: C:\xampp\htdocs\KSEBL_SSP\application\modules/template/views/supplier_portal/widget.php
DEBUG - 2020-12-18 14:01:50 --> File loaded: C:\xampp\htdocs\KSEBL_SSP\application\modules/supplier/supplier_tenders/views/home.php
DEBUG - 2020-12-18 14:01:50 --> File loaded: C:\xampp\htdocs\KSEBL_SSP\application\modules/template/views/supplier_portal/footer.php
INFO - 2020-12-18 14:01:50 --> Final output sent to browser
INFO - 2020-12-18 14:01:50 --> Config Class Initialized
DEBUG - 2020-12-18 14:01:50 --> Total execution time: 6.3833
INFO - 2020-12-18 14:01:50 --> Config Class Initialized
INFO - 2020-12-18 14:01:50 --> Config Class Initialized
INFO - 2020-12-18 14:01:50 --> Hooks Class Initialized
INFO - 2020-12-18 14:01:50 --> Hooks Class Initialized
INFO - 2020-12-18 14:01:50 --> Hooks Class Initialized
DEBUG - 2020-12-18 14:01:50 --> UTF-8 Support Enabled
DEBUG - 2020-12-18 14:01:50 --> UTF-8 Support Enabled
INFO - 2020-12-18 14:01:50 --> Utf8 Class Initialized
DEBUG - 2020-12-18 14:01:50 --> UTF-8 Support Enabled
INFO - 2020-12-18 14:01:50 --> Utf8 Class Initialized
INFO - 2020-12-18 14:01:51 --> Utf8 Class Initialized
INFO - 2020-12-18 14:01:51 --> URI Class Initialized
INFO - 2020-12-18 14:01:51 --> URI Class Initialized
INFO - 2020-12-18 14:01:51 --> Router Class Initialized
INFO - 2020-12-18 14:01:51 --> URI Class Initialized
INFO - 2020-12-18 14:01:51 --> Router Class Initialized
INFO - 2020-12-18 14:01:51 --> Router Class Initialized
INFO - 2020-12-18 14:01:51 --> Output Class Initialized
INFO - 2020-12-18 14:01:51 --> Output Class Initialized
INFO - 2020-12-18 14:01:51 --> Output Class Initialized
INFO - 2020-12-18 14:01:51 --> Security Class Initialized
INFO - 2020-12-18 14:01:51 --> Security Class Initialized
DEBUG - 2020-12-18 14:01:51 --> Global POST, GET and COOKIE data sanitized
INFO - 2020-12-18 14:01:51 --> Security Class Initialized
DEBUG - 2020-12-18 14:01:51 --> Global POST, GET and COOKIE data sanitized
INFO - 2020-12-18 14:01:51 --> Input Class Initialized
DEBUG - 2020-12-18 14:01:51 --> Global POST, GET and COOKIE data sanitized
INFO - 2020-12-18 14:01:51 --> Input Class Initialized
INFO - 2020-12-18 14:01:51 --> Language Class Initialized
INFO - 2020-12-18 14:01:51 --> Input Class Initialized
INFO - 2020-12-18 14:01:51 --> Language Class Initialized
INFO - 2020-12-18 14:01:51 --> Language Class Initialized
INFO - 2020-12-18 14:01:51 --> Language Class Initialized
INFO - 2020-12-18 14:01:51 --> Language Class Initialized
INFO - 2020-12-18 14:01:51 --> Config Class Initialized
INFO - 2020-12-18 14:01:52 --> Language Class Initialized
INFO - 2020-12-18 14:01:52 --> Config Class Initialized
INFO - 2020-12-18 14:01:52 --> Loader Class Initialized
INFO - 2020-12-18 14:01:52 --> Config Class Initialized
INFO - 2020-12-18 14:01:52 --> Loader Class Initialized
DEBUG - 2020-12-18 14:01:52 --> Config file loaded: C:\xampp\htdocs\KSEBL_SSP\application\config/rest.php
INFO - 2020-12-18 14:01:52 --> Loader Class Initialized
DEBUG - 2020-12-18 14:01:52 --> Config file loaded: C:\xampp\htdocs\KSEBL_SSP\application\config/rest.php
INFO - 2020-12-18 14:01:52 --> Helper loaded: url_helper
DEBUG - 2020-12-18 14:01:52 --> Config file loaded: C:\xampp\htdocs\KSEBL_SSP\application\config/rest.php
INFO - 2020-12-18 14:01:52 --> Helper loaded: url_helper
INFO - 2020-12-18 14:01:52 --> Helper loaded: form_helper
INFO - 2020-12-18 14:01:52 --> Helper loaded: url_helper
INFO - 2020-12-18 14:01:52 --> Helper loaded: form_helper
INFO - 2020-12-18 14:01:52 --> Helper loaded: form_helper
INFO - 2020-12-18 14:01:52 --> Helper loaded: adminurl_helper
INFO - 2020-12-18 14:01:52 --> Helper loaded: adminurl_helper
INFO - 2020-12-18 14:01:52 --> Helper loaded: site_helper
INFO - 2020-12-18 14:01:52 --> Helper loaded: adminurl_helper
INFO - 2020-12-18 14:01:52 --> Helper loaded: site_helper
INFO - 2020-12-18 14:01:52 --> Helper loaded: site_helper
INFO - 2020-12-18 14:01:52 --> Helper loaded: directory_helper
INFO - 2020-12-18 14:01:52 --> Helper loaded: directory_helper
INFO - 2020-12-18 14:01:52 --> Helper loaded: directory_helper
INFO - 2020-12-18 14:01:52 --> Helper loaded: mail_helper
INFO - 2020-12-18 14:01:52 --> Helper loaded: mail_helper
INFO - 2020-12-18 14:01:52 --> Helper loaded: mail_helper
INFO - 2020-12-18 14:01:53 --> Language file loaded: language/english/api_lang.php
INFO - 2020-12-18 14:01:53 --> Language file loaded: language/english/api_lang.php
INFO - 2020-12-18 14:01:53 --> Language file loaded: language/english/api_lang.php
INFO - 2020-12-18 14:01:53 --> Database Driver Class Initialized
INFO - 2020-12-18 14:01:53 --> Database Driver Class Initialized
INFO - 2020-12-18 14:01:53 --> Database Driver Class Initialized
INFO - 2020-12-18 14:01:53 --> Database Driver Class Initialized
INFO - 2020-12-18 14:01:53 --> Database Driver Class Initialized
INFO - 2020-12-18 14:01:53 --> Database Driver Class Initialized
INFO - 2020-12-18 14:01:54 --> Email Class Initialized
INFO - 2020-12-18 14:01:54 --> Email Class Initialized
INFO - 2020-12-18 14:01:54 --> Email Class Initialized
INFO - 2020-12-18 14:01:55 --> Session: Class initialized using 'database' driver.
INFO - 2020-12-18 14:01:55 --> Form Validation Class Initialized
INFO - 2020-12-18 14:01:55 --> Controller Class Initialized
DEBUG - 2020-12-18 14:01:55 --> Web MX_Controller Initialized
DEBUG - 2020-12-18 14:01:55 --> File loaded: C:\xampp\htdocs\KSEBL_SSP\application\controllers/../modules/template/controllers/Template.php
DEBUG - 2020-12-18 14:01:55 --> Template MX_Controller Initialized
DEBUG - 2020-12-18 14:01:55 --> File loaded: C:\xampp\htdocs\KSEBL_SSP\application\modules/template/views/public/header.php
INFO - 2020-12-18 14:01:57 --> Session: Class initialized using 'database' driver.
INFO - 2020-12-18 14:01:57 --> Form Validation Class Initialized
INFO - 2020-12-18 14:01:57 --> Controller Class Initialized
DEBUG - 2020-12-18 14:01:57 --> Web MX_Controller Initialized
DEBUG - 2020-12-18 14:01:57 --> File loaded: C:\xampp\htdocs\KSEBL_SSP\application\controllers/../modules/template/controllers/Template.php
DEBUG - 2020-12-18 14:01:57 --> Template MX_Controller Initialized
DEBUG - 2020-12-18 14:01:57 --> File loaded: C:\xampp\htdocs\KSEBL_SSP\application\modules/template/views/public/header.php
INFO - 2020-12-18 14:01:58 --> Config Class Initialized
INFO - 2020-12-18 14:01:58 --> Session: Class initialized using 'database' driver.
INFO - 2020-12-18 14:01:58 --> Hooks Class Initialized
INFO - 2020-12-18 14:01:58 --> Form Validation Class Initialized
DEBUG - 2020-12-18 14:01:58 --> UTF-8 Support Enabled
INFO - 2020-12-18 14:01:58 --> Controller Class Initialized
INFO - 2020-12-18 14:01:58 --> Utf8 Class Initialized
DEBUG - 2020-12-18 14:01:58 --> Template MX_Controller Initialized
INFO - 2020-12-18 14:01:58 --> URI Class Initialized
ERROR - 2020-12-18 14:01:58 --> Severity: Notice --> Undefined variable: showdashbaord C:\xampp\htdocs\KSEBL_SSP\application\modules\template\views\supplier\sidebar.php 26
INFO - 2020-12-18 14:01:58 --> Router Class Initialized
ERROR - 2020-12-18 14:01:58 --> Severity: Notice --> Undefined variable: page C:\xampp\htdocs\KSEBL_SSP\application\modules\template\views\supplier\sidebar.php 30
INFO - 2020-12-18 14:01:58 --> Output Class Initialized
ERROR - 2020-12-18 14:01:58 --> Severity: Notice --> Undefined variable: page C:\xampp\htdocs\KSEBL_SSP\application\modules\template\views\supplier\sidebar.php 36
INFO - 2020-12-18 14:01:58 --> Security Class Initialized
ERROR - 2020-12-18 14:01:58 --> Severity: Notice --> Undefined variable: page C:\xampp\htdocs\KSEBL_SSP\application\modules\template\views\supplier\sidebar.php 42
DEBUG - 2020-12-18 14:01:58 --> Global POST, GET and COOKIE data sanitized
DEBUG - 2020-12-18 14:01:58 --> File loaded: C:\xampp\htdocs\KSEBL_SSP\application\modules/template/views/supplier/sidebar.php
INFO - 2020-12-18 14:01:59 --> Input Class Initialized
ERROR - 2020-12-18 14:01:59 --> Severity: Notice --> Undefined variable: showdashbaord C:\xampp\htdocs\KSEBL_SSP\application\modules\template\views\supplier\header.php 84
INFO - 2020-12-18 14:01:59 --> Language Class Initialized
DEBUG - 2020-12-18 14:01:59 --> File loaded: C:\xampp\htdocs\KSEBL_SSP\application\modules/template/views/supplier/header.php
INFO - 2020-12-18 14:01:59 --> Language Class Initialized
DEBUG - 2020-12-18 14:01:59 --> File loaded: C:\xampp\htdocs\KSEBL_SSP\application\modules/template/views/supplier/e404.php
INFO - 2020-12-18 14:01:59 --> Config Class Initialized
DEBUG - 2020-12-18 14:01:59 --> File loaded: C:\xampp\htdocs\KSEBL_SSP\application\modules/template/views/supplier/footer.php
INFO - 2020-12-18 14:01:59 --> Loader Class Initialized
INFO - 2020-12-18 14:01:59 --> Final output sent to browser
DEBUG - 2020-12-18 14:01:59 --> Config file loaded: C:\xampp\htdocs\KSEBL_SSP\application\config/rest.php
DEBUG - 2020-12-18 14:01:59 --> Total execution time: 8.7186
INFO - 2020-12-18 14:01:59 --> Helper loaded: url_helper
INFO - 2020-12-18 14:01:59 --> Helper loaded: form_helper
INFO - 2020-12-18 14:01:59 --> Helper loaded: adminurl_helper
INFO - 2020-12-18 14:01:59 --> Helper loaded: site_helper
INFO - 2020-12-18 14:01:59 --> Helper loaded: directory_helper
INFO - 2020-12-18 14:01:59 --> Helper loaded: mail_helper
INFO - 2020-12-18 14:01:59 --> Language file loaded: language/english/api_lang.php
INFO - 2020-12-18 14:01:59 --> Database Driver Class Initialized
INFO - 2020-12-18 14:01:59 --> Database Driver Class Initialized
INFO - 2020-12-18 14:02:01 --> Email Class Initialized
INFO - 2020-12-18 14:02:02 --> Session: Class initialized using 'database' driver.
INFO - 2020-12-18 14:02:02 --> Form Validation Class Initialized
INFO - 2020-12-18 14:02:03 --> Controller Class Initialized
DEBUG - 2020-12-18 14:02:03 --> Web MX_Controller Initialized
DEBUG - 2020-12-18 14:02:03 --> File loaded: C:\xampp\htdocs\KSEBL_SSP\application\controllers/../modules/template/controllers/Template.php
DEBUG - 2020-12-18 14:02:03 --> Template MX_Controller Initialized
DEBUG - 2020-12-18 14:02:03 --> File loaded: C:\xampp\htdocs\KSEBL_SSP\application\modules/template/views/public/header.php
