INFO - 2020-08-03 17:27:21 --> Config Class Initialized
INFO - 2020-08-03 17:27:21 --> Hooks Class Initialized
DEBUG - 2020-08-03 17:27:21 --> UTF-8 Support Enabled
INFO - 2020-08-03 17:27:21 --> Utf8 Class Initialized
INFO - 2020-08-03 17:27:21 --> URI Class Initialized
DEBUG - 2020-08-03 17:27:21 --> No URI present. Default controller set.
INFO - 2020-08-03 17:27:21 --> Router Class Initialized
INFO - 2020-08-03 17:27:21 --> Output Class Initialized
INFO - 2020-08-03 17:27:21 --> Security Class Initialized
DEBUG - 2020-08-03 17:27:21 --> Global POST, GET and COOKIE data sanitized
INFO - 2020-08-03 17:27:21 --> Input Class Initialized
INFO - 2020-08-03 17:27:21 --> Language Class Initialized
INFO - 2020-08-03 17:27:21 --> Language Class Initialized
INFO - 2020-08-03 17:27:21 --> Config Class Initialized
INFO - 2020-08-03 17:27:21 --> Loader Class Initialized
DEBUG - 2020-08-03 17:27:21 --> Config file loaded: E:\xampp\htdocs\medi_shop_codeigniter_hmvc\application\config/rest.php
INFO - 2020-08-03 17:27:22 --> Helper loaded: url_helper
INFO - 2020-08-03 17:27:22 --> Helper loaded: form_helper
INFO - 2020-08-03 17:27:22 --> Helper loaded: adminurl_helper
INFO - 2020-08-03 17:27:22 --> Helper loaded: site_helper
INFO - 2020-08-03 17:27:22 --> Helper loaded: directory_helper
INFO - 2020-08-03 17:27:22 --> Language file loaded: language/english/api_lang.php
INFO - 2020-08-03 17:27:22 --> Database Driver Class Initialized
INFO - 2020-08-03 17:27:22 --> Email Class Initialized
DEBUG - 2020-08-03 17:27:22 --> Session: "sess_save_path" is empty; using "session.save_path" value from php.ini.
INFO - 2020-08-03 17:27:22 --> Session: Class initialized using 'files' driver.
INFO - 2020-08-03 17:27:22 --> Form Validation Class Initialized
INFO - 2020-08-03 17:27:22 --> Controller Class Initialized
DEBUG - 2020-08-03 17:27:22 --> Web MX_Controller Initialized
DEBUG - 2020-08-03 17:27:22 --> File loaded: E:\xampp\htdocs\medi_shop_codeigniter_hmvc\application\modules/website/web/models/Public_users_m.php
DEBUG - 2020-08-03 17:27:22 --> File loaded: E:\xampp\htdocs\medi_shop_codeigniter_hmvc\application\modules/website/web/views/sections/header.php
DEBUG - 2020-08-03 17:27:23 --> File loaded: E:\xampp\htdocs\medi_shop_codeigniter_hmvc\application\modules/website/web/views/sections/modals.php
DEBUG - 2020-08-03 17:27:23 --> File loaded: E:\xampp\htdocs\medi_shop_codeigniter_hmvc\application\modules/website/web/views/home.php
DEBUG - 2020-08-03 17:27:23 --> File loaded: E:\xampp\htdocs\medi_shop_codeigniter_hmvc\application\modules/website/web/views/sections/search_all.php
DEBUG - 2020-08-03 17:27:23 --> File loaded: E:\xampp\htdocs\medi_shop_codeigniter_hmvc\application\modules/website/web/views/sections/js.php
DEBUG - 2020-08-03 17:27:23 --> File loaded: E:\xampp\htdocs\medi_shop_codeigniter_hmvc\application\modules/website/web/views/sections/footer.php
INFO - 2020-08-03 17:27:23 --> Final output sent to browser
DEBUG - 2020-08-03 17:27:23 --> Total execution time: 2.3164
INFO - 2020-08-03 17:27:24 --> Config Class Initialized
INFO - 2020-08-03 17:27:24 --> Hooks Class Initialized
DEBUG - 2020-08-03 17:27:25 --> UTF-8 Support Enabled
INFO - 2020-08-03 17:27:25 --> Utf8 Class Initialized
INFO - 2020-08-03 17:27:25 --> URI Class Initialized
INFO - 2020-08-03 17:27:25 --> Router Class Initialized
INFO - 2020-08-03 17:27:25 --> Output Class Initialized
INFO - 2020-08-03 17:27:25 --> Security Class Initialized
DEBUG - 2020-08-03 17:27:25 --> Global POST, GET and COOKIE data sanitized
INFO - 2020-08-03 17:27:25 --> Input Class Initialized
INFO - 2020-08-03 17:27:25 --> Language Class Initialized
INFO - 2020-08-03 17:27:25 --> Language Class Initialized
INFO - 2020-08-03 17:27:25 --> Config Class Initialized
INFO - 2020-08-03 17:27:25 --> Loader Class Initialized
DEBUG - 2020-08-03 17:27:25 --> Config file loaded: E:\xampp\htdocs\medi_shop_codeigniter_hmvc\application\config/rest.php
INFO - 2020-08-03 17:27:25 --> Helper loaded: url_helper
INFO - 2020-08-03 17:27:25 --> Helper loaded: form_helper
INFO - 2020-08-03 17:27:25 --> Helper loaded: adminurl_helper
INFO - 2020-08-03 17:27:25 --> Helper loaded: site_helper
INFO - 2020-08-03 17:27:26 --> Helper loaded: directory_helper
INFO - 2020-08-03 17:27:26 --> Language file loaded: language/english/api_lang.php
INFO - 2020-08-03 17:27:26 --> Database Driver Class Initialized
INFO - 2020-08-03 17:27:26 --> Email Class Initialized
DEBUG - 2020-08-03 17:27:26 --> Session: "sess_save_path" is empty; using "session.save_path" value from php.ini.
INFO - 2020-08-03 17:27:26 --> Session: Class initialized using 'files' driver.
INFO - 2020-08-03 17:27:26 --> Form Validation Class Initialized
INFO - 2020-08-03 17:27:26 --> Controller Class Initialized
DEBUG - 2020-08-03 17:27:26 --> Orders MX_Controller Initialized
DEBUG - 2020-08-03 17:27:26 --> File loaded: E:\xampp\htdocs\medi_shop_codeigniter_hmvc\application\controllers/../modules/website/web/controllers/Web.php
DEBUG - 2020-08-03 17:27:26 --> Web MX_Controller Initialized
DEBUG - 2020-08-03 17:27:26 --> File loaded: E:\xampp\htdocs\medi_shop_codeigniter_hmvc\application\modules/website/web/models/Public_users_m.php
DEBUG - 2020-08-03 17:27:26 --> File loaded: E:\xampp\htdocs\medi_shop_codeigniter_hmvc\application\modules/website/orders/models/Order_management.php
DEBUG - 2020-08-03 17:27:26 --> File already loaded: E:\xampp\htdocs\medi_shop_codeigniter_hmvc\application\modules/website/web/models/Public_users_m.php
ERROR - 2020-08-03 17:27:26 --> Severity: Notice --> Undefined index: public_userid E:\xampp\htdocs\medi_shop_codeigniter_hmvc\application\modules\website\orders\controllers\Orders.php 932
ERROR - 2020-08-03 17:27:26 --> Severity: Notice --> Trying to get property 'place' of non-object E:\xampp\htdocs\medi_shop_codeigniter_hmvc\application\modules\website\orders\controllers\Orders.php 933
ERROR - 2020-08-03 17:27:26 --> Severity: Warning --> Creating default object from empty value E:\xampp\htdocs\medi_shop_codeigniter_hmvc\application\modules\website\orders\controllers\Orders.php 935
INFO - 2020-08-03 17:27:27 --> Final output sent to browser
DEBUG - 2020-08-03 17:27:27 --> Total execution time: 2.1295
INFO - 2020-08-03 17:27:32 --> Config Class Initialized
INFO - 2020-08-03 17:27:32 --> Hooks Class Initialized
DEBUG - 2020-08-03 17:27:32 --> UTF-8 Support Enabled
INFO - 2020-08-03 17:27:32 --> Utf8 Class Initialized
INFO - 2020-08-03 17:27:33 --> URI Class Initialized
INFO - 2020-08-03 17:27:33 --> Router Class Initialized
INFO - 2020-08-03 17:27:33 --> Output Class Initialized
INFO - 2020-08-03 17:27:33 --> Security Class Initialized
DEBUG - 2020-08-03 17:27:33 --> Global POST, GET and COOKIE data sanitized
INFO - 2020-08-03 17:27:33 --> Input Class Initialized
INFO - 2020-08-03 17:27:33 --> Language Class Initialized
INFO - 2020-08-03 17:27:33 --> Language Class Initialized
INFO - 2020-08-03 17:27:33 --> Config Class Initialized
INFO - 2020-08-03 17:27:33 --> Loader Class Initialized
DEBUG - 2020-08-03 17:27:33 --> Config file loaded: E:\xampp\htdocs\medi_shop_codeigniter_hmvc\application\config/rest.php
INFO - 2020-08-03 17:27:33 --> Helper loaded: url_helper
INFO - 2020-08-03 17:27:33 --> Helper loaded: form_helper
INFO - 2020-08-03 17:27:33 --> Helper loaded: adminurl_helper
INFO - 2020-08-03 17:27:33 --> Helper loaded: site_helper
INFO - 2020-08-03 17:27:33 --> Helper loaded: directory_helper
INFO - 2020-08-03 17:27:33 --> Language file loaded: language/english/api_lang.php
INFO - 2020-08-03 17:27:33 --> Database Driver Class Initialized
INFO - 2020-08-03 17:27:33 --> Email Class Initialized
DEBUG - 2020-08-03 17:27:34 --> Session: "sess_save_path" is empty; using "session.save_path" value from php.ini.
INFO - 2020-08-03 17:27:34 --> Session: Class initialized using 'files' driver.
INFO - 2020-08-03 17:27:34 --> Form Validation Class Initialized
INFO - 2020-08-03 17:27:34 --> Controller Class Initialized
DEBUG - 2020-08-03 17:27:34 --> Web MX_Controller Initialized
DEBUG - 2020-08-03 17:27:34 --> File loaded: E:\xampp\htdocs\medi_shop_codeigniter_hmvc\application\modules/website/web/models/Public_users_m.php
DEBUG - 2020-08-03 17:27:34 --> File loaded: E:\xampp\htdocs\medi_shop_codeigniter_hmvc\application\modules/website/web/views/sections/header.php
DEBUG - 2020-08-03 17:27:34 --> File loaded: E:\xampp\htdocs\medi_shop_codeigniter_hmvc\application\modules/website/web/views/sections/modals.php
DEBUG - 2020-08-03 17:27:34 --> File loaded: E:\xampp\htdocs\medi_shop_codeigniter_hmvc\application\modules/website/web/views/home.php
DEBUG - 2020-08-03 17:27:34 --> File loaded: E:\xampp\htdocs\medi_shop_codeigniter_hmvc\application\modules/website/web/views/sections/search_all.php
DEBUG - 2020-08-03 17:27:34 --> File loaded: E:\xampp\htdocs\medi_shop_codeigniter_hmvc\application\modules/website/web/views/sections/js.php
DEBUG - 2020-08-03 17:27:34 --> File loaded: E:\xampp\htdocs\medi_shop_codeigniter_hmvc\application\modules/website/web/views/sections/footer.php
INFO - 2020-08-03 17:27:34 --> Final output sent to browser
DEBUG - 2020-08-03 17:27:34 --> Total execution time: 2.0033
INFO - 2020-08-03 17:27:36 --> Config Class Initialized
INFO - 2020-08-03 17:27:36 --> Hooks Class Initialized
DEBUG - 2020-08-03 17:27:36 --> UTF-8 Support Enabled
INFO - 2020-08-03 17:27:36 --> Utf8 Class Initialized
INFO - 2020-08-03 17:27:36 --> URI Class Initialized
INFO - 2020-08-03 17:27:36 --> Router Class Initialized
INFO - 2020-08-03 17:27:36 --> Output Class Initialized
INFO - 2020-08-03 17:27:36 --> Security Class Initialized
DEBUG - 2020-08-03 17:27:36 --> Global POST, GET and COOKIE data sanitized
INFO - 2020-08-03 17:27:36 --> Input Class Initialized
INFO - 2020-08-03 17:27:36 --> Language Class Initialized
INFO - 2020-08-03 17:27:36 --> Language Class Initialized
INFO - 2020-08-03 17:27:36 --> Config Class Initialized
INFO - 2020-08-03 17:27:37 --> Loader Class Initialized
DEBUG - 2020-08-03 17:27:37 --> Config file loaded: E:\xampp\htdocs\medi_shop_codeigniter_hmvc\application\config/rest.php
INFO - 2020-08-03 17:27:37 --> Helper loaded: url_helper
INFO - 2020-08-03 17:27:37 --> Helper loaded: form_helper
INFO - 2020-08-03 17:27:37 --> Helper loaded: adminurl_helper
INFO - 2020-08-03 17:27:37 --> Helper loaded: site_helper
INFO - 2020-08-03 17:27:37 --> Helper loaded: directory_helper
INFO - 2020-08-03 17:27:37 --> Language file loaded: language/english/api_lang.php
INFO - 2020-08-03 17:27:37 --> Database Driver Class Initialized
INFO - 2020-08-03 17:27:37 --> Email Class Initialized
DEBUG - 2020-08-03 17:27:37 --> Session: "sess_save_path" is empty; using "session.save_path" value from php.ini.
INFO - 2020-08-03 17:27:37 --> Session: Class initialized using 'files' driver.
INFO - 2020-08-03 17:27:37 --> Form Validation Class Initialized
INFO - 2020-08-03 17:27:37 --> Controller Class Initialized
DEBUG - 2020-08-03 17:27:37 --> Orders MX_Controller Initialized
DEBUG - 2020-08-03 17:27:37 --> File loaded: E:\xampp\htdocs\medi_shop_codeigniter_hmvc\application\controllers/../modules/website/web/controllers/Web.php
DEBUG - 2020-08-03 17:27:37 --> Web MX_Controller Initialized
DEBUG - 2020-08-03 17:27:37 --> File loaded: E:\xampp\htdocs\medi_shop_codeigniter_hmvc\application\modules/website/web/models/Public_users_m.php
DEBUG - 2020-08-03 17:27:38 --> File loaded: E:\xampp\htdocs\medi_shop_codeigniter_hmvc\application\modules/website/orders/models/Order_management.php
DEBUG - 2020-08-03 17:27:38 --> File already loaded: E:\xampp\htdocs\medi_shop_codeigniter_hmvc\application\modules/website/web/models/Public_users_m.php
ERROR - 2020-08-03 17:27:38 --> Severity: Notice --> Undefined index: public_userid E:\xampp\htdocs\medi_shop_codeigniter_hmvc\application\modules\website\orders\controllers\Orders.php 932
ERROR - 2020-08-03 17:27:38 --> Severity: Notice --> Trying to get property 'place' of non-object E:\xampp\htdocs\medi_shop_codeigniter_hmvc\application\modules\website\orders\controllers\Orders.php 933
ERROR - 2020-08-03 17:27:38 --> Severity: Warning --> Creating default object from empty value E:\xampp\htdocs\medi_shop_codeigniter_hmvc\application\modules\website\orders\controllers\Orders.php 935
INFO - 2020-08-03 17:27:38 --> Final output sent to browser
DEBUG - 2020-08-03 17:27:38 --> Total execution time: 2.0698
INFO - 2020-08-03 17:28:25 --> Config Class Initialized
INFO - 2020-08-03 17:28:25 --> Hooks Class Initialized
DEBUG - 2020-08-03 17:28:25 --> UTF-8 Support Enabled
INFO - 2020-08-03 17:28:25 --> Utf8 Class Initialized
INFO - 2020-08-03 17:28:25 --> URI Class Initialized
INFO - 2020-08-03 17:28:25 --> Router Class Initialized
INFO - 2020-08-03 17:28:25 --> Output Class Initialized
INFO - 2020-08-03 17:28:25 --> Security Class Initialized
DEBUG - 2020-08-03 17:28:25 --> Global POST, GET and COOKIE data sanitized
INFO - 2020-08-03 17:28:25 --> Input Class Initialized
INFO - 2020-08-03 17:28:25 --> Language Class Initialized
INFO - 2020-08-03 17:28:25 --> Language Class Initialized
INFO - 2020-08-03 17:28:26 --> Config Class Initialized
INFO - 2020-08-03 17:28:26 --> Loader Class Initialized
DEBUG - 2020-08-03 17:28:26 --> Config file loaded: E:\xampp\htdocs\medi_shop_codeigniter_hmvc\application\config/rest.php
INFO - 2020-08-03 17:28:26 --> Helper loaded: url_helper
INFO - 2020-08-03 17:28:26 --> Helper loaded: form_helper
INFO - 2020-08-03 17:28:26 --> Helper loaded: adminurl_helper
INFO - 2020-08-03 17:28:26 --> Helper loaded: site_helper
INFO - 2020-08-03 17:28:26 --> Helper loaded: directory_helper
INFO - 2020-08-03 17:28:26 --> Language file loaded: language/english/api_lang.php
INFO - 2020-08-03 17:28:26 --> Database Driver Class Initialized
INFO - 2020-08-03 17:28:26 --> Email Class Initialized
DEBUG - 2020-08-03 17:28:26 --> Session: "sess_save_path" is empty; using "session.save_path" value from php.ini.
INFO - 2020-08-03 17:28:26 --> Session: Class initialized using 'files' driver.
INFO - 2020-08-03 17:28:26 --> Form Validation Class Initialized
INFO - 2020-08-03 17:28:26 --> Controller Class Initialized
DEBUG - 2020-08-03 17:28:27 --> Home MX_Controller Initialized
DEBUG - 2020-08-03 17:28:27 --> File loaded: E:\xampp\htdocs\medi_shop_codeigniter_hmvc\application\modules/admin/home/views/login.php
INFO - 2020-08-03 17:28:27 --> Final output sent to browser
DEBUG - 2020-08-03 17:28:27 --> Total execution time: 1.9601
INFO - 2020-08-03 17:28:28 --> Config Class Initialized
INFO - 2020-08-03 17:28:28 --> Hooks Class Initialized
DEBUG - 2020-08-03 17:28:28 --> UTF-8 Support Enabled
INFO - 2020-08-03 17:28:28 --> Utf8 Class Initialized
INFO - 2020-08-03 17:28:28 --> URI Class Initialized
INFO - 2020-08-03 17:28:29 --> Router Class Initialized
INFO - 2020-08-03 17:28:29 --> Output Class Initialized
INFO - 2020-08-03 17:28:29 --> Security Class Initialized
DEBUG - 2020-08-03 17:28:29 --> Global POST, GET and COOKIE data sanitized
INFO - 2020-08-03 17:28:29 --> Input Class Initialized
INFO - 2020-08-03 17:28:29 --> Language Class Initialized
INFO - 2020-08-03 17:28:29 --> Language Class Initialized
INFO - 2020-08-03 17:28:29 --> Config Class Initialized
INFO - 2020-08-03 17:28:29 --> Loader Class Initialized
DEBUG - 2020-08-03 17:28:29 --> Config file loaded: E:\xampp\htdocs\medi_shop_codeigniter_hmvc\application\config/rest.php
INFO - 2020-08-03 17:28:29 --> Helper loaded: url_helper
INFO - 2020-08-03 17:28:29 --> Helper loaded: form_helper
INFO - 2020-08-03 17:28:29 --> Helper loaded: adminurl_helper
INFO - 2020-08-03 17:28:29 --> Helper loaded: site_helper
INFO - 2020-08-03 17:28:29 --> Helper loaded: directory_helper
INFO - 2020-08-03 17:28:29 --> Language file loaded: language/english/api_lang.php
INFO - 2020-08-03 17:28:30 --> Database Driver Class Initialized
INFO - 2020-08-03 17:28:30 --> Email Class Initialized
DEBUG - 2020-08-03 17:28:30 --> Session: "sess_save_path" is empty; using "session.save_path" value from php.ini.
INFO - 2020-08-03 17:28:30 --> Session: Class initialized using 'files' driver.
INFO - 2020-08-03 17:28:30 --> Form Validation Class Initialized
INFO - 2020-08-03 17:28:30 --> Controller Class Initialized
DEBUG - 2020-08-03 17:28:30 --> Home MX_Controller Initialized
DEBUG - 2020-08-03 17:28:30 --> File loaded: E:\xampp\htdocs\medi_shop_codeigniter_hmvc\application\modules/admin/home/views/login.php
INFO - 2020-08-03 17:28:30 --> Final output sent to browser
DEBUG - 2020-08-03 17:28:30 --> Total execution time: 2.0605
INFO - 2020-08-03 17:35:44 --> Config Class Initialized
INFO - 2020-08-03 17:35:44 --> Hooks Class Initialized
DEBUG - 2020-08-03 17:35:44 --> UTF-8 Support Enabled
INFO - 2020-08-03 17:35:44 --> Utf8 Class Initialized
INFO - 2020-08-03 17:35:44 --> URI Class Initialized
INFO - 2020-08-03 17:35:45 --> Router Class Initialized
INFO - 2020-08-03 17:35:45 --> Output Class Initialized
INFO - 2020-08-03 17:35:45 --> Security Class Initialized
DEBUG - 2020-08-03 17:35:45 --> Global POST, GET and COOKIE data sanitized
INFO - 2020-08-03 17:35:45 --> Input Class Initialized
INFO - 2020-08-03 17:35:45 --> Language Class Initialized
INFO - 2020-08-03 17:35:45 --> Language Class Initialized
INFO - 2020-08-03 17:35:45 --> Config Class Initialized
INFO - 2020-08-03 17:35:45 --> Loader Class Initialized
DEBUG - 2020-08-03 17:35:45 --> Config file loaded: E:\xampp\htdocs\medi_shop_codeigniter_hmvc\application\config/rest.php
INFO - 2020-08-03 17:35:45 --> Helper loaded: url_helper
INFO - 2020-08-03 17:35:45 --> Helper loaded: form_helper
INFO - 2020-08-03 17:35:45 --> Helper loaded: adminurl_helper
INFO - 2020-08-03 17:35:45 --> Helper loaded: site_helper
INFO - 2020-08-03 17:35:46 --> Helper loaded: directory_helper
INFO - 2020-08-03 17:35:46 --> Language file loaded: language/english/api_lang.php
INFO - 2020-08-03 17:35:46 --> Database Driver Class Initialized
INFO - 2020-08-03 17:35:46 --> Email Class Initialized
DEBUG - 2020-08-03 17:35:46 --> Session: "sess_save_path" is empty; using "session.save_path" value from php.ini.
INFO - 2020-08-03 17:35:46 --> Session: Class initialized using 'files' driver.
INFO - 2020-08-03 17:35:46 --> Form Validation Class Initialized
INFO - 2020-08-03 17:35:46 --> Controller Class Initialized
DEBUG - 2020-08-03 17:35:46 --> Home MX_Controller Initialized
DEBUG - 2020-08-03 17:35:46 --> File loaded: E:\xampp\htdocs\medi_shop_codeigniter_hmvc\application\modules/admin/home/views/login.php
INFO - 2020-08-03 17:35:46 --> Final output sent to browser
DEBUG - 2020-08-03 17:35:47 --> Total execution time: 2.3260
INFO - 2020-08-03 17:35:48 --> Config Class Initialized
INFO - 2020-08-03 17:35:48 --> Hooks Class Initialized
DEBUG - 2020-08-03 17:35:48 --> UTF-8 Support Enabled
INFO - 2020-08-03 17:35:48 --> Utf8 Class Initialized
INFO - 2020-08-03 17:35:48 --> URI Class Initialized
INFO - 2020-08-03 17:35:48 --> Router Class Initialized
INFO - 2020-08-03 17:35:48 --> Output Class Initialized
INFO - 2020-08-03 17:35:48 --> Security Class Initialized
DEBUG - 2020-08-03 17:35:49 --> Global POST, GET and COOKIE data sanitized
INFO - 2020-08-03 17:35:49 --> Input Class Initialized
INFO - 2020-08-03 17:35:49 --> Language Class Initialized
INFO - 2020-08-03 17:35:49 --> Language Class Initialized
INFO - 2020-08-03 17:35:49 --> Config Class Initialized
INFO - 2020-08-03 17:35:49 --> Loader Class Initialized
DEBUG - 2020-08-03 17:35:49 --> Config file loaded: E:\xampp\htdocs\medi_shop_codeigniter_hmvc\application\config/rest.php
INFO - 2020-08-03 17:35:49 --> Helper loaded: url_helper
INFO - 2020-08-03 17:35:49 --> Helper loaded: form_helper
INFO - 2020-08-03 17:35:49 --> Helper loaded: adminurl_helper
INFO - 2020-08-03 17:35:49 --> Helper loaded: site_helper
INFO - 2020-08-03 17:35:49 --> Helper loaded: directory_helper
INFO - 2020-08-03 17:35:49 --> Config Class Initialized
INFO - 2020-08-03 17:35:49 --> Language file loaded: language/english/api_lang.php
INFO - 2020-08-03 17:35:50 --> Hooks Class Initialized
INFO - 2020-08-03 17:35:50 --> Database Driver Class Initialized
DEBUG - 2020-08-03 17:35:50 --> UTF-8 Support Enabled
INFO - 2020-08-03 17:35:50 --> Email Class Initialized
INFO - 2020-08-03 17:35:50 --> Utf8 Class Initialized
DEBUG - 2020-08-03 17:35:50 --> Session: "sess_save_path" is empty; using "session.save_path" value from php.ini.
INFO - 2020-08-03 17:35:50 --> URI Class Initialized
INFO - 2020-08-03 17:35:50 --> Session: Class initialized using 'files' driver.
INFO - 2020-08-03 17:35:50 --> Router Class Initialized
INFO - 2020-08-03 17:35:50 --> Form Validation Class Initialized
INFO - 2020-08-03 17:35:50 --> Output Class Initialized
INFO - 2020-08-03 17:35:50 --> Controller Class Initialized
INFO - 2020-08-03 17:35:50 --> Security Class Initialized
DEBUG - 2020-08-03 17:35:50 --> Home MX_Controller Initialized
DEBUG - 2020-08-03 17:35:50 --> Global POST, GET and COOKIE data sanitized
INFO - 2020-08-03 17:35:50 --> Input Class Initialized
DEBUG - 2020-08-03 17:35:50 --> File loaded: E:\xampp\htdocs\medi_shop_codeigniter_hmvc\application\modules/admin/home/views/login.php
INFO - 2020-08-03 17:35:51 --> Final output sent to browser
INFO - 2020-08-03 17:35:51 --> Language Class Initialized
INFO - 2020-08-03 17:35:51 --> Language Class Initialized
DEBUG - 2020-08-03 17:35:51 --> Total execution time: 2.5268
INFO - 2020-08-03 17:35:51 --> Config Class Initialized
INFO - 2020-08-03 17:35:51 --> Loader Class Initialized
DEBUG - 2020-08-03 17:35:51 --> Config file loaded: E:\xampp\htdocs\medi_shop_codeigniter_hmvc\application\config/rest.php
INFO - 2020-08-03 17:35:51 --> Helper loaded: url_helper
INFO - 2020-08-03 17:35:51 --> Helper loaded: form_helper
INFO - 2020-08-03 17:35:51 --> Helper loaded: adminurl_helper
INFO - 2020-08-03 17:35:51 --> Helper loaded: site_helper
INFO - 2020-08-03 17:35:51 --> Helper loaded: directory_helper
INFO - 2020-08-03 17:35:52 --> Language file loaded: language/english/api_lang.php
INFO - 2020-08-03 17:35:52 --> Database Driver Class Initialized
INFO - 2020-08-03 17:35:52 --> Email Class Initialized
DEBUG - 2020-08-03 17:35:52 --> Session: "sess_save_path" is empty; using "session.save_path" value from php.ini.
INFO - 2020-08-03 17:35:52 --> Session: Class initialized using 'files' driver.
INFO - 2020-08-03 17:35:52 --> Form Validation Class Initialized
INFO - 2020-08-03 17:35:52 --> Controller Class Initialized
DEBUG - 2020-08-03 17:35:52 --> Home MX_Controller Initialized
DEBUG - 2020-08-03 17:35:52 --> File loaded: E:\xampp\htdocs\medi_shop_codeigniter_hmvc\application\modules/admin/home/views/login.php
INFO - 2020-08-03 17:35:52 --> Final output sent to browser
DEBUG - 2020-08-03 17:35:52 --> Total execution time: 3.0320
INFO - 2020-08-03 17:35:54 --> Config Class Initialized
INFO - 2020-08-03 17:35:54 --> Hooks Class Initialized
DEBUG - 2020-08-03 17:35:54 --> UTF-8 Support Enabled
INFO - 2020-08-03 17:35:54 --> Utf8 Class Initialized
INFO - 2020-08-03 17:35:54 --> URI Class Initialized
INFO - 2020-08-03 17:35:54 --> Router Class Initialized
INFO - 2020-08-03 17:35:54 --> Output Class Initialized
INFO - 2020-08-03 17:35:54 --> Security Class Initialized
DEBUG - 2020-08-03 17:35:54 --> Global POST, GET and COOKIE data sanitized
INFO - 2020-08-03 17:35:55 --> Input Class Initialized
INFO - 2020-08-03 17:35:55 --> Language Class Initialized
INFO - 2020-08-03 17:35:55 --> Language Class Initialized
INFO - 2020-08-03 17:35:55 --> Config Class Initialized
INFO - 2020-08-03 17:35:55 --> Loader Class Initialized
DEBUG - 2020-08-03 17:35:55 --> Config file loaded: E:\xampp\htdocs\medi_shop_codeigniter_hmvc\application\config/rest.php
INFO - 2020-08-03 17:35:55 --> Helper loaded: url_helper
INFO - 2020-08-03 17:35:55 --> Helper loaded: form_helper
INFO - 2020-08-03 17:35:55 --> Helper loaded: adminurl_helper
INFO - 2020-08-03 17:35:55 --> Helper loaded: site_helper
INFO - 2020-08-03 17:35:55 --> Helper loaded: directory_helper
INFO - 2020-08-03 17:35:55 --> Language file loaded: language/english/api_lang.php
INFO - 2020-08-03 17:35:55 --> Database Driver Class Initialized
INFO - 2020-08-03 17:35:56 --> Email Class Initialized
DEBUG - 2020-08-03 17:35:56 --> Session: "sess_save_path" is empty; using "session.save_path" value from php.ini.
INFO - 2020-08-03 17:35:56 --> Session: Class initialized using 'files' driver.
INFO - 2020-08-03 17:35:56 --> Form Validation Class Initialized
INFO - 2020-08-03 17:35:56 --> Controller Class Initialized
DEBUG - 2020-08-03 17:35:56 --> Home MX_Controller Initialized
DEBUG - 2020-08-03 17:35:56 --> File loaded: E:\xampp\htdocs\medi_shop_codeigniter_hmvc\application\modules/admin/home/views/login.php
INFO - 2020-08-03 17:35:56 --> Final output sent to browser
DEBUG - 2020-08-03 17:35:56 --> Total execution time: 2.2509
INFO - 2020-08-03 17:40:19 --> Config Class Initialized
INFO - 2020-08-03 17:40:19 --> Hooks Class Initialized
DEBUG - 2020-08-03 17:40:19 --> UTF-8 Support Enabled
INFO - 2020-08-03 17:40:20 --> Utf8 Class Initialized
INFO - 2020-08-03 17:40:20 --> URI Class Initialized
DEBUG - 2020-08-03 17:40:20 --> No URI present. Default controller set.
INFO - 2020-08-03 17:40:20 --> Router Class Initialized
INFO - 2020-08-03 17:40:20 --> Output Class Initialized
INFO - 2020-08-03 17:40:20 --> Security Class Initialized
DEBUG - 2020-08-03 17:40:20 --> Global POST, GET and COOKIE data sanitized
INFO - 2020-08-03 17:40:20 --> Input Class Initialized
INFO - 2020-08-03 17:40:20 --> Language Class Initialized
INFO - 2020-08-03 17:40:20 --> Language Class Initialized
INFO - 2020-08-03 17:40:20 --> Config Class Initialized
INFO - 2020-08-03 17:40:20 --> Loader Class Initialized
DEBUG - 2020-08-03 17:40:21 --> Config file loaded: E:\xampp\htdocs\medi_shop_codeigniter_hmvc\application\config/rest.php
INFO - 2020-08-03 17:40:21 --> Helper loaded: url_helper
INFO - 2020-08-03 17:40:21 --> Helper loaded: form_helper
INFO - 2020-08-03 17:40:21 --> Helper loaded: adminurl_helper
INFO - 2020-08-03 17:40:21 --> Helper loaded: site_helper
INFO - 2020-08-03 17:40:21 --> Helper loaded: directory_helper
INFO - 2020-08-03 17:40:21 --> Language file loaded: language/english/api_lang.php
INFO - 2020-08-03 17:40:21 --> Database Driver Class Initialized
INFO - 2020-08-03 17:40:21 --> Email Class Initialized
DEBUG - 2020-08-03 17:40:21 --> Session: "sess_save_path" is empty; using "session.save_path" value from php.ini.
INFO - 2020-08-03 17:40:21 --> Session: Class initialized using 'files' driver.
INFO - 2020-08-03 17:40:21 --> Form Validation Class Initialized
INFO - 2020-08-03 17:40:21 --> Controller Class Initialized
DEBUG - 2020-08-03 17:40:21 --> Web MX_Controller Initialized
DEBUG - 2020-08-03 17:40:22 --> File loaded: E:\xampp\htdocs\medi_shop_codeigniter_hmvc\application\modules/website/web/models/Public_users_m.php
DEBUG - 2020-08-03 17:40:22 --> File loaded: E:\xampp\htdocs\medi_shop_codeigniter_hmvc\application\modules/website/web/views/sections/header.php
DEBUG - 2020-08-03 17:40:22 --> File loaded: E:\xampp\htdocs\medi_shop_codeigniter_hmvc\application\modules/website/web/views/sections/modals.php
DEBUG - 2020-08-03 17:40:22 --> File loaded: E:\xampp\htdocs\medi_shop_codeigniter_hmvc\application\modules/website/web/views/home.php
DEBUG - 2020-08-03 17:40:22 --> File loaded: E:\xampp\htdocs\medi_shop_codeigniter_hmvc\application\modules/website/web/views/sections/search_all.php
DEBUG - 2020-08-03 17:40:22 --> File loaded: E:\xampp\htdocs\medi_shop_codeigniter_hmvc\application\modules/website/web/views/sections/js.php
DEBUG - 2020-08-03 17:40:22 --> File loaded: E:\xampp\htdocs\medi_shop_codeigniter_hmvc\application\modules/website/web/views/sections/footer.php
INFO - 2020-08-03 17:40:22 --> Final output sent to browser
DEBUG - 2020-08-03 17:40:22 --> Total execution time: 2.7027
INFO - 2020-08-03 17:40:24 --> Config Class Initialized
INFO - 2020-08-03 17:40:24 --> Hooks Class Initialized
DEBUG - 2020-08-03 17:40:24 --> UTF-8 Support Enabled
INFO - 2020-08-03 17:40:24 --> Utf8 Class Initialized
INFO - 2020-08-03 17:40:24 --> URI Class Initialized
INFO - 2020-08-03 17:40:24 --> Router Class Initialized
INFO - 2020-08-03 17:40:24 --> Output Class Initialized
INFO - 2020-08-03 17:40:24 --> Security Class Initialized
DEBUG - 2020-08-03 17:40:24 --> Global POST, GET and COOKIE data sanitized
INFO - 2020-08-03 17:40:24 --> Input Class Initialized
INFO - 2020-08-03 17:40:25 --> Language Class Initialized
INFO - 2020-08-03 17:40:25 --> Language Class Initialized
INFO - 2020-08-03 17:40:25 --> Config Class Initialized
INFO - 2020-08-03 17:40:25 --> Loader Class Initialized
DEBUG - 2020-08-03 17:40:25 --> Config file loaded: E:\xampp\htdocs\medi_shop_codeigniter_hmvc\application\config/rest.php
INFO - 2020-08-03 17:40:25 --> Helper loaded: url_helper
INFO - 2020-08-03 17:40:25 --> Helper loaded: form_helper
INFO - 2020-08-03 17:40:25 --> Helper loaded: adminurl_helper
INFO - 2020-08-03 17:40:25 --> Helper loaded: site_helper
INFO - 2020-08-03 17:40:25 --> Helper loaded: directory_helper
INFO - 2020-08-03 17:40:25 --> Language file loaded: language/english/api_lang.php
INFO - 2020-08-03 17:40:25 --> Database Driver Class Initialized
INFO - 2020-08-03 17:40:25 --> Email Class Initialized
DEBUG - 2020-08-03 17:40:25 --> Session: "sess_save_path" is empty; using "session.save_path" value from php.ini.
INFO - 2020-08-03 17:40:25 --> Session: Class initialized using 'files' driver.
INFO - 2020-08-03 17:40:26 --> Form Validation Class Initialized
INFO - 2020-08-03 17:40:26 --> Controller Class Initialized
DEBUG - 2020-08-03 17:40:26 --> Orders MX_Controller Initialized
DEBUG - 2020-08-03 17:40:26 --> File loaded: E:\xampp\htdocs\medi_shop_codeigniter_hmvc\application\controllers/../modules/website/web/controllers/Web.php
DEBUG - 2020-08-03 17:40:26 --> Web MX_Controller Initialized
DEBUG - 2020-08-03 17:40:26 --> File loaded: E:\xampp\htdocs\medi_shop_codeigniter_hmvc\application\modules/website/web/models/Public_users_m.php
DEBUG - 2020-08-03 17:40:26 --> File loaded: E:\xampp\htdocs\medi_shop_codeigniter_hmvc\application\modules/website/orders/models/Order_management.php
DEBUG - 2020-08-03 17:40:26 --> File already loaded: E:\xampp\htdocs\medi_shop_codeigniter_hmvc\application\modules/website/web/models/Public_users_m.php
ERROR - 2020-08-03 17:40:26 --> Severity: Notice --> Undefined index: public_userid E:\xampp\htdocs\medi_shop_codeigniter_hmvc\application\modules\website\orders\controllers\Orders.php 932
ERROR - 2020-08-03 17:40:26 --> Severity: Notice --> Trying to get property 'place' of non-object E:\xampp\htdocs\medi_shop_codeigniter_hmvc\application\modules\website\orders\controllers\Orders.php 933
ERROR - 2020-08-03 17:40:26 --> Severity: Warning --> Creating default object from empty value E:\xampp\htdocs\medi_shop_codeigniter_hmvc\application\modules\website\orders\controllers\Orders.php 935
INFO - 2020-08-03 17:40:26 --> Final output sent to browser
DEBUG - 2020-08-03 17:40:26 --> Total execution time: 2.6721
INFO - 2020-08-03 17:41:21 --> Config Class Initialized
INFO - 2020-08-03 17:41:21 --> Hooks Class Initialized
DEBUG - 2020-08-03 17:41:21 --> UTF-8 Support Enabled
INFO - 2020-08-03 17:41:21 --> Utf8 Class Initialized
INFO - 2020-08-03 17:41:21 --> URI Class Initialized
INFO - 2020-08-03 17:41:21 --> Router Class Initialized
INFO - 2020-08-03 17:41:21 --> Output Class Initialized
INFO - 2020-08-03 17:41:21 --> Security Class Initialized
DEBUG - 2020-08-03 17:41:21 --> Global POST, GET and COOKIE data sanitized
INFO - 2020-08-03 17:41:21 --> Input Class Initialized
INFO - 2020-08-03 17:41:21 --> Language Class Initialized
INFO - 2020-08-03 17:41:22 --> Language Class Initialized
INFO - 2020-08-03 17:41:22 --> Config Class Initialized
INFO - 2020-08-03 17:41:22 --> Loader Class Initialized
DEBUG - 2020-08-03 17:41:22 --> Config file loaded: E:\xampp\htdocs\medi_shop_codeigniter_hmvc\application\config/rest.php
INFO - 2020-08-03 17:41:22 --> Helper loaded: url_helper
INFO - 2020-08-03 17:41:22 --> Helper loaded: form_helper
INFO - 2020-08-03 17:41:22 --> Helper loaded: adminurl_helper
INFO - 2020-08-03 17:41:22 --> Helper loaded: site_helper
INFO - 2020-08-03 17:41:22 --> Helper loaded: directory_helper
INFO - 2020-08-03 17:41:22 --> Language file loaded: language/english/api_lang.php
INFO - 2020-08-03 17:41:22 --> Database Driver Class Initialized
INFO - 2020-08-03 17:41:22 --> Email Class Initialized
DEBUG - 2020-08-03 17:41:22 --> Session: "sess_save_path" is empty; using "session.save_path" value from php.ini.
INFO - 2020-08-03 17:41:22 --> Session: Class initialized using 'files' driver.
INFO - 2020-08-03 17:41:23 --> Form Validation Class Initialized
INFO - 2020-08-03 17:41:23 --> Controller Class Initialized
DEBUG - 2020-08-03 17:41:23 --> Web MX_Controller Initialized
DEBUG - 2020-08-03 17:41:23 --> File loaded: E:\xampp\htdocs\medi_shop_codeigniter_hmvc\application\modules/website/web/models/Public_users_m.php
DEBUG - 2020-08-03 17:41:23 --> File loaded: E:\xampp\htdocs\medi_shop_codeigniter_hmvc\application\modules/website/web/views/sections/header.php
DEBUG - 2020-08-03 17:41:23 --> File loaded: E:\xampp\htdocs\medi_shop_codeigniter_hmvc\application\modules/website/web/views/sections/modals.php
DEBUG - 2020-08-03 17:41:23 --> File loaded: E:\xampp\htdocs\medi_shop_codeigniter_hmvc\application\modules/website/web/views/products.php
DEBUG - 2020-08-03 17:41:23 --> File loaded: E:\xampp\htdocs\medi_shop_codeigniter_hmvc\application\modules/website/web/views/sections/js.php
DEBUG - 2020-08-03 17:41:23 --> File loaded: E:\xampp\htdocs\medi_shop_codeigniter_hmvc\application\modules/website/web/views/sections/footer.php
INFO - 2020-08-03 17:41:23 --> Final output sent to browser
DEBUG - 2020-08-03 17:41:24 --> Total execution time: 2.5437
INFO - 2020-08-03 17:41:25 --> Config Class Initialized
INFO - 2020-08-03 17:41:25 --> Config Class Initialized
INFO - 2020-08-03 17:41:25 --> Config Class Initialized
INFO - 2020-08-03 17:41:26 --> Hooks Class Initialized
INFO - 2020-08-03 17:41:26 --> Hooks Class Initialized
INFO - 2020-08-03 17:41:26 --> Hooks Class Initialized
DEBUG - 2020-08-03 17:41:26 --> UTF-8 Support Enabled
DEBUG - 2020-08-03 17:41:26 --> UTF-8 Support Enabled
DEBUG - 2020-08-03 17:41:26 --> UTF-8 Support Enabled
INFO - 2020-08-03 17:41:26 --> Utf8 Class Initialized
INFO - 2020-08-03 17:41:26 --> Utf8 Class Initialized
INFO - 2020-08-03 17:41:26 --> Utf8 Class Initialized
INFO - 2020-08-03 17:41:26 --> URI Class Initialized
INFO - 2020-08-03 17:41:26 --> URI Class Initialized
INFO - 2020-08-03 17:41:26 --> URI Class Initialized
INFO - 2020-08-03 17:41:26 --> Router Class Initialized
INFO - 2020-08-03 17:41:26 --> Router Class Initialized
INFO - 2020-08-03 17:41:26 --> Router Class Initialized
INFO - 2020-08-03 17:41:26 --> Output Class Initialized
INFO - 2020-08-03 17:41:26 --> Output Class Initialized
INFO - 2020-08-03 17:41:26 --> Output Class Initialized
INFO - 2020-08-03 17:41:26 --> Security Class Initialized
INFO - 2020-08-03 17:41:26 --> Security Class Initialized
INFO - 2020-08-03 17:41:26 --> Security Class Initialized
DEBUG - 2020-08-03 17:41:27 --> Global POST, GET and COOKIE data sanitized
DEBUG - 2020-08-03 17:41:27 --> Global POST, GET and COOKIE data sanitized
DEBUG - 2020-08-03 17:41:27 --> Global POST, GET and COOKIE data sanitized
INFO - 2020-08-03 17:41:27 --> Input Class Initialized
INFO - 2020-08-03 17:41:27 --> Input Class Initialized
INFO - 2020-08-03 17:41:27 --> Input Class Initialized
INFO - 2020-08-03 17:41:27 --> Language Class Initialized
INFO - 2020-08-03 17:41:27 --> Language Class Initialized
INFO - 2020-08-03 17:41:27 --> Language Class Initialized
INFO - 2020-08-03 17:41:27 --> Language Class Initialized
INFO - 2020-08-03 17:41:27 --> Language Class Initialized
INFO - 2020-08-03 17:41:27 --> Language Class Initialized
INFO - 2020-08-03 17:41:27 --> Config Class Initialized
INFO - 2020-08-03 17:41:27 --> Config Class Initialized
INFO - 2020-08-03 17:41:27 --> Config Class Initialized
INFO - 2020-08-03 17:41:27 --> Loader Class Initialized
INFO - 2020-08-03 17:41:28 --> Loader Class Initialized
INFO - 2020-08-03 17:41:28 --> Loader Class Initialized
DEBUG - 2020-08-03 17:41:28 --> Config file loaded: E:\xampp\htdocs\medi_shop_codeigniter_hmvc\application\config/rest.php
DEBUG - 2020-08-03 17:41:28 --> Config file loaded: E:\xampp\htdocs\medi_shop_codeigniter_hmvc\application\config/rest.php
DEBUG - 2020-08-03 17:41:28 --> Config file loaded: E:\xampp\htdocs\medi_shop_codeigniter_hmvc\application\config/rest.php
INFO - 2020-08-03 17:41:28 --> Helper loaded: url_helper
INFO - 2020-08-03 17:41:28 --> Helper loaded: url_helper
INFO - 2020-08-03 17:41:28 --> Helper loaded: url_helper
INFO - 2020-08-03 17:41:28 --> Helper loaded: form_helper
INFO - 2020-08-03 17:41:28 --> Helper loaded: form_helper
INFO - 2020-08-03 17:41:28 --> Helper loaded: form_helper
INFO - 2020-08-03 17:41:28 --> Helper loaded: adminurl_helper
INFO - 2020-08-03 17:41:28 --> Helper loaded: adminurl_helper
INFO - 2020-08-03 17:41:28 --> Helper loaded: adminurl_helper
INFO - 2020-08-03 17:41:28 --> Helper loaded: site_helper
INFO - 2020-08-03 17:41:28 --> Helper loaded: site_helper
INFO - 2020-08-03 17:41:28 --> Helper loaded: site_helper
INFO - 2020-08-03 17:41:29 --> Helper loaded: directory_helper
INFO - 2020-08-03 17:41:29 --> Helper loaded: directory_helper
INFO - 2020-08-03 17:41:29 --> Helper loaded: directory_helper
INFO - 2020-08-03 17:41:29 --> Language file loaded: language/english/api_lang.php
INFO - 2020-08-03 17:41:29 --> Language file loaded: language/english/api_lang.php
INFO - 2020-08-03 17:41:29 --> Language file loaded: language/english/api_lang.php
INFO - 2020-08-03 17:41:29 --> Database Driver Class Initialized
INFO - 2020-08-03 17:41:29 --> Database Driver Class Initialized
INFO - 2020-08-03 17:41:29 --> Database Driver Class Initialized
INFO - 2020-08-03 17:41:29 --> Email Class Initialized
INFO - 2020-08-03 17:41:29 --> Email Class Initialized
INFO - 2020-08-03 17:41:29 --> Email Class Initialized
DEBUG - 2020-08-03 17:41:29 --> Session: "sess_save_path" is empty; using "session.save_path" value from php.ini.
DEBUG - 2020-08-03 17:41:29 --> Session: "sess_save_path" is empty; using "session.save_path" value from php.ini.
DEBUG - 2020-08-03 17:41:29 --> Session: "sess_save_path" is empty; using "session.save_path" value from php.ini.
INFO - 2020-08-03 17:41:29 --> Session: Class initialized using 'files' driver.
INFO - 2020-08-03 17:41:30 --> Form Validation Class Initialized
INFO - 2020-08-03 17:41:30 --> Controller Class Initialized
DEBUG - 2020-08-03 17:41:30 --> Public_users MX_Controller Initialized
DEBUG - 2020-08-03 17:41:30 --> File loaded: E:\xampp\htdocs\medi_shop_codeigniter_hmvc\application\modules/website/web/models/Public_users_m.php
INFO - 2020-08-03 17:41:31 --> Config Class Initialized
INFO - 2020-08-03 17:41:31 --> Hooks Class Initialized
DEBUG - 2020-08-03 17:41:31 --> UTF-8 Support Enabled
INFO - 2020-08-03 17:41:31 --> Utf8 Class Initialized
INFO - 2020-08-03 17:41:31 --> URI Class Initialized
INFO - 2020-08-03 17:41:31 --> Router Class Initialized
INFO - 2020-08-03 17:41:31 --> Output Class Initialized
INFO - 2020-08-03 17:41:31 --> Security Class Initialized
DEBUG - 2020-08-03 17:41:31 --> Global POST, GET and COOKIE data sanitized
INFO - 2020-08-03 17:41:32 --> Input Class Initialized
INFO - 2020-08-03 17:41:32 --> Language Class Initialized
INFO - 2020-08-03 17:41:32 --> Language Class Initialized
INFO - 2020-08-03 17:41:32 --> Config Class Initialized
INFO - 2020-08-03 17:41:32 --> Loader Class Initialized
DEBUG - 2020-08-03 17:41:32 --> Config file loaded: E:\xampp\htdocs\medi_shop_codeigniter_hmvc\application\config/rest.php
INFO - 2020-08-03 17:41:32 --> Helper loaded: url_helper
INFO - 2020-08-03 17:41:32 --> Helper loaded: form_helper
INFO - 2020-08-03 17:41:32 --> Helper loaded: adminurl_helper
INFO - 2020-08-03 17:41:32 --> Helper loaded: site_helper
INFO - 2020-08-03 17:41:32 --> Helper loaded: directory_helper
INFO - 2020-08-03 17:41:32 --> Language file loaded: language/english/api_lang.php
INFO - 2020-08-03 17:41:33 --> Database Driver Class Initialized
INFO - 2020-08-03 17:41:33 --> Email Class Initialized
DEBUG - 2020-08-03 17:41:33 --> Session: "sess_save_path" is empty; using "session.save_path" value from php.ini.
INFO - 2020-08-03 17:41:33 --> Session: Class initialized using 'files' driver.
INFO - 2020-08-03 17:41:33 --> Form Validation Class Initialized
INFO - 2020-08-03 17:41:33 --> Controller Class Initialized
DEBUG - 2020-08-03 17:41:33 --> Web MX_Controller Initialized
DEBUG - 2020-08-03 17:41:33 --> File loaded: E:\xampp\htdocs\medi_shop_codeigniter_hmvc\application\modules/website/web/models/Public_users_m.php
ERROR - 2020-08-03 17:41:33 --> Severity: Warning --> Illegal string offset 'shopsByPlaceId' E:\xampp\htdocs\medi_shop_codeigniter_hmvc\application\modules\website\web\controllers\Web.php 19
ERROR - 2020-08-03 17:41:33 --> Severity: Warning --> Cannot assign an empty string to a string offset E:\xampp\htdocs\medi_shop_codeigniter_hmvc\application\modules\website\web\controllers\Web.php 19
ERROR - 2020-08-03 17:41:33 --> Severity: Warning --> Illegal string offset 'currentServerTime' E:\xampp\htdocs\medi_shop_codeigniter_hmvc\application\modules\website\web\controllers\Web.php 25
ERROR - 2020-08-03 17:41:33 --> Severity: Warning --> Illegal string offset 'product_uploads' E:\xampp\htdocs\medi_shop_codeigniter_hmvc\application\modules\website\web\controllers\Web.php 26
ERROR - 2020-08-03 17:41:33 --> Severity: Warning --> Illegal string offset 'page' E:\xampp\htdocs\medi_shop_codeigniter_hmvc\application\modules\website\web\controllers\Web.php 27
ERROR - 2020-08-03 17:41:33 --> Severity: Warning --> Illegal string offset 'islogin' E:\xampp\htdocs\medi_shop_codeigniter_hmvc\application\modules\website\web\controllers\Web.php 30
ERROR - 2020-08-03 17:41:34 --> Severity: Warning --> Cannot assign an empty string to a string offset E:\xampp\htdocs\medi_shop_codeigniter_hmvc\application\modules\website\web\controllers\Web.php 30
ERROR - 2020-08-03 17:41:34 --> Severity: Warning --> Illegal string offset 'full_name' E:\xampp\htdocs\medi_shop_codeigniter_hmvc\application\modules\website\web\controllers\Web.php 31
ERROR - 2020-08-03 17:41:34 --> Severity: Warning --> Cannot assign an empty string to a string offset E:\xampp\htdocs\medi_shop_codeigniter_hmvc\application\modules\website\web\controllers\Web.php 31
ERROR - 2020-08-03 17:41:34 --> Severity: Notice --> Undefined variable: page E:\xampp\htdocs\medi_shop_codeigniter_hmvc\application\modules\website\web\views\sections\header.php 34
ERROR - 2020-08-03 17:41:34 --> Severity: Notice --> Undefined variable: islogin E:\xampp\htdocs\medi_shop_codeigniter_hmvc\application\modules\website\web\views\sections\header.php 174
ERROR - 2020-08-03 17:41:34 --> Severity: Notice --> Undefined variable: islogin E:\xampp\htdocs\medi_shop_codeigniter_hmvc\application\modules\website\web\views\sections\header.php 354
DEBUG - 2020-08-03 17:41:34 --> File loaded: E:\xampp\htdocs\medi_shop_codeigniter_hmvc\application\modules/website/web/views/sections/header.php
DEBUG - 2020-08-03 17:41:34 --> File loaded: E:\xampp\htdocs\medi_shop_codeigniter_hmvc\application\modules/website/web/views/sections/modals.php
ERROR - 2020-08-03 17:41:34 --> Severity: Warning --> Cannot modify header information - headers already sent by (output started at E:\xampp\htdocs\medi_shop_codeigniter_hmvc\system\core\Exceptions.php:271) E:\xampp\htdocs\medi_shop_codeigniter_hmvc\system\core\Common.php 570
INFO - 2020-08-03 17:41:35 --> Config Class Initialized
INFO - 2020-08-03 17:41:35 --> Hooks Class Initialized
DEBUG - 2020-08-03 17:41:35 --> UTF-8 Support Enabled
INFO - 2020-08-03 17:41:35 --> Utf8 Class Initialized
INFO - 2020-08-03 17:41:35 --> URI Class Initialized
INFO - 2020-08-03 17:41:35 --> Router Class Initialized
INFO - 2020-08-03 17:41:35 --> Output Class Initialized
INFO - 2020-08-03 17:41:35 --> Security Class Initialized
DEBUG - 2020-08-03 17:41:35 --> Global POST, GET and COOKIE data sanitized
INFO - 2020-08-03 17:41:35 --> Input Class Initialized
INFO - 2020-08-03 17:41:35 --> Language Class Initialized
INFO - 2020-08-03 17:41:36 --> Language Class Initialized
INFO - 2020-08-03 17:41:36 --> Config Class Initialized
INFO - 2020-08-03 17:41:36 --> Loader Class Initialized
DEBUG - 2020-08-03 17:41:36 --> Config file loaded: E:\xampp\htdocs\medi_shop_codeigniter_hmvc\application\config/rest.php
INFO - 2020-08-03 17:41:36 --> Helper loaded: url_helper
INFO - 2020-08-03 17:41:36 --> Helper loaded: form_helper
INFO - 2020-08-03 17:41:36 --> Helper loaded: adminurl_helper
INFO - 2020-08-03 17:41:36 --> Helper loaded: site_helper
INFO - 2020-08-03 17:41:36 --> Helper loaded: directory_helper
INFO - 2020-08-03 17:41:36 --> Language file loaded: language/english/api_lang.php
INFO - 2020-08-03 17:41:36 --> Database Driver Class Initialized
INFO - 2020-08-03 17:41:36 --> Email Class Initialized
DEBUG - 2020-08-03 17:41:36 --> Session: "sess_save_path" is empty; using "session.save_path" value from php.ini.
INFO - 2020-08-03 17:41:37 --> Session: Class initialized using 'files' driver.
INFO - 2020-08-03 17:41:37 --> Form Validation Class Initialized
INFO - 2020-08-03 17:41:37 --> Controller Class Initialized
DEBUG - 2020-08-03 17:41:37 --> Web MX_Controller Initialized
DEBUG - 2020-08-03 17:41:37 --> File loaded: E:\xampp\htdocs\medi_shop_codeigniter_hmvc\application\modules/website/web/models/Public_users_m.php
ERROR - 2020-08-03 17:41:37 --> Severity: Warning --> Illegal string offset 'shopsByPlaceId' E:\xampp\htdocs\medi_shop_codeigniter_hmvc\application\modules\website\web\controllers\Web.php 19
ERROR - 2020-08-03 17:41:37 --> Severity: Warning --> Cannot assign an empty string to a string offset E:\xampp\htdocs\medi_shop_codeigniter_hmvc\application\modules\website\web\controllers\Web.php 19
ERROR - 2020-08-03 17:41:37 --> Severity: Warning --> Illegal string offset 'currentServerTime' E:\xampp\htdocs\medi_shop_codeigniter_hmvc\application\modules\website\web\controllers\Web.php 25
ERROR - 2020-08-03 17:41:37 --> Severity: Warning --> Illegal string offset 'product_uploads' E:\xampp\htdocs\medi_shop_codeigniter_hmvc\application\modules\website\web\controllers\Web.php 26
ERROR - 2020-08-03 17:41:37 --> Severity: Warning --> Illegal string offset 'page' E:\xampp\htdocs\medi_shop_codeigniter_hmvc\application\modules\website\web\controllers\Web.php 27
ERROR - 2020-08-03 17:41:37 --> Severity: Warning --> Illegal string offset 'islogin' E:\xampp\htdocs\medi_shop_codeigniter_hmvc\application\modules\website\web\controllers\Web.php 30
ERROR - 2020-08-03 17:41:37 --> Severity: Warning --> Cannot assign an empty string to a string offset E:\xampp\htdocs\medi_shop_codeigniter_hmvc\application\modules\website\web\controllers\Web.php 30
ERROR - 2020-08-03 17:41:37 --> Severity: Warning --> Illegal string offset 'full_name' E:\xampp\htdocs\medi_shop_codeigniter_hmvc\application\modules\website\web\controllers\Web.php 31
ERROR - 2020-08-03 17:41:37 --> Severity: Warning --> Cannot assign an empty string to a string offset E:\xampp\htdocs\medi_shop_codeigniter_hmvc\application\modules\website\web\controllers\Web.php 31
ERROR - 2020-08-03 17:41:37 --> Severity: Notice --> Undefined variable: page E:\xampp\htdocs\medi_shop_codeigniter_hmvc\application\modules\website\web\views\sections\header.php 34
ERROR - 2020-08-03 17:41:38 --> Severity: Notice --> Undefined variable: islogin E:\xampp\htdocs\medi_shop_codeigniter_hmvc\application\modules\website\web\views\sections\header.php 174
ERROR - 2020-08-03 17:41:38 --> Severity: Notice --> Undefined variable: islogin E:\xampp\htdocs\medi_shop_codeigniter_hmvc\application\modules\website\web\views\sections\header.php 354
DEBUG - 2020-08-03 17:41:38 --> File loaded: E:\xampp\htdocs\medi_shop_codeigniter_hmvc\application\modules/website/web/views/sections/header.php
DEBUG - 2020-08-03 17:41:38 --> File loaded: E:\xampp\htdocs\medi_shop_codeigniter_hmvc\application\modules/website/web/views/sections/modals.php
ERROR - 2020-08-03 17:41:38 --> Severity: Warning --> Cannot modify header information - headers already sent by (output started at E:\xampp\htdocs\medi_shop_codeigniter_hmvc\system\core\Exceptions.php:271) E:\xampp\htdocs\medi_shop_codeigniter_hmvc\system\core\Common.php 570
INFO - 2020-08-03 17:41:39 --> Config Class Initialized
INFO - 2020-08-03 17:41:39 --> Hooks Class Initialized
DEBUG - 2020-08-03 17:41:39 --> UTF-8 Support Enabled
INFO - 2020-08-03 17:41:39 --> Utf8 Class Initialized
INFO - 2020-08-03 17:41:39 --> URI Class Initialized
INFO - 2020-08-03 17:41:39 --> Router Class Initialized
INFO - 2020-08-03 17:41:39 --> Output Class Initialized
INFO - 2020-08-03 17:41:39 --> Security Class Initialized
DEBUG - 2020-08-03 17:41:39 --> Global POST, GET and COOKIE data sanitized
INFO - 2020-08-03 17:41:39 --> Input Class Initialized
INFO - 2020-08-03 17:41:39 --> Language Class Initialized
INFO - 2020-08-03 17:41:39 --> Language Class Initialized
INFO - 2020-08-03 17:41:39 --> Config Class Initialized
INFO - 2020-08-03 17:41:39 --> Loader Class Initialized
DEBUG - 2020-08-03 17:41:40 --> Config file loaded: E:\xampp\htdocs\medi_shop_codeigniter_hmvc\application\config/rest.php
INFO - 2020-08-03 17:41:40 --> Helper loaded: url_helper
INFO - 2020-08-03 17:41:40 --> Helper loaded: form_helper
INFO - 2020-08-03 17:41:40 --> Helper loaded: adminurl_helper
INFO - 2020-08-03 17:41:40 --> Helper loaded: site_helper
INFO - 2020-08-03 17:41:40 --> Helper loaded: directory_helper
INFO - 2020-08-03 17:41:40 --> Language file loaded: language/english/api_lang.php
INFO - 2020-08-03 17:41:40 --> Database Driver Class Initialized
INFO - 2020-08-03 17:41:41 --> Email Class Initialized
DEBUG - 2020-08-03 17:41:41 --> Session: "sess_save_path" is empty; using "session.save_path" value from php.ini.
INFO - 2020-08-03 17:41:41 --> Session: Class initialized using 'files' driver.
INFO - 2020-08-03 17:41:41 --> Form Validation Class Initialized
INFO - 2020-08-03 17:41:41 --> Controller Class Initialized
DEBUG - 2020-08-03 17:41:41 --> Web MX_Controller Initialized
DEBUG - 2020-08-03 17:41:41 --> File loaded: E:\xampp\htdocs\medi_shop_codeigniter_hmvc\application\modules/website/web/models/Public_users_m.php
ERROR - 2020-08-03 17:41:41 --> Severity: Warning --> Illegal string offset 'shopsByPlaceId' E:\xampp\htdocs\medi_shop_codeigniter_hmvc\application\modules\website\web\controllers\Web.php 19
ERROR - 2020-08-03 17:41:41 --> Severity: Warning --> Cannot assign an empty string to a string offset E:\xampp\htdocs\medi_shop_codeigniter_hmvc\application\modules\website\web\controllers\Web.php 19
ERROR - 2020-08-03 17:41:41 --> Severity: Warning --> Illegal string offset 'currentServerTime' E:\xampp\htdocs\medi_shop_codeigniter_hmvc\application\modules\website\web\controllers\Web.php 25
ERROR - 2020-08-03 17:41:42 --> Severity: Warning --> Illegal string offset 'product_uploads' E:\xampp\htdocs\medi_shop_codeigniter_hmvc\application\modules\website\web\controllers\Web.php 26
ERROR - 2020-08-03 17:41:42 --> Severity: Warning --> Illegal string offset 'page' E:\xampp\htdocs\medi_shop_codeigniter_hmvc\application\modules\website\web\controllers\Web.php 27
ERROR - 2020-08-03 17:41:42 --> Severity: Warning --> Illegal string offset 'islogin' E:\xampp\htdocs\medi_shop_codeigniter_hmvc\application\modules\website\web\controllers\Web.php 30
ERROR - 2020-08-03 17:41:42 --> Severity: Warning --> Cannot assign an empty string to a string offset E:\xampp\htdocs\medi_shop_codeigniter_hmvc\application\modules\website\web\controllers\Web.php 30
ERROR - 2020-08-03 17:41:42 --> Severity: Warning --> Illegal string offset 'full_name' E:\xampp\htdocs\medi_shop_codeigniter_hmvc\application\modules\website\web\controllers\Web.php 31
ERROR - 2020-08-03 17:41:42 --> Severity: Warning --> Cannot assign an empty string to a string offset E:\xampp\htdocs\medi_shop_codeigniter_hmvc\application\modules\website\web\controllers\Web.php 31
ERROR - 2020-08-03 17:41:42 --> Severity: Notice --> Undefined variable: page E:\xampp\htdocs\medi_shop_codeigniter_hmvc\application\modules\website\web\views\sections\header.php 34
ERROR - 2020-08-03 17:41:42 --> Severity: Notice --> Undefined variable: islogin E:\xampp\htdocs\medi_shop_codeigniter_hmvc\application\modules\website\web\views\sections\header.php 174
ERROR - 2020-08-03 17:41:42 --> Severity: Notice --> Undefined variable: islogin E:\xampp\htdocs\medi_shop_codeigniter_hmvc\application\modules\website\web\views\sections\header.php 354
DEBUG - 2020-08-03 17:41:42 --> File loaded: E:\xampp\htdocs\medi_shop_codeigniter_hmvc\application\modules/website/web/views/sections/header.php
DEBUG - 2020-08-03 17:41:42 --> File loaded: E:\xampp\htdocs\medi_shop_codeigniter_hmvc\application\modules/website/web/views/sections/modals.php
ERROR - 2020-08-03 17:41:42 --> Severity: Warning --> Cannot modify header information - headers already sent by (output started at E:\xampp\htdocs\medi_shop_codeigniter_hmvc\system\core\Exceptions.php:271) E:\xampp\htdocs\medi_shop_codeigniter_hmvc\system\core\Common.php 570
INFO - 2020-08-03 17:41:43 --> Config Class Initialized
INFO - 2020-08-03 17:41:43 --> Hooks Class Initialized
DEBUG - 2020-08-03 17:41:43 --> UTF-8 Support Enabled
INFO - 2020-08-03 17:41:43 --> Utf8 Class Initialized
INFO - 2020-08-03 17:41:43 --> URI Class Initialized
INFO - 2020-08-03 17:41:43 --> Router Class Initialized
INFO - 2020-08-03 17:41:43 --> Output Class Initialized
INFO - 2020-08-03 17:41:43 --> Security Class Initialized
DEBUG - 2020-08-03 17:41:43 --> Global POST, GET and COOKIE data sanitized
INFO - 2020-08-03 17:41:43 --> Input Class Initialized
INFO - 2020-08-03 17:41:43 --> Language Class Initialized
INFO - 2020-08-03 17:41:43 --> Language Class Initialized
INFO - 2020-08-03 17:41:43 --> Config Class Initialized
INFO - 2020-08-03 17:41:44 --> Loader Class Initialized
DEBUG - 2020-08-03 17:41:44 --> Config file loaded: E:\xampp\htdocs\medi_shop_codeigniter_hmvc\application\config/rest.php
INFO - 2020-08-03 17:41:44 --> Helper loaded: url_helper
INFO - 2020-08-03 17:41:44 --> Helper loaded: form_helper
INFO - 2020-08-03 17:41:44 --> Helper loaded: adminurl_helper
INFO - 2020-08-03 17:41:44 --> Helper loaded: site_helper
INFO - 2020-08-03 17:41:44 --> Helper loaded: directory_helper
INFO - 2020-08-03 17:41:44 --> Language file loaded: language/english/api_lang.php
INFO - 2020-08-03 17:41:44 --> Database Driver Class Initialized
INFO - 2020-08-03 17:41:44 --> Email Class Initialized
DEBUG - 2020-08-03 17:41:44 --> Session: "sess_save_path" is empty; using "session.save_path" value from php.ini.
INFO - 2020-08-03 17:41:44 --> Session: Class initialized using 'files' driver.
INFO - 2020-08-03 17:41:44 --> Form Validation Class Initialized
INFO - 2020-08-03 17:41:45 --> Controller Class Initialized
DEBUG - 2020-08-03 17:41:45 --> Web MX_Controller Initialized
DEBUG - 2020-08-03 17:41:45 --> File loaded: E:\xampp\htdocs\medi_shop_codeigniter_hmvc\application\modules/website/web/models/Public_users_m.php
ERROR - 2020-08-03 17:41:45 --> Severity: Warning --> Illegal string offset 'shopsByPlaceId' E:\xampp\htdocs\medi_shop_codeigniter_hmvc\application\modules\website\web\controllers\Web.php 19
ERROR - 2020-08-03 17:41:45 --> Severity: Warning --> Cannot assign an empty string to a string offset E:\xampp\htdocs\medi_shop_codeigniter_hmvc\application\modules\website\web\controllers\Web.php 19
ERROR - 2020-08-03 17:41:45 --> Severity: Warning --> Illegal string offset 'currentServerTime' E:\xampp\htdocs\medi_shop_codeigniter_hmvc\application\modules\website\web\controllers\Web.php 25
ERROR - 2020-08-03 17:41:45 --> Severity: Warning --> Illegal string offset 'product_uploads' E:\xampp\htdocs\medi_shop_codeigniter_hmvc\application\modules\website\web\controllers\Web.php 26
ERROR - 2020-08-03 17:41:45 --> Severity: Warning --> Illegal string offset 'page' E:\xampp\htdocs\medi_shop_codeigniter_hmvc\application\modules\website\web\controllers\Web.php 27
ERROR - 2020-08-03 17:41:45 --> Severity: Warning --> Illegal string offset 'islogin' E:\xampp\htdocs\medi_shop_codeigniter_hmvc\application\modules\website\web\controllers\Web.php 30
ERROR - 2020-08-03 17:41:45 --> Severity: Warning --> Cannot assign an empty string to a string offset E:\xampp\htdocs\medi_shop_codeigniter_hmvc\application\modules\website\web\controllers\Web.php 30
ERROR - 2020-08-03 17:41:45 --> Severity: Warning --> Illegal string offset 'full_name' E:\xampp\htdocs\medi_shop_codeigniter_hmvc\application\modules\website\web\controllers\Web.php 31
ERROR - 2020-08-03 17:41:45 --> Severity: Warning --> Cannot assign an empty string to a string offset E:\xampp\htdocs\medi_shop_codeigniter_hmvc\application\modules\website\web\controllers\Web.php 31
ERROR - 2020-08-03 17:41:45 --> Severity: Notice --> Undefined variable: page E:\xampp\htdocs\medi_shop_codeigniter_hmvc\application\modules\website\web\views\sections\header.php 34
ERROR - 2020-08-03 17:41:45 --> Severity: Notice --> Undefined variable: islogin E:\xampp\htdocs\medi_shop_codeigniter_hmvc\application\modules\website\web\views\sections\header.php 174
ERROR - 2020-08-03 17:41:45 --> Severity: Notice --> Undefined variable: islogin E:\xampp\htdocs\medi_shop_codeigniter_hmvc\application\modules\website\web\views\sections\header.php 354
DEBUG - 2020-08-03 17:41:45 --> File loaded: E:\xampp\htdocs\medi_shop_codeigniter_hmvc\application\modules/website/web/views/sections/header.php
DEBUG - 2020-08-03 17:41:46 --> File loaded: E:\xampp\htdocs\medi_shop_codeigniter_hmvc\application\modules/website/web/views/sections/modals.php
ERROR - 2020-08-03 17:41:46 --> Severity: Warning --> Cannot modify header information - headers already sent by (output started at E:\xampp\htdocs\medi_shop_codeigniter_hmvc\system\core\Exceptions.php:271) E:\xampp\htdocs\medi_shop_codeigniter_hmvc\system\core\Common.php 570
INFO - 2020-08-03 17:41:46 --> Config Class Initialized
INFO - 2020-08-03 17:41:46 --> Hooks Class Initialized
DEBUG - 2020-08-03 17:41:46 --> UTF-8 Support Enabled
INFO - 2020-08-03 17:41:46 --> Utf8 Class Initialized
INFO - 2020-08-03 17:41:46 --> URI Class Initialized
INFO - 2020-08-03 17:41:46 --> Router Class Initialized
INFO - 2020-08-03 17:41:46 --> Output Class Initialized
INFO - 2020-08-03 17:41:47 --> Security Class Initialized
DEBUG - 2020-08-03 17:41:47 --> Global POST, GET and COOKIE data sanitized
INFO - 2020-08-03 17:41:47 --> Input Class Initialized
INFO - 2020-08-03 17:41:47 --> Language Class Initialized
INFO - 2020-08-03 17:41:47 --> Language Class Initialized
INFO - 2020-08-03 17:41:47 --> Config Class Initialized
INFO - 2020-08-03 17:41:47 --> Loader Class Initialized
DEBUG - 2020-08-03 17:41:47 --> Config file loaded: E:\xampp\htdocs\medi_shop_codeigniter_hmvc\application\config/rest.php
INFO - 2020-08-03 17:41:47 --> Helper loaded: url_helper
INFO - 2020-08-03 17:41:47 --> Helper loaded: form_helper
INFO - 2020-08-03 17:41:47 --> Helper loaded: adminurl_helper
INFO - 2020-08-03 17:41:47 --> Helper loaded: site_helper
INFO - 2020-08-03 17:41:47 --> Helper loaded: directory_helper
INFO - 2020-08-03 17:41:47 --> Language file loaded: language/english/api_lang.php
INFO - 2020-08-03 17:41:47 --> Database Driver Class Initialized
INFO - 2020-08-03 17:41:48 --> Email Class Initialized
DEBUG - 2020-08-03 17:41:48 --> Session: "sess_save_path" is empty; using "session.save_path" value from php.ini.
INFO - 2020-08-03 17:41:48 --> Session: Class initialized using 'files' driver.
INFO - 2020-08-03 17:41:48 --> Form Validation Class Initialized
INFO - 2020-08-03 17:41:48 --> Controller Class Initialized
DEBUG - 2020-08-03 17:41:48 --> Web MX_Controller Initialized
DEBUG - 2020-08-03 17:41:48 --> File loaded: E:\xampp\htdocs\medi_shop_codeigniter_hmvc\application\modules/website/web/models/Public_users_m.php
ERROR - 2020-08-03 17:41:48 --> Severity: Warning --> Illegal string offset 'shopsByPlaceId' E:\xampp\htdocs\medi_shop_codeigniter_hmvc\application\modules\website\web\controllers\Web.php 19
ERROR - 2020-08-03 17:41:48 --> Severity: Warning --> Cannot assign an empty string to a string offset E:\xampp\htdocs\medi_shop_codeigniter_hmvc\application\modules\website\web\controllers\Web.php 19
ERROR - 2020-08-03 17:41:48 --> Severity: Warning --> Illegal string offset 'currentServerTime' E:\xampp\htdocs\medi_shop_codeigniter_hmvc\application\modules\website\web\controllers\Web.php 25
ERROR - 2020-08-03 17:41:48 --> Severity: Warning --> Illegal string offset 'product_uploads' E:\xampp\htdocs\medi_shop_codeigniter_hmvc\application\modules\website\web\controllers\Web.php 26
ERROR - 2020-08-03 17:41:48 --> Severity: Warning --> Illegal string offset 'page' E:\xampp\htdocs\medi_shop_codeigniter_hmvc\application\modules\website\web\controllers\Web.php 27
ERROR - 2020-08-03 17:41:48 --> Severity: Warning --> Illegal string offset 'islogin' E:\xampp\htdocs\medi_shop_codeigniter_hmvc\application\modules\website\web\controllers\Web.php 30
ERROR - 2020-08-03 17:41:48 --> Severity: Warning --> Cannot assign an empty string to a string offset E:\xampp\htdocs\medi_shop_codeigniter_hmvc\application\modules\website\web\controllers\Web.php 30
ERROR - 2020-08-03 17:41:48 --> Severity: Warning --> Illegal string offset 'full_name' E:\xampp\htdocs\medi_shop_codeigniter_hmvc\application\modules\website\web\controllers\Web.php 31
ERROR - 2020-08-03 17:41:48 --> Severity: Warning --> Cannot assign an empty string to a string offset E:\xampp\htdocs\medi_shop_codeigniter_hmvc\application\modules\website\web\controllers\Web.php 31
ERROR - 2020-08-03 17:41:49 --> Severity: Notice --> Undefined variable: page E:\xampp\htdocs\medi_shop_codeigniter_hmvc\application\modules\website\web\views\sections\header.php 34
ERROR - 2020-08-03 17:41:49 --> Severity: Notice --> Undefined variable: islogin E:\xampp\htdocs\medi_shop_codeigniter_hmvc\application\modules\website\web\views\sections\header.php 174
ERROR - 2020-08-03 17:41:49 --> Severity: Notice --> Undefined variable: islogin E:\xampp\htdocs\medi_shop_codeigniter_hmvc\application\modules\website\web\views\sections\header.php 354
DEBUG - 2020-08-03 17:41:49 --> File loaded: E:\xampp\htdocs\medi_shop_codeigniter_hmvc\application\modules/website/web/views/sections/header.php
DEBUG - 2020-08-03 17:41:49 --> File loaded: E:\xampp\htdocs\medi_shop_codeigniter_hmvc\application\modules/website/web/views/sections/modals.php
ERROR - 2020-08-03 17:41:49 --> Severity: Warning --> Cannot modify header information - headers already sent by (output started at E:\xampp\htdocs\medi_shop_codeigniter_hmvc\system\core\Exceptions.php:271) E:\xampp\htdocs\medi_shop_codeigniter_hmvc\system\core\Common.php 570
INFO - 2020-08-03 17:41:49 --> Final output sent to browser
DEBUG - 2020-08-03 17:41:49 --> Total execution time: 23.8672
INFO - 2020-08-03 17:41:49 --> Session: Class initialized using 'files' driver.
INFO - 2020-08-03 17:41:50 --> Form Validation Class Initialized
INFO - 2020-08-03 17:41:50 --> Controller Class Initialized
DEBUG - 2020-08-03 17:41:50 --> Public_users MX_Controller Initialized
DEBUG - 2020-08-03 17:41:50 --> File loaded: E:\xampp\htdocs\medi_shop_codeigniter_hmvc\application\modules/website/web/models/Public_users_m.php
INFO - 2020-08-03 17:41:50 --> Final output sent to browser
DEBUG - 2020-08-03 17:41:50 --> Total execution time: 24.8072
INFO - 2020-08-03 17:41:50 --> Session: Class initialized using 'files' driver.
INFO - 2020-08-03 17:41:51 --> Form Validation Class Initialized
INFO - 2020-08-03 17:41:51 --> Controller Class Initialized
DEBUG - 2020-08-03 17:41:51 --> Orders MX_Controller Initialized
DEBUG - 2020-08-03 17:41:51 --> File loaded: E:\xampp\htdocs\medi_shop_codeigniter_hmvc\application\controllers/../modules/website/web/controllers/Web.php
DEBUG - 2020-08-03 17:41:51 --> Web MX_Controller Initialized
DEBUG - 2020-08-03 17:41:51 --> File loaded: E:\xampp\htdocs\medi_shop_codeigniter_hmvc\application\modules/website/web/models/Public_users_m.php
DEBUG - 2020-08-03 17:41:51 --> File loaded: E:\xampp\htdocs\medi_shop_codeigniter_hmvc\application\modules/website/orders/models/Order_management.php
DEBUG - 2020-08-03 17:41:51 --> File already loaded: E:\xampp\htdocs\medi_shop_codeigniter_hmvc\application\modules/website/web/models/Public_users_m.php
ERROR - 2020-08-03 17:41:51 --> Severity: Notice --> Undefined index: public_userid E:\xampp\htdocs\medi_shop_codeigniter_hmvc\application\modules\website\orders\controllers\Orders.php 932
ERROR - 2020-08-03 17:41:51 --> Severity: Notice --> Trying to get property 'place' of non-object E:\xampp\htdocs\medi_shop_codeigniter_hmvc\application\modules\website\orders\controllers\Orders.php 933
ERROR - 2020-08-03 17:41:51 --> Severity: Warning --> Creating default object from empty value E:\xampp\htdocs\medi_shop_codeigniter_hmvc\application\modules\website\orders\controllers\Orders.php 935
INFO - 2020-08-03 17:41:51 --> Final output sent to browser
DEBUG - 2020-08-03 17:41:51 --> Total execution time: 26.0885
INFO - 2020-08-03 17:42:57 --> Config Class Initialized
INFO - 2020-08-03 17:42:57 --> Hooks Class Initialized
DEBUG - 2020-08-03 17:42:57 --> UTF-8 Support Enabled
INFO - 2020-08-03 17:42:57 --> Utf8 Class Initialized
INFO - 2020-08-03 17:42:57 --> URI Class Initialized
INFO - 2020-08-03 17:42:58 --> Router Class Initialized
INFO - 2020-08-03 17:42:58 --> Output Class Initialized
INFO - 2020-08-03 17:42:58 --> Security Class Initialized
DEBUG - 2020-08-03 17:42:58 --> Global POST, GET and COOKIE data sanitized
INFO - 2020-08-03 17:42:58 --> Input Class Initialized
INFO - 2020-08-03 17:42:58 --> Language Class Initialized
INFO - 2020-08-03 17:42:58 --> Language Class Initialized
INFO - 2020-08-03 17:42:58 --> Config Class Initialized
INFO - 2020-08-03 17:42:58 --> Loader Class Initialized
DEBUG - 2020-08-03 17:42:58 --> Config file loaded: E:\xampp\htdocs\medi_shop_codeigniter_hmvc\application\config/rest.php
INFO - 2020-08-03 17:42:58 --> Helper loaded: url_helper
INFO - 2020-08-03 17:42:58 --> Helper loaded: form_helper
INFO - 2020-08-03 17:42:58 --> Helper loaded: adminurl_helper
INFO - 2020-08-03 17:42:58 --> Helper loaded: site_helper
INFO - 2020-08-03 17:42:59 --> Helper loaded: directory_helper
INFO - 2020-08-03 17:42:59 --> Language file loaded: language/english/api_lang.php
INFO - 2020-08-03 17:42:59 --> Database Driver Class Initialized
INFO - 2020-08-03 17:42:59 --> Email Class Initialized
DEBUG - 2020-08-03 17:42:59 --> Session: "sess_save_path" is empty; using "session.save_path" value from php.ini.
INFO - 2020-08-03 17:42:59 --> Session: Class initialized using 'files' driver.
INFO - 2020-08-03 17:42:59 --> Form Validation Class Initialized
INFO - 2020-08-03 17:42:59 --> Controller Class Initialized
DEBUG - 2020-08-03 17:42:59 --> Web MX_Controller Initialized
DEBUG - 2020-08-03 17:42:59 --> File loaded: E:\xampp\htdocs\medi_shop_codeigniter_hmvc\application\modules/website/web/models/Public_users_m.php
DEBUG - 2020-08-03 17:42:59 --> File loaded: E:\xampp\htdocs\medi_shop_codeigniter_hmvc\application\modules/website/web/views/sections/header.php
DEBUG - 2020-08-03 17:42:59 --> File loaded: E:\xampp\htdocs\medi_shop_codeigniter_hmvc\application\modules/website/web/views/sections/modals.php
DEBUG - 2020-08-03 17:42:59 --> File loaded: E:\xampp\htdocs\medi_shop_codeigniter_hmvc\application\modules/website/web/views/home.php
DEBUG - 2020-08-03 17:42:59 --> File loaded: E:\xampp\htdocs\medi_shop_codeigniter_hmvc\application\modules/website/web/views/sections/search_all.php
DEBUG - 2020-08-03 17:43:00 --> File loaded: E:\xampp\htdocs\medi_shop_codeigniter_hmvc\application\modules/website/web/views/sections/js.php
DEBUG - 2020-08-03 17:43:00 --> File loaded: E:\xampp\htdocs\medi_shop_codeigniter_hmvc\application\modules/website/web/views/sections/footer.php
INFO - 2020-08-03 17:43:00 --> Final output sent to browser
DEBUG - 2020-08-03 17:43:00 --> Total execution time: 2.5343
INFO - 2020-08-03 17:43:02 --> Config Class Initialized
INFO - 2020-08-03 17:43:02 --> Hooks Class Initialized
DEBUG - 2020-08-03 17:43:02 --> UTF-8 Support Enabled
INFO - 2020-08-03 17:43:03 --> Utf8 Class Initialized
INFO - 2020-08-03 17:43:03 --> URI Class Initialized
INFO - 2020-08-03 17:43:03 --> Router Class Initialized
INFO - 2020-08-03 17:43:03 --> Output Class Initialized
INFO - 2020-08-03 17:43:03 --> Security Class Initialized
DEBUG - 2020-08-03 17:43:03 --> Global POST, GET and COOKIE data sanitized
INFO - 2020-08-03 17:43:04 --> Input Class Initialized
INFO - 2020-08-03 17:43:04 --> Language Class Initialized
INFO - 2020-08-03 17:43:04 --> Language Class Initialized
INFO - 2020-08-03 17:43:04 --> Config Class Initialized
INFO - 2020-08-03 17:43:04 --> Loader Class Initialized
DEBUG - 2020-08-03 17:43:04 --> Config file loaded: E:\xampp\htdocs\medi_shop_codeigniter_hmvc\application\config/rest.php
INFO - 2020-08-03 17:43:04 --> Helper loaded: url_helper
INFO - 2020-08-03 17:43:04 --> Helper loaded: form_helper
INFO - 2020-08-03 17:43:04 --> Helper loaded: adminurl_helper
INFO - 2020-08-03 17:43:04 --> Helper loaded: site_helper
INFO - 2020-08-03 17:43:04 --> Helper loaded: directory_helper
INFO - 2020-08-03 17:43:04 --> Language file loaded: language/english/api_lang.php
INFO - 2020-08-03 17:43:05 --> Database Driver Class Initialized
INFO - 2020-08-03 17:43:05 --> Email Class Initialized
DEBUG - 2020-08-03 17:43:05 --> Session: "sess_save_path" is empty; using "session.save_path" value from php.ini.
INFO - 2020-08-03 17:43:05 --> Session: Class initialized using 'files' driver.
INFO - 2020-08-03 17:43:05 --> Form Validation Class Initialized
INFO - 2020-08-03 17:43:05 --> Controller Class Initialized
DEBUG - 2020-08-03 17:43:05 --> Orders MX_Controller Initialized
DEBUG - 2020-08-03 17:43:05 --> File loaded: E:\xampp\htdocs\medi_shop_codeigniter_hmvc\application\controllers/../modules/website/web/controllers/Web.php
DEBUG - 2020-08-03 17:43:05 --> Web MX_Controller Initialized
DEBUG - 2020-08-03 17:43:05 --> File loaded: E:\xampp\htdocs\medi_shop_codeigniter_hmvc\application\modules/website/web/models/Public_users_m.php
DEBUG - 2020-08-03 17:43:05 --> File loaded: E:\xampp\htdocs\medi_shop_codeigniter_hmvc\application\modules/website/orders/models/Order_management.php
DEBUG - 2020-08-03 17:43:05 --> File already loaded: E:\xampp\htdocs\medi_shop_codeigniter_hmvc\application\modules/website/web/models/Public_users_m.php
ERROR - 2020-08-03 17:43:05 --> Severity: Notice --> Undefined index: public_userid E:\xampp\htdocs\medi_shop_codeigniter_hmvc\application\modules\website\orders\controllers\Orders.php 932
ERROR - 2020-08-03 17:43:05 --> Severity: Notice --> Trying to get property 'place' of non-object E:\xampp\htdocs\medi_shop_codeigniter_hmvc\application\modules\website\orders\controllers\Orders.php 933
ERROR - 2020-08-03 17:43:06 --> Severity: Warning --> Creating default object from empty value E:\xampp\htdocs\medi_shop_codeigniter_hmvc\application\modules\website\orders\controllers\Orders.php 935
INFO - 2020-08-03 17:43:06 --> Final output sent to browser
DEBUG - 2020-08-03 17:43:06 --> Total execution time: 4.2764
INFO - 2020-08-03 17:44:33 --> Config Class Initialized
INFO - 2020-08-03 17:44:33 --> Hooks Class Initialized
DEBUG - 2020-08-03 17:44:33 --> UTF-8 Support Enabled
INFO - 2020-08-03 17:44:33 --> Utf8 Class Initialized
INFO - 2020-08-03 17:44:34 --> URI Class Initialized
INFO - 2020-08-03 17:44:34 --> Router Class Initialized
INFO - 2020-08-03 17:44:34 --> Output Class Initialized
INFO - 2020-08-03 17:44:34 --> Security Class Initialized
DEBUG - 2020-08-03 17:44:34 --> Global POST, GET and COOKIE data sanitized
INFO - 2020-08-03 17:44:34 --> Input Class Initialized
INFO - 2020-08-03 17:44:34 --> Language Class Initialized
INFO - 2020-08-03 17:44:34 --> Language Class Initialized
INFO - 2020-08-03 17:44:34 --> Config Class Initialized
INFO - 2020-08-03 17:44:34 --> Loader Class Initialized
DEBUG - 2020-08-03 17:44:34 --> Config file loaded: E:\xampp\htdocs\medi_shop_codeigniter_hmvc\application\config/rest.php
INFO - 2020-08-03 17:44:34 --> Helper loaded: url_helper
INFO - 2020-08-03 17:44:34 --> Helper loaded: form_helper
INFO - 2020-08-03 17:44:34 --> Helper loaded: adminurl_helper
INFO - 2020-08-03 17:44:35 --> Helper loaded: site_helper
INFO - 2020-08-03 17:44:35 --> Helper loaded: directory_helper
INFO - 2020-08-03 17:44:35 --> Language file loaded: language/english/api_lang.php
INFO - 2020-08-03 17:44:35 --> Database Driver Class Initialized
INFO - 2020-08-03 17:44:35 --> Email Class Initialized
DEBUG - 2020-08-03 17:44:35 --> Session: "sess_save_path" is empty; using "session.save_path" value from php.ini.
INFO - 2020-08-03 17:44:35 --> Session: Class initialized using 'files' driver.
INFO - 2020-08-03 17:44:35 --> Form Validation Class Initialized
INFO - 2020-08-03 17:44:35 --> Controller Class Initialized
DEBUG - 2020-08-03 17:44:35 --> Web MX_Controller Initialized
DEBUG - 2020-08-03 17:44:35 --> File loaded: E:\xampp\htdocs\medi_shop_codeigniter_hmvc\application\modules/website/web/models/Public_users_m.php
DEBUG - 2020-08-03 17:44:35 --> File loaded: E:\xampp\htdocs\medi_shop_codeigniter_hmvc\application\modules/website/web/views/sections/header.php
DEBUG - 2020-08-03 17:44:35 --> File loaded: E:\xampp\htdocs\medi_shop_codeigniter_hmvc\application\modules/website/web/views/sections/modals.php
DEBUG - 2020-08-03 17:44:35 --> File loaded: E:\xampp\htdocs\medi_shop_codeigniter_hmvc\application\modules/website/web/views/home.php
DEBUG - 2020-08-03 17:44:35 --> File loaded: E:\xampp\htdocs\medi_shop_codeigniter_hmvc\application\modules/website/web/views/sections/search_all.php
DEBUG - 2020-08-03 17:44:36 --> File loaded: E:\xampp\htdocs\medi_shop_codeigniter_hmvc\application\modules/website/web/views/sections/js.php
DEBUG - 2020-08-03 17:44:36 --> File loaded: E:\xampp\htdocs\medi_shop_codeigniter_hmvc\application\modules/website/web/views/sections/footer.php
INFO - 2020-08-03 17:44:36 --> Final output sent to browser
DEBUG - 2020-08-03 17:44:36 --> Total execution time: 2.4303
INFO - 2020-08-03 17:44:37 --> Config Class Initialized
INFO - 2020-08-03 17:44:37 --> Hooks Class Initialized
DEBUG - 2020-08-03 17:44:38 --> UTF-8 Support Enabled
INFO - 2020-08-03 17:44:38 --> Utf8 Class Initialized
INFO - 2020-08-03 17:44:38 --> URI Class Initialized
INFO - 2020-08-03 17:44:38 --> Router Class Initialized
INFO - 2020-08-03 17:44:38 --> Output Class Initialized
INFO - 2020-08-03 17:44:38 --> Security Class Initialized
DEBUG - 2020-08-03 17:44:38 --> Global POST, GET and COOKIE data sanitized
INFO - 2020-08-03 17:44:38 --> Input Class Initialized
INFO - 2020-08-03 17:44:38 --> Language Class Initialized
INFO - 2020-08-03 17:44:38 --> Language Class Initialized
INFO - 2020-08-03 17:44:38 --> Config Class Initialized
INFO - 2020-08-03 17:44:38 --> Loader Class Initialized
DEBUG - 2020-08-03 17:44:38 --> Config file loaded: E:\xampp\htdocs\medi_shop_codeigniter_hmvc\application\config/rest.php
INFO - 2020-08-03 17:44:38 --> Helper loaded: url_helper
INFO - 2020-08-03 17:44:38 --> Helper loaded: form_helper
INFO - 2020-08-03 17:44:38 --> Helper loaded: adminurl_helper
INFO - 2020-08-03 17:44:39 --> Helper loaded: site_helper
INFO - 2020-08-03 17:44:39 --> Helper loaded: directory_helper
INFO - 2020-08-03 17:44:39 --> Language file loaded: language/english/api_lang.php
INFO - 2020-08-03 17:44:39 --> Database Driver Class Initialized
INFO - 2020-08-03 17:44:39 --> Email Class Initialized
DEBUG - 2020-08-03 17:44:39 --> Session: "sess_save_path" is empty; using "session.save_path" value from php.ini.
INFO - 2020-08-03 17:44:39 --> Session: Class initialized using 'files' driver.
INFO - 2020-08-03 17:44:39 --> Form Validation Class Initialized
INFO - 2020-08-03 17:44:39 --> Controller Class Initialized
DEBUG - 2020-08-03 17:44:39 --> Web MX_Controller Initialized
DEBUG - 2020-08-03 17:44:39 --> File loaded: E:\xampp\htdocs\medi_shop_codeigniter_hmvc\application\modules/website/web/models/Public_users_m.php
DEBUG - 2020-08-03 17:44:39 --> File loaded: E:\xampp\htdocs\medi_shop_codeigniter_hmvc\application\modules/website/web/views/sections/header.php
DEBUG - 2020-08-03 17:44:40 --> File loaded: E:\xampp\htdocs\medi_shop_codeigniter_hmvc\application\modules/website/web/views/sections/modals.php
DEBUG - 2020-08-03 17:44:40 --> File loaded: E:\xampp\htdocs\medi_shop_codeigniter_hmvc\application\modules/website/web/views/home.php
DEBUG - 2020-08-03 17:44:40 --> File loaded: E:\xampp\htdocs\medi_shop_codeigniter_hmvc\application\modules/website/web/views/sections/search_all.php
DEBUG - 2020-08-03 17:44:40 --> File loaded: E:\xampp\htdocs\medi_shop_codeigniter_hmvc\application\modules/website/web/views/sections/js.php
DEBUG - 2020-08-03 17:44:40 --> File loaded: E:\xampp\htdocs\medi_shop_codeigniter_hmvc\application\modules/website/web/views/sections/footer.php
INFO - 2020-08-03 17:44:40 --> Final output sent to browser
DEBUG - 2020-08-03 17:44:40 --> Total execution time: 2.4977
INFO - 2020-08-03 17:44:42 --> Config Class Initialized
INFO - 2020-08-03 17:44:43 --> Hooks Class Initialized
DEBUG - 2020-08-03 17:44:43 --> UTF-8 Support Enabled
INFO - 2020-08-03 17:44:43 --> Utf8 Class Initialized
INFO - 2020-08-03 17:44:43 --> URI Class Initialized
INFO - 2020-08-03 17:44:43 --> Router Class Initialized
INFO - 2020-08-03 17:44:43 --> Output Class Initialized
INFO - 2020-08-03 17:44:43 --> Security Class Initialized
DEBUG - 2020-08-03 17:44:43 --> Global POST, GET and COOKIE data sanitized
INFO - 2020-08-03 17:44:43 --> Input Class Initialized
INFO - 2020-08-03 17:44:43 --> Language Class Initialized
INFO - 2020-08-03 17:44:44 --> Language Class Initialized
INFO - 2020-08-03 17:44:44 --> Config Class Initialized
INFO - 2020-08-03 17:44:44 --> Loader Class Initialized
DEBUG - 2020-08-03 17:44:44 --> Config file loaded: E:\xampp\htdocs\medi_shop_codeigniter_hmvc\application\config/rest.php
INFO - 2020-08-03 17:44:44 --> Helper loaded: url_helper
INFO - 2020-08-03 17:44:44 --> Helper loaded: form_helper
INFO - 2020-08-03 17:44:44 --> Helper loaded: adminurl_helper
INFO - 2020-08-03 17:44:44 --> Helper loaded: site_helper
INFO - 2020-08-03 17:44:44 --> Helper loaded: directory_helper
INFO - 2020-08-03 17:44:45 --> Language file loaded: language/english/api_lang.php
INFO - 2020-08-03 17:44:45 --> Database Driver Class Initialized
INFO - 2020-08-03 17:44:45 --> Email Class Initialized
DEBUG - 2020-08-03 17:44:45 --> Session: "sess_save_path" is empty; using "session.save_path" value from php.ini.
INFO - 2020-08-03 17:44:45 --> Session: Class initialized using 'files' driver.
INFO - 2020-08-03 17:44:45 --> Form Validation Class Initialized
INFO - 2020-08-03 17:44:45 --> Controller Class Initialized
DEBUG - 2020-08-03 17:44:45 --> Web MX_Controller Initialized
DEBUG - 2020-08-03 17:44:45 --> File loaded: E:\xampp\htdocs\medi_shop_codeigniter_hmvc\application\modules/website/web/models/Public_users_m.php
DEBUG - 2020-08-03 17:44:45 --> File loaded: E:\xampp\htdocs\medi_shop_codeigniter_hmvc\application\modules/website/web/views/sections/header.php
DEBUG - 2020-08-03 17:44:45 --> File loaded: E:\xampp\htdocs\medi_shop_codeigniter_hmvc\application\modules/website/web/views/sections/modals.php
DEBUG - 2020-08-03 17:44:45 --> File loaded: E:\xampp\htdocs\medi_shop_codeigniter_hmvc\application\modules/website/web/views/home.php
DEBUG - 2020-08-03 17:44:46 --> File loaded: E:\xampp\htdocs\medi_shop_codeigniter_hmvc\application\modules/website/web/views/sections/search_all.php
DEBUG - 2020-08-03 17:44:46 --> File loaded: E:\xampp\htdocs\medi_shop_codeigniter_hmvc\application\modules/website/web/views/sections/js.php
DEBUG - 2020-08-03 17:44:46 --> File loaded: E:\xampp\htdocs\medi_shop_codeigniter_hmvc\application\modules/website/web/views/sections/footer.php
INFO - 2020-08-03 17:44:46 --> Final output sent to browser
DEBUG - 2020-08-03 17:44:46 --> Total execution time: 3.4540
INFO - 2020-08-03 17:44:48 --> Config Class Initialized
INFO - 2020-08-03 17:44:48 --> Hooks Class Initialized
DEBUG - 2020-08-03 17:44:48 --> UTF-8 Support Enabled
INFO - 2020-08-03 17:44:48 --> Utf8 Class Initialized
INFO - 2020-08-03 17:44:48 --> URI Class Initialized
INFO - 2020-08-03 17:44:48 --> Router Class Initialized
INFO - 2020-08-03 17:44:48 --> Output Class Initialized
INFO - 2020-08-03 17:44:48 --> Security Class Initialized
DEBUG - 2020-08-03 17:44:48 --> Global POST, GET and COOKIE data sanitized
INFO - 2020-08-03 17:44:48 --> Input Class Initialized
INFO - 2020-08-03 17:44:48 --> Language Class Initialized
INFO - 2020-08-03 17:44:49 --> Language Class Initialized
INFO - 2020-08-03 17:44:49 --> Config Class Initialized
INFO - 2020-08-03 17:44:49 --> Loader Class Initialized
DEBUG - 2020-08-03 17:44:49 --> Config file loaded: E:\xampp\htdocs\medi_shop_codeigniter_hmvc\application\config/rest.php
INFO - 2020-08-03 17:44:49 --> Helper loaded: url_helper
INFO - 2020-08-03 17:44:49 --> Helper loaded: form_helper
INFO - 2020-08-03 17:44:49 --> Helper loaded: adminurl_helper
INFO - 2020-08-03 17:44:49 --> Helper loaded: site_helper
INFO - 2020-08-03 17:44:49 --> Helper loaded: directory_helper
INFO - 2020-08-03 17:44:49 --> Language file loaded: language/english/api_lang.php
INFO - 2020-08-03 17:44:49 --> Database Driver Class Initialized
INFO - 2020-08-03 17:44:49 --> Email Class Initialized
DEBUG - 2020-08-03 17:44:49 --> Session: "sess_save_path" is empty; using "session.save_path" value from php.ini.
INFO - 2020-08-03 17:44:49 --> Session: Class initialized using 'files' driver.
INFO - 2020-08-03 17:44:50 --> Form Validation Class Initialized
INFO - 2020-08-03 17:44:50 --> Controller Class Initialized
DEBUG - 2020-08-03 17:44:50 --> Orders MX_Controller Initialized
DEBUG - 2020-08-03 17:44:50 --> File loaded: E:\xampp\htdocs\medi_shop_codeigniter_hmvc\application\controllers/../modules/website/web/controllers/Web.php
DEBUG - 2020-08-03 17:44:50 --> Web MX_Controller Initialized
DEBUG - 2020-08-03 17:44:50 --> File loaded: E:\xampp\htdocs\medi_shop_codeigniter_hmvc\application\modules/website/web/models/Public_users_m.php
DEBUG - 2020-08-03 17:44:50 --> File loaded: E:\xampp\htdocs\medi_shop_codeigniter_hmvc\application\modules/website/orders/models/Order_management.php
DEBUG - 2020-08-03 17:44:50 --> File already loaded: E:\xampp\htdocs\medi_shop_codeigniter_hmvc\application\modules/website/web/models/Public_users_m.php
ERROR - 2020-08-03 17:44:50 --> Severity: Notice --> Undefined index: public_userid E:\xampp\htdocs\medi_shop_codeigniter_hmvc\application\modules\website\orders\controllers\Orders.php 932
ERROR - 2020-08-03 17:44:50 --> Severity: Notice --> Trying to get property 'place' of non-object E:\xampp\htdocs\medi_shop_codeigniter_hmvc\application\modules\website\orders\controllers\Orders.php 933
ERROR - 2020-08-03 17:44:50 --> Severity: Warning --> Creating default object from empty value E:\xampp\htdocs\medi_shop_codeigniter_hmvc\application\modules\website\orders\controllers\Orders.php 935
INFO - 2020-08-03 17:44:50 --> Final output sent to browser
DEBUG - 2020-08-03 17:44:50 --> Total execution time: 2.9678
INFO - 2020-08-03 17:47:15 --> Config Class Initialized
INFO - 2020-08-03 17:47:15 --> Hooks Class Initialized
DEBUG - 2020-08-03 17:47:16 --> UTF-8 Support Enabled
INFO - 2020-08-03 17:47:16 --> Utf8 Class Initialized
INFO - 2020-08-03 17:47:16 --> URI Class Initialized
INFO - 2020-08-03 17:47:16 --> Router Class Initialized
INFO - 2020-08-03 17:47:16 --> Output Class Initialized
INFO - 2020-08-03 17:47:16 --> Security Class Initialized
DEBUG - 2020-08-03 17:47:16 --> Global POST, GET and COOKIE data sanitized
INFO - 2020-08-03 17:47:16 --> Input Class Initialized
INFO - 2020-08-03 17:47:16 --> Language Class Initialized
INFO - 2020-08-03 17:47:16 --> Language Class Initialized
INFO - 2020-08-03 17:47:16 --> Config Class Initialized
INFO - 2020-08-03 17:47:16 --> Loader Class Initialized
DEBUG - 2020-08-03 17:47:16 --> Config file loaded: E:\xampp\htdocs\medi_shop_codeigniter_hmvc\application\config/rest.php
INFO - 2020-08-03 17:47:16 --> Helper loaded: url_helper
INFO - 2020-08-03 17:47:17 --> Helper loaded: form_helper
INFO - 2020-08-03 17:47:17 --> Helper loaded: adminurl_helper
INFO - 2020-08-03 17:47:17 --> Helper loaded: site_helper
INFO - 2020-08-03 17:47:17 --> Helper loaded: directory_helper
INFO - 2020-08-03 17:47:17 --> Language file loaded: language/english/api_lang.php
INFO - 2020-08-03 17:47:17 --> Database Driver Class Initialized
INFO - 2020-08-03 17:47:17 --> Email Class Initialized
DEBUG - 2020-08-03 17:47:17 --> Session: "sess_save_path" is empty; using "session.save_path" value from php.ini.
INFO - 2020-08-03 17:47:17 --> Session: Class initialized using 'files' driver.
INFO - 2020-08-03 17:47:17 --> Form Validation Class Initialized
INFO - 2020-08-03 17:47:17 --> Controller Class Initialized
DEBUG - 2020-08-03 17:47:17 --> Web MX_Controller Initialized
DEBUG - 2020-08-03 17:47:17 --> File loaded: E:\xampp\htdocs\medi_shop_codeigniter_hmvc\application\modules/website/web/models/Public_users_m.php
DEBUG - 2020-08-03 17:47:17 --> File loaded: E:\xampp\htdocs\medi_shop_codeigniter_hmvc\application\modules/website/web/views/sections/header.php
DEBUG - 2020-08-03 17:47:17 --> File loaded: E:\xampp\htdocs\medi_shop_codeigniter_hmvc\application\modules/website/web/views/sections/modals.php
DEBUG - 2020-08-03 17:47:18 --> File loaded: E:\xampp\htdocs\medi_shop_codeigniter_hmvc\application\modules/website/web/views/home.php
DEBUG - 2020-08-03 17:47:18 --> File loaded: E:\xampp\htdocs\medi_shop_codeigniter_hmvc\application\modules/website/web/views/sections/search_all.php
DEBUG - 2020-08-03 17:47:18 --> File loaded: E:\xampp\htdocs\medi_shop_codeigniter_hmvc\application\modules/website/web/views/sections/js.php
DEBUG - 2020-08-03 17:47:18 --> File loaded: E:\xampp\htdocs\medi_shop_codeigniter_hmvc\application\modules/website/web/views/sections/footer.php
INFO - 2020-08-03 17:47:18 --> Final output sent to browser
DEBUG - 2020-08-03 17:47:18 --> Total execution time: 2.3404
INFO - 2020-08-03 17:55:15 --> Config Class Initialized
INFO - 2020-08-03 17:55:15 --> Hooks Class Initialized
DEBUG - 2020-08-03 17:55:15 --> UTF-8 Support Enabled
INFO - 2020-08-03 17:55:15 --> Utf8 Class Initialized
INFO - 2020-08-03 17:55:15 --> URI Class Initialized
INFO - 2020-08-03 17:55:15 --> Router Class Initialized
INFO - 2020-08-03 17:55:15 --> Output Class Initialized
INFO - 2020-08-03 17:55:15 --> Security Class Initialized
DEBUG - 2020-08-03 17:55:15 --> Global POST, GET and COOKIE data sanitized
INFO - 2020-08-03 17:55:15 --> Input Class Initialized
INFO - 2020-08-03 17:55:15 --> Language Class Initialized
INFO - 2020-08-03 17:55:16 --> Language Class Initialized
INFO - 2020-08-03 17:55:16 --> Config Class Initialized
INFO - 2020-08-03 17:55:16 --> Loader Class Initialized
DEBUG - 2020-08-03 17:55:16 --> Config file loaded: E:\xampp\htdocs\medi_shop_codeigniter_hmvc\application\config/rest.php
INFO - 2020-08-03 17:55:16 --> Helper loaded: url_helper
INFO - 2020-08-03 17:55:16 --> Helper loaded: form_helper
INFO - 2020-08-03 17:55:16 --> Helper loaded: adminurl_helper
INFO - 2020-08-03 17:55:16 --> Helper loaded: site_helper
INFO - 2020-08-03 17:55:16 --> Helper loaded: directory_helper
INFO - 2020-08-03 17:55:17 --> Language file loaded: language/english/api_lang.php
INFO - 2020-08-03 17:55:17 --> Database Driver Class Initialized
INFO - 2020-08-03 17:55:17 --> Email Class Initialized
DEBUG - 2020-08-03 17:55:17 --> Session: "sess_save_path" is empty; using "session.save_path" value from php.ini.
INFO - 2020-08-03 17:55:17 --> Session: Class initialized using 'files' driver.
INFO - 2020-08-03 17:55:17 --> Form Validation Class Initialized
INFO - 2020-08-03 17:55:17 --> Controller Class Initialized
DEBUG - 2020-08-03 17:55:17 --> Web MX_Controller Initialized
DEBUG - 2020-08-03 17:55:17 --> File loaded: E:\xampp\htdocs\medi_shop_codeigniter_hmvc\application\modules/website/web/models/Public_users_m.php
DEBUG - 2020-08-03 17:55:17 --> File loaded: E:\xampp\htdocs\medi_shop_codeigniter_hmvc\application\modules/website/web/views/sections/header.php
DEBUG - 2020-08-03 17:55:17 --> File loaded: E:\xampp\htdocs\medi_shop_codeigniter_hmvc\application\modules/website/web/views/sections/modals.php
DEBUG - 2020-08-03 17:55:17 --> File loaded: E:\xampp\htdocs\medi_shop_codeigniter_hmvc\application\modules/website/web/views/home.php
DEBUG - 2020-08-03 17:55:18 --> File loaded: E:\xampp\htdocs\medi_shop_codeigniter_hmvc\application\modules/website/web/views/sections/search_all.php
DEBUG - 2020-08-03 17:55:18 --> File loaded: E:\xampp\htdocs\medi_shop_codeigniter_hmvc\application\modules/website/web/views/sections/js.php
DEBUG - 2020-08-03 17:55:18 --> File loaded: E:\xampp\htdocs\medi_shop_codeigniter_hmvc\application\modules/website/web/views/sections/footer.php
INFO - 2020-08-03 17:55:18 --> Final output sent to browser
DEBUG - 2020-08-03 17:55:18 --> Total execution time: 2.9498
INFO - 2020-08-03 18:29:37 --> Config Class Initialized
INFO - 2020-08-03 18:29:37 --> Hooks Class Initialized
DEBUG - 2020-08-03 18:29:38 --> UTF-8 Support Enabled
INFO - 2020-08-03 18:29:38 --> Utf8 Class Initialized
INFO - 2020-08-03 18:29:38 --> URI Class Initialized
INFO - 2020-08-03 18:29:38 --> Router Class Initialized
INFO - 2020-08-03 18:29:38 --> Output Class Initialized
INFO - 2020-08-03 18:29:38 --> Security Class Initialized
DEBUG - 2020-08-03 18:29:38 --> Global POST, GET and COOKIE data sanitized
INFO - 2020-08-03 18:29:38 --> Input Class Initialized
INFO - 2020-08-03 18:29:38 --> Config Class Initialized
INFO - 2020-08-03 18:29:38 --> Language Class Initialized
INFO - 2020-08-03 18:29:38 --> Language Class Initialized
INFO - 2020-08-03 18:29:38 --> Hooks Class Initialized
DEBUG - 2020-08-03 18:29:38 --> UTF-8 Support Enabled
INFO - 2020-08-03 18:29:38 --> Config Class Initialized
INFO - 2020-08-03 18:29:38 --> Loader Class Initialized
INFO - 2020-08-03 18:29:38 --> Utf8 Class Initialized
INFO - 2020-08-03 18:29:39 --> URI Class Initialized
DEBUG - 2020-08-03 18:29:39 --> Config file loaded: E:\xampp\htdocs\medi_shop_codeigniter_hmvc\application\config/rest.php
INFO - 2020-08-03 18:29:39 --> Helper loaded: url_helper
INFO - 2020-08-03 18:29:39 --> Router Class Initialized
INFO - 2020-08-03 18:29:39 --> Output Class Initialized
INFO - 2020-08-03 18:29:39 --> Helper loaded: form_helper
INFO - 2020-08-03 18:29:39 --> Security Class Initialized
INFO - 2020-08-03 18:29:39 --> Helper loaded: adminurl_helper
INFO - 2020-08-03 18:29:39 --> Helper loaded: site_helper
DEBUG - 2020-08-03 18:29:39 --> Global POST, GET and COOKIE data sanitized
INFO - 2020-08-03 18:29:39 --> Helper loaded: directory_helper
INFO - 2020-08-03 18:29:39 --> Input Class Initialized
INFO - 2020-08-03 18:29:39 --> Language Class Initialized
INFO - 2020-08-03 18:29:39 --> Language file loaded: language/english/api_lang.php
INFO - 2020-08-03 18:29:39 --> Language Class Initialized
INFO - 2020-08-03 18:29:39 --> Database Driver Class Initialized
INFO - 2020-08-03 18:29:39 --> Config Class Initialized
INFO - 2020-08-03 18:29:39 --> Email Class Initialized
DEBUG - 2020-08-03 18:29:39 --> Session: "sess_save_path" is empty; using "session.save_path" value from php.ini.
INFO - 2020-08-03 18:29:39 --> Loader Class Initialized
INFO - 2020-08-03 18:29:40 --> Session: Class initialized using 'files' driver.
DEBUG - 2020-08-03 18:29:40 --> Config file loaded: E:\xampp\htdocs\medi_shop_codeigniter_hmvc\application\config/rest.php
INFO - 2020-08-03 18:29:40 --> Form Validation Class Initialized
INFO - 2020-08-03 18:29:40 --> Helper loaded: url_helper
INFO - 2020-08-03 18:29:40 --> Helper loaded: form_helper
INFO - 2020-08-03 18:29:40 --> Controller Class Initialized
DEBUG - 2020-08-03 18:29:40 --> Web MX_Controller Initialized
INFO - 2020-08-03 18:29:40 --> Helper loaded: adminurl_helper
DEBUG - 2020-08-03 18:29:40 --> File loaded: E:\xampp\htdocs\medi_shop_codeigniter_hmvc\application\modules/website/web/models/Public_users_m.php
INFO - 2020-08-03 18:29:40 --> Helper loaded: site_helper
INFO - 2020-08-03 18:29:40 --> Helper loaded: directory_helper
DEBUG - 2020-08-03 18:29:40 --> File loaded: E:\xampp\htdocs\medi_shop_codeigniter_hmvc\application\modules/website/web/views/sections/header.php
INFO - 2020-08-03 18:29:40 --> Language file loaded: language/english/api_lang.php
DEBUG - 2020-08-03 18:29:40 --> File loaded: E:\xampp\htdocs\medi_shop_codeigniter_hmvc\application\modules/website/web/views/sections/modals.php
INFO - 2020-08-03 18:29:40 --> Database Driver Class Initialized
DEBUG - 2020-08-03 18:29:40 --> File loaded: E:\xampp\htdocs\medi_shop_codeigniter_hmvc\application\modules/website/web/views/shops.php
INFO - 2020-08-03 18:29:40 --> Email Class Initialized
DEBUG - 2020-08-03 18:29:40 --> File loaded: E:\xampp\htdocs\medi_shop_codeigniter_hmvc\application\modules/website/web/views/sections/js.php
DEBUG - 2020-08-03 18:29:40 --> Session: "sess_save_path" is empty; using "session.save_path" value from php.ini.
DEBUG - 2020-08-03 18:29:40 --> File loaded: E:\xampp\htdocs\medi_shop_codeigniter_hmvc\application\modules/website/web/views/sections/footer.php
INFO - 2020-08-03 18:29:40 --> Session: Class initialized using 'files' driver.
INFO - 2020-08-03 18:29:41 --> Form Validation Class Initialized
INFO - 2020-08-03 18:29:41 --> Controller Class Initialized
DEBUG - 2020-08-03 18:29:41 --> Web MX_Controller Initialized
DEBUG - 2020-08-03 18:29:41 --> File loaded: E:\xampp\htdocs\medi_shop_codeigniter_hmvc\application\modules/website/web/models/Public_users_m.php
DEBUG - 2020-08-03 18:29:41 --> File loaded: E:\xampp\htdocs\medi_shop_codeigniter_hmvc\application\modules/website/web/views/sections/header.php
DEBUG - 2020-08-03 18:29:41 --> File loaded: E:\xampp\htdocs\medi_shop_codeigniter_hmvc\application\modules/website/web/views/sections/modals.php
DEBUG - 2020-08-03 18:29:41 --> File loaded: E:\xampp\htdocs\medi_shop_codeigniter_hmvc\application\modules/website/web/views/home.php
DEBUG - 2020-08-03 18:29:41 --> File loaded: E:\xampp\htdocs\medi_shop_codeigniter_hmvc\application\modules/website/web/views/sections/search_all.php
DEBUG - 2020-08-03 18:29:41 --> File loaded: E:\xampp\htdocs\medi_shop_codeigniter_hmvc\application\modules/website/web/views/sections/js.php
DEBUG - 2020-08-03 18:29:41 --> File loaded: E:\xampp\htdocs\medi_shop_codeigniter_hmvc\application\modules/website/web/views/sections/footer.php
INFO - 2020-08-03 18:29:41 --> Final output sent to browser
DEBUG - 2020-08-03 18:29:41 --> Total execution time: 3.0957
