INFO - 2020-10-24 06:04:56 --> Config Class Initialized
INFO - 2020-10-24 06:04:56 --> Hooks Class Initialized
DEBUG - 2020-10-24 06:04:56 --> UTF-8 Support Enabled
INFO - 2020-10-24 06:04:56 --> Utf8 Class Initialized
INFO - 2020-10-24 06:04:56 --> URI Class Initialized
DEBUG - 2020-10-24 06:04:57 --> No URI present. Default controller set.
INFO - 2020-10-24 06:04:57 --> Router Class Initialized
INFO - 2020-10-24 06:04:57 --> Output Class Initialized
INFO - 2020-10-24 06:04:57 --> Security Class Initialized
DEBUG - 2020-10-24 06:04:57 --> Global POST, GET and COOKIE data sanitized
INFO - 2020-10-24 06:04:57 --> Input Class Initialized
INFO - 2020-10-24 06:04:57 --> Language Class Initialized
INFO - 2020-10-24 06:04:57 --> Language Class Initialized
INFO - 2020-10-24 06:04:57 --> Config Class Initialized
INFO - 2020-10-24 06:04:57 --> Loader Class Initialized
DEBUG - 2020-10-24 06:04:58 --> Config file loaded: C:\Apache24\htdocs\KSEBL_SSP\application\config/rest.php
INFO - 2020-10-24 06:04:58 --> Helper loaded: url_helper
INFO - 2020-10-24 06:04:58 --> Helper loaded: form_helper
INFO - 2020-10-24 06:04:58 --> Helper loaded: adminurl_helper
INFO - 2020-10-24 06:04:58 --> Helper loaded: site_helper
INFO - 2020-10-24 06:04:58 --> Helper loaded: directory_helper
INFO - 2020-10-24 06:04:58 --> Helper loaded: mail_helper
INFO - 2020-10-24 06:04:58 --> Language file loaded: language/english/api_lang.php
INFO - 2020-10-24 06:04:58 --> Database Driver Class Initialized
INFO - 2020-10-24 06:04:58 --> Database Driver Class Initialized
INFO - 2020-10-24 06:04:59 --> Email Class Initialized
INFO - 2020-10-24 06:04:59 --> Session: Class initialized using 'database' driver.
INFO - 2020-10-24 06:04:59 --> Form Validation Class Initialized
INFO - 2020-10-24 06:05:00 --> Controller Class Initialized
DEBUG - 2020-10-24 06:05:00 --> Web MX_Controller Initialized
DEBUG - 2020-10-24 06:05:00 --> File loaded: C:\Apache24\htdocs\KSEBL_SSP\application\controllers/../modules/template/controllers/Template.php
DEBUG - 2020-10-24 06:05:00 --> Template MX_Controller Initialized
DEBUG - 2020-10-24 06:05:00 --> File loaded: C:\Apache24\htdocs\KSEBL_SSP\application\modules/template/views/public/header.php
DEBUG - 2020-10-24 06:05:00 --> File loaded: C:\Apache24\htdocs\KSEBL_SSP\application\modules/website/web/views/home.php
DEBUG - 2020-10-24 06:05:00 --> File loaded: C:\Apache24\htdocs\KSEBL_SSP\application\modules/template/views/public/footer.php
INFO - 2020-10-24 06:05:00 --> Final output sent to browser
DEBUG - 2020-10-24 06:05:00 --> Total execution time: 4.0919
