INFO - 2020-04-02 02:59:42 --> Config Class Initialized
INFO - 2020-04-02 02:59:42 --> Hooks Class Initialized
DEBUG - 2020-04-02 02:59:42 --> UTF-8 Support Enabled
INFO - 2020-04-02 02:59:42 --> Utf8 Class Initialized
INFO - 2020-04-02 02:59:42 --> URI Class Initialized
DEBUG - 2020-04-02 02:59:42 --> No URI present. Default controller set.
INFO - 2020-04-02 02:59:42 --> Router Class Initialized
INFO - 2020-04-02 02:59:42 --> Output Class Initialized
INFO - 2020-04-02 02:59:42 --> Security Class Initialized
DEBUG - 2020-04-02 02:59:42 --> Global POST, GET and COOKIE data sanitized
INFO - 2020-04-02 02:59:42 --> Input Class Initialized
INFO - 2020-04-02 02:59:42 --> Language Class Initialized
INFO - 2020-04-02 02:59:42 --> Language Class Initialized
INFO - 2020-04-02 02:59:42 --> Config Class Initialized
INFO - 2020-04-02 02:59:42 --> Loader Class Initialized
DEBUG - 2020-04-02 02:59:42 --> Config file loaded: /home/cipherte/public_html/medi_shop/application/config/rest.php
INFO - 2020-04-02 02:59:42 --> Helper loaded: url_helper
INFO - 2020-04-02 02:59:42 --> Helper loaded: form_helper
INFO - 2020-04-02 02:59:42 --> Helper loaded: adminurl_helper
INFO - 2020-04-02 02:59:42 --> Helper loaded: site_helper
INFO - 2020-04-02 02:59:42 --> Helper loaded: directory_helper
INFO - 2020-04-02 02:59:42 --> Language file loaded: language/english/api_lang.php
INFO - 2020-04-02 02:59:42 --> Database Driver Class Initialized
INFO - 2020-04-02 02:59:42 --> Email Class Initialized
DEBUG - 2020-04-02 02:59:42 --> Session: "sess_save_path" is empty; using "session.save_path" value from php.ini.
INFO - 2020-04-02 02:59:42 --> Session: Class initialized using 'files' driver.
INFO - 2020-04-02 02:59:42 --> Controller Class Initialized
DEBUG - 2020-04-02 02:59:42 --> Web MX_Controller Initialized
DEBUG - 2020-04-02 02:59:42 --> File loaded: /home/cipherte/public_html/medi_shop/application/modules/website/web/models/Public_users_m.php
DEBUG - 2020-04-02 02:59:42 --> File loaded: /home/cipherte/public_html/medi_shop/application/modules/website/web/views/sections/header.php
DEBUG - 2020-04-02 02:59:42 --> File loaded: /home/cipherte/public_html/medi_shop/application/modules/website/web/views/sections/modals.php
DEBUG - 2020-04-02 02:59:42 --> File loaded: /home/cipherte/public_html/medi_shop/application/modules/website/web/views/home.php
DEBUG - 2020-04-02 02:59:42 --> File loaded: /home/cipherte/public_html/medi_shop/application/modules/website/web/views/sections/js.php
DEBUG - 2020-04-02 02:59:42 --> File loaded: /home/cipherte/public_html/medi_shop/application/modules/website/web/views/sections/footer.php
INFO - 2020-04-02 02:59:42 --> Final output sent to browser
DEBUG - 2020-04-02 02:59:42 --> Total execution time: 0.2268
