INFO - 2020-03-23 02:05:34 --> Config Class Initialized
INFO - 2020-03-23 02:05:34 --> Hooks Class Initialized
DEBUG - 2020-03-23 02:05:35 --> UTF-8 Support Enabled
INFO - 2020-03-23 02:05:35 --> Utf8 Class Initialized
INFO - 2020-03-23 02:05:35 --> URI Class Initialized
DEBUG - 2020-03-23 02:05:35 --> No URI present. Default controller set.
INFO - 2020-03-23 02:05:35 --> Router Class Initialized
INFO - 2020-03-23 02:05:35 --> Output Class Initialized
INFO - 2020-03-23 02:05:35 --> Security Class Initialized
DEBUG - 2020-03-23 02:05:35 --> Global POST, GET and COOKIE data sanitized
INFO - 2020-03-23 02:05:35 --> Input Class Initialized
INFO - 2020-03-23 02:05:35 --> Language Class Initialized
INFO - 2020-03-23 02:05:35 --> Language Class Initialized
INFO - 2020-03-23 02:05:35 --> Config Class Initialized
INFO - 2020-03-23 02:05:35 --> Loader Class Initialized
DEBUG - 2020-03-23 02:05:35 --> Config file loaded: /home/cipherte/public_html/medi_shop/application/config/rest.php
INFO - 2020-03-23 02:05:35 --> Helper loaded: url_helper
INFO - 2020-03-23 02:05:35 --> Helper loaded: form_helper
INFO - 2020-03-23 02:05:35 --> Helper loaded: adminurl_helper
INFO - 2020-03-23 02:05:35 --> Helper loaded: site_helper
INFO - 2020-03-23 02:05:35 --> Helper loaded: directory_helper
INFO - 2020-03-23 02:05:35 --> Language file loaded: language/english/api_lang.php
INFO - 2020-03-23 02:05:35 --> Database Driver Class Initialized
INFO - 2020-03-23 02:05:35 --> Email Class Initialized
DEBUG - 2020-03-23 02:05:35 --> Session: "sess_save_path" is empty; using "session.save_path" value from php.ini.
INFO - 2020-03-23 02:05:35 --> Session: Class initialized using 'files' driver.
INFO - 2020-03-23 02:05:35 --> Controller Class Initialized
DEBUG - 2020-03-23 02:05:35 --> Web MX_Controller Initialized
DEBUG - 2020-03-23 02:05:35 --> File loaded: /home/cipherte/public_html/medi_shop/application/modules/website/web/models/Public_users_m.php
DEBUG - 2020-03-23 02:05:35 --> File loaded: /home/cipherte/public_html/medi_shop/application/modules/website/web/views/sections/header.php
DEBUG - 2020-03-23 02:05:35 --> File loaded: /home/cipherte/public_html/medi_shop/application/modules/website/web/views/sections/modals.php
DEBUG - 2020-03-23 02:05:35 --> File loaded: /home/cipherte/public_html/medi_shop/application/modules/website/web/views/home.php
DEBUG - 2020-03-23 02:05:35 --> File loaded: /home/cipherte/public_html/medi_shop/application/modules/website/web/views/sections/js.php
DEBUG - 2020-03-23 02:05:35 --> File loaded: /home/cipherte/public_html/medi_shop/application/modules/website/web/views/sections/footer.php
INFO - 2020-03-23 02:05:35 --> Final output sent to browser
DEBUG - 2020-03-23 02:05:35 --> Total execution time: 0.6396
INFO - 2020-03-23 02:48:16 --> Config Class Initialized
INFO - 2020-03-23 02:48:16 --> Hooks Class Initialized
DEBUG - 2020-03-23 02:48:16 --> UTF-8 Support Enabled
INFO - 2020-03-23 02:48:16 --> Utf8 Class Initialized
INFO - 2020-03-23 02:48:16 --> URI Class Initialized
DEBUG - 2020-03-23 02:48:16 --> No URI present. Default controller set.
INFO - 2020-03-23 02:48:16 --> Router Class Initialized
INFO - 2020-03-23 02:48:16 --> Output Class Initialized
INFO - 2020-03-23 02:48:16 --> Security Class Initialized
DEBUG - 2020-03-23 02:48:16 --> Global POST, GET and COOKIE data sanitized
INFO - 2020-03-23 02:48:16 --> Input Class Initialized
INFO - 2020-03-23 02:48:16 --> Language Class Initialized
INFO - 2020-03-23 02:48:16 --> Language Class Initialized
INFO - 2020-03-23 02:48:16 --> Config Class Initialized
INFO - 2020-03-23 02:48:16 --> Loader Class Initialized
DEBUG - 2020-03-23 02:48:16 --> Config file loaded: /home/cipherte/public_html/medi_shop/application/config/rest.php
INFO - 2020-03-23 02:48:16 --> Helper loaded: url_helper
INFO - 2020-03-23 02:48:16 --> Helper loaded: form_helper
INFO - 2020-03-23 02:48:16 --> Helper loaded: adminurl_helper
INFO - 2020-03-23 02:48:16 --> Helper loaded: site_helper
INFO - 2020-03-23 02:48:16 --> Helper loaded: directory_helper
INFO - 2020-03-23 02:48:16 --> Language file loaded: language/english/api_lang.php
INFO - 2020-03-23 02:48:16 --> Database Driver Class Initialized
INFO - 2020-03-23 02:48:16 --> Email Class Initialized
DEBUG - 2020-03-23 02:48:16 --> Session: "sess_save_path" is empty; using "session.save_path" value from php.ini.
INFO - 2020-03-23 02:48:16 --> Session: Class initialized using 'files' driver.
INFO - 2020-03-23 02:48:16 --> Controller Class Initialized
DEBUG - 2020-03-23 02:48:16 --> Web MX_Controller Initialized
DEBUG - 2020-03-23 02:48:16 --> File loaded: /home/cipherte/public_html/medi_shop/application/modules/website/web/models/Public_users_m.php
DEBUG - 2020-03-23 02:48:16 --> File loaded: /home/cipherte/public_html/medi_shop/application/modules/website/web/views/sections/header.php
DEBUG - 2020-03-23 02:48:16 --> File loaded: /home/cipherte/public_html/medi_shop/application/modules/website/web/views/sections/modals.php
DEBUG - 2020-03-23 02:48:16 --> File loaded: /home/cipherte/public_html/medi_shop/application/modules/website/web/views/home.php
DEBUG - 2020-03-23 02:48:16 --> File loaded: /home/cipherte/public_html/medi_shop/application/modules/website/web/views/sections/js.php
DEBUG - 2020-03-23 02:48:16 --> File loaded: /home/cipherte/public_html/medi_shop/application/modules/website/web/views/sections/footer.php
INFO - 2020-03-23 02:48:16 --> Final output sent to browser
DEBUG - 2020-03-23 02:48:16 --> Total execution time: 0.0281
INFO - 2020-03-23 02:49:17 --> Config Class Initialized
INFO - 2020-03-23 02:49:17 --> Hooks Class Initialized
DEBUG - 2020-03-23 02:49:17 --> UTF-8 Support Enabled
INFO - 2020-03-23 02:49:17 --> Utf8 Class Initialized
INFO - 2020-03-23 02:49:17 --> URI Class Initialized
DEBUG - 2020-03-23 02:49:17 --> No URI present. Default controller set.
INFO - 2020-03-23 02:49:17 --> Router Class Initialized
INFO - 2020-03-23 02:49:17 --> Output Class Initialized
INFO - 2020-03-23 02:49:17 --> Security Class Initialized
DEBUG - 2020-03-23 02:49:17 --> Global POST, GET and COOKIE data sanitized
INFO - 2020-03-23 02:49:17 --> Input Class Initialized
INFO - 2020-03-23 02:49:17 --> Language Class Initialized
INFO - 2020-03-23 02:49:17 --> Language Class Initialized
INFO - 2020-03-23 02:49:17 --> Config Class Initialized
INFO - 2020-03-23 02:49:17 --> Loader Class Initialized
DEBUG - 2020-03-23 02:49:17 --> Config file loaded: /home/cipherte/public_html/medi_shop/application/config/rest.php
INFO - 2020-03-23 02:49:17 --> Helper loaded: url_helper
INFO - 2020-03-23 02:49:17 --> Helper loaded: form_helper
INFO - 2020-03-23 02:49:17 --> Helper loaded: adminurl_helper
INFO - 2020-03-23 02:49:17 --> Helper loaded: site_helper
INFO - 2020-03-23 02:49:17 --> Helper loaded: directory_helper
INFO - 2020-03-23 02:49:17 --> Language file loaded: language/english/api_lang.php
INFO - 2020-03-23 02:49:17 --> Database Driver Class Initialized
INFO - 2020-03-23 02:49:17 --> Email Class Initialized
DEBUG - 2020-03-23 02:49:17 --> Session: "sess_save_path" is empty; using "session.save_path" value from php.ini.
INFO - 2020-03-23 02:49:17 --> Session: Class initialized using 'files' driver.
INFO - 2020-03-23 02:49:17 --> Controller Class Initialized
DEBUG - 2020-03-23 02:49:17 --> Web MX_Controller Initialized
DEBUG - 2020-03-23 02:49:17 --> File loaded: /home/cipherte/public_html/medi_shop/application/modules/website/web/models/Public_users_m.php
DEBUG - 2020-03-23 02:49:17 --> File loaded: /home/cipherte/public_html/medi_shop/application/modules/website/web/views/sections/header.php
DEBUG - 2020-03-23 02:49:17 --> File loaded: /home/cipherte/public_html/medi_shop/application/modules/website/web/views/sections/modals.php
DEBUG - 2020-03-23 02:49:17 --> File loaded: /home/cipherte/public_html/medi_shop/application/modules/website/web/views/home.php
DEBUG - 2020-03-23 02:49:17 --> File loaded: /home/cipherte/public_html/medi_shop/application/modules/website/web/views/sections/js.php
DEBUG - 2020-03-23 02:49:17 --> File loaded: /home/cipherte/public_html/medi_shop/application/modules/website/web/views/sections/footer.php
INFO - 2020-03-23 02:49:17 --> Final output sent to browser
DEBUG - 2020-03-23 02:49:17 --> Total execution time: 0.0294
INFO - 2020-03-23 03:50:13 --> Config Class Initialized
INFO - 2020-03-23 03:50:13 --> Hooks Class Initialized
DEBUG - 2020-03-23 03:50:13 --> UTF-8 Support Enabled
INFO - 2020-03-23 03:50:13 --> Utf8 Class Initialized
INFO - 2020-03-23 03:50:13 --> URI Class Initialized
DEBUG - 2020-03-23 03:50:13 --> No URI present. Default controller set.
INFO - 2020-03-23 03:50:13 --> Router Class Initialized
INFO - 2020-03-23 03:50:13 --> Output Class Initialized
INFO - 2020-03-23 03:50:13 --> Security Class Initialized
DEBUG - 2020-03-23 03:50:13 --> Global POST, GET and COOKIE data sanitized
INFO - 2020-03-23 03:50:13 --> Input Class Initialized
INFO - 2020-03-23 03:50:13 --> Language Class Initialized
INFO - 2020-03-23 03:50:13 --> Language Class Initialized
INFO - 2020-03-23 03:50:13 --> Config Class Initialized
INFO - 2020-03-23 03:50:13 --> Loader Class Initialized
DEBUG - 2020-03-23 03:50:13 --> Config file loaded: /home/cipherte/public_html/medi_shop/application/config/rest.php
INFO - 2020-03-23 03:50:13 --> Helper loaded: url_helper
INFO - 2020-03-23 03:50:13 --> Helper loaded: form_helper
INFO - 2020-03-23 03:50:13 --> Helper loaded: adminurl_helper
INFO - 2020-03-23 03:50:13 --> Helper loaded: site_helper
INFO - 2020-03-23 03:50:13 --> Helper loaded: directory_helper
INFO - 2020-03-23 03:50:13 --> Language file loaded: language/english/api_lang.php
INFO - 2020-03-23 03:50:13 --> Database Driver Class Initialized
INFO - 2020-03-23 03:50:13 --> Email Class Initialized
DEBUG - 2020-03-23 03:50:13 --> Session: "sess_save_path" is empty; using "session.save_path" value from php.ini.
INFO - 2020-03-23 03:50:13 --> Session: Class initialized using 'files' driver.
INFO - 2020-03-23 03:50:13 --> Controller Class Initialized
DEBUG - 2020-03-23 03:50:13 --> Web MX_Controller Initialized
DEBUG - 2020-03-23 03:50:13 --> File loaded: /home/cipherte/public_html/medi_shop/application/modules/website/web/models/Public_users_m.php
DEBUG - 2020-03-23 03:50:13 --> File loaded: /home/cipherte/public_html/medi_shop/application/modules/website/web/views/sections/header.php
DEBUG - 2020-03-23 03:50:13 --> File loaded: /home/cipherte/public_html/medi_shop/application/modules/website/web/views/sections/modals.php
DEBUG - 2020-03-23 03:50:13 --> File loaded: /home/cipherte/public_html/medi_shop/application/modules/website/web/views/home.php
DEBUG - 2020-03-23 03:50:13 --> File loaded: /home/cipherte/public_html/medi_shop/application/modules/website/web/views/sections/js.php
DEBUG - 2020-03-23 03:50:13 --> File loaded: /home/cipherte/public_html/medi_shop/application/modules/website/web/views/sections/footer.php
INFO - 2020-03-23 03:50:13 --> Final output sent to browser
DEBUG - 2020-03-23 03:50:13 --> Total execution time: 0.4919
INFO - 2020-03-23 03:50:14 --> Config Class Initialized
INFO - 2020-03-23 03:50:14 --> Hooks Class Initialized
DEBUG - 2020-03-23 03:50:14 --> UTF-8 Support Enabled
INFO - 2020-03-23 03:50:14 --> Utf8 Class Initialized
INFO - 2020-03-23 03:50:14 --> URI Class Initialized
DEBUG - 2020-03-23 03:50:14 --> No URI present. Default controller set.
INFO - 2020-03-23 03:50:14 --> Router Class Initialized
INFO - 2020-03-23 03:50:14 --> Output Class Initialized
INFO - 2020-03-23 03:50:14 --> Security Class Initialized
DEBUG - 2020-03-23 03:50:14 --> Global POST, GET and COOKIE data sanitized
INFO - 2020-03-23 03:50:14 --> Input Class Initialized
INFO - 2020-03-23 03:50:14 --> Language Class Initialized
INFO - 2020-03-23 03:50:14 --> Language Class Initialized
INFO - 2020-03-23 03:50:14 --> Config Class Initialized
INFO - 2020-03-23 03:50:14 --> Loader Class Initialized
DEBUG - 2020-03-23 03:50:14 --> Config file loaded: /home/cipherte/public_html/medi_shop/application/config/rest.php
INFO - 2020-03-23 03:50:14 --> Helper loaded: url_helper
INFO - 2020-03-23 03:50:14 --> Helper loaded: form_helper
INFO - 2020-03-23 03:50:14 --> Helper loaded: adminurl_helper
INFO - 2020-03-23 03:50:14 --> Helper loaded: site_helper
INFO - 2020-03-23 03:50:14 --> Helper loaded: directory_helper
INFO - 2020-03-23 03:50:14 --> Language file loaded: language/english/api_lang.php
INFO - 2020-03-23 03:50:14 --> Database Driver Class Initialized
INFO - 2020-03-23 03:50:14 --> Email Class Initialized
DEBUG - 2020-03-23 03:50:14 --> Session: "sess_save_path" is empty; using "session.save_path" value from php.ini.
INFO - 2020-03-23 03:50:14 --> Session: Class initialized using 'files' driver.
INFO - 2020-03-23 03:50:14 --> Controller Class Initialized
DEBUG - 2020-03-23 03:50:14 --> Web MX_Controller Initialized
DEBUG - 2020-03-23 03:50:14 --> File loaded: /home/cipherte/public_html/medi_shop/application/modules/website/web/models/Public_users_m.php
DEBUG - 2020-03-23 03:50:14 --> File loaded: /home/cipherte/public_html/medi_shop/application/modules/website/web/views/sections/header.php
DEBUG - 2020-03-23 03:50:14 --> File loaded: /home/cipherte/public_html/medi_shop/application/modules/website/web/views/sections/modals.php
DEBUG - 2020-03-23 03:50:14 --> File loaded: /home/cipherte/public_html/medi_shop/application/modules/website/web/views/home.php
DEBUG - 2020-03-23 03:50:14 --> File loaded: /home/cipherte/public_html/medi_shop/application/modules/website/web/views/sections/js.php
DEBUG - 2020-03-23 03:50:14 --> File loaded: /home/cipherte/public_html/medi_shop/application/modules/website/web/views/sections/footer.php
INFO - 2020-03-23 03:50:14 --> Final output sent to browser
DEBUG - 2020-03-23 03:50:14 --> Total execution time: 0.0060
INFO - 2020-03-23 03:52:44 --> Config Class Initialized
INFO - 2020-03-23 03:52:44 --> Hooks Class Initialized
DEBUG - 2020-03-23 03:52:44 --> UTF-8 Support Enabled
INFO - 2020-03-23 03:52:44 --> Utf8 Class Initialized
INFO - 2020-03-23 03:52:44 --> URI Class Initialized
DEBUG - 2020-03-23 03:52:44 --> No URI present. Default controller set.
INFO - 2020-03-23 03:52:44 --> Router Class Initialized
INFO - 2020-03-23 03:52:44 --> Output Class Initialized
INFO - 2020-03-23 03:52:44 --> Security Class Initialized
DEBUG - 2020-03-23 03:52:44 --> Global POST, GET and COOKIE data sanitized
INFO - 2020-03-23 03:52:44 --> Input Class Initialized
INFO - 2020-03-23 03:52:44 --> Language Class Initialized
INFO - 2020-03-23 03:52:44 --> Language Class Initialized
INFO - 2020-03-23 03:52:44 --> Config Class Initialized
INFO - 2020-03-23 03:52:44 --> Loader Class Initialized
DEBUG - 2020-03-23 03:52:44 --> Config file loaded: /home/cipherte/public_html/medi_shop/application/config/rest.php
INFO - 2020-03-23 03:52:44 --> Helper loaded: url_helper
INFO - 2020-03-23 03:52:44 --> Helper loaded: form_helper
INFO - 2020-03-23 03:52:44 --> Helper loaded: adminurl_helper
INFO - 2020-03-23 03:52:44 --> Helper loaded: site_helper
INFO - 2020-03-23 03:52:44 --> Helper loaded: directory_helper
INFO - 2020-03-23 03:52:44 --> Language file loaded: language/english/api_lang.php
INFO - 2020-03-23 03:52:44 --> Database Driver Class Initialized
INFO - 2020-03-23 03:52:44 --> Email Class Initialized
DEBUG - 2020-03-23 03:52:44 --> Session: "sess_save_path" is empty; using "session.save_path" value from php.ini.
INFO - 2020-03-23 03:52:44 --> Session: Class initialized using 'files' driver.
INFO - 2020-03-23 03:52:44 --> Controller Class Initialized
DEBUG - 2020-03-23 03:52:44 --> Web MX_Controller Initialized
DEBUG - 2020-03-23 03:52:44 --> File loaded: /home/cipherte/public_html/medi_shop/application/modules/website/web/models/Public_users_m.php
DEBUG - 2020-03-23 03:52:44 --> File loaded: /home/cipherte/public_html/medi_shop/application/modules/website/web/views/sections/header.php
DEBUG - 2020-03-23 03:52:44 --> File loaded: /home/cipherte/public_html/medi_shop/application/modules/website/web/views/sections/modals.php
DEBUG - 2020-03-23 03:52:44 --> File loaded: /home/cipherte/public_html/medi_shop/application/modules/website/web/views/home.php
DEBUG - 2020-03-23 03:52:44 --> File loaded: /home/cipherte/public_html/medi_shop/application/modules/website/web/views/sections/js.php
DEBUG - 2020-03-23 03:52:44 --> File loaded: /home/cipherte/public_html/medi_shop/application/modules/website/web/views/sections/footer.php
INFO - 2020-03-23 03:52:44 --> Final output sent to browser
DEBUG - 2020-03-23 03:52:44 --> Total execution time: 0.0284
INFO - 2020-03-23 03:52:46 --> Config Class Initialized
INFO - 2020-03-23 03:52:46 --> Hooks Class Initialized
DEBUG - 2020-03-23 03:52:46 --> UTF-8 Support Enabled
INFO - 2020-03-23 03:52:46 --> Utf8 Class Initialized
INFO - 2020-03-23 03:52:46 --> URI Class Initialized
INFO - 2020-03-23 03:52:46 --> Router Class Initialized
INFO - 2020-03-23 03:52:46 --> Output Class Initialized
INFO - 2020-03-23 03:52:46 --> Security Class Initialized
DEBUG - 2020-03-23 03:52:46 --> Global POST, GET and COOKIE data sanitized
INFO - 2020-03-23 03:52:46 --> Input Class Initialized
INFO - 2020-03-23 03:52:46 --> Language Class Initialized
INFO - 2020-03-23 03:52:46 --> Language Class Initialized
INFO - 2020-03-23 03:52:46 --> Config Class Initialized
INFO - 2020-03-23 03:52:46 --> Loader Class Initialized
DEBUG - 2020-03-23 03:52:46 --> Config file loaded: /home/cipherte/public_html/medi_shop/application/config/rest.php
INFO - 2020-03-23 03:52:46 --> Helper loaded: url_helper
INFO - 2020-03-23 03:52:46 --> Helper loaded: form_helper
INFO - 2020-03-23 03:52:46 --> Helper loaded: adminurl_helper
INFO - 2020-03-23 03:52:46 --> Helper loaded: site_helper
INFO - 2020-03-23 03:52:46 --> Helper loaded: directory_helper
INFO - 2020-03-23 03:52:46 --> Language file loaded: language/english/api_lang.php
INFO - 2020-03-23 03:52:46 --> Database Driver Class Initialized
INFO - 2020-03-23 03:52:46 --> Email Class Initialized
DEBUG - 2020-03-23 03:52:46 --> Session: "sess_save_path" is empty; using "session.save_path" value from php.ini.
INFO - 2020-03-23 03:52:46 --> Session: Class initialized using 'files' driver.
INFO - 2020-03-23 03:52:46 --> Controller Class Initialized
DEBUG - 2020-03-23 03:52:46 --> Public_users MX_Controller Initialized
DEBUG - 2020-03-23 03:52:46 --> File loaded: /home/cipherte/public_html/medi_shop/application/modules/website/web/models/Public_users_m.php
INFO - 2020-03-23 03:52:46 --> Final output sent to browser
DEBUG - 2020-03-23 03:52:46 --> Total execution time: 0.0097
INFO - 2020-03-23 03:54:20 --> Config Class Initialized
INFO - 2020-03-23 03:54:20 --> Hooks Class Initialized
DEBUG - 2020-03-23 03:54:20 --> UTF-8 Support Enabled
INFO - 2020-03-23 03:54:20 --> Utf8 Class Initialized
INFO - 2020-03-23 03:54:20 --> URI Class Initialized
DEBUG - 2020-03-23 03:54:20 --> No URI present. Default controller set.
INFO - 2020-03-23 03:54:20 --> Router Class Initialized
INFO - 2020-03-23 03:54:20 --> Output Class Initialized
INFO - 2020-03-23 03:54:20 --> Security Class Initialized
DEBUG - 2020-03-23 03:54:20 --> Global POST, GET and COOKIE data sanitized
INFO - 2020-03-23 03:54:20 --> Input Class Initialized
INFO - 2020-03-23 03:54:20 --> Language Class Initialized
INFO - 2020-03-23 03:54:20 --> Language Class Initialized
INFO - 2020-03-23 03:54:20 --> Config Class Initialized
INFO - 2020-03-23 03:54:20 --> Loader Class Initialized
DEBUG - 2020-03-23 03:54:20 --> Config file loaded: /home/cipherte/public_html/medi_shop/application/config/rest.php
INFO - 2020-03-23 03:54:20 --> Helper loaded: url_helper
INFO - 2020-03-23 03:54:20 --> Helper loaded: form_helper
INFO - 2020-03-23 03:54:20 --> Helper loaded: adminurl_helper
INFO - 2020-03-23 03:54:20 --> Helper loaded: site_helper
INFO - 2020-03-23 03:54:20 --> Helper loaded: directory_helper
INFO - 2020-03-23 03:54:20 --> Language file loaded: language/english/api_lang.php
INFO - 2020-03-23 03:54:20 --> Database Driver Class Initialized
INFO - 2020-03-23 03:54:20 --> Email Class Initialized
DEBUG - 2020-03-23 03:54:20 --> Session: "sess_save_path" is empty; using "session.save_path" value from php.ini.
INFO - 2020-03-23 03:54:20 --> Session: Class initialized using 'files' driver.
INFO - 2020-03-23 03:54:20 --> Controller Class Initialized
DEBUG - 2020-03-23 03:54:20 --> Web MX_Controller Initialized
DEBUG - 2020-03-23 03:54:20 --> File loaded: /home/cipherte/public_html/medi_shop/application/modules/website/web/models/Public_users_m.php
DEBUG - 2020-03-23 03:54:20 --> File loaded: /home/cipherte/public_html/medi_shop/application/modules/website/web/views/sections/header.php
DEBUG - 2020-03-23 03:54:20 --> File loaded: /home/cipherte/public_html/medi_shop/application/modules/website/web/views/sections/modals.php
DEBUG - 2020-03-23 03:54:20 --> File loaded: /home/cipherte/public_html/medi_shop/application/modules/website/web/views/home.php
DEBUG - 2020-03-23 03:54:20 --> File loaded: /home/cipherte/public_html/medi_shop/application/modules/website/web/views/sections/js.php
DEBUG - 2020-03-23 03:54:20 --> File loaded: /home/cipherte/public_html/medi_shop/application/modules/website/web/views/sections/footer.php
INFO - 2020-03-23 03:54:20 --> Final output sent to browser
DEBUG - 2020-03-23 03:54:20 --> Total execution time: 0.0331
INFO - 2020-03-23 03:54:21 --> Config Class Initialized
INFO - 2020-03-23 03:54:21 --> Hooks Class Initialized
DEBUG - 2020-03-23 03:54:21 --> UTF-8 Support Enabled
INFO - 2020-03-23 03:54:21 --> Utf8 Class Initialized
INFO - 2020-03-23 03:54:21 --> URI Class Initialized
INFO - 2020-03-23 03:54:21 --> Router Class Initialized
INFO - 2020-03-23 03:54:21 --> Output Class Initialized
INFO - 2020-03-23 03:54:21 --> Security Class Initialized
DEBUG - 2020-03-23 03:54:21 --> Global POST, GET and COOKIE data sanitized
INFO - 2020-03-23 03:54:21 --> Input Class Initialized
INFO - 2020-03-23 03:54:21 --> Language Class Initialized
INFO - 2020-03-23 03:54:21 --> Language Class Initialized
INFO - 2020-03-23 03:54:21 --> Config Class Initialized
INFO - 2020-03-23 03:54:21 --> Loader Class Initialized
DEBUG - 2020-03-23 03:54:21 --> Config file loaded: /home/cipherte/public_html/medi_shop/application/config/rest.php
INFO - 2020-03-23 03:54:21 --> Helper loaded: url_helper
INFO - 2020-03-23 03:54:21 --> Helper loaded: form_helper
INFO - 2020-03-23 03:54:21 --> Helper loaded: adminurl_helper
INFO - 2020-03-23 03:54:21 --> Helper loaded: site_helper
INFO - 2020-03-23 03:54:21 --> Helper loaded: directory_helper
INFO - 2020-03-23 03:54:21 --> Language file loaded: language/english/api_lang.php
INFO - 2020-03-23 03:54:21 --> Database Driver Class Initialized
INFO - 2020-03-23 03:54:21 --> Email Class Initialized
DEBUG - 2020-03-23 03:54:21 --> Session: "sess_save_path" is empty; using "session.save_path" value from php.ini.
INFO - 2020-03-23 03:54:21 --> Session: Class initialized using 'files' driver.
INFO - 2020-03-23 03:54:21 --> Controller Class Initialized
DEBUG - 2020-03-23 03:54:21 --> Public_users MX_Controller Initialized
DEBUG - 2020-03-23 03:54:21 --> File loaded: /home/cipherte/public_html/medi_shop/application/modules/website/web/models/Public_users_m.php
INFO - 2020-03-23 03:54:21 --> Final output sent to browser
DEBUG - 2020-03-23 03:54:21 --> Total execution time: 0.0069
INFO - 2020-03-23 07:16:55 --> Config Class Initialized
INFO - 2020-03-23 07:16:55 --> Hooks Class Initialized
DEBUG - 2020-03-23 07:16:55 --> UTF-8 Support Enabled
INFO - 2020-03-23 07:16:55 --> Utf8 Class Initialized
INFO - 2020-03-23 07:16:55 --> URI Class Initialized
DEBUG - 2020-03-23 07:16:55 --> No URI present. Default controller set.
INFO - 2020-03-23 07:16:55 --> Router Class Initialized
INFO - 2020-03-23 07:16:55 --> Output Class Initialized
INFO - 2020-03-23 07:16:55 --> Security Class Initialized
DEBUG - 2020-03-23 07:16:55 --> Global POST, GET and COOKIE data sanitized
INFO - 2020-03-23 07:16:55 --> Input Class Initialized
INFO - 2020-03-23 07:16:55 --> Language Class Initialized
INFO - 2020-03-23 07:16:55 --> Language Class Initialized
INFO - 2020-03-23 07:16:55 --> Config Class Initialized
INFO - 2020-03-23 07:16:55 --> Loader Class Initialized
DEBUG - 2020-03-23 07:16:55 --> Config file loaded: /home/cipherte/public_html/medi_shop/application/config/rest.php
INFO - 2020-03-23 07:16:55 --> Helper loaded: url_helper
INFO - 2020-03-23 07:16:55 --> Helper loaded: form_helper
INFO - 2020-03-23 07:16:55 --> Helper loaded: adminurl_helper
INFO - 2020-03-23 07:16:55 --> Helper loaded: site_helper
INFO - 2020-03-23 07:16:55 --> Helper loaded: directory_helper
INFO - 2020-03-23 07:16:55 --> Language file loaded: language/english/api_lang.php
INFO - 2020-03-23 07:16:55 --> Database Driver Class Initialized
INFO - 2020-03-23 07:16:55 --> Email Class Initialized
DEBUG - 2020-03-23 07:16:55 --> Session: "sess_save_path" is empty; using "session.save_path" value from php.ini.
INFO - 2020-03-23 07:16:55 --> Session: Class initialized using 'files' driver.
INFO - 2020-03-23 07:16:55 --> Controller Class Initialized
DEBUG - 2020-03-23 07:16:55 --> Web MX_Controller Initialized
DEBUG - 2020-03-23 07:16:55 --> File loaded: /home/cipherte/public_html/medi_shop/application/modules/website/web/models/Public_users_m.php
DEBUG - 2020-03-23 07:16:55 --> File loaded: /home/cipherte/public_html/medi_shop/application/modules/website/web/views/sections/header.php
DEBUG - 2020-03-23 07:16:55 --> File loaded: /home/cipherte/public_html/medi_shop/application/modules/website/web/views/sections/modals.php
DEBUG - 2020-03-23 07:16:55 --> File loaded: /home/cipherte/public_html/medi_shop/application/modules/website/web/views/home.php
DEBUG - 2020-03-23 07:16:55 --> File loaded: /home/cipherte/public_html/medi_shop/application/modules/website/web/views/sections/js.php
DEBUG - 2020-03-23 07:16:55 --> File loaded: /home/cipherte/public_html/medi_shop/application/modules/website/web/views/sections/footer.php
INFO - 2020-03-23 07:16:55 --> Final output sent to browser
DEBUG - 2020-03-23 07:16:55 --> Total execution time: 0.4148
INFO - 2020-03-23 07:16:58 --> Config Class Initialized
INFO - 2020-03-23 07:16:58 --> Hooks Class Initialized
DEBUG - 2020-03-23 07:16:58 --> UTF-8 Support Enabled
INFO - 2020-03-23 07:16:58 --> Utf8 Class Initialized
INFO - 2020-03-23 07:16:58 --> URI Class Initialized
INFO - 2020-03-23 07:16:58 --> Router Class Initialized
INFO - 2020-03-23 07:16:58 --> Output Class Initialized
INFO - 2020-03-23 07:16:58 --> Security Class Initialized
DEBUG - 2020-03-23 07:16:58 --> Global POST, GET and COOKIE data sanitized
INFO - 2020-03-23 07:16:58 --> Input Class Initialized
INFO - 2020-03-23 07:16:58 --> Language Class Initialized
INFO - 2020-03-23 07:16:58 --> Language Class Initialized
INFO - 2020-03-23 07:16:58 --> Config Class Initialized
INFO - 2020-03-23 07:16:58 --> Loader Class Initialized
DEBUG - 2020-03-23 07:16:58 --> Config file loaded: /home/cipherte/public_html/medi_shop/application/config/rest.php
INFO - 2020-03-23 07:16:58 --> Helper loaded: url_helper
INFO - 2020-03-23 07:16:58 --> Helper loaded: form_helper
INFO - 2020-03-23 07:16:58 --> Helper loaded: adminurl_helper
INFO - 2020-03-23 07:16:58 --> Helper loaded: site_helper
INFO - 2020-03-23 07:16:58 --> Helper loaded: directory_helper
INFO - 2020-03-23 07:16:58 --> Language file loaded: language/english/api_lang.php
INFO - 2020-03-23 07:16:58 --> Database Driver Class Initialized
INFO - 2020-03-23 07:16:58 --> Email Class Initialized
DEBUG - 2020-03-23 07:16:58 --> Session: "sess_save_path" is empty; using "session.save_path" value from php.ini.
INFO - 2020-03-23 07:16:58 --> Session: Class initialized using 'files' driver.
INFO - 2020-03-23 07:16:58 --> Controller Class Initialized
DEBUG - 2020-03-23 07:16:58 --> Public_users MX_Controller Initialized
DEBUG - 2020-03-23 07:16:58 --> File loaded: /home/cipherte/public_html/medi_shop/application/modules/website/web/models/Public_users_m.php
INFO - 2020-03-23 07:16:58 --> Final output sent to browser
DEBUG - 2020-03-23 07:16:58 --> Total execution time: 0.0099
INFO - 2020-03-23 10:35:05 --> Config Class Initialized
INFO - 2020-03-23 10:35:05 --> Hooks Class Initialized
DEBUG - 2020-03-23 10:35:05 --> UTF-8 Support Enabled
INFO - 2020-03-23 10:35:05 --> Utf8 Class Initialized
INFO - 2020-03-23 10:35:05 --> URI Class Initialized
DEBUG - 2020-03-23 10:35:05 --> No URI present. Default controller set.
INFO - 2020-03-23 10:35:05 --> Router Class Initialized
INFO - 2020-03-23 10:35:05 --> Output Class Initialized
INFO - 2020-03-23 10:35:05 --> Security Class Initialized
DEBUG - 2020-03-23 10:35:05 --> Global POST, GET and COOKIE data sanitized
INFO - 2020-03-23 10:35:05 --> Input Class Initialized
INFO - 2020-03-23 10:35:05 --> Language Class Initialized
INFO - 2020-03-23 10:35:05 --> Language Class Initialized
INFO - 2020-03-23 10:35:05 --> Config Class Initialized
INFO - 2020-03-23 10:35:05 --> Loader Class Initialized
DEBUG - 2020-03-23 10:35:05 --> Config file loaded: /home/cipherte/public_html/medi_shop/application/config/rest.php
INFO - 2020-03-23 10:35:05 --> Helper loaded: url_helper
INFO - 2020-03-23 10:35:05 --> Helper loaded: form_helper
INFO - 2020-03-23 10:35:05 --> Helper loaded: adminurl_helper
INFO - 2020-03-23 10:35:05 --> Helper loaded: site_helper
INFO - 2020-03-23 10:35:05 --> Helper loaded: directory_helper
INFO - 2020-03-23 10:35:05 --> Language file loaded: language/english/api_lang.php
INFO - 2020-03-23 10:35:05 --> Database Driver Class Initialized
INFO - 2020-03-23 10:35:05 --> Email Class Initialized
DEBUG - 2020-03-23 10:35:05 --> Session: "sess_save_path" is empty; using "session.save_path" value from php.ini.
INFO - 2020-03-23 10:35:05 --> Session: Class initialized using 'files' driver.
INFO - 2020-03-23 10:35:05 --> Controller Class Initialized
DEBUG - 2020-03-23 10:35:05 --> Web MX_Controller Initialized
DEBUG - 2020-03-23 10:35:05 --> File loaded: /home/cipherte/public_html/medi_shop/application/modules/website/web/models/Public_users_m.php
DEBUG - 2020-03-23 10:35:05 --> File loaded: /home/cipherte/public_html/medi_shop/application/modules/website/web/views/sections/header.php
DEBUG - 2020-03-23 10:35:05 --> File loaded: /home/cipherte/public_html/medi_shop/application/modules/website/web/views/sections/modals.php
DEBUG - 2020-03-23 10:35:05 --> File loaded: /home/cipherte/public_html/medi_shop/application/modules/website/web/views/home.php
DEBUG - 2020-03-23 10:35:05 --> File loaded: /home/cipherte/public_html/medi_shop/application/modules/website/web/views/sections/js.php
DEBUG - 2020-03-23 10:35:05 --> File loaded: /home/cipherte/public_html/medi_shop/application/modules/website/web/views/sections/footer.php
INFO - 2020-03-23 10:35:05 --> Final output sent to browser
DEBUG - 2020-03-23 10:35:05 --> Total execution time: 0.3597
INFO - 2020-03-23 10:35:08 --> Config Class Initialized
INFO - 2020-03-23 10:35:08 --> Hooks Class Initialized
DEBUG - 2020-03-23 10:35:08 --> UTF-8 Support Enabled
INFO - 2020-03-23 10:35:08 --> Utf8 Class Initialized
INFO - 2020-03-23 10:35:08 --> URI Class Initialized
INFO - 2020-03-23 10:35:08 --> Router Class Initialized
INFO - 2020-03-23 10:35:08 --> Output Class Initialized
INFO - 2020-03-23 10:35:08 --> Security Class Initialized
DEBUG - 2020-03-23 10:35:08 --> Global POST, GET and COOKIE data sanitized
INFO - 2020-03-23 10:35:08 --> Input Class Initialized
INFO - 2020-03-23 10:35:08 --> Language Class Initialized
INFO - 2020-03-23 10:35:08 --> Language Class Initialized
INFO - 2020-03-23 10:35:08 --> Config Class Initialized
INFO - 2020-03-23 10:35:08 --> Loader Class Initialized
DEBUG - 2020-03-23 10:35:08 --> Config file loaded: /home/cipherte/public_html/medi_shop/application/config/rest.php
INFO - 2020-03-23 10:35:08 --> Helper loaded: url_helper
INFO - 2020-03-23 10:35:08 --> Helper loaded: form_helper
INFO - 2020-03-23 10:35:08 --> Helper loaded: adminurl_helper
INFO - 2020-03-23 10:35:08 --> Helper loaded: site_helper
INFO - 2020-03-23 10:35:08 --> Helper loaded: directory_helper
INFO - 2020-03-23 10:35:08 --> Language file loaded: language/english/api_lang.php
INFO - 2020-03-23 10:35:08 --> Database Driver Class Initialized
INFO - 2020-03-23 10:35:08 --> Email Class Initialized
DEBUG - 2020-03-23 10:35:08 --> Session: "sess_save_path" is empty; using "session.save_path" value from php.ini.
INFO - 2020-03-23 10:35:08 --> Session: Class initialized using 'files' driver.
INFO - 2020-03-23 10:35:08 --> Controller Class Initialized
DEBUG - 2020-03-23 10:35:08 --> Public_users MX_Controller Initialized
DEBUG - 2020-03-23 10:35:08 --> File loaded: /home/cipherte/public_html/medi_shop/application/modules/website/web/models/Public_users_m.php
INFO - 2020-03-23 10:35:08 --> Final output sent to browser
DEBUG - 2020-03-23 10:35:08 --> Total execution time: 0.0096
