INFO - 2020-11-11 05:15:26 --> Config Class Initialized
INFO - 2020-11-11 05:15:26 --> Hooks Class Initialized
INFO - 2020-11-11 05:15:27 --> Config Class Initialized
INFO - 2020-11-11 05:15:27 --> Hooks Class Initialized
DEBUG - 2020-11-11 05:15:28 --> UTF-8 Support Enabled
DEBUG - 2020-11-11 05:15:28 --> UTF-8 Support Enabled
INFO - 2020-11-11 05:15:29 --> Utf8 Class Initialized
INFO - 2020-11-11 05:15:29 --> Utf8 Class Initialized
INFO - 2020-11-11 05:15:29 --> URI Class Initialized
INFO - 2020-11-11 05:15:29 --> URI Class Initialized
DEBUG - 2020-11-11 05:15:30 --> No URI present. Default controller set.
DEBUG - 2020-11-11 05:15:30 --> No URI present. Default controller set.
INFO - 2020-11-11 05:15:30 --> Router Class Initialized
INFO - 2020-11-11 05:15:30 --> Router Class Initialized
INFO - 2020-11-11 05:15:31 --> Output Class Initialized
INFO - 2020-11-11 05:15:31 --> Output Class Initialized
INFO - 2020-11-11 05:15:32 --> Security Class Initialized
INFO - 2020-11-11 05:15:32 --> Security Class Initialized
DEBUG - 2020-11-11 05:15:33 --> Global POST, GET and COOKIE data sanitized
DEBUG - 2020-11-11 05:15:33 --> Global POST, GET and COOKIE data sanitized
INFO - 2020-11-11 05:15:33 --> Input Class Initialized
INFO - 2020-11-11 05:15:33 --> Input Class Initialized
INFO - 2020-11-11 05:15:33 --> Language Class Initialized
INFO - 2020-11-11 05:15:33 --> Language Class Initialized
INFO - 2020-11-11 05:15:34 --> Language Class Initialized
INFO - 2020-11-11 05:15:34 --> Language Class Initialized
INFO - 2020-11-11 05:15:34 --> Config Class Initialized
INFO - 2020-11-11 05:15:34 --> Config Class Initialized
INFO - 2020-11-11 05:15:35 --> Loader Class Initialized
INFO - 2020-11-11 05:15:35 --> Loader Class Initialized
DEBUG - 2020-11-11 05:15:36 --> Config file loaded: C:\xampp\htdocs\KSEBL_SSP\application\config/rest.php
DEBUG - 2020-11-11 05:15:36 --> Config file loaded: C:\xampp\htdocs\KSEBL_SSP\application\config/rest.php
INFO - 2020-11-11 05:15:36 --> Helper loaded: url_helper
INFO - 2020-11-11 05:15:36 --> Helper loaded: url_helper
INFO - 2020-11-11 05:15:37 --> Helper loaded: form_helper
INFO - 2020-11-11 05:15:37 --> Helper loaded: form_helper
INFO - 2020-11-11 05:15:38 --> Helper loaded: adminurl_helper
INFO - 2020-11-11 05:15:38 --> Helper loaded: adminurl_helper
INFO - 2020-11-11 05:15:38 --> Helper loaded: site_helper
INFO - 2020-11-11 05:15:38 --> Helper loaded: site_helper
INFO - 2020-11-11 05:15:39 --> Helper loaded: directory_helper
INFO - 2020-11-11 05:15:39 --> Helper loaded: directory_helper
INFO - 2020-11-11 05:15:39 --> Helper loaded: mail_helper
INFO - 2020-11-11 05:15:39 --> Helper loaded: mail_helper
INFO - 2020-11-11 05:15:39 --> Language file loaded: language/english/api_lang.php
INFO - 2020-11-11 05:15:39 --> Language file loaded: language/english/api_lang.php
INFO - 2020-11-11 05:15:40 --> Database Driver Class Initialized
INFO - 2020-11-11 05:15:40 --> Database Driver Class Initialized
INFO - 2020-11-11 05:15:40 --> Database Driver Class Initialized
INFO - 2020-11-11 05:15:40 --> Database Driver Class Initialized
INFO - 2020-11-11 05:15:41 --> Email Class Initialized
INFO - 2020-11-11 05:15:41 --> Email Class Initialized
INFO - 2020-11-11 05:15:42 --> Session: Class initialized using 'database' driver.
INFO - 2020-11-11 05:15:42 --> Session: Class initialized using 'database' driver.
INFO - 2020-11-11 05:15:42 --> Form Validation Class Initialized
INFO - 2020-11-11 05:15:42 --> Form Validation Class Initialized
INFO - 2020-11-11 05:15:42 --> Controller Class Initialized
INFO - 2020-11-11 05:15:42 --> Controller Class Initialized
DEBUG - 2020-11-11 05:15:43 --> Web MX_Controller Initialized
DEBUG - 2020-11-11 05:15:43 --> Web MX_Controller Initialized
DEBUG - 2020-11-11 05:15:43 --> File loaded: C:\xampp\htdocs\KSEBL_SSP\application\controllers/../modules/template/controllers/Template.php
DEBUG - 2020-11-11 05:15:43 --> File loaded: C:\xampp\htdocs\KSEBL_SSP\application\controllers/../modules/template/controllers/Template.php
DEBUG - 2020-11-11 05:15:43 --> Template MX_Controller Initialized
DEBUG - 2020-11-11 05:15:43 --> Template MX_Controller Initialized
DEBUG - 2020-11-11 05:15:43 --> File loaded: C:\xampp\htdocs\KSEBL_SSP\application\modules/template/views/public/header.php
DEBUG - 2020-11-11 05:15:44 --> File loaded: C:\xampp\htdocs\KSEBL_SSP\application\modules/template/views/public/header.php
DEBUG - 2020-11-11 05:15:44 --> File loaded: C:\xampp\htdocs\KSEBL_SSP\application\modules/website/web/views/home.php
DEBUG - 2020-11-11 05:15:44 --> File loaded: C:\xampp\htdocs\KSEBL_SSP\application\modules/website/web/views/home.php
DEBUG - 2020-11-11 05:15:44 --> File loaded: C:\xampp\htdocs\KSEBL_SSP\application\modules/template/views/public/footer.php
DEBUG - 2020-11-11 05:15:44 --> File loaded: C:\xampp\htdocs\KSEBL_SSP\application\modules/template/views/public/footer.php
INFO - 2020-11-11 05:15:44 --> Final output sent to browser
INFO - 2020-11-11 05:15:44 --> Final output sent to browser
DEBUG - 2020-11-11 05:15:45 --> Total execution time: 17.7280
DEBUG - 2020-11-11 05:15:45 --> Total execution time: 22.7244
INFO - 2020-11-11 05:17:06 --> Config Class Initialized
INFO - 2020-11-11 05:17:06 --> Hooks Class Initialized
DEBUG - 2020-11-11 05:17:06 --> UTF-8 Support Enabled
INFO - 2020-11-11 05:17:07 --> Utf8 Class Initialized
INFO - 2020-11-11 05:17:07 --> URI Class Initialized
INFO - 2020-11-11 05:17:07 --> Router Class Initialized
INFO - 2020-11-11 05:17:07 --> Output Class Initialized
INFO - 2020-11-11 05:17:08 --> Security Class Initialized
DEBUG - 2020-11-11 05:17:08 --> Global POST, GET and COOKIE data sanitized
INFO - 2020-11-11 05:17:08 --> Input Class Initialized
INFO - 2020-11-11 05:17:08 --> Language Class Initialized
INFO - 2020-11-11 05:17:09 --> Language Class Initialized
INFO - 2020-11-11 05:17:09 --> Config Class Initialized
INFO - 2020-11-11 05:17:09 --> Loader Class Initialized
DEBUG - 2020-11-11 05:17:10 --> Config file loaded: C:\xampp\htdocs\KSEBL_SSP\application\config/rest.php
INFO - 2020-11-11 05:17:10 --> Helper loaded: url_helper
INFO - 2020-11-11 05:17:10 --> Helper loaded: form_helper
INFO - 2020-11-11 05:17:10 --> Helper loaded: adminurl_helper
INFO - 2020-11-11 05:17:12 --> Helper loaded: site_helper
INFO - 2020-11-11 05:17:12 --> Helper loaded: directory_helper
INFO - 2020-11-11 05:17:13 --> Helper loaded: mail_helper
INFO - 2020-11-11 05:17:13 --> Language file loaded: language/english/api_lang.php
INFO - 2020-11-11 05:17:14 --> Database Driver Class Initialized
INFO - 2020-11-11 05:17:14 --> Database Driver Class Initialized
INFO - 2020-11-11 05:17:14 --> Email Class Initialized
INFO - 2020-11-11 05:17:15 --> Session: Class initialized using 'database' driver.
INFO - 2020-11-11 05:17:16 --> Form Validation Class Initialized
INFO - 2020-11-11 05:17:16 --> Controller Class Initialized
DEBUG - 2020-11-11 05:17:18 --> File loaded: C:\xampp\htdocs\KSEBL_SSP\application\controllers/../modules/template/controllers/Template.php
DEBUG - 2020-11-11 05:17:18 --> Template MX_Controller Initialized
INFO - 2020-11-11 05:17:19 --> Language file loaded: language/english/form_validation_lang.php
DEBUG - 2020-11-11 05:17:19 --> File loaded: C:\xampp\htdocs\KSEBL_SSP\application\modules/supplier/supplier_home/models/Login.php
ERROR - 2020-11-11 05:17:20 --> Severity: Notice --> Undefined index: uid C:\xampp\htdocs\KSEBL_SSP\application\modules\supplier\supplier_home\controllers\Supplier_home.php 36
ERROR - 2020-11-11 05:17:20 --> Severity: Notice --> Undefined index: district_id C:\xampp\htdocs\KSEBL_SSP\application\modules\supplier\supplier_home\controllers\Supplier_home.php 41
ERROR - 2020-11-11 05:17:20 --> Severity: Notice --> Undefined index: basin_id C:\xampp\htdocs\KSEBL_SSP\application\modules\supplier\supplier_home\controllers\Supplier_home.php 42
INFO - 2020-11-11 05:17:22 --> Config Class Initialized
INFO - 2020-11-11 05:17:22 --> Hooks Class Initialized
DEBUG - 2020-11-11 05:17:22 --> UTF-8 Support Enabled
INFO - 2020-11-11 05:17:22 --> Utf8 Class Initialized
INFO - 2020-11-11 05:17:22 --> URI Class Initialized
INFO - 2020-11-11 05:17:22 --> Router Class Initialized
INFO - 2020-11-11 05:17:23 --> Output Class Initialized
INFO - 2020-11-11 05:17:23 --> Security Class Initialized
DEBUG - 2020-11-11 05:17:23 --> Global POST, GET and COOKIE data sanitized
INFO - 2020-11-11 05:17:23 --> Input Class Initialized
INFO - 2020-11-11 05:17:23 --> Language Class Initialized
INFO - 2020-11-11 05:17:23 --> Language Class Initialized
INFO - 2020-11-11 05:17:24 --> Config Class Initialized
INFO - 2020-11-11 05:17:24 --> Loader Class Initialized
DEBUG - 2020-11-11 05:17:24 --> Config file loaded: C:\xampp\htdocs\KSEBL_SSP\application\config/rest.php
INFO - 2020-11-11 05:17:24 --> Helper loaded: url_helper
INFO - 2020-11-11 05:17:24 --> Helper loaded: form_helper
INFO - 2020-11-11 05:17:24 --> Helper loaded: adminurl_helper
INFO - 2020-11-11 05:17:24 --> Helper loaded: site_helper
INFO - 2020-11-11 05:17:25 --> Helper loaded: directory_helper
INFO - 2020-11-11 05:17:25 --> Helper loaded: mail_helper
INFO - 2020-11-11 05:17:25 --> Language file loaded: language/english/api_lang.php
INFO - 2020-11-11 05:17:25 --> Database Driver Class Initialized
INFO - 2020-11-11 05:17:25 --> Database Driver Class Initialized
INFO - 2020-11-11 05:17:26 --> Email Class Initialized
INFO - 2020-11-11 05:17:26 --> Session: Class initialized using 'database' driver.
INFO - 2020-11-11 05:17:26 --> Form Validation Class Initialized
INFO - 2020-11-11 05:17:27 --> Controller Class Initialized
DEBUG - 2020-11-11 05:17:27 --> Supplier_dashboard MX_Controller Initialized
DEBUG - 2020-11-11 05:17:27 --> File loaded: C:\xampp\htdocs\KSEBL_SSP\application\controllers/../modules/template/controllers/Template.php
DEBUG - 2020-11-11 05:17:27 --> Template MX_Controller Initialized
DEBUG - 2020-11-11 05:17:27 --> File loaded: C:\xampp\htdocs\KSEBL_SSP\application\modules/supplier/supplier_dashboard/models/Dashboard_model.php
DEBUG - 2020-11-11 05:17:27 --> File loaded: C:\xampp\htdocs\KSEBL_SSP\application\modules/template/views/supplier_portal/header.php
DEBUG - 2020-11-11 05:17:28 --> File loaded: C:\xampp\htdocs\KSEBL_SSP\application\modules/template/views/supplier_portal/banner.php
DEBUG - 2020-11-11 05:17:28 --> File loaded: C:\xampp\htdocs\KSEBL_SSP\application\modules/template/views/supplier_portal/widget.php
DEBUG - 2020-11-11 05:17:28 --> File loaded: C:\xampp\htdocs\KSEBL_SSP\application\modules/supplier/supplier_dashboard/views/dashboard.php
DEBUG - 2020-11-11 05:17:28 --> File loaded: C:\xampp\htdocs\KSEBL_SSP\application\modules/template/views/supplier_portal/footer.php
INFO - 2020-11-11 05:17:28 --> Final output sent to browser
DEBUG - 2020-11-11 05:17:29 --> Total execution time: 6.7960
INFO - 2020-11-11 05:17:30 --> Config Class Initialized
INFO - 2020-11-11 05:17:30 --> Hooks Class Initialized
DEBUG - 2020-11-11 05:17:30 --> UTF-8 Support Enabled
INFO - 2020-11-11 05:17:30 --> Utf8 Class Initialized
INFO - 2020-11-11 05:17:31 --> URI Class Initialized
INFO - 2020-11-11 05:17:31 --> Router Class Initialized
INFO - 2020-11-11 05:17:31 --> Output Class Initialized
INFO - 2020-11-11 05:17:31 --> Security Class Initialized
DEBUG - 2020-11-11 05:17:31 --> Global POST, GET and COOKIE data sanitized
INFO - 2020-11-11 05:17:31 --> Input Class Initialized
INFO - 2020-11-11 05:17:31 --> Language Class Initialized
INFO - 2020-11-11 05:17:32 --> Config Class Initialized
INFO - 2020-11-11 05:17:32 --> Language Class Initialized
INFO - 2020-11-11 05:17:32 --> Hooks Class Initialized
INFO - 2020-11-11 05:17:32 --> Config Class Initialized
DEBUG - 2020-11-11 05:17:32 --> UTF-8 Support Enabled
INFO - 2020-11-11 05:17:32 --> Loader Class Initialized
INFO - 2020-11-11 05:17:32 --> Utf8 Class Initialized
DEBUG - 2020-11-11 05:17:32 --> Config file loaded: C:\xampp\htdocs\KSEBL_SSP\application\config/rest.php
INFO - 2020-11-11 05:17:32 --> Helper loaded: url_helper
INFO - 2020-11-11 05:17:32 --> URI Class Initialized
INFO - 2020-11-11 05:17:32 --> Router Class Initialized
INFO - 2020-11-11 05:17:33 --> Helper loaded: form_helper
INFO - 2020-11-11 05:17:33 --> Output Class Initialized
INFO - 2020-11-11 05:17:33 --> Security Class Initialized
INFO - 2020-11-11 05:17:33 --> Helper loaded: adminurl_helper
DEBUG - 2020-11-11 05:17:33 --> Global POST, GET and COOKIE data sanitized
INFO - 2020-11-11 05:17:33 --> Helper loaded: site_helper
INFO - 2020-11-11 05:17:33 --> Input Class Initialized
INFO - 2020-11-11 05:17:33 --> Helper loaded: directory_helper
INFO - 2020-11-11 05:17:33 --> Language Class Initialized
INFO - 2020-11-11 05:17:33 --> Helper loaded: mail_helper
INFO - 2020-11-11 05:17:33 --> Language Class Initialized
INFO - 2020-11-11 05:17:33 --> Config Class Initialized
INFO - 2020-11-11 05:17:33 --> Language file loaded: language/english/api_lang.php
INFO - 2020-11-11 05:17:34 --> Loader Class Initialized
INFO - 2020-11-11 05:17:34 --> Database Driver Class Initialized
INFO - 2020-11-11 05:17:34 --> Database Driver Class Initialized
DEBUG - 2020-11-11 05:17:34 --> Config file loaded: C:\xampp\htdocs\KSEBL_SSP\application\config/rest.php
INFO - 2020-11-11 05:17:34 --> Helper loaded: url_helper
INFO - 2020-11-11 05:17:34 --> Helper loaded: form_helper
INFO - 2020-11-11 05:17:34 --> Helper loaded: adminurl_helper
INFO - 2020-11-11 05:17:34 --> Helper loaded: site_helper
INFO - 2020-11-11 05:17:34 --> Email Class Initialized
INFO - 2020-11-11 05:17:35 --> Helper loaded: directory_helper
INFO - 2020-11-11 05:17:35 --> Helper loaded: mail_helper
INFO - 2020-11-11 05:17:35 --> Language file loaded: language/english/api_lang.php
INFO - 2020-11-11 05:17:35 --> Session: Class initialized using 'database' driver.
INFO - 2020-11-11 05:17:35 --> Database Driver Class Initialized
INFO - 2020-11-11 05:17:35 --> Database Driver Class Initialized
INFO - 2020-11-11 05:17:35 --> Form Validation Class Initialized
INFO - 2020-11-11 05:17:35 --> Controller Class Initialized
DEBUG - 2020-11-11 05:17:36 --> Web MX_Controller Initialized
DEBUG - 2020-11-11 05:17:36 --> File loaded: C:\xampp\htdocs\KSEBL_SSP\application\controllers/../modules/template/controllers/Template.php
DEBUG - 2020-11-11 05:17:36 --> Template MX_Controller Initialized
INFO - 2020-11-11 05:17:36 --> Email Class Initialized
DEBUG - 2020-11-11 05:17:36 --> File loaded: C:\xampp\htdocs\KSEBL_SSP\application\modules/template/views/public/header.php
INFO - 2020-11-11 05:17:37 --> Session: Class initialized using 'database' driver.
INFO - 2020-11-11 05:17:37 --> Form Validation Class Initialized
INFO - 2020-11-11 05:17:37 --> Controller Class Initialized
DEBUG - 2020-11-11 05:17:37 --> Template MX_Controller Initialized
ERROR - 2020-11-11 05:17:37 --> Severity: Notice --> Undefined variable: showdashbaord C:\xampp\htdocs\KSEBL_SSP\application\modules\template\views\supplier\sidebar.php 26
ERROR - 2020-11-11 05:17:38 --> Severity: Notice --> Undefined variable: page C:\xampp\htdocs\KSEBL_SSP\application\modules\template\views\supplier\sidebar.php 30
ERROR - 2020-11-11 05:17:38 --> Severity: Notice --> Undefined variable: page C:\xampp\htdocs\KSEBL_SSP\application\modules\template\views\supplier\sidebar.php 36
ERROR - 2020-11-11 05:17:38 --> Severity: Notice --> Undefined variable: page C:\xampp\htdocs\KSEBL_SSP\application\modules\template\views\supplier\sidebar.php 42
DEBUG - 2020-11-11 05:17:38 --> File loaded: C:\xampp\htdocs\KSEBL_SSP\application\modules/template/views/supplier/sidebar.php
ERROR - 2020-11-11 05:17:38 --> Severity: Notice --> Undefined variable: showdashbaord C:\xampp\htdocs\KSEBL_SSP\application\modules\template\views\supplier\header.php 84
DEBUG - 2020-11-11 05:17:39 --> File loaded: C:\xampp\htdocs\KSEBL_SSP\application\modules/template/views/supplier/header.php
DEBUG - 2020-11-11 05:17:39 --> File loaded: C:\xampp\htdocs\KSEBL_SSP\application\modules/template/views/supplier/e404.php
DEBUG - 2020-11-11 05:17:39 --> File loaded: C:\xampp\htdocs\KSEBL_SSP\application\modules/template/views/supplier/footer.php
INFO - 2020-11-11 05:17:39 --> Final output sent to browser
DEBUG - 2020-11-11 05:17:39 --> Total execution time: 7.6853
INFO - 2020-11-11 05:30:03 --> Config Class Initialized
INFO - 2020-11-11 05:30:03 --> Hooks Class Initialized
DEBUG - 2020-11-11 05:30:03 --> UTF-8 Support Enabled
INFO - 2020-11-11 05:30:03 --> Utf8 Class Initialized
INFO - 2020-11-11 05:30:04 --> URI Class Initialized
DEBUG - 2020-11-11 05:30:04 --> No URI present. Default controller set.
INFO - 2020-11-11 05:30:04 --> Router Class Initialized
INFO - 2020-11-11 05:30:04 --> Output Class Initialized
INFO - 2020-11-11 05:30:04 --> Security Class Initialized
DEBUG - 2020-11-11 05:30:05 --> Global POST, GET and COOKIE data sanitized
INFO - 2020-11-11 05:30:05 --> Input Class Initialized
INFO - 2020-11-11 05:30:05 --> Language Class Initialized
INFO - 2020-11-11 05:30:05 --> Language Class Initialized
INFO - 2020-11-11 05:30:05 --> Config Class Initialized
INFO - 2020-11-11 05:30:05 --> Loader Class Initialized
DEBUG - 2020-11-11 05:30:05 --> Config file loaded: C:\xampp\htdocs\KSEBL_SSP\application\config/rest.php
INFO - 2020-11-11 05:30:05 --> Helper loaded: url_helper
INFO - 2020-11-11 05:30:06 --> Helper loaded: form_helper
INFO - 2020-11-11 05:30:06 --> Helper loaded: adminurl_helper
INFO - 2020-11-11 05:30:06 --> Helper loaded: site_helper
INFO - 2020-11-11 05:30:06 --> Helper loaded: directory_helper
INFO - 2020-11-11 05:30:06 --> Helper loaded: mail_helper
INFO - 2020-11-11 05:30:06 --> Language file loaded: language/english/api_lang.php
INFO - 2020-11-11 05:30:07 --> Database Driver Class Initialized
INFO - 2020-11-11 05:30:07 --> Database Driver Class Initialized
INFO - 2020-11-11 05:30:07 --> Email Class Initialized
INFO - 2020-11-11 05:30:10 --> Session: Class initialized using 'database' driver.
INFO - 2020-11-11 05:30:10 --> Form Validation Class Initialized
INFO - 2020-11-11 05:30:10 --> Controller Class Initialized
DEBUG - 2020-11-11 05:30:10 --> Web MX_Controller Initialized
DEBUG - 2020-11-11 05:30:10 --> File loaded: C:\xampp\htdocs\KSEBL_SSP\application\controllers/../modules/template/controllers/Template.php
DEBUG - 2020-11-11 05:30:11 --> Template MX_Controller Initialized
DEBUG - 2020-11-11 05:30:11 --> File loaded: C:\xampp\htdocs\KSEBL_SSP\application\modules/template/views/public/header.php
INFO - 2020-11-11 05:36:05 --> Config Class Initialized
INFO - 2020-11-11 05:36:05 --> Config Class Initialized
INFO - 2020-11-11 05:36:05 --> Hooks Class Initialized
INFO - 2020-11-11 05:36:05 --> Hooks Class Initialized
DEBUG - 2020-11-11 05:36:06 --> UTF-8 Support Enabled
DEBUG - 2020-11-11 05:36:06 --> UTF-8 Support Enabled
INFO - 2020-11-11 05:36:06 --> Utf8 Class Initialized
INFO - 2020-11-11 05:36:06 --> Utf8 Class Initialized
INFO - 2020-11-11 05:36:06 --> URI Class Initialized
INFO - 2020-11-11 05:36:06 --> URI Class Initialized
INFO - 2020-11-11 05:36:07 --> Router Class Initialized
INFO - 2020-11-11 05:36:07 --> Router Class Initialized
INFO - 2020-11-11 05:36:07 --> Output Class Initialized
INFO - 2020-11-11 05:36:07 --> Output Class Initialized
INFO - 2020-11-11 05:36:08 --> Security Class Initialized
DEBUG - 2020-11-11 05:36:08 --> Global POST, GET and COOKIE data sanitized
INFO - 2020-11-11 05:36:08 --> Security Class Initialized
DEBUG - 2020-11-11 05:36:08 --> Global POST, GET and COOKIE data sanitized
INFO - 2020-11-11 05:36:08 --> Input Class Initialized
INFO - 2020-11-11 05:36:08 --> Input Class Initialized
INFO - 2020-11-11 05:36:09 --> Language Class Initialized
INFO - 2020-11-11 05:36:09 --> Language Class Initialized
INFO - 2020-11-11 05:36:09 --> Language Class Initialized
INFO - 2020-11-11 05:36:09 --> Language Class Initialized
INFO - 2020-11-11 05:36:09 --> Config Class Initialized
INFO - 2020-11-11 05:36:09 --> Config Class Initialized
INFO - 2020-11-11 05:36:10 --> Loader Class Initialized
DEBUG - 2020-11-11 05:36:10 --> Config file loaded: C:\xampp\htdocs\KSEBL_SSP\application\config/rest.php
INFO - 2020-11-11 05:36:10 --> Loader Class Initialized
DEBUG - 2020-11-11 05:36:10 --> Config file loaded: C:\xampp\htdocs\KSEBL_SSP\application\config/rest.php
INFO - 2020-11-11 05:36:10 --> Helper loaded: url_helper
INFO - 2020-11-11 05:36:10 --> Helper loaded: url_helper
INFO - 2020-11-11 05:36:10 --> Helper loaded: form_helper
INFO - 2020-11-11 05:36:11 --> Helper loaded: adminurl_helper
INFO - 2020-11-11 05:36:11 --> Helper loaded: site_helper
INFO - 2020-11-11 05:36:11 --> Helper loaded: form_helper
INFO - 2020-11-11 05:36:11 --> Helper loaded: adminurl_helper
INFO - 2020-11-11 05:36:11 --> Helper loaded: directory_helper
INFO - 2020-11-11 05:36:11 --> Helper loaded: site_helper
INFO - 2020-11-11 05:36:11 --> Helper loaded: mail_helper
INFO - 2020-11-11 05:36:11 --> Helper loaded: directory_helper
INFO - 2020-11-11 05:36:11 --> Language file loaded: language/english/api_lang.php
INFO - 2020-11-11 05:36:12 --> Helper loaded: mail_helper
INFO - 2020-11-11 05:36:12 --> Language file loaded: language/english/api_lang.php
INFO - 2020-11-11 05:36:12 --> Database Driver Class Initialized
INFO - 2020-11-11 05:36:12 --> Database Driver Class Initialized
INFO - 2020-11-11 05:36:12 --> Database Driver Class Initialized
INFO - 2020-11-11 05:36:13 --> Database Driver Class Initialized
INFO - 2020-11-11 05:36:17 --> Email Class Initialized
INFO - 2020-11-11 05:36:17 --> Email Class Initialized
INFO - 2020-11-11 05:36:18 --> Session: Class initialized using 'database' driver.
INFO - 2020-11-11 05:36:18 --> Session: Class initialized using 'database' driver.
INFO - 2020-11-11 05:36:18 --> Form Validation Class Initialized
INFO - 2020-11-11 05:36:18 --> Controller Class Initialized
INFO - 2020-11-11 05:36:18 --> Form Validation Class Initialized
DEBUG - 2020-11-11 05:36:19 --> Web MX_Controller Initialized
INFO - 2020-11-11 05:36:19 --> Controller Class Initialized
DEBUG - 2020-11-11 05:36:19 --> Web MX_Controller Initialized
DEBUG - 2020-11-11 05:36:19 --> File loaded: C:\xampp\htdocs\KSEBL_SSP\application\controllers/../modules/template/controllers/Template.php
DEBUG - 2020-11-11 05:36:19 --> File loaded: C:\xampp\htdocs\KSEBL_SSP\application\controllers/../modules/template/controllers/Template.php
DEBUG - 2020-11-11 05:36:19 --> Template MX_Controller Initialized
DEBUG - 2020-11-11 05:36:19 --> File loaded: C:\xampp\htdocs\KSEBL_SSP\application\modules/template/views/public/header.php
DEBUG - 2020-11-11 05:36:19 --> Template MX_Controller Initialized
DEBUG - 2020-11-11 05:36:19 --> File loaded: C:\xampp\htdocs\KSEBL_SSP\application\modules/template/views/public/header.php
INFO - 2020-11-11 05:36:21 --> Config Class Initialized
INFO - 2020-11-11 05:36:21 --> Hooks Class Initialized
DEBUG - 2020-11-11 05:36:22 --> UTF-8 Support Enabled
INFO - 2020-11-11 05:36:22 --> Utf8 Class Initialized
INFO - 2020-11-11 05:36:22 --> URI Class Initialized
INFO - 2020-11-11 05:36:22 --> Router Class Initialized
INFO - 2020-11-11 05:36:23 --> Output Class Initialized
INFO - 2020-11-11 05:36:23 --> Security Class Initialized
DEBUG - 2020-11-11 05:36:23 --> Global POST, GET and COOKIE data sanitized
INFO - 2020-11-11 05:36:23 --> Input Class Initialized
INFO - 2020-11-11 05:36:24 --> Language Class Initialized
INFO - 2020-11-11 05:36:24 --> Language Class Initialized
INFO - 2020-11-11 05:36:24 --> Config Class Initialized
INFO - 2020-11-11 05:36:24 --> Loader Class Initialized
DEBUG - 2020-11-11 05:36:24 --> Config file loaded: C:\xampp\htdocs\KSEBL_SSP\application\config/rest.php
INFO - 2020-11-11 05:36:25 --> Helper loaded: url_helper
INFO - 2020-11-11 05:36:25 --> Helper loaded: form_helper
INFO - 2020-11-11 05:36:26 --> Helper loaded: adminurl_helper
INFO - 2020-11-11 05:36:26 --> Helper loaded: site_helper
INFO - 2020-11-11 05:36:26 --> Helper loaded: directory_helper
INFO - 2020-11-11 05:36:27 --> Helper loaded: mail_helper
INFO - 2020-11-11 05:36:27 --> Language file loaded: language/english/api_lang.php
INFO - 2020-11-11 05:36:27 --> Database Driver Class Initialized
INFO - 2020-11-11 05:36:27 --> Database Driver Class Initialized
INFO - 2020-11-11 05:36:28 --> Email Class Initialized
INFO - 2020-11-11 05:36:28 --> Session: Class initialized using 'database' driver.
INFO - 2020-11-11 05:36:29 --> Form Validation Class Initialized
INFO - 2020-11-11 05:36:29 --> Controller Class Initialized
DEBUG - 2020-11-11 05:36:29 --> Web MX_Controller Initialized
DEBUG - 2020-11-11 05:36:29 --> File loaded: C:\xampp\htdocs\KSEBL_SSP\application\controllers/../modules/template/controllers/Template.php
DEBUG - 2020-11-11 05:36:29 --> Template MX_Controller Initialized
DEBUG - 2020-11-11 05:36:29 --> File loaded: C:\xampp\htdocs\KSEBL_SSP\application\modules/template/views/public/header.php
INFO - 2020-11-11 05:52:59 --> Config Class Initialized
INFO - 2020-11-11 05:52:59 --> Hooks Class Initialized
DEBUG - 2020-11-11 05:53:00 --> UTF-8 Support Enabled
INFO - 2020-11-11 05:53:00 --> Utf8 Class Initialized
INFO - 2020-11-11 05:53:00 --> URI Class Initialized
INFO - 2020-11-11 05:53:01 --> Router Class Initialized
INFO - 2020-11-11 05:53:01 --> Output Class Initialized
INFO - 2020-11-11 05:53:02 --> Security Class Initialized
DEBUG - 2020-11-11 05:53:02 --> Global POST, GET and COOKIE data sanitized
INFO - 2020-11-11 05:53:02 --> Input Class Initialized
INFO - 2020-11-11 05:53:03 --> Language Class Initialized
INFO - 2020-11-11 05:53:03 --> Language Class Initialized
INFO - 2020-11-11 05:53:03 --> Config Class Initialized
INFO - 2020-11-11 05:53:04 --> Loader Class Initialized
DEBUG - 2020-11-11 05:53:04 --> Config file loaded: C:\xampp\htdocs\KSEBL_SSP\application\config/rest.php
INFO - 2020-11-11 05:53:04 --> Helper loaded: url_helper
INFO - 2020-11-11 05:53:04 --> Helper loaded: form_helper
INFO - 2020-11-11 05:53:05 --> Helper loaded: adminurl_helper
INFO - 2020-11-11 05:53:05 --> Helper loaded: site_helper
INFO - 2020-11-11 05:53:05 --> Helper loaded: directory_helper
INFO - 2020-11-11 05:53:05 --> Helper loaded: mail_helper
INFO - 2020-11-11 05:53:06 --> Language file loaded: language/english/api_lang.php
INFO - 2020-11-11 05:53:06 --> Database Driver Class Initialized
INFO - 2020-11-11 05:53:07 --> Database Driver Class Initialized
INFO - 2020-11-11 05:53:09 --> Email Class Initialized
INFO - 2020-11-11 05:53:15 --> Session: Class initialized using 'database' driver.
INFO - 2020-11-11 05:53:16 --> Form Validation Class Initialized
INFO - 2020-11-11 05:53:16 --> Controller Class Initialized
DEBUG - 2020-11-11 05:53:17 --> Supplier_dashboard MX_Controller Initialized
DEBUG - 2020-11-11 05:53:17 --> File loaded: C:\xampp\htdocs\KSEBL_SSP\application\controllers/../modules/template/controllers/Template.php
DEBUG - 2020-11-11 05:53:17 --> Template MX_Controller Initialized
DEBUG - 2020-11-11 05:53:18 --> File loaded: C:\xampp\htdocs\KSEBL_SSP\application\modules/supplier/supplier_dashboard/models/Dashboard_model.php
DEBUG - 2020-11-11 05:53:19 --> File loaded: C:\xampp\htdocs\KSEBL_SSP\application\modules/template/views/supplier_portal/header.php
DEBUG - 2020-11-11 05:53:20 --> File loaded: C:\xampp\htdocs\KSEBL_SSP\application\modules/template/views/supplier_portal/banner.php
DEBUG - 2020-11-11 05:53:20 --> File loaded: C:\xampp\htdocs\KSEBL_SSP\application\modules/template/views/supplier_portal/widget.php
DEBUG - 2020-11-11 05:53:21 --> File loaded: C:\xampp\htdocs\KSEBL_SSP\application\modules/supplier/supplier_dashboard/views/dashboard.php
DEBUG - 2020-11-11 05:53:21 --> File loaded: C:\xampp\htdocs\KSEBL_SSP\application\modules/template/views/supplier_portal/footer.php
INFO - 2020-11-11 05:53:22 --> Final output sent to browser
DEBUG - 2020-11-11 05:53:22 --> Total execution time: 25.0389
INFO - 2020-11-11 05:53:31 --> Config Class Initialized
INFO - 2020-11-11 05:53:31 --> Hooks Class Initialized
DEBUG - 2020-11-11 05:53:32 --> UTF-8 Support Enabled
INFO - 2020-11-11 05:53:33 --> Utf8 Class Initialized
INFO - 2020-11-11 05:53:33 --> URI Class Initialized
INFO - 2020-11-11 05:53:34 --> Router Class Initialized
INFO - 2020-11-11 05:53:34 --> Output Class Initialized
INFO - 2020-11-11 05:53:34 --> Security Class Initialized
DEBUG - 2020-11-11 05:53:35 --> Global POST, GET and COOKIE data sanitized
INFO - 2020-11-11 05:53:35 --> Input Class Initialized
INFO - 2020-11-11 05:53:35 --> Language Class Initialized
INFO - 2020-11-11 05:53:35 --> Language Class Initialized
INFO - 2020-11-11 05:53:36 --> Config Class Initialized
INFO - 2020-11-11 05:53:36 --> Loader Class Initialized
DEBUG - 2020-11-11 05:53:36 --> Config file loaded: C:\xampp\htdocs\KSEBL_SSP\application\config/rest.php
INFO - 2020-11-11 05:53:36 --> Helper loaded: url_helper
INFO - 2020-11-11 05:53:36 --> Config Class Initialized
INFO - 2020-11-11 05:53:36 --> Hooks Class Initialized
DEBUG - 2020-11-11 05:53:37 --> UTF-8 Support Enabled
INFO - 2020-11-11 05:53:37 --> Helper loaded: form_helper
INFO - 2020-11-11 05:53:37 --> Utf8 Class Initialized
INFO - 2020-11-11 05:53:37 --> Helper loaded: adminurl_helper
INFO - 2020-11-11 05:53:37 --> Helper loaded: site_helper
INFO - 2020-11-11 05:53:37 --> URI Class Initialized
INFO - 2020-11-11 05:53:37 --> Helper loaded: directory_helper
INFO - 2020-11-11 05:53:37 --> Router Class Initialized
INFO - 2020-11-11 05:53:37 --> Output Class Initialized
INFO - 2020-11-11 05:53:37 --> Helper loaded: mail_helper
INFO - 2020-11-11 05:53:37 --> Language file loaded: language/english/api_lang.php
INFO - 2020-11-11 05:53:37 --> Security Class Initialized
DEBUG - 2020-11-11 05:53:38 --> Global POST, GET and COOKIE data sanitized
INFO - 2020-11-11 05:53:38 --> Input Class Initialized
INFO - 2020-11-11 05:53:38 --> Language Class Initialized
INFO - 2020-11-11 05:53:38 --> Database Driver Class Initialized
INFO - 2020-11-11 05:53:38 --> Database Driver Class Initialized
INFO - 2020-11-11 05:53:39 --> Language Class Initialized
INFO - 2020-11-11 05:53:42 --> Email Class Initialized
INFO - 2020-11-11 05:53:42 --> Config Class Initialized
INFO - 2020-11-11 05:53:43 --> Loader Class Initialized
INFO - 2020-11-11 05:53:44 --> Session: Class initialized using 'database' driver.
DEBUG - 2020-11-11 05:53:44 --> Config file loaded: C:\xampp\htdocs\KSEBL_SSP\application\config/rest.php
INFO - 2020-11-11 05:53:44 --> Helper loaded: url_helper
INFO - 2020-11-11 05:53:45 --> Form Validation Class Initialized
INFO - 2020-11-11 05:53:45 --> Helper loaded: form_helper
INFO - 2020-11-11 05:53:45 --> Controller Class Initialized
INFO - 2020-11-11 05:53:45 --> Helper loaded: adminurl_helper
INFO - 2020-11-11 05:53:45 --> Helper loaded: site_helper
DEBUG - 2020-11-11 05:53:45 --> Web MX_Controller Initialized
DEBUG - 2020-11-11 05:53:46 --> File loaded: C:\xampp\htdocs\KSEBL_SSP\application\controllers/../modules/template/controllers/Template.php
DEBUG - 2020-11-11 05:53:46 --> Template MX_Controller Initialized
DEBUG - 2020-11-11 05:53:46 --> File loaded: C:\xampp\htdocs\KSEBL_SSP\application\modules/template/views/public/header.php
INFO - 2020-11-11 05:53:46 --> Helper loaded: directory_helper
INFO - 2020-11-11 05:53:47 --> Helper loaded: mail_helper
INFO - 2020-11-11 05:53:48 --> Language file loaded: language/english/api_lang.php
INFO - 2020-11-11 05:53:54 --> Database Driver Class Initialized
INFO - 2020-11-11 05:53:56 --> Database Driver Class Initialized
INFO - 2020-11-11 05:53:57 --> Email Class Initialized
INFO - 2020-11-11 05:53:58 --> Session: Class initialized using 'database' driver.
INFO - 2020-11-11 05:53:59 --> Form Validation Class Initialized
INFO - 2020-11-11 05:53:59 --> Controller Class Initialized
DEBUG - 2020-11-11 05:53:59 --> Template MX_Controller Initialized
ERROR - 2020-11-11 05:53:59 --> Severity: Notice --> Undefined variable: showdashbaord C:\xampp\htdocs\KSEBL_SSP\application\modules\template\views\supplier\sidebar.php 26
ERROR - 2020-11-11 05:53:59 --> Severity: Notice --> Undefined variable: page C:\xampp\htdocs\KSEBL_SSP\application\modules\template\views\supplier\sidebar.php 30
ERROR - 2020-11-11 05:53:59 --> Severity: Notice --> Undefined variable: page C:\xampp\htdocs\KSEBL_SSP\application\modules\template\views\supplier\sidebar.php 36
ERROR - 2020-11-11 05:54:00 --> Severity: Notice --> Undefined variable: page C:\xampp\htdocs\KSEBL_SSP\application\modules\template\views\supplier\sidebar.php 42
DEBUG - 2020-11-11 05:54:00 --> File loaded: C:\xampp\htdocs\KSEBL_SSP\application\modules/template/views/supplier/sidebar.php
ERROR - 2020-11-11 05:54:00 --> Severity: Notice --> Undefined variable: showdashbaord C:\xampp\htdocs\KSEBL_SSP\application\modules\template\views\supplier\header.php 84
DEBUG - 2020-11-11 05:54:01 --> File loaded: C:\xampp\htdocs\KSEBL_SSP\application\modules/template/views/supplier/header.php
DEBUG - 2020-11-11 05:54:01 --> File loaded: C:\xampp\htdocs\KSEBL_SSP\application\modules/template/views/supplier/e404.php
DEBUG - 2020-11-11 05:54:01 --> File loaded: C:\xampp\htdocs\KSEBL_SSP\application\modules/template/views/supplier/footer.php
INFO - 2020-11-11 05:54:01 --> Final output sent to browser
DEBUG - 2020-11-11 05:54:01 --> Total execution time: 24.7988
INFO - 2020-11-11 05:54:57 --> Config Class Initialized
INFO - 2020-11-11 05:54:57 --> Config Class Initialized
INFO - 2020-11-11 05:54:57 --> Hooks Class Initialized
DEBUG - 2020-11-11 05:54:57 --> UTF-8 Support Enabled
INFO - 2020-11-11 05:54:57 --> Hooks Class Initialized
DEBUG - 2020-11-11 05:54:57 --> UTF-8 Support Enabled
INFO - 2020-11-11 05:54:57 --> Utf8 Class Initialized
INFO - 2020-11-11 05:54:57 --> Utf8 Class Initialized
INFO - 2020-11-11 05:54:57 --> URI Class Initialized
INFO - 2020-11-11 05:54:58 --> Router Class Initialized
INFO - 2020-11-11 05:54:58 --> URI Class Initialized
INFO - 2020-11-11 05:54:58 --> Output Class Initialized
INFO - 2020-11-11 05:54:58 --> Security Class Initialized
INFO - 2020-11-11 05:54:58 --> Router Class Initialized
DEBUG - 2020-11-11 05:54:58 --> Global POST, GET and COOKIE data sanitized
INFO - 2020-11-11 05:54:58 --> Input Class Initialized
INFO - 2020-11-11 05:54:58 --> Output Class Initialized
INFO - 2020-11-11 05:54:58 --> Security Class Initialized
DEBUG - 2020-11-11 05:54:59 --> Global POST, GET and COOKIE data sanitized
INFO - 2020-11-11 05:54:59 --> Language Class Initialized
INFO - 2020-11-11 05:54:59 --> Input Class Initialized
INFO - 2020-11-11 05:54:59 --> Language Class Initialized
INFO - 2020-11-11 05:54:59 --> Language Class Initialized
INFO - 2020-11-11 05:54:59 --> Config Class Initialized
INFO - 2020-11-11 05:54:59 --> Language Class Initialized
INFO - 2020-11-11 05:54:59 --> Loader Class Initialized
INFO - 2020-11-11 05:54:59 --> Config Class Initialized
DEBUG - 2020-11-11 05:55:00 --> Config file loaded: C:\xampp\htdocs\KSEBL_SSP\application\config/rest.php
INFO - 2020-11-11 05:55:00 --> Loader Class Initialized
INFO - 2020-11-11 05:55:00 --> Helper loaded: url_helper
DEBUG - 2020-11-11 05:55:00 --> Config file loaded: C:\xampp\htdocs\KSEBL_SSP\application\config/rest.php
INFO - 2020-11-11 05:55:00 --> Helper loaded: form_helper
INFO - 2020-11-11 05:55:00 --> Helper loaded: url_helper
INFO - 2020-11-11 05:55:00 --> Helper loaded: adminurl_helper
INFO - 2020-11-11 05:55:00 --> Helper loaded: form_helper
INFO - 2020-11-11 05:55:00 --> Helper loaded: adminurl_helper
INFO - 2020-11-11 05:55:00 --> Helper loaded: site_helper
INFO - 2020-11-11 05:55:00 --> Helper loaded: site_helper
INFO - 2020-11-11 05:55:00 --> Helper loaded: directory_helper
INFO - 2020-11-11 05:55:00 --> Helper loaded: mail_helper
INFO - 2020-11-11 05:55:01 --> Helper loaded: directory_helper
INFO - 2020-11-11 05:55:01 --> Language file loaded: language/english/api_lang.php
INFO - 2020-11-11 05:55:01 --> Helper loaded: mail_helper
INFO - 2020-11-11 05:55:01 --> Language file loaded: language/english/api_lang.php
INFO - 2020-11-11 05:55:01 --> Database Driver Class Initialized
INFO - 2020-11-11 05:55:01 --> Database Driver Class Initialized
INFO - 2020-11-11 05:55:01 --> Database Driver Class Initialized
INFO - 2020-11-11 05:55:01 --> Database Driver Class Initialized
INFO - 2020-11-11 05:55:02 --> Email Class Initialized
INFO - 2020-11-11 05:55:03 --> Email Class Initialized
INFO - 2020-11-11 05:55:04 --> Session: Class initialized using 'database' driver.
INFO - 2020-11-11 05:55:04 --> Form Validation Class Initialized
INFO - 2020-11-11 05:55:04 --> Controller Class Initialized
DEBUG - 2020-11-11 05:55:05 --> Web MX_Controller Initialized
DEBUG - 2020-11-11 05:55:05 --> File loaded: C:\xampp\htdocs\KSEBL_SSP\application\controllers/../modules/template/controllers/Template.php
DEBUG - 2020-11-11 05:55:05 --> Template MX_Controller Initialized
DEBUG - 2020-11-11 05:55:05 --> File loaded: C:\xampp\htdocs\KSEBL_SSP\application\modules/template/views/public/header.php
INFO - 2020-11-11 05:55:06 --> Session: Class initialized using 'database' driver.
INFO - 2020-11-11 05:55:06 --> Form Validation Class Initialized
INFO - 2020-11-11 05:55:06 --> Controller Class Initialized
DEBUG - 2020-11-11 05:55:06 --> Web MX_Controller Initialized
DEBUG - 2020-11-11 05:55:06 --> File loaded: C:\xampp\htdocs\KSEBL_SSP\application\controllers/../modules/template/controllers/Template.php
DEBUG - 2020-11-11 05:55:07 --> Template MX_Controller Initialized
DEBUG - 2020-11-11 05:55:07 --> File loaded: C:\xampp\htdocs\KSEBL_SSP\application\modules/template/views/public/header.php
INFO - 2020-11-11 05:55:07 --> Config Class Initialized
INFO - 2020-11-11 05:55:07 --> Hooks Class Initialized
DEBUG - 2020-11-11 05:55:07 --> UTF-8 Support Enabled
INFO - 2020-11-11 05:55:07 --> Utf8 Class Initialized
INFO - 2020-11-11 05:55:07 --> URI Class Initialized
INFO - 2020-11-11 05:55:07 --> Router Class Initialized
INFO - 2020-11-11 05:55:08 --> Output Class Initialized
INFO - 2020-11-11 05:55:08 --> Security Class Initialized
DEBUG - 2020-11-11 05:55:08 --> Global POST, GET and COOKIE data sanitized
INFO - 2020-11-11 05:55:08 --> Input Class Initialized
INFO - 2020-11-11 05:55:08 --> Language Class Initialized
INFO - 2020-11-11 05:55:08 --> Language Class Initialized
INFO - 2020-11-11 05:55:08 --> Config Class Initialized
INFO - 2020-11-11 05:55:08 --> Loader Class Initialized
DEBUG - 2020-11-11 05:55:08 --> Config file loaded: C:\xampp\htdocs\KSEBL_SSP\application\config/rest.php
INFO - 2020-11-11 05:55:08 --> Helper loaded: url_helper
INFO - 2020-11-11 05:55:09 --> Helper loaded: form_helper
INFO - 2020-11-11 05:55:09 --> Helper loaded: adminurl_helper
INFO - 2020-11-11 05:55:09 --> Helper loaded: site_helper
INFO - 2020-11-11 05:55:09 --> Helper loaded: directory_helper
INFO - 2020-11-11 05:55:09 --> Helper loaded: mail_helper
INFO - 2020-11-11 05:55:09 --> Language file loaded: language/english/api_lang.php
INFO - 2020-11-11 05:55:09 --> Database Driver Class Initialized
INFO - 2020-11-11 05:55:09 --> Database Driver Class Initialized
INFO - 2020-11-11 05:55:10 --> Email Class Initialized
INFO - 2020-11-11 05:55:11 --> Session: Class initialized using 'database' driver.
INFO - 2020-11-11 05:55:11 --> Form Validation Class Initialized
INFO - 2020-11-11 05:55:11 --> Controller Class Initialized
DEBUG - 2020-11-11 05:55:11 --> Web MX_Controller Initialized
DEBUG - 2020-11-11 05:55:11 --> File loaded: C:\xampp\htdocs\KSEBL_SSP\application\controllers/../modules/template/controllers/Template.php
DEBUG - 2020-11-11 05:55:11 --> Template MX_Controller Initialized
DEBUG - 2020-11-11 05:55:12 --> File loaded: C:\xampp\htdocs\KSEBL_SSP\application\modules/template/views/public/header.php
INFO - 2020-11-11 05:57:56 --> Config Class Initialized
INFO - 2020-11-11 05:57:56 --> Hooks Class Initialized
DEBUG - 2020-11-11 05:57:56 --> UTF-8 Support Enabled
INFO - 2020-11-11 05:57:56 --> Utf8 Class Initialized
INFO - 2020-11-11 05:57:56 --> URI Class Initialized
INFO - 2020-11-11 05:57:57 --> Router Class Initialized
INFO - 2020-11-11 05:57:57 --> Output Class Initialized
INFO - 2020-11-11 05:57:57 --> Security Class Initialized
DEBUG - 2020-11-11 05:57:57 --> Global POST, GET and COOKIE data sanitized
INFO - 2020-11-11 05:57:57 --> Input Class Initialized
INFO - 2020-11-11 05:57:57 --> Language Class Initialized
INFO - 2020-11-11 05:57:57 --> Language Class Initialized
INFO - 2020-11-11 05:57:57 --> Config Class Initialized
INFO - 2020-11-11 05:57:57 --> Loader Class Initialized
DEBUG - 2020-11-11 05:57:58 --> Config file loaded: C:\xampp\htdocs\KSEBL_SSP\application\config/rest.php
INFO - 2020-11-11 05:57:58 --> Helper loaded: url_helper
INFO - 2020-11-11 05:57:58 --> Helper loaded: form_helper
INFO - 2020-11-11 05:57:58 --> Helper loaded: adminurl_helper
INFO - 2020-11-11 05:57:58 --> Helper loaded: site_helper
INFO - 2020-11-11 05:57:58 --> Helper loaded: directory_helper
INFO - 2020-11-11 05:57:58 --> Helper loaded: mail_helper
INFO - 2020-11-11 05:57:58 --> Language file loaded: language/english/api_lang.php
INFO - 2020-11-11 05:57:59 --> Database Driver Class Initialized
INFO - 2020-11-11 05:57:59 --> Database Driver Class Initialized
INFO - 2020-11-11 05:57:59 --> Email Class Initialized
INFO - 2020-11-11 05:58:00 --> Session: Class initialized using 'database' driver.
INFO - 2020-11-11 05:58:00 --> Form Validation Class Initialized
INFO - 2020-11-11 05:58:00 --> Controller Class Initialized
DEBUG - 2020-11-11 05:58:00 --> Supplier_dashboard MX_Controller Initialized
DEBUG - 2020-11-11 05:58:00 --> File loaded: C:\xampp\htdocs\KSEBL_SSP\application\controllers/../modules/template/controllers/Template.php
DEBUG - 2020-11-11 05:58:01 --> Template MX_Controller Initialized
DEBUG - 2020-11-11 05:58:01 --> File loaded: C:\xampp\htdocs\KSEBL_SSP\application\modules/supplier/supplier_dashboard/models/Dashboard_model.php
DEBUG - 2020-11-11 05:58:01 --> File loaded: C:\xampp\htdocs\KSEBL_SSP\application\modules/template/views/supplier_portal/header.php
DEBUG - 2020-11-11 05:58:01 --> File loaded: C:\xampp\htdocs\KSEBL_SSP\application\modules/template/views/supplier_portal/banner.php
DEBUG - 2020-11-11 05:58:01 --> File loaded: C:\xampp\htdocs\KSEBL_SSP\application\modules/template/views/supplier_portal/widget.php
DEBUG - 2020-11-11 05:58:01 --> File loaded: C:\xampp\htdocs\KSEBL_SSP\application\modules/supplier/supplier_dashboard/views/dashboard.php
DEBUG - 2020-11-11 05:58:01 --> File loaded: C:\xampp\htdocs\KSEBL_SSP\application\modules/template/views/supplier_portal/footer.php
INFO - 2020-11-11 05:58:01 --> Final output sent to browser
DEBUG - 2020-11-11 05:58:02 --> Total execution time: 5.3986
INFO - 2020-11-11 05:58:02 --> Config Class Initialized
INFO - 2020-11-11 05:58:02 --> Hooks Class Initialized
INFO - 2020-11-11 05:58:02 --> Config Class Initialized
DEBUG - 2020-11-11 05:58:02 --> UTF-8 Support Enabled
INFO - 2020-11-11 05:58:02 --> Hooks Class Initialized
INFO - 2020-11-11 05:58:02 --> Utf8 Class Initialized
INFO - 2020-11-11 05:58:03 --> URI Class Initialized
INFO - 2020-11-11 05:58:03 --> Router Class Initialized
DEBUG - 2020-11-11 05:58:03 --> UTF-8 Support Enabled
INFO - 2020-11-11 05:58:03 --> Utf8 Class Initialized
INFO - 2020-11-11 05:58:03 --> Output Class Initialized
INFO - 2020-11-11 05:58:03 --> URI Class Initialized
INFO - 2020-11-11 05:58:03 --> Security Class Initialized
DEBUG - 2020-11-11 05:58:03 --> Global POST, GET and COOKIE data sanitized
INFO - 2020-11-11 05:58:03 --> Router Class Initialized
INFO - 2020-11-11 05:58:03 --> Input Class Initialized
INFO - 2020-11-11 05:58:04 --> Language Class Initialized
INFO - 2020-11-11 05:58:04 --> Output Class Initialized
INFO - 2020-11-11 05:58:04 --> Security Class Initialized
DEBUG - 2020-11-11 05:58:04 --> Global POST, GET and COOKIE data sanitized
INFO - 2020-11-11 05:58:04 --> Input Class Initialized
INFO - 2020-11-11 05:58:04 --> Language Class Initialized
INFO - 2020-11-11 05:58:04 --> Config Class Initialized
INFO - 2020-11-11 05:58:04 --> Loader Class Initialized
INFO - 2020-11-11 05:58:04 --> Language Class Initialized
INFO - 2020-11-11 05:58:04 --> Language Class Initialized
DEBUG - 2020-11-11 05:58:04 --> Config file loaded: C:\xampp\htdocs\KSEBL_SSP\application\config/rest.php
INFO - 2020-11-11 05:58:05 --> Helper loaded: url_helper
INFO - 2020-11-11 05:58:05 --> Config Class Initialized
INFO - 2020-11-11 05:58:05 --> Helper loaded: form_helper
INFO - 2020-11-11 05:58:05 --> Loader Class Initialized
INFO - 2020-11-11 05:58:05 --> Helper loaded: adminurl_helper
DEBUG - 2020-11-11 05:58:05 --> Config file loaded: C:\xampp\htdocs\KSEBL_SSP\application\config/rest.php
INFO - 2020-11-11 05:58:05 --> Helper loaded: site_helper
INFO - 2020-11-11 05:58:05 --> Helper loaded: url_helper
INFO - 2020-11-11 05:58:05 --> Helper loaded: directory_helper
INFO - 2020-11-11 05:58:05 --> Helper loaded: form_helper
INFO - 2020-11-11 05:58:05 --> Helper loaded: mail_helper
INFO - 2020-11-11 05:58:06 --> Language file loaded: language/english/api_lang.php
INFO - 2020-11-11 05:58:06 --> Helper loaded: adminurl_helper
INFO - 2020-11-11 05:58:06 --> Database Driver Class Initialized
INFO - 2020-11-11 05:58:06 --> Database Driver Class Initialized
INFO - 2020-11-11 05:58:06 --> Helper loaded: site_helper
INFO - 2020-11-11 05:58:06 --> Helper loaded: directory_helper
INFO - 2020-11-11 05:58:06 --> Helper loaded: mail_helper
INFO - 2020-11-11 05:58:06 --> Language file loaded: language/english/api_lang.php
INFO - 2020-11-11 05:58:06 --> Database Driver Class Initialized
INFO - 2020-11-11 05:58:07 --> Database Driver Class Initialized
INFO - 2020-11-11 05:58:07 --> Email Class Initialized
INFO - 2020-11-11 05:58:07 --> Session: Class initialized using 'database' driver.
INFO - 2020-11-11 05:58:08 --> Form Validation Class Initialized
INFO - 2020-11-11 05:58:08 --> Email Class Initialized
INFO - 2020-11-11 05:58:08 --> Controller Class Initialized
DEBUG - 2020-11-11 05:58:08 --> Template MX_Controller Initialized
ERROR - 2020-11-11 05:58:08 --> Severity: Notice --> Undefined variable: showdashbaord C:\xampp\htdocs\KSEBL_SSP\application\modules\template\views\supplier\sidebar.php 26
ERROR - 2020-11-11 05:58:08 --> Severity: Notice --> Undefined variable: page C:\xampp\htdocs\KSEBL_SSP\application\modules\template\views\supplier\sidebar.php 30
ERROR - 2020-11-11 05:58:08 --> Severity: Notice --> Undefined variable: page C:\xampp\htdocs\KSEBL_SSP\application\modules\template\views\supplier\sidebar.php 36
ERROR - 2020-11-11 05:58:08 --> Severity: Notice --> Undefined variable: page C:\xampp\htdocs\KSEBL_SSP\application\modules\template\views\supplier\sidebar.php 42
DEBUG - 2020-11-11 05:58:09 --> File loaded: C:\xampp\htdocs\KSEBL_SSP\application\modules/template/views/supplier/sidebar.php
ERROR - 2020-11-11 05:58:09 --> Severity: Notice --> Undefined variable: showdashbaord C:\xampp\htdocs\KSEBL_SSP\application\modules\template\views\supplier\header.php 84
DEBUG - 2020-11-11 05:58:09 --> File loaded: C:\xampp\htdocs\KSEBL_SSP\application\modules/template/views/supplier/header.php
DEBUG - 2020-11-11 05:58:09 --> File loaded: C:\xampp\htdocs\KSEBL_SSP\application\modules/template/views/supplier/e404.php
DEBUG - 2020-11-11 05:58:09 --> File loaded: C:\xampp\htdocs\KSEBL_SSP\application\modules/template/views/supplier/footer.php
INFO - 2020-11-11 05:58:09 --> Final output sent to browser
DEBUG - 2020-11-11 05:58:09 --> Total execution time: 7.2636
INFO - 2020-11-11 05:58:10 --> Session: Class initialized using 'database' driver.
INFO - 2020-11-11 05:58:11 --> Form Validation Class Initialized
INFO - 2020-11-11 05:58:11 --> Controller Class Initialized
DEBUG - 2020-11-11 05:58:11 --> Web MX_Controller Initialized
DEBUG - 2020-11-11 05:58:11 --> File loaded: C:\xampp\htdocs\KSEBL_SSP\application\controllers/../modules/template/controllers/Template.php
DEBUG - 2020-11-11 05:58:11 --> Template MX_Controller Initialized
DEBUG - 2020-11-11 05:58:11 --> File loaded: C:\xampp\htdocs\KSEBL_SSP\application\modules/template/views/public/header.php
INFO - 2020-11-11 06:06:18 --> Config Class Initialized
INFO - 2020-11-11 06:06:19 --> Hooks Class Initialized
DEBUG - 2020-11-11 06:06:19 --> UTF-8 Support Enabled
INFO - 2020-11-11 06:06:19 --> Utf8 Class Initialized
INFO - 2020-11-11 06:06:19 --> URI Class Initialized
INFO - 2020-11-11 06:06:20 --> Router Class Initialized
INFO - 2020-11-11 06:06:20 --> Output Class Initialized
INFO - 2020-11-11 06:06:20 --> Security Class Initialized
DEBUG - 2020-11-11 06:06:20 --> Global POST, GET and COOKIE data sanitized
INFO - 2020-11-11 06:06:21 --> Input Class Initialized
INFO - 2020-11-11 06:06:21 --> Language Class Initialized
INFO - 2020-11-11 06:06:21 --> Language Class Initialized
INFO - 2020-11-11 06:06:21 --> Config Class Initialized
INFO - 2020-11-11 06:06:21 --> Loader Class Initialized
DEBUG - 2020-11-11 06:06:21 --> Config file loaded: C:\xampp\htdocs\KSEBL_SSP\application\config/rest.php
INFO - 2020-11-11 06:06:21 --> Helper loaded: url_helper
INFO - 2020-11-11 06:06:22 --> Helper loaded: form_helper
INFO - 2020-11-11 06:06:22 --> Helper loaded: adminurl_helper
INFO - 2020-11-11 06:06:22 --> Helper loaded: site_helper
INFO - 2020-11-11 06:06:22 --> Helper loaded: directory_helper
INFO - 2020-11-11 06:06:22 --> Helper loaded: mail_helper
INFO - 2020-11-11 06:06:22 --> Language file loaded: language/english/api_lang.php
INFO - 2020-11-11 06:06:22 --> Database Driver Class Initialized
INFO - 2020-11-11 06:06:23 --> Database Driver Class Initialized
INFO - 2020-11-11 06:06:23 --> Email Class Initialized
INFO - 2020-11-11 06:06:25 --> Session: Class initialized using 'database' driver.
INFO - 2020-11-11 06:06:25 --> Form Validation Class Initialized
INFO - 2020-11-11 06:06:25 --> Controller Class Initialized
DEBUG - 2020-11-11 06:06:25 --> Supplier_dashboard MX_Controller Initialized
DEBUG - 2020-11-11 06:06:25 --> File loaded: C:\xampp\htdocs\KSEBL_SSP\application\controllers/../modules/template/controllers/Template.php
DEBUG - 2020-11-11 06:06:25 --> Template MX_Controller Initialized
DEBUG - 2020-11-11 06:06:26 --> File loaded: C:\xampp\htdocs\KSEBL_SSP\application\modules/supplier/supplier_dashboard/models/Dashboard_model.php
DEBUG - 2020-11-11 06:06:26 --> File loaded: C:\xampp\htdocs\KSEBL_SSP\application\modules/template/views/supplier_portal/header.php
DEBUG - 2020-11-11 06:06:26 --> File loaded: C:\xampp\htdocs\KSEBL_SSP\application\modules/template/views/supplier_portal/banner.php
DEBUG - 2020-11-11 06:06:26 --> File loaded: C:\xampp\htdocs\KSEBL_SSP\application\modules/template/views/supplier_portal/widget.php
DEBUG - 2020-11-11 06:06:26 --> File loaded: C:\xampp\htdocs\KSEBL_SSP\application\modules/supplier/supplier_dashboard/views/profile_sidebar.php
DEBUG - 2020-11-11 06:06:26 --> File loaded: C:\xampp\htdocs\KSEBL_SSP\application\modules/supplier/supplier_dashboard/views/personal_profile.php
DEBUG - 2020-11-11 06:06:27 --> File loaded: C:\xampp\htdocs\KSEBL_SSP\application\modules/template/views/supplier_portal/footer.php
INFO - 2020-11-11 06:06:27 --> Final output sent to browser
DEBUG - 2020-11-11 06:06:27 --> Total execution time: 9.4396
INFO - 2020-11-11 06:06:27 --> Config Class Initialized
INFO - 2020-11-11 06:06:27 --> Config Class Initialized
INFO - 2020-11-11 06:06:28 --> Hooks Class Initialized
INFO - 2020-11-11 06:06:28 --> Hooks Class Initialized
DEBUG - 2020-11-11 06:06:28 --> UTF-8 Support Enabled
DEBUG - 2020-11-11 06:06:28 --> UTF-8 Support Enabled
INFO - 2020-11-11 06:06:28 --> Utf8 Class Initialized
INFO - 2020-11-11 06:06:28 --> Utf8 Class Initialized
INFO - 2020-11-11 06:06:28 --> URI Class Initialized
INFO - 2020-11-11 06:06:28 --> URI Class Initialized
INFO - 2020-11-11 06:06:28 --> Router Class Initialized
INFO - 2020-11-11 06:06:28 --> Router Class Initialized
INFO - 2020-11-11 06:06:28 --> Output Class Initialized
INFO - 2020-11-11 06:06:28 --> Output Class Initialized
INFO - 2020-11-11 06:06:28 --> Security Class Initialized
DEBUG - 2020-11-11 06:06:29 --> Global POST, GET and COOKIE data sanitized
INFO - 2020-11-11 06:06:29 --> Security Class Initialized
DEBUG - 2020-11-11 06:06:29 --> Global POST, GET and COOKIE data sanitized
INFO - 2020-11-11 06:06:29 --> Input Class Initialized
INFO - 2020-11-11 06:06:29 --> Input Class Initialized
INFO - 2020-11-11 06:06:29 --> Language Class Initialized
INFO - 2020-11-11 06:06:29 --> Language Class Initialized
INFO - 2020-11-11 06:06:29 --> Language Class Initialized
INFO - 2020-11-11 06:06:29 --> Language Class Initialized
INFO - 2020-11-11 06:06:29 --> Config Class Initialized
INFO - 2020-11-11 06:06:29 --> Config Class Initialized
INFO - 2020-11-11 06:06:29 --> Loader Class Initialized
INFO - 2020-11-11 06:06:29 --> Loader Class Initialized
DEBUG - 2020-11-11 06:06:30 --> Config file loaded: C:\xampp\htdocs\KSEBL_SSP\application\config/rest.php
DEBUG - 2020-11-11 06:06:30 --> Config file loaded: C:\xampp\htdocs\KSEBL_SSP\application\config/rest.php
INFO - 2020-11-11 06:06:30 --> Helper loaded: url_helper
INFO - 2020-11-11 06:06:30 --> Helper loaded: url_helper
INFO - 2020-11-11 06:06:30 --> Helper loaded: form_helper
INFO - 2020-11-11 06:06:30 --> Helper loaded: form_helper
INFO - 2020-11-11 06:06:30 --> Helper loaded: adminurl_helper
INFO - 2020-11-11 06:06:30 --> Helper loaded: site_helper
INFO - 2020-11-11 06:06:30 --> Helper loaded: adminurl_helper
INFO - 2020-11-11 06:06:30 --> Helper loaded: site_helper
INFO - 2020-11-11 06:06:30 --> Helper loaded: directory_helper
INFO - 2020-11-11 06:06:30 --> Helper loaded: mail_helper
INFO - 2020-11-11 06:06:30 --> Helper loaded: directory_helper
INFO - 2020-11-11 06:06:31 --> Language file loaded: language/english/api_lang.php
INFO - 2020-11-11 06:06:31 --> Helper loaded: mail_helper
INFO - 2020-11-11 06:06:31 --> Database Driver Class Initialized
INFO - 2020-11-11 06:06:31 --> Language file loaded: language/english/api_lang.php
INFO - 2020-11-11 06:06:31 --> Database Driver Class Initialized
INFO - 2020-11-11 06:06:31 --> Database Driver Class Initialized
INFO - 2020-11-11 06:06:31 --> Database Driver Class Initialized
INFO - 2020-11-11 06:06:31 --> Email Class Initialized
INFO - 2020-11-11 06:06:32 --> Email Class Initialized
INFO - 2020-11-11 06:06:32 --> Session: Class initialized using 'database' driver.
INFO - 2020-11-11 06:06:32 --> Form Validation Class Initialized
INFO - 2020-11-11 06:06:32 --> Controller Class Initialized
DEBUG - 2020-11-11 06:06:32 --> Web MX_Controller Initialized
DEBUG - 2020-11-11 06:06:33 --> File loaded: C:\xampp\htdocs\KSEBL_SSP\application\controllers/../modules/template/controllers/Template.php
DEBUG - 2020-11-11 06:06:33 --> Template MX_Controller Initialized
DEBUG - 2020-11-11 06:06:33 --> File loaded: C:\xampp\htdocs\KSEBL_SSP\application\modules/template/views/public/header.php
INFO - 2020-11-11 06:06:33 --> Session: Class initialized using 'database' driver.
INFO - 2020-11-11 06:06:34 --> Form Validation Class Initialized
INFO - 2020-11-11 06:06:34 --> Controller Class Initialized
ERROR - 2020-11-11 06:06:34 --> 404 Page Not Found: ../modules/supplier/supplier_dashboard/controllers/Supplier_dashboard/images
INFO - 2020-11-11 06:32:59 --> Config Class Initialized
INFO - 2020-11-11 06:32:59 --> Hooks Class Initialized
DEBUG - 2020-11-11 06:32:59 --> UTF-8 Support Enabled
INFO - 2020-11-11 06:33:00 --> Utf8 Class Initialized
INFO - 2020-11-11 06:33:00 --> URI Class Initialized
DEBUG - 2020-11-11 06:33:00 --> No URI present. Default controller set.
INFO - 2020-11-11 06:33:01 --> Router Class Initialized
INFO - 2020-11-11 06:33:01 --> Output Class Initialized
INFO - 2020-11-11 06:33:02 --> Security Class Initialized
DEBUG - 2020-11-11 06:33:02 --> Global POST, GET and COOKIE data sanitized
INFO - 2020-11-11 06:33:02 --> Input Class Initialized
INFO - 2020-11-11 06:33:02 --> Language Class Initialized
INFO - 2020-11-11 06:33:02 --> Language Class Initialized
INFO - 2020-11-11 06:33:02 --> Config Class Initialized
INFO - 2020-11-11 06:33:03 --> Loader Class Initialized
DEBUG - 2020-11-11 06:33:03 --> Config file loaded: C:\xampp\htdocs\KSEBL_SSP\application\config/rest.php
INFO - 2020-11-11 06:33:03 --> Helper loaded: url_helper
INFO - 2020-11-11 06:33:04 --> Helper loaded: form_helper
INFO - 2020-11-11 06:33:04 --> Helper loaded: adminurl_helper
INFO - 2020-11-11 06:33:04 --> Helper loaded: site_helper
INFO - 2020-11-11 06:33:04 --> Helper loaded: directory_helper
INFO - 2020-11-11 06:33:04 --> Helper loaded: mail_helper
INFO - 2020-11-11 06:33:04 --> Language file loaded: language/english/api_lang.php
INFO - 2020-11-11 06:33:05 --> Database Driver Class Initialized
INFO - 2020-11-11 06:33:05 --> Database Driver Class Initialized
INFO - 2020-11-11 06:33:08 --> Email Class Initialized
INFO - 2020-11-11 06:33:10 --> Session: Class initialized using 'database' driver.
INFO - 2020-11-11 06:33:10 --> Form Validation Class Initialized
INFO - 2020-11-11 06:33:10 --> Controller Class Initialized
DEBUG - 2020-11-11 06:33:10 --> Web MX_Controller Initialized
DEBUG - 2020-11-11 06:33:11 --> File loaded: C:\xampp\htdocs\KSEBL_SSP\application\controllers/../modules/template/controllers/Template.php
DEBUG - 2020-11-11 06:33:11 --> Template MX_Controller Initialized
DEBUG - 2020-11-11 06:33:11 --> File loaded: C:\xampp\htdocs\KSEBL_SSP\application\modules/template/views/public/header.php
DEBUG - 2020-11-11 06:33:11 --> File loaded: C:\xampp\htdocs\KSEBL_SSP\application\modules/website/web/views/home.php
DEBUG - 2020-11-11 06:33:11 --> File loaded: C:\xampp\htdocs\KSEBL_SSP\application\modules/template/views/public/footer.php
INFO - 2020-11-11 06:33:11 --> Final output sent to browser
DEBUG - 2020-11-11 06:33:12 --> Total execution time: 13.2460
