INFO - 2020-05-01 07:14:23 --> Config Class Initialized
INFO - 2020-05-01 07:14:23 --> Hooks Class Initialized
DEBUG - 2020-05-01 07:14:23 --> UTF-8 Support Enabled
INFO - 2020-05-01 07:14:23 --> Utf8 Class Initialized
INFO - 2020-05-01 07:14:23 --> URI Class Initialized
DEBUG - 2020-05-01 07:14:23 --> No URI present. Default controller set.
INFO - 2020-05-01 07:14:23 --> Router Class Initialized
INFO - 2020-05-01 07:14:23 --> Output Class Initialized
INFO - 2020-05-01 07:14:23 --> Security Class Initialized
DEBUG - 2020-05-01 07:14:23 --> Global POST, GET and COOKIE data sanitized
INFO - 2020-05-01 07:14:23 --> Input Class Initialized
INFO - 2020-05-01 07:14:23 --> Language Class Initialized
INFO - 2020-05-01 07:14:23 --> Language Class Initialized
INFO - 2020-05-01 07:14:23 --> Config Class Initialized
INFO - 2020-05-01 07:14:23 --> Loader Class Initialized
DEBUG - 2020-05-01 07:14:23 --> Config file loaded: /opt/lampp/htdocs/medi_shop_codeigniter_hmvc/application/config/rest.php
INFO - 2020-05-01 07:14:23 --> Helper loaded: url_helper
INFO - 2020-05-01 07:14:23 --> Helper loaded: form_helper
INFO - 2020-05-01 07:14:23 --> Helper loaded: adminurl_helper
INFO - 2020-05-01 07:14:23 --> Helper loaded: site_helper
INFO - 2020-05-01 07:14:23 --> Helper loaded: directory_helper
INFO - 2020-05-01 07:14:23 --> Language file loaded: language/english/api_lang.php
INFO - 2020-05-01 07:14:23 --> Database Driver Class Initialized
INFO - 2020-05-01 07:14:23 --> Email Class Initialized
DEBUG - 2020-05-01 07:14:23 --> Session: "sess_save_path" is empty; using "session.save_path" value from php.ini.
INFO - 2020-05-01 07:14:23 --> Session: Class initialized using 'files' driver.
INFO - 2020-05-01 07:14:23 --> Form Validation Class Initialized
INFO - 2020-05-01 07:14:23 --> Controller Class Initialized
DEBUG - 2020-05-01 07:14:23 --> Web MX_Controller Initialized
DEBUG - 2020-05-01 07:14:23 --> File loaded: /opt/lampp/htdocs/medi_shop_codeigniter_hmvc/application/modules/website/web/models/Public_users_m.php
DEBUG - 2020-05-01 07:14:23 --> File loaded: /opt/lampp/htdocs/medi_shop_codeigniter_hmvc/application/modules/website/web/views/sections/header.php
DEBUG - 2020-05-01 07:14:23 --> File loaded: /opt/lampp/htdocs/medi_shop_codeigniter_hmvc/application/modules/website/web/views/sections/modals.php
DEBUG - 2020-05-01 07:14:23 --> File loaded: /opt/lampp/htdocs/medi_shop_codeigniter_hmvc/application/modules/website/web/views/home.php
DEBUG - 2020-05-01 07:14:23 --> File loaded: /opt/lampp/htdocs/medi_shop_codeigniter_hmvc/application/modules/website/web/views/sections/search_all.php
DEBUG - 2020-05-01 07:14:23 --> File loaded: /opt/lampp/htdocs/medi_shop_codeigniter_hmvc/application/modules/website/web/views/sections/js.php
DEBUG - 2020-05-01 07:14:23 --> File loaded: /opt/lampp/htdocs/medi_shop_codeigniter_hmvc/application/modules/website/web/views/sections/footer.php
INFO - 2020-05-01 07:14:23 --> Final output sent to browser
DEBUG - 2020-05-01 07:14:23 --> Total execution time: 0.4710
INFO - 2020-05-01 07:14:27 --> Config Class Initialized
INFO - 2020-05-01 07:14:27 --> Hooks Class Initialized
DEBUG - 2020-05-01 07:14:27 --> UTF-8 Support Enabled
INFO - 2020-05-01 07:14:27 --> Utf8 Class Initialized
INFO - 2020-05-01 07:14:27 --> URI Class Initialized
INFO - 2020-05-01 07:14:27 --> Router Class Initialized
INFO - 2020-05-01 07:14:27 --> Output Class Initialized
INFO - 2020-05-01 07:14:27 --> Security Class Initialized
DEBUG - 2020-05-01 07:14:27 --> Global POST, GET and COOKIE data sanitized
INFO - 2020-05-01 07:14:27 --> Input Class Initialized
INFO - 2020-05-01 07:14:27 --> Language Class Initialized
INFO - 2020-05-01 07:14:27 --> Language Class Initialized
INFO - 2020-05-01 07:14:27 --> Config Class Initialized
INFO - 2020-05-01 07:14:27 --> Loader Class Initialized
DEBUG - 2020-05-01 07:14:27 --> Config file loaded: /opt/lampp/htdocs/medi_shop_codeigniter_hmvc/application/config/rest.php
INFO - 2020-05-01 07:14:27 --> Helper loaded: url_helper
INFO - 2020-05-01 07:14:27 --> Helper loaded: form_helper
INFO - 2020-05-01 07:14:27 --> Helper loaded: adminurl_helper
INFO - 2020-05-01 07:14:27 --> Helper loaded: site_helper
INFO - 2020-05-01 07:14:27 --> Helper loaded: directory_helper
INFO - 2020-05-01 07:14:27 --> Language file loaded: language/english/api_lang.php
INFO - 2020-05-01 07:14:27 --> Database Driver Class Initialized
INFO - 2020-05-01 07:14:27 --> Email Class Initialized
DEBUG - 2020-05-01 07:14:27 --> Session: "sess_save_path" is empty; using "session.save_path" value from php.ini.
INFO - 2020-05-01 07:14:27 --> Session: Class initialized using 'files' driver.
INFO - 2020-05-01 07:14:27 --> Form Validation Class Initialized
INFO - 2020-05-01 07:14:27 --> Controller Class Initialized
DEBUG - 2020-05-01 07:14:27 --> Orders MX_Controller Initialized
DEBUG - 2020-05-01 07:14:27 --> File loaded: /opt/lampp/htdocs/medi_shop_codeigniter_hmvc/application/controllers/../modules/website/web/controllers/Web.php
DEBUG - 2020-05-01 07:14:27 --> Web MX_Controller Initialized
DEBUG - 2020-05-01 07:14:27 --> File loaded: /opt/lampp/htdocs/medi_shop_codeigniter_hmvc/application/modules/website/web/models/Public_users_m.php
DEBUG - 2020-05-01 07:14:27 --> File loaded: /opt/lampp/htdocs/medi_shop_codeigniter_hmvc/application/modules/website/orders/models/Order_management.php
DEBUG - 2020-05-01 07:14:27 --> File already loaded: /opt/lampp/htdocs/medi_shop_codeigniter_hmvc/application/modules/website/web/models/Public_users_m.php
ERROR - 2020-05-01 07:14:27 --> Severity: Notice --> Undefined index: public_userid /opt/lampp/htdocs/medi_shop_codeigniter_hmvc/application/modules/website/orders/controllers/Orders.php 932
ERROR - 2020-05-01 07:14:27 --> Severity: Notice --> Trying to get property 'place' of non-object /opt/lampp/htdocs/medi_shop_codeigniter_hmvc/application/modules/website/orders/controllers/Orders.php 933
ERROR - 2020-05-01 07:14:27 --> Severity: Warning --> Creating default object from empty value /opt/lampp/htdocs/medi_shop_codeigniter_hmvc/application/modules/website/orders/controllers/Orders.php 935
INFO - 2020-05-01 07:14:27 --> Final output sent to browser
DEBUG - 2020-05-01 07:14:27 --> Total execution time: 0.3665
INFO - 2020-05-01 07:14:44 --> Config Class Initialized
INFO - 2020-05-01 07:14:44 --> Hooks Class Initialized
DEBUG - 2020-05-01 07:14:44 --> UTF-8 Support Enabled
INFO - 2020-05-01 07:14:44 --> Utf8 Class Initialized
INFO - 2020-05-01 07:14:44 --> URI Class Initialized
INFO - 2020-05-01 07:14:44 --> Router Class Initialized
INFO - 2020-05-01 07:14:44 --> Output Class Initialized
INFO - 2020-05-01 07:14:44 --> Security Class Initialized
DEBUG - 2020-05-01 07:14:44 --> Global POST, GET and COOKIE data sanitized
INFO - 2020-05-01 07:14:44 --> Input Class Initialized
INFO - 2020-05-01 07:14:44 --> Language Class Initialized
INFO - 2020-05-01 07:14:44 --> Language Class Initialized
INFO - 2020-05-01 07:14:44 --> Config Class Initialized
INFO - 2020-05-01 07:14:44 --> Loader Class Initialized
DEBUG - 2020-05-01 07:14:44 --> Config file loaded: /opt/lampp/htdocs/medi_shop_codeigniter_hmvc/application/config/rest.php
INFO - 2020-05-01 07:14:44 --> Helper loaded: url_helper
INFO - 2020-05-01 07:14:44 --> Helper loaded: form_helper
INFO - 2020-05-01 07:14:44 --> Helper loaded: adminurl_helper
INFO - 2020-05-01 07:14:44 --> Helper loaded: site_helper
INFO - 2020-05-01 07:14:44 --> Helper loaded: directory_helper
INFO - 2020-05-01 07:14:44 --> Language file loaded: language/english/api_lang.php
INFO - 2020-05-01 07:14:44 --> Database Driver Class Initialized
INFO - 2020-05-01 07:14:44 --> Email Class Initialized
DEBUG - 2020-05-01 07:14:44 --> Session: "sess_save_path" is empty; using "session.save_path" value from php.ini.
INFO - 2020-05-01 07:14:44 --> Session: Class initialized using 'files' driver.
INFO - 2020-05-01 07:14:44 --> Form Validation Class Initialized
INFO - 2020-05-01 07:14:44 --> Controller Class Initialized
DEBUG - 2020-05-01 07:14:44 --> Web MX_Controller Initialized
DEBUG - 2020-05-01 07:14:44 --> File loaded: /opt/lampp/htdocs/medi_shop_codeigniter_hmvc/application/modules/website/web/models/Public_users_m.php
DEBUG - 2020-05-01 07:14:44 --> File loaded: /opt/lampp/htdocs/medi_shop_codeigniter_hmvc/application/modules/website/web/views/sections/header.php
DEBUG - 2020-05-01 07:14:44 --> File loaded: /opt/lampp/htdocs/medi_shop_codeigniter_hmvc/application/modules/website/web/views/sections/modals.php
DEBUG - 2020-05-01 07:14:44 --> File loaded: /opt/lampp/htdocs/medi_shop_codeigniter_hmvc/application/modules/website/web/views/shops.php
DEBUG - 2020-05-01 07:14:44 --> File loaded: /opt/lampp/htdocs/medi_shop_codeigniter_hmvc/application/modules/website/web/views/sections/js.php
DEBUG - 2020-05-01 07:14:44 --> File loaded: /opt/lampp/htdocs/medi_shop_codeigniter_hmvc/application/modules/website/web/views/sections/footer.php
INFO - 2020-05-01 07:14:44 --> Final output sent to browser
DEBUG - 2020-05-01 07:14:44 --> Total execution time: 0.1594
INFO - 2020-05-01 07:14:45 --> Config Class Initialized
INFO - 2020-05-01 07:14:45 --> Hooks Class Initialized
DEBUG - 2020-05-01 07:14:45 --> UTF-8 Support Enabled
INFO - 2020-05-01 07:14:45 --> Utf8 Class Initialized
INFO - 2020-05-01 07:14:45 --> URI Class Initialized
INFO - 2020-05-01 07:14:45 --> Router Class Initialized
INFO - 2020-05-01 07:14:45 --> Output Class Initialized
INFO - 2020-05-01 07:14:45 --> Security Class Initialized
DEBUG - 2020-05-01 07:14:45 --> Global POST, GET and COOKIE data sanitized
INFO - 2020-05-01 07:14:45 --> Input Class Initialized
INFO - 2020-05-01 07:14:45 --> Language Class Initialized
INFO - 2020-05-01 07:14:45 --> Language Class Initialized
INFO - 2020-05-01 07:14:45 --> Config Class Initialized
INFO - 2020-05-01 07:14:45 --> Loader Class Initialized
DEBUG - 2020-05-01 07:14:45 --> Config file loaded: /opt/lampp/htdocs/medi_shop_codeigniter_hmvc/application/config/rest.php
INFO - 2020-05-01 07:14:45 --> Config Class Initialized
INFO - 2020-05-01 07:14:45 --> Hooks Class Initialized
INFO - 2020-05-01 07:14:45 --> Helper loaded: url_helper
DEBUG - 2020-05-01 07:14:45 --> UTF-8 Support Enabled
INFO - 2020-05-01 07:14:45 --> Helper loaded: form_helper
INFO - 2020-05-01 07:14:45 --> Utf8 Class Initialized
INFO - 2020-05-01 07:14:45 --> URI Class Initialized
INFO - 2020-05-01 07:14:45 --> Helper loaded: adminurl_helper
INFO - 2020-05-01 07:14:45 --> Helper loaded: site_helper
INFO - 2020-05-01 07:14:45 --> Router Class Initialized
INFO - 2020-05-01 07:14:45 --> Helper loaded: directory_helper
INFO - 2020-05-01 07:14:45 --> Output Class Initialized
INFO - 2020-05-01 07:14:45 --> Language file loaded: language/english/api_lang.php
INFO - 2020-05-01 07:14:45 --> Security Class Initialized
DEBUG - 2020-05-01 07:14:45 --> Global POST, GET and COOKIE data sanitized
INFO - 2020-05-01 07:14:45 --> Database Driver Class Initialized
INFO - 2020-05-01 07:14:45 --> Input Class Initialized
INFO - 2020-05-01 07:14:45 --> Language Class Initialized
INFO - 2020-05-01 07:14:45 --> Email Class Initialized
INFO - 2020-05-01 07:14:45 --> Language Class Initialized
DEBUG - 2020-05-01 07:14:45 --> Session: "sess_save_path" is empty; using "session.save_path" value from php.ini.
INFO - 2020-05-01 07:14:45 --> Config Class Initialized
INFO - 2020-05-01 07:14:45 --> Session: Class initialized using 'files' driver.
INFO - 2020-05-01 07:14:45 --> Loader Class Initialized
INFO - 2020-05-01 07:14:45 --> Form Validation Class Initialized
DEBUG - 2020-05-01 07:14:45 --> Config file loaded: /opt/lampp/htdocs/medi_shop_codeigniter_hmvc/application/config/rest.php
INFO - 2020-05-01 07:14:45 --> Controller Class Initialized
DEBUG - 2020-05-01 07:14:45 --> Public_users MX_Controller Initialized
INFO - 2020-05-01 07:14:45 --> Helper loaded: url_helper
DEBUG - 2020-05-01 07:14:45 --> File loaded: /opt/lampp/htdocs/medi_shop_codeigniter_hmvc/application/modules/website/web/models/Public_users_m.php
INFO - 2020-05-01 07:14:45 --> Helper loaded: form_helper
INFO - 2020-05-01 07:14:45 --> Helper loaded: adminurl_helper
INFO - 2020-05-01 07:14:45 --> Helper loaded: site_helper
INFO - 2020-05-01 07:14:45 --> Helper loaded: directory_helper
INFO - 2020-05-01 07:14:45 --> Language file loaded: language/english/api_lang.php
INFO - 2020-05-01 07:14:45 --> Database Driver Class Initialized
INFO - 2020-05-01 07:14:45 --> Email Class Initialized
DEBUG - 2020-05-01 07:14:45 --> Session: "sess_save_path" is empty; using "session.save_path" value from php.ini.
INFO - 2020-05-01 07:14:45 --> Config Class Initialized
INFO - 2020-05-01 07:14:45 --> Hooks Class Initialized
DEBUG - 2020-05-01 07:14:45 --> UTF-8 Support Enabled
INFO - 2020-05-01 07:14:45 --> Utf8 Class Initialized
INFO - 2020-05-01 07:14:45 --> URI Class Initialized
INFO - 2020-05-01 07:14:45 --> Router Class Initialized
INFO - 2020-05-01 07:14:46 --> Output Class Initialized
INFO - 2020-05-01 07:14:46 --> Security Class Initialized
DEBUG - 2020-05-01 07:14:46 --> Global POST, GET and COOKIE data sanitized
INFO - 2020-05-01 07:14:46 --> Input Class Initialized
INFO - 2020-05-01 07:14:46 --> Language Class Initialized
INFO - 2020-05-01 07:14:46 --> Language Class Initialized
INFO - 2020-05-01 07:14:46 --> Config Class Initialized
INFO - 2020-05-01 07:14:46 --> Loader Class Initialized
DEBUG - 2020-05-01 07:14:46 --> Config file loaded: /opt/lampp/htdocs/medi_shop_codeigniter_hmvc/application/config/rest.php
INFO - 2020-05-01 07:14:46 --> Helper loaded: url_helper
INFO - 2020-05-01 07:14:46 --> Helper loaded: form_helper
INFO - 2020-05-01 07:14:46 --> Helper loaded: adminurl_helper
INFO - 2020-05-01 07:14:46 --> Helper loaded: site_helper
INFO - 2020-05-01 07:14:46 --> Helper loaded: directory_helper
INFO - 2020-05-01 07:14:46 --> Language file loaded: language/english/api_lang.php
INFO - 2020-05-01 07:14:46 --> Database Driver Class Initialized
INFO - 2020-05-01 07:14:46 --> Email Class Initialized
DEBUG - 2020-05-01 07:14:46 --> Session: "sess_save_path" is empty; using "session.save_path" value from php.ini.
INFO - 2020-05-01 07:14:46 --> Session: Class initialized using 'files' driver.
INFO - 2020-05-01 07:14:46 --> Form Validation Class Initialized
INFO - 2020-05-01 07:14:46 --> Controller Class Initialized
DEBUG - 2020-05-01 07:14:46 --> Web MX_Controller Initialized
DEBUG - 2020-05-01 07:14:46 --> File loaded: /opt/lampp/htdocs/medi_shop_codeigniter_hmvc/application/modules/website/web/models/Public_users_m.php
ERROR - 2020-05-01 07:14:46 --> Severity: Warning --> Illegal string offset 'shopsByPlaceId' /opt/lampp/htdocs/medi_shop_codeigniter_hmvc/application/modules/website/web/controllers/Web.php 19
ERROR - 2020-05-01 07:14:46 --> Severity: Warning --> Cannot assign an empty string to a string offset /opt/lampp/htdocs/medi_shop_codeigniter_hmvc/application/modules/website/web/controllers/Web.php 19
ERROR - 2020-05-01 07:14:46 --> Severity: Warning --> Illegal string offset 'currentServerTime' /opt/lampp/htdocs/medi_shop_codeigniter_hmvc/application/modules/website/web/controllers/Web.php 25
ERROR - 2020-05-01 07:14:46 --> Severity: Warning --> Illegal string offset 'uploads' /opt/lampp/htdocs/medi_shop_codeigniter_hmvc/application/modules/website/web/controllers/Web.php 26
ERROR - 2020-05-01 07:14:46 --> Severity: Warning --> Illegal string offset 'page' /opt/lampp/htdocs/medi_shop_codeigniter_hmvc/application/modules/website/web/controllers/Web.php 27
ERROR - 2020-05-01 07:14:46 --> Severity: Warning --> Illegal string offset 'islogin' /opt/lampp/htdocs/medi_shop_codeigniter_hmvc/application/modules/website/web/controllers/Web.php 30
ERROR - 2020-05-01 07:14:46 --> Severity: Warning --> Cannot assign an empty string to a string offset /opt/lampp/htdocs/medi_shop_codeigniter_hmvc/application/modules/website/web/controllers/Web.php 30
ERROR - 2020-05-01 07:14:46 --> Severity: Warning --> Illegal string offset 'full_name' /opt/lampp/htdocs/medi_shop_codeigniter_hmvc/application/modules/website/web/controllers/Web.php 31
ERROR - 2020-05-01 07:14:46 --> Severity: Warning --> Cannot assign an empty string to a string offset /opt/lampp/htdocs/medi_shop_codeigniter_hmvc/application/modules/website/web/controllers/Web.php 31
ERROR - 2020-05-01 07:14:46 --> Severity: Notice --> Undefined variable: page /opt/lampp/htdocs/medi_shop_codeigniter_hmvc/application/modules/website/web/views/sections/header.php 34
ERROR - 2020-05-01 07:14:46 --> Severity: Notice --> Undefined variable: islogin /opt/lampp/htdocs/medi_shop_codeigniter_hmvc/application/modules/website/web/views/sections/header.php 174
ERROR - 2020-05-01 07:14:46 --> Severity: Notice --> Undefined variable: islogin /opt/lampp/htdocs/medi_shop_codeigniter_hmvc/application/modules/website/web/views/sections/header.php 354
DEBUG - 2020-05-01 07:14:46 --> File loaded: /opt/lampp/htdocs/medi_shop_codeigniter_hmvc/application/modules/website/web/views/sections/header.php
DEBUG - 2020-05-01 07:14:46 --> File loaded: /opt/lampp/htdocs/medi_shop_codeigniter_hmvc/application/modules/website/web/views/sections/modals.php
ERROR - 2020-05-01 07:14:46 --> Severity: Warning --> Cannot modify header information - headers already sent by (output started at /opt/lampp/htdocs/medi_shop_codeigniter_hmvc/system/core/Exceptions.php:271) /opt/lampp/htdocs/medi_shop_codeigniter_hmvc/system/core/Common.php 570
INFO - 2020-05-01 07:14:46 --> Config Class Initialized
INFO - 2020-05-01 07:14:46 --> Hooks Class Initialized
DEBUG - 2020-05-01 07:14:46 --> UTF-8 Support Enabled
INFO - 2020-05-01 07:14:46 --> Utf8 Class Initialized
INFO - 2020-05-01 07:14:46 --> URI Class Initialized
INFO - 2020-05-01 07:14:46 --> Router Class Initialized
INFO - 2020-05-01 07:14:46 --> Output Class Initialized
INFO - 2020-05-01 07:14:46 --> Security Class Initialized
DEBUG - 2020-05-01 07:14:46 --> Global POST, GET and COOKIE data sanitized
INFO - 2020-05-01 07:14:46 --> Input Class Initialized
INFO - 2020-05-01 07:14:46 --> Language Class Initialized
INFO - 2020-05-01 07:14:46 --> Language Class Initialized
INFO - 2020-05-01 07:14:46 --> Config Class Initialized
INFO - 2020-05-01 07:14:46 --> Loader Class Initialized
DEBUG - 2020-05-01 07:14:46 --> Config file loaded: /opt/lampp/htdocs/medi_shop_codeigniter_hmvc/application/config/rest.php
INFO - 2020-05-01 07:14:46 --> Helper loaded: url_helper
INFO - 2020-05-01 07:14:46 --> Helper loaded: form_helper
INFO - 2020-05-01 07:14:46 --> Helper loaded: adminurl_helper
INFO - 2020-05-01 07:14:46 --> Helper loaded: site_helper
INFO - 2020-05-01 07:14:46 --> Helper loaded: directory_helper
INFO - 2020-05-01 07:14:46 --> Language file loaded: language/english/api_lang.php
INFO - 2020-05-01 07:14:46 --> Database Driver Class Initialized
INFO - 2020-05-01 07:14:46 --> Email Class Initialized
DEBUG - 2020-05-01 07:14:46 --> Session: "sess_save_path" is empty; using "session.save_path" value from php.ini.
INFO - 2020-05-01 07:14:46 --> Session: Class initialized using 'files' driver.
INFO - 2020-05-01 07:14:46 --> Form Validation Class Initialized
INFO - 2020-05-01 07:14:46 --> Controller Class Initialized
DEBUG - 2020-05-01 07:14:46 --> Web MX_Controller Initialized
DEBUG - 2020-05-01 07:14:46 --> File loaded: /opt/lampp/htdocs/medi_shop_codeigniter_hmvc/application/modules/website/web/models/Public_users_m.php
ERROR - 2020-05-01 07:14:46 --> Severity: Warning --> Illegal string offset 'shopsByPlaceId' /opt/lampp/htdocs/medi_shop_codeigniter_hmvc/application/modules/website/web/controllers/Web.php 19
ERROR - 2020-05-01 07:14:46 --> Severity: Warning --> Cannot assign an empty string to a string offset /opt/lampp/htdocs/medi_shop_codeigniter_hmvc/application/modules/website/web/controllers/Web.php 19
ERROR - 2020-05-01 07:14:46 --> Severity: Warning --> Illegal string offset 'currentServerTime' /opt/lampp/htdocs/medi_shop_codeigniter_hmvc/application/modules/website/web/controllers/Web.php 25
ERROR - 2020-05-01 07:14:46 --> Severity: Warning --> Illegal string offset 'uploads' /opt/lampp/htdocs/medi_shop_codeigniter_hmvc/application/modules/website/web/controllers/Web.php 26
ERROR - 2020-05-01 07:14:46 --> Severity: Warning --> Illegal string offset 'page' /opt/lampp/htdocs/medi_shop_codeigniter_hmvc/application/modules/website/web/controllers/Web.php 27
ERROR - 2020-05-01 07:14:46 --> Severity: Warning --> Illegal string offset 'islogin' /opt/lampp/htdocs/medi_shop_codeigniter_hmvc/application/modules/website/web/controllers/Web.php 30
ERROR - 2020-05-01 07:14:46 --> Severity: Warning --> Cannot assign an empty string to a string offset /opt/lampp/htdocs/medi_shop_codeigniter_hmvc/application/modules/website/web/controllers/Web.php 30
ERROR - 2020-05-01 07:14:46 --> Severity: Warning --> Illegal string offset 'full_name' /opt/lampp/htdocs/medi_shop_codeigniter_hmvc/application/modules/website/web/controllers/Web.php 31
ERROR - 2020-05-01 07:14:46 --> Severity: Warning --> Cannot assign an empty string to a string offset /opt/lampp/htdocs/medi_shop_codeigniter_hmvc/application/modules/website/web/controllers/Web.php 31
ERROR - 2020-05-01 07:14:46 --> Severity: Notice --> Undefined variable: page /opt/lampp/htdocs/medi_shop_codeigniter_hmvc/application/modules/website/web/views/sections/header.php 34
ERROR - 2020-05-01 07:14:46 --> Severity: Notice --> Undefined variable: islogin /opt/lampp/htdocs/medi_shop_codeigniter_hmvc/application/modules/website/web/views/sections/header.php 174
ERROR - 2020-05-01 07:14:46 --> Severity: Notice --> Undefined variable: islogin /opt/lampp/htdocs/medi_shop_codeigniter_hmvc/application/modules/website/web/views/sections/header.php 354
DEBUG - 2020-05-01 07:14:46 --> File loaded: /opt/lampp/htdocs/medi_shop_codeigniter_hmvc/application/modules/website/web/views/sections/header.php
DEBUG - 2020-05-01 07:14:46 --> File loaded: /opt/lampp/htdocs/medi_shop_codeigniter_hmvc/application/modules/website/web/views/sections/modals.php
ERROR - 2020-05-01 07:14:46 --> Severity: Warning --> Cannot modify header information - headers already sent by (output started at /opt/lampp/htdocs/medi_shop_codeigniter_hmvc/system/core/Exceptions.php:271) /opt/lampp/htdocs/medi_shop_codeigniter_hmvc/system/core/Common.php 570
INFO - 2020-05-01 07:14:46 --> Config Class Initialized
INFO - 2020-05-01 07:14:46 --> Hooks Class Initialized
DEBUG - 2020-05-01 07:14:46 --> UTF-8 Support Enabled
INFO - 2020-05-01 07:14:46 --> Utf8 Class Initialized
INFO - 2020-05-01 07:14:46 --> URI Class Initialized
INFO - 2020-05-01 07:14:46 --> Router Class Initialized
INFO - 2020-05-01 07:14:46 --> Output Class Initialized
INFO - 2020-05-01 07:14:46 --> Security Class Initialized
DEBUG - 2020-05-01 07:14:46 --> Global POST, GET and COOKIE data sanitized
INFO - 2020-05-01 07:14:46 --> Input Class Initialized
INFO - 2020-05-01 07:14:46 --> Language Class Initialized
INFO - 2020-05-01 07:14:46 --> Language Class Initialized
INFO - 2020-05-01 07:14:46 --> Config Class Initialized
INFO - 2020-05-01 07:14:46 --> Loader Class Initialized
DEBUG - 2020-05-01 07:14:46 --> Config file loaded: /opt/lampp/htdocs/medi_shop_codeigniter_hmvc/application/config/rest.php
INFO - 2020-05-01 07:14:46 --> Helper loaded: url_helper
INFO - 2020-05-01 07:14:46 --> Helper loaded: form_helper
INFO - 2020-05-01 07:14:46 --> Helper loaded: adminurl_helper
INFO - 2020-05-01 07:14:46 --> Helper loaded: site_helper
INFO - 2020-05-01 07:14:46 --> Helper loaded: directory_helper
INFO - 2020-05-01 07:14:46 --> Language file loaded: language/english/api_lang.php
INFO - 2020-05-01 07:14:46 --> Database Driver Class Initialized
INFO - 2020-05-01 07:14:46 --> Email Class Initialized
DEBUG - 2020-05-01 07:14:46 --> Session: "sess_save_path" is empty; using "session.save_path" value from php.ini.
INFO - 2020-05-01 07:14:46 --> Session: Class initialized using 'files' driver.
INFO - 2020-05-01 07:14:46 --> Form Validation Class Initialized
INFO - 2020-05-01 07:14:46 --> Controller Class Initialized
DEBUG - 2020-05-01 07:14:46 --> Web MX_Controller Initialized
DEBUG - 2020-05-01 07:14:46 --> File loaded: /opt/lampp/htdocs/medi_shop_codeigniter_hmvc/application/modules/website/web/models/Public_users_m.php
ERROR - 2020-05-01 07:14:46 --> Severity: Warning --> Illegal string offset 'shopsByPlaceId' /opt/lampp/htdocs/medi_shop_codeigniter_hmvc/application/modules/website/web/controllers/Web.php 19
ERROR - 2020-05-01 07:14:46 --> Severity: Warning --> Cannot assign an empty string to a string offset /opt/lampp/htdocs/medi_shop_codeigniter_hmvc/application/modules/website/web/controllers/Web.php 19
ERROR - 2020-05-01 07:14:46 --> Severity: Warning --> Illegal string offset 'currentServerTime' /opt/lampp/htdocs/medi_shop_codeigniter_hmvc/application/modules/website/web/controllers/Web.php 25
ERROR - 2020-05-01 07:14:46 --> Severity: Warning --> Illegal string offset 'uploads' /opt/lampp/htdocs/medi_shop_codeigniter_hmvc/application/modules/website/web/controllers/Web.php 26
ERROR - 2020-05-01 07:14:46 --> Severity: Warning --> Illegal string offset 'page' /opt/lampp/htdocs/medi_shop_codeigniter_hmvc/application/modules/website/web/controllers/Web.php 27
ERROR - 2020-05-01 07:14:46 --> Severity: Warning --> Illegal string offset 'islogin' /opt/lampp/htdocs/medi_shop_codeigniter_hmvc/application/modules/website/web/controllers/Web.php 30
ERROR - 2020-05-01 07:14:46 --> Severity: Warning --> Cannot assign an empty string to a string offset /opt/lampp/htdocs/medi_shop_codeigniter_hmvc/application/modules/website/web/controllers/Web.php 30
ERROR - 2020-05-01 07:14:46 --> Severity: Warning --> Illegal string offset 'full_name' /opt/lampp/htdocs/medi_shop_codeigniter_hmvc/application/modules/website/web/controllers/Web.php 31
ERROR - 2020-05-01 07:14:46 --> Severity: Warning --> Cannot assign an empty string to a string offset /opt/lampp/htdocs/medi_shop_codeigniter_hmvc/application/modules/website/web/controllers/Web.php 31
ERROR - 2020-05-01 07:14:46 --> Severity: Notice --> Undefined variable: page /opt/lampp/htdocs/medi_shop_codeigniter_hmvc/application/modules/website/web/views/sections/header.php 34
ERROR - 2020-05-01 07:14:46 --> Severity: Notice --> Undefined variable: islogin /opt/lampp/htdocs/medi_shop_codeigniter_hmvc/application/modules/website/web/views/sections/header.php 174
ERROR - 2020-05-01 07:14:46 --> Severity: Notice --> Undefined variable: islogin /opt/lampp/htdocs/medi_shop_codeigniter_hmvc/application/modules/website/web/views/sections/header.php 354
DEBUG - 2020-05-01 07:14:46 --> File loaded: /opt/lampp/htdocs/medi_shop_codeigniter_hmvc/application/modules/website/web/views/sections/header.php
DEBUG - 2020-05-01 07:14:46 --> File loaded: /opt/lampp/htdocs/medi_shop_codeigniter_hmvc/application/modules/website/web/views/sections/modals.php
ERROR - 2020-05-01 07:14:46 --> Severity: Warning --> Cannot modify header information - headers already sent by (output started at /opt/lampp/htdocs/medi_shop_codeigniter_hmvc/system/core/Exceptions.php:271) /opt/lampp/htdocs/medi_shop_codeigniter_hmvc/system/core/Common.php 570
INFO - 2020-05-01 07:14:46 --> Config Class Initialized
INFO - 2020-05-01 07:14:46 --> Hooks Class Initialized
DEBUG - 2020-05-01 07:14:46 --> UTF-8 Support Enabled
INFO - 2020-05-01 07:14:46 --> Utf8 Class Initialized
INFO - 2020-05-01 07:14:46 --> URI Class Initialized
INFO - 2020-05-01 07:14:46 --> Router Class Initialized
INFO - 2020-05-01 07:14:46 --> Output Class Initialized
INFO - 2020-05-01 07:14:46 --> Security Class Initialized
DEBUG - 2020-05-01 07:14:46 --> Global POST, GET and COOKIE data sanitized
INFO - 2020-05-01 07:14:46 --> Input Class Initialized
INFO - 2020-05-01 07:14:46 --> Language Class Initialized
INFO - 2020-05-01 07:14:46 --> Language Class Initialized
INFO - 2020-05-01 07:14:46 --> Config Class Initialized
INFO - 2020-05-01 07:14:46 --> Loader Class Initialized
DEBUG - 2020-05-01 07:14:46 --> Config file loaded: /opt/lampp/htdocs/medi_shop_codeigniter_hmvc/application/config/rest.php
INFO - 2020-05-01 07:14:46 --> Helper loaded: url_helper
INFO - 2020-05-01 07:14:46 --> Helper loaded: form_helper
INFO - 2020-05-01 07:14:46 --> Helper loaded: adminurl_helper
INFO - 2020-05-01 07:14:46 --> Helper loaded: site_helper
INFO - 2020-05-01 07:14:46 --> Helper loaded: directory_helper
INFO - 2020-05-01 07:14:46 --> Language file loaded: language/english/api_lang.php
INFO - 2020-05-01 07:14:46 --> Database Driver Class Initialized
INFO - 2020-05-01 07:14:46 --> Email Class Initialized
DEBUG - 2020-05-01 07:14:46 --> Session: "sess_save_path" is empty; using "session.save_path" value from php.ini.
INFO - 2020-05-01 07:14:46 --> Session: Class initialized using 'files' driver.
INFO - 2020-05-01 07:14:46 --> Form Validation Class Initialized
INFO - 2020-05-01 07:14:46 --> Controller Class Initialized
DEBUG - 2020-05-01 07:14:46 --> Web MX_Controller Initialized
DEBUG - 2020-05-01 07:14:46 --> File loaded: /opt/lampp/htdocs/medi_shop_codeigniter_hmvc/application/modules/website/web/models/Public_users_m.php
ERROR - 2020-05-01 07:14:46 --> Severity: Warning --> Illegal string offset 'shopsByPlaceId' /opt/lampp/htdocs/medi_shop_codeigniter_hmvc/application/modules/website/web/controllers/Web.php 19
ERROR - 2020-05-01 07:14:46 --> Severity: Warning --> Cannot assign an empty string to a string offset /opt/lampp/htdocs/medi_shop_codeigniter_hmvc/application/modules/website/web/controllers/Web.php 19
ERROR - 2020-05-01 07:14:46 --> Severity: Warning --> Illegal string offset 'currentServerTime' /opt/lampp/htdocs/medi_shop_codeigniter_hmvc/application/modules/website/web/controllers/Web.php 25
ERROR - 2020-05-01 07:14:46 --> Severity: Warning --> Illegal string offset 'uploads' /opt/lampp/htdocs/medi_shop_codeigniter_hmvc/application/modules/website/web/controllers/Web.php 26
ERROR - 2020-05-01 07:14:46 --> Severity: Warning --> Illegal string offset 'page' /opt/lampp/htdocs/medi_shop_codeigniter_hmvc/application/modules/website/web/controllers/Web.php 27
ERROR - 2020-05-01 07:14:46 --> Severity: Warning --> Illegal string offset 'islogin' /opt/lampp/htdocs/medi_shop_codeigniter_hmvc/application/modules/website/web/controllers/Web.php 30
ERROR - 2020-05-01 07:14:46 --> Severity: Warning --> Cannot assign an empty string to a string offset /opt/lampp/htdocs/medi_shop_codeigniter_hmvc/application/modules/website/web/controllers/Web.php 30
ERROR - 2020-05-01 07:14:46 --> Severity: Warning --> Illegal string offset 'full_name' /opt/lampp/htdocs/medi_shop_codeigniter_hmvc/application/modules/website/web/controllers/Web.php 31
INFO - 2020-05-01 07:14:46 --> Config Class Initialized
INFO - 2020-05-01 07:14:46 --> Hooks Class Initialized
ERROR - 2020-05-01 07:14:46 --> Severity: Warning --> Cannot assign an empty string to a string offset /opt/lampp/htdocs/medi_shop_codeigniter_hmvc/application/modules/website/web/controllers/Web.php 31
DEBUG - 2020-05-01 07:14:46 --> UTF-8 Support Enabled
ERROR - 2020-05-01 07:14:46 --> Severity: Notice --> Undefined variable: page /opt/lampp/htdocs/medi_shop_codeigniter_hmvc/application/modules/website/web/views/sections/header.php 34
INFO - 2020-05-01 07:14:46 --> Utf8 Class Initialized
ERROR - 2020-05-01 07:14:46 --> Severity: Notice --> Undefined variable: islogin /opt/lampp/htdocs/medi_shop_codeigniter_hmvc/application/modules/website/web/views/sections/header.php 174
INFO - 2020-05-01 07:14:46 --> URI Class Initialized
ERROR - 2020-05-01 07:14:46 --> Severity: Notice --> Undefined variable: islogin /opt/lampp/htdocs/medi_shop_codeigniter_hmvc/application/modules/website/web/views/sections/header.php 354
DEBUG - 2020-05-01 07:14:46 --> No URI present. Default controller set.
DEBUG - 2020-05-01 07:14:46 --> File loaded: /opt/lampp/htdocs/medi_shop_codeigniter_hmvc/application/modules/website/web/views/sections/header.php
INFO - 2020-05-01 07:14:46 --> Router Class Initialized
DEBUG - 2020-05-01 07:14:46 --> File loaded: /opt/lampp/htdocs/medi_shop_codeigniter_hmvc/application/modules/website/web/views/sections/modals.php
INFO - 2020-05-01 07:14:46 --> Output Class Initialized
ERROR - 2020-05-01 07:14:46 --> Severity: Warning --> Cannot modify header information - headers already sent by (output started at /opt/lampp/htdocs/medi_shop_codeigniter_hmvc/system/core/Exceptions.php:271) /opt/lampp/htdocs/medi_shop_codeigniter_hmvc/system/core/Common.php 570
INFO - 2020-05-01 07:14:46 --> Security Class Initialized
INFO - 2020-05-01 07:14:46 --> Config Class Initialized
DEBUG - 2020-05-01 07:14:46 --> Global POST, GET and COOKIE data sanitized
INFO - 2020-05-01 07:14:46 --> Hooks Class Initialized
INFO - 2020-05-01 07:14:46 --> Input Class Initialized
DEBUG - 2020-05-01 07:14:46 --> UTF-8 Support Enabled
INFO - 2020-05-01 07:14:46 --> Language Class Initialized
INFO - 2020-05-01 07:14:46 --> Utf8 Class Initialized
INFO - 2020-05-01 07:14:46 --> Language Class Initialized
INFO - 2020-05-01 07:14:46 --> URI Class Initialized
INFO - 2020-05-01 07:14:46 --> Config Class Initialized
INFO - 2020-05-01 07:14:46 --> Router Class Initialized
INFO - 2020-05-01 07:14:46 --> Loader Class Initialized
INFO - 2020-05-01 07:14:46 --> Output Class Initialized
DEBUG - 2020-05-01 07:14:46 --> Config file loaded: /opt/lampp/htdocs/medi_shop_codeigniter_hmvc/application/config/rest.php
INFO - 2020-05-01 07:14:46 --> Security Class Initialized
INFO - 2020-05-01 07:14:46 --> Helper loaded: url_helper
INFO - 2020-05-01 07:14:46 --> Helper loaded: form_helper
DEBUG - 2020-05-01 07:14:46 --> Global POST, GET and COOKIE data sanitized
INFO - 2020-05-01 07:14:46 --> Input Class Initialized
INFO - 2020-05-01 07:14:46 --> Helper loaded: adminurl_helper
INFO - 2020-05-01 07:14:46 --> Language Class Initialized
INFO - 2020-05-01 07:14:46 --> Helper loaded: site_helper
INFO - 2020-05-01 07:14:46 --> Language Class Initialized
INFO - 2020-05-01 07:14:46 --> Config Class Initialized
INFO - 2020-05-01 07:14:46 --> Helper loaded: directory_helper
INFO - 2020-05-01 07:14:46 --> Language file loaded: language/english/api_lang.php
INFO - 2020-05-01 07:14:46 --> Loader Class Initialized
DEBUG - 2020-05-01 07:14:46 --> Config file loaded: /opt/lampp/htdocs/medi_shop_codeigniter_hmvc/application/config/rest.php
INFO - 2020-05-01 07:14:46 --> Database Driver Class Initialized
INFO - 2020-05-01 07:14:46 --> Helper loaded: url_helper
INFO - 2020-05-01 07:14:46 --> Helper loaded: form_helper
INFO - 2020-05-01 07:14:46 --> Email Class Initialized
INFO - 2020-05-01 07:14:46 --> Helper loaded: adminurl_helper
DEBUG - 2020-05-01 07:14:46 --> Session: "sess_save_path" is empty; using "session.save_path" value from php.ini.
INFO - 2020-05-01 07:14:46 --> Helper loaded: site_helper
INFO - 2020-05-01 07:14:46 --> Helper loaded: directory_helper
INFO - 2020-05-01 07:14:46 --> Language file loaded: language/english/api_lang.php
INFO - 2020-05-01 07:14:46 --> Database Driver Class Initialized
INFO - 2020-05-01 07:14:46 --> Email Class Initialized
DEBUG - 2020-05-01 07:14:46 --> Session: "sess_save_path" is empty; using "session.save_path" value from php.ini.
INFO - 2020-05-01 07:14:46 --> Session: Class initialized using 'files' driver.
INFO - 2020-05-01 07:14:46 --> Form Validation Class Initialized
INFO - 2020-05-01 07:14:46 --> Controller Class Initialized
DEBUG - 2020-05-01 07:14:46 --> Web MX_Controller Initialized
DEBUG - 2020-05-01 07:14:46 --> File loaded: /opt/lampp/htdocs/medi_shop_codeigniter_hmvc/application/modules/website/web/models/Public_users_m.php
ERROR - 2020-05-01 07:14:46 --> Severity: Warning --> Illegal string offset 'shopsByPlaceId' /opt/lampp/htdocs/medi_shop_codeigniter_hmvc/application/modules/website/web/controllers/Web.php 19
ERROR - 2020-05-01 07:14:46 --> Severity: Warning --> Cannot assign an empty string to a string offset /opt/lampp/htdocs/medi_shop_codeigniter_hmvc/application/modules/website/web/controllers/Web.php 19
ERROR - 2020-05-01 07:14:46 --> Severity: Warning --> Illegal string offset 'currentServerTime' /opt/lampp/htdocs/medi_shop_codeigniter_hmvc/application/modules/website/web/controllers/Web.php 25
ERROR - 2020-05-01 07:14:46 --> Severity: Warning --> Illegal string offset 'uploads' /opt/lampp/htdocs/medi_shop_codeigniter_hmvc/application/modules/website/web/controllers/Web.php 26
ERROR - 2020-05-01 07:14:46 --> Severity: Warning --> Illegal string offset 'page' /opt/lampp/htdocs/medi_shop_codeigniter_hmvc/application/modules/website/web/controllers/Web.php 27
ERROR - 2020-05-01 07:14:46 --> Severity: Warning --> Illegal string offset 'islogin' /opt/lampp/htdocs/medi_shop_codeigniter_hmvc/application/modules/website/web/controllers/Web.php 30
ERROR - 2020-05-01 07:14:46 --> Severity: Warning --> Cannot assign an empty string to a string offset /opt/lampp/htdocs/medi_shop_codeigniter_hmvc/application/modules/website/web/controllers/Web.php 30
ERROR - 2020-05-01 07:14:46 --> Severity: Warning --> Illegal string offset 'full_name' /opt/lampp/htdocs/medi_shop_codeigniter_hmvc/application/modules/website/web/controllers/Web.php 31
ERROR - 2020-05-01 07:14:46 --> Severity: Warning --> Cannot assign an empty string to a string offset /opt/lampp/htdocs/medi_shop_codeigniter_hmvc/application/modules/website/web/controllers/Web.php 31
ERROR - 2020-05-01 07:14:46 --> Severity: Notice --> Undefined variable: page /opt/lampp/htdocs/medi_shop_codeigniter_hmvc/application/modules/website/web/views/sections/header.php 34
ERROR - 2020-05-01 07:14:46 --> Severity: Notice --> Undefined variable: islogin /opt/lampp/htdocs/medi_shop_codeigniter_hmvc/application/modules/website/web/views/sections/header.php 174
ERROR - 2020-05-01 07:14:46 --> Severity: Notice --> Undefined variable: islogin /opt/lampp/htdocs/medi_shop_codeigniter_hmvc/application/modules/website/web/views/sections/header.php 354
DEBUG - 2020-05-01 07:14:46 --> File loaded: /opt/lampp/htdocs/medi_shop_codeigniter_hmvc/application/modules/website/web/views/sections/header.php
DEBUG - 2020-05-01 07:14:46 --> File loaded: /opt/lampp/htdocs/medi_shop_codeigniter_hmvc/application/modules/website/web/views/sections/modals.php
ERROR - 2020-05-01 07:14:46 --> Severity: Warning --> Cannot modify header information - headers already sent by (output started at /opt/lampp/htdocs/medi_shop_codeigniter_hmvc/system/core/Exceptions.php:271) /opt/lampp/htdocs/medi_shop_codeigniter_hmvc/system/core/Common.php 570
INFO - 2020-05-01 07:14:47 --> Final output sent to browser
DEBUG - 2020-05-01 07:14:47 --> Total execution time: 1.5691
INFO - 2020-05-01 07:14:47 --> Session: Class initialized using 'files' driver.
INFO - 2020-05-01 07:14:47 --> Form Validation Class Initialized
INFO - 2020-05-01 07:14:47 --> Controller Class Initialized
DEBUG - 2020-05-01 07:14:47 --> Orders MX_Controller Initialized
DEBUG - 2020-05-01 07:14:47 --> File loaded: /opt/lampp/htdocs/medi_shop_codeigniter_hmvc/application/controllers/../modules/website/web/controllers/Web.php
DEBUG - 2020-05-01 07:14:47 --> Web MX_Controller Initialized
DEBUG - 2020-05-01 07:14:47 --> File loaded: /opt/lampp/htdocs/medi_shop_codeigniter_hmvc/application/modules/website/web/models/Public_users_m.php
DEBUG - 2020-05-01 07:14:47 --> File loaded: /opt/lampp/htdocs/medi_shop_codeigniter_hmvc/application/modules/website/orders/models/Order_management.php
DEBUG - 2020-05-01 07:14:47 --> File already loaded: /opt/lampp/htdocs/medi_shop_codeigniter_hmvc/application/modules/website/web/models/Public_users_m.php
ERROR - 2020-05-01 07:14:47 --> Severity: Notice --> Undefined index: public_userid /opt/lampp/htdocs/medi_shop_codeigniter_hmvc/application/modules/website/orders/controllers/Orders.php 932
ERROR - 2020-05-01 07:14:47 --> Severity: Notice --> Trying to get property 'place' of non-object /opt/lampp/htdocs/medi_shop_codeigniter_hmvc/application/modules/website/orders/controllers/Orders.php 933
ERROR - 2020-05-01 07:14:47 --> Severity: Warning --> Creating default object from empty value /opt/lampp/htdocs/medi_shop_codeigniter_hmvc/application/modules/website/orders/controllers/Orders.php 935
INFO - 2020-05-01 07:14:47 --> Final output sent to browser
DEBUG - 2020-05-01 07:14:47 --> Total execution time: 1.5541
INFO - 2020-05-01 07:14:47 --> Session: Class initialized using 'files' driver.
INFO - 2020-05-01 07:14:47 --> Form Validation Class Initialized
INFO - 2020-05-01 07:14:47 --> Controller Class Initialized
DEBUG - 2020-05-01 07:14:47 --> Web MX_Controller Initialized
DEBUG - 2020-05-01 07:14:47 --> File loaded: /opt/lampp/htdocs/medi_shop_codeigniter_hmvc/application/modules/website/web/models/Public_users_m.php
DEBUG - 2020-05-01 07:14:47 --> File loaded: /opt/lampp/htdocs/medi_shop_codeigniter_hmvc/application/modules/website/web/views/sections/header.php
DEBUG - 2020-05-01 07:14:47 --> File loaded: /opt/lampp/htdocs/medi_shop_codeigniter_hmvc/application/modules/website/web/views/sections/modals.php
DEBUG - 2020-05-01 07:14:47 --> File loaded: /opt/lampp/htdocs/medi_shop_codeigniter_hmvc/application/modules/website/web/views/home.php
DEBUG - 2020-05-01 07:14:47 --> File loaded: /opt/lampp/htdocs/medi_shop_codeigniter_hmvc/application/modules/website/web/views/sections/search_all.php
DEBUG - 2020-05-01 07:14:47 --> File loaded: /opt/lampp/htdocs/medi_shop_codeigniter_hmvc/application/modules/website/web/views/sections/js.php
DEBUG - 2020-05-01 07:14:47 --> File loaded: /opt/lampp/htdocs/medi_shop_codeigniter_hmvc/application/modules/website/web/views/sections/footer.php
INFO - 2020-05-01 07:14:47 --> Final output sent to browser
DEBUG - 2020-05-01 07:14:47 --> Total execution time: 0.3889
INFO - 2020-05-01 07:14:47 --> Config Class Initialized
INFO - 2020-05-01 07:14:47 --> Hooks Class Initialized
DEBUG - 2020-05-01 07:14:47 --> UTF-8 Support Enabled
INFO - 2020-05-01 07:14:47 --> Utf8 Class Initialized
INFO - 2020-05-01 07:14:47 --> URI Class Initialized
INFO - 2020-05-01 07:14:47 --> Router Class Initialized
INFO - 2020-05-01 07:14:47 --> Output Class Initialized
INFO - 2020-05-01 07:14:47 --> Security Class Initialized
DEBUG - 2020-05-01 07:14:47 --> Global POST, GET and COOKIE data sanitized
INFO - 2020-05-01 07:14:47 --> Input Class Initialized
INFO - 2020-05-01 07:14:47 --> Language Class Initialized
INFO - 2020-05-01 07:14:47 --> Language Class Initialized
INFO - 2020-05-01 07:14:47 --> Config Class Initialized
INFO - 2020-05-01 07:14:47 --> Loader Class Initialized
DEBUG - 2020-05-01 07:14:47 --> Config file loaded: /opt/lampp/htdocs/medi_shop_codeigniter_hmvc/application/config/rest.php
INFO - 2020-05-01 07:14:47 --> Helper loaded: url_helper
INFO - 2020-05-01 07:14:47 --> Helper loaded: form_helper
INFO - 2020-05-01 07:14:47 --> Helper loaded: adminurl_helper
INFO - 2020-05-01 07:14:47 --> Helper loaded: site_helper
INFO - 2020-05-01 07:14:47 --> Helper loaded: directory_helper
INFO - 2020-05-01 07:14:47 --> Language file loaded: language/english/api_lang.php
INFO - 2020-05-01 07:14:47 --> Database Driver Class Initialized
INFO - 2020-05-01 07:14:47 --> Email Class Initialized
DEBUG - 2020-05-01 07:14:47 --> Session: "sess_save_path" is empty; using "session.save_path" value from php.ini.
INFO - 2020-05-01 07:14:47 --> Session: Class initialized using 'files' driver.
INFO - 2020-05-01 07:14:47 --> Form Validation Class Initialized
INFO - 2020-05-01 07:14:47 --> Controller Class Initialized
DEBUG - 2020-05-01 07:14:47 --> Orders MX_Controller Initialized
DEBUG - 2020-05-01 07:14:47 --> File loaded: /opt/lampp/htdocs/medi_shop_codeigniter_hmvc/application/controllers/../modules/website/web/controllers/Web.php
DEBUG - 2020-05-01 07:14:47 --> Web MX_Controller Initialized
DEBUG - 2020-05-01 07:14:47 --> File loaded: /opt/lampp/htdocs/medi_shop_codeigniter_hmvc/application/modules/website/web/models/Public_users_m.php
DEBUG - 2020-05-01 07:14:47 --> File loaded: /opt/lampp/htdocs/medi_shop_codeigniter_hmvc/application/modules/website/orders/models/Order_management.php
DEBUG - 2020-05-01 07:14:47 --> File already loaded: /opt/lampp/htdocs/medi_shop_codeigniter_hmvc/application/modules/website/web/models/Public_users_m.php
ERROR - 2020-05-01 07:14:47 --> Severity: Notice --> Undefined index: public_userid /opt/lampp/htdocs/medi_shop_codeigniter_hmvc/application/modules/website/orders/controllers/Orders.php 932
ERROR - 2020-05-01 07:14:47 --> Severity: Notice --> Trying to get property 'place' of non-object /opt/lampp/htdocs/medi_shop_codeigniter_hmvc/application/modules/website/orders/controllers/Orders.php 933
ERROR - 2020-05-01 07:14:47 --> Severity: Warning --> Creating default object from empty value /opt/lampp/htdocs/medi_shop_codeigniter_hmvc/application/modules/website/orders/controllers/Orders.php 935
INFO - 2020-05-01 07:14:47 --> Final output sent to browser
DEBUG - 2020-05-01 07:14:47 --> Total execution time: 0.1504
INFO - 2020-05-01 07:23:55 --> Config Class Initialized
INFO - 2020-05-01 07:23:55 --> Hooks Class Initialized
DEBUG - 2020-05-01 07:23:55 --> UTF-8 Support Enabled
INFO - 2020-05-01 07:23:55 --> Utf8 Class Initialized
INFO - 2020-05-01 07:23:55 --> URI Class Initialized
INFO - 2020-05-01 07:23:55 --> Router Class Initialized
INFO - 2020-05-01 07:23:55 --> Output Class Initialized
INFO - 2020-05-01 07:23:55 --> Security Class Initialized
DEBUG - 2020-05-01 07:23:55 --> Global POST, GET and COOKIE data sanitized
INFO - 2020-05-01 07:23:55 --> Input Class Initialized
INFO - 2020-05-01 07:23:55 --> Language Class Initialized
INFO - 2020-05-01 07:23:55 --> Language Class Initialized
INFO - 2020-05-01 07:23:55 --> Config Class Initialized
INFO - 2020-05-01 07:23:55 --> Loader Class Initialized
DEBUG - 2020-05-01 07:23:55 --> Config file loaded: /opt/lampp/htdocs/medi_shop_codeigniter_hmvc/application/config/rest.php
INFO - 2020-05-01 07:23:55 --> Helper loaded: url_helper
INFO - 2020-05-01 07:23:55 --> Helper loaded: form_helper
INFO - 2020-05-01 07:23:55 --> Helper loaded: adminurl_helper
INFO - 2020-05-01 07:23:55 --> Helper loaded: site_helper
INFO - 2020-05-01 07:23:55 --> Helper loaded: directory_helper
INFO - 2020-05-01 07:23:55 --> Language file loaded: language/english/api_lang.php
INFO - 2020-05-01 07:23:55 --> Database Driver Class Initialized
INFO - 2020-05-01 07:23:55 --> Email Class Initialized
DEBUG - 2020-05-01 07:23:55 --> Session: "sess_save_path" is empty; using "session.save_path" value from php.ini.
INFO - 2020-05-01 07:23:55 --> Session: Class initialized using 'files' driver.
INFO - 2020-05-01 07:23:55 --> Form Validation Class Initialized
INFO - 2020-05-01 07:23:55 --> Controller Class Initialized
DEBUG - 2020-05-01 07:23:55 --> File loaded: /opt/lampp/htdocs/medi_shop_codeigniter_hmvc/application/modules/shop_user/shop_login/models/Login_m.php
DEBUG - 2020-05-01 07:23:55 --> File loaded: /opt/lampp/htdocs/medi_shop_codeigniter_hmvc/application/modules/shop_user/shop_login/views/login.php
INFO - 2020-05-01 07:23:55 --> Final output sent to browser
DEBUG - 2020-05-01 07:23:55 --> Total execution time: 0.1225
INFO - 2020-05-01 07:23:55 --> Config Class Initialized
INFO - 2020-05-01 07:23:55 --> Hooks Class Initialized
DEBUG - 2020-05-01 07:23:55 --> UTF-8 Support Enabled
INFO - 2020-05-01 07:23:55 --> Utf8 Class Initialized
INFO - 2020-05-01 07:23:55 --> URI Class Initialized
INFO - 2020-05-01 07:23:55 --> Router Class Initialized
INFO - 2020-05-01 07:23:55 --> Output Class Initialized
INFO - 2020-05-01 07:23:55 --> Security Class Initialized
DEBUG - 2020-05-01 07:23:55 --> Global POST, GET and COOKIE data sanitized
INFO - 2020-05-01 07:23:55 --> Input Class Initialized
INFO - 2020-05-01 07:23:55 --> Language Class Initialized
INFO - 2020-05-01 07:23:55 --> Language Class Initialized
INFO - 2020-05-01 07:23:55 --> Config Class Initialized
INFO - 2020-05-01 07:23:55 --> Loader Class Initialized
DEBUG - 2020-05-01 07:23:55 --> Config file loaded: /opt/lampp/htdocs/medi_shop_codeigniter_hmvc/application/config/rest.php
INFO - 2020-05-01 07:23:55 --> Helper loaded: url_helper
INFO - 2020-05-01 07:23:55 --> Helper loaded: form_helper
INFO - 2020-05-01 07:23:55 --> Helper loaded: adminurl_helper
INFO - 2020-05-01 07:23:55 --> Helper loaded: site_helper
INFO - 2020-05-01 07:23:55 --> Helper loaded: directory_helper
INFO - 2020-05-01 07:23:55 --> Language file loaded: language/english/api_lang.php
INFO - 2020-05-01 07:23:55 --> Database Driver Class Initialized
INFO - 2020-05-01 07:23:55 --> Email Class Initialized
DEBUG - 2020-05-01 07:23:55 --> Session: "sess_save_path" is empty; using "session.save_path" value from php.ini.
INFO - 2020-05-01 07:23:55 --> Session: Class initialized using 'files' driver.
INFO - 2020-05-01 07:23:55 --> Form Validation Class Initialized
INFO - 2020-05-01 07:23:55 --> Controller Class Initialized
DEBUG - 2020-05-01 07:23:55 --> File loaded: /opt/lampp/htdocs/medi_shop_codeigniter_hmvc/application/modules/shop_user/shop_login/models/Login_m.php
DEBUG - 2020-05-01 07:23:55 --> File loaded: /opt/lampp/htdocs/medi_shop_codeigniter_hmvc/application/modules/shop_user/shop_login/views/login.php
INFO - 2020-05-01 07:23:55 --> Final output sent to browser
DEBUG - 2020-05-01 07:23:55 --> Total execution time: 0.1269
INFO - 2020-05-01 07:24:02 --> Config Class Initialized
INFO - 2020-05-01 07:24:02 --> Hooks Class Initialized
DEBUG - 2020-05-01 07:24:02 --> UTF-8 Support Enabled
INFO - 2020-05-01 07:24:02 --> Utf8 Class Initialized
INFO - 2020-05-01 07:24:02 --> URI Class Initialized
INFO - 2020-05-01 07:24:02 --> Router Class Initialized
INFO - 2020-05-01 07:24:02 --> Output Class Initialized
INFO - 2020-05-01 07:24:02 --> Security Class Initialized
DEBUG - 2020-05-01 07:24:02 --> Global POST, GET and COOKIE data sanitized
INFO - 2020-05-01 07:24:02 --> Input Class Initialized
INFO - 2020-05-01 07:24:02 --> Language Class Initialized
INFO - 2020-05-01 07:24:02 --> Language Class Initialized
INFO - 2020-05-01 07:24:02 --> Config Class Initialized
INFO - 2020-05-01 07:24:02 --> Loader Class Initialized
DEBUG - 2020-05-01 07:24:02 --> Config file loaded: /opt/lampp/htdocs/medi_shop_codeigniter_hmvc/application/config/rest.php
INFO - 2020-05-01 07:24:02 --> Helper loaded: url_helper
INFO - 2020-05-01 07:24:02 --> Helper loaded: form_helper
INFO - 2020-05-01 07:24:02 --> Helper loaded: adminurl_helper
INFO - 2020-05-01 07:24:02 --> Helper loaded: site_helper
INFO - 2020-05-01 07:24:02 --> Helper loaded: directory_helper
INFO - 2020-05-01 07:24:02 --> Language file loaded: language/english/api_lang.php
INFO - 2020-05-01 07:24:02 --> Database Driver Class Initialized
INFO - 2020-05-01 07:24:02 --> Email Class Initialized
DEBUG - 2020-05-01 07:24:02 --> Session: "sess_save_path" is empty; using "session.save_path" value from php.ini.
INFO - 2020-05-01 07:24:03 --> Session: Class initialized using 'files' driver.
INFO - 2020-05-01 07:24:03 --> Form Validation Class Initialized
INFO - 2020-05-01 07:24:03 --> Controller Class Initialized
DEBUG - 2020-05-01 07:24:03 --> File loaded: /opt/lampp/htdocs/medi_shop_codeigniter_hmvc/application/modules/shop_user/shop_login/models/Login_m.php
INFO - 2020-05-01 07:24:03 --> Language file loaded: language/english/form_validation_lang.php
ERROR - 2020-05-01 07:24:03 --> Severity: Notice --> Undefined index: shop_regnumber /opt/lampp/htdocs/medi_shop_codeigniter_hmvc/application/modules/shop_user/shop_login/controllers/Shop_login.php 40
ERROR - 2020-05-01 07:24:03 --> Severity: Notice --> Undefined index: user_name /opt/lampp/htdocs/medi_shop_codeigniter_hmvc/application/modules/shop_user/shop_login/controllers/Shop_login.php 41
ERROR - 2020-05-01 07:24:03 --> Severity: Notice --> Undefined index: shop_catogory_dpn /opt/lampp/htdocs/medi_shop_codeigniter_hmvc/application/modules/shop_user/shop_login/controllers/Shop_login.php 42
INFO - 2020-05-01 07:24:03 --> Config Class Initialized
INFO - 2020-05-01 07:24:03 --> Hooks Class Initialized
DEBUG - 2020-05-01 07:24:03 --> UTF-8 Support Enabled
INFO - 2020-05-01 07:24:03 --> Utf8 Class Initialized
INFO - 2020-05-01 07:24:03 --> URI Class Initialized
INFO - 2020-05-01 07:24:03 --> Router Class Initialized
INFO - 2020-05-01 07:24:03 --> Output Class Initialized
INFO - 2020-05-01 07:24:03 --> Security Class Initialized
DEBUG - 2020-05-01 07:24:03 --> Global POST, GET and COOKIE data sanitized
INFO - 2020-05-01 07:24:03 --> Input Class Initialized
INFO - 2020-05-01 07:24:03 --> Language Class Initialized
INFO - 2020-05-01 07:24:03 --> Language Class Initialized
INFO - 2020-05-01 07:24:03 --> Config Class Initialized
INFO - 2020-05-01 07:24:03 --> Loader Class Initialized
DEBUG - 2020-05-01 07:24:03 --> Config file loaded: /opt/lampp/htdocs/medi_shop_codeigniter_hmvc/application/config/rest.php
INFO - 2020-05-01 07:24:03 --> Helper loaded: url_helper
INFO - 2020-05-01 07:24:03 --> Helper loaded: form_helper
INFO - 2020-05-01 07:24:03 --> Helper loaded: adminurl_helper
INFO - 2020-05-01 07:24:03 --> Helper loaded: site_helper
INFO - 2020-05-01 07:24:03 --> Helper loaded: directory_helper
INFO - 2020-05-01 07:24:03 --> Language file loaded: language/english/api_lang.php
INFO - 2020-05-01 07:24:03 --> Database Driver Class Initialized
INFO - 2020-05-01 07:24:03 --> Email Class Initialized
DEBUG - 2020-05-01 07:24:03 --> Session: "sess_save_path" is empty; using "session.save_path" value from php.ini.
INFO - 2020-05-01 07:24:03 --> Session: Class initialized using 'files' driver.
INFO - 2020-05-01 07:24:03 --> Form Validation Class Initialized
INFO - 2020-05-01 07:24:03 --> Controller Class Initialized
DEBUG - 2020-05-01 07:24:03 --> Dashboard_shop MX_Controller Initialized
DEBUG - 2020-05-01 07:24:03 --> File loaded: /opt/lampp/htdocs/medi_shop_codeigniter_hmvc/application/controllers/../modules/shop_user/shop_template/controllers/Shop_template.php
DEBUG - 2020-05-01 07:24:03 --> Shop_template MX_Controller Initialized
DEBUG - 2020-05-01 07:24:03 --> File loaded: /opt/lampp/htdocs/medi_shop_codeigniter_hmvc/application/controllers/../modules/others/file_uploader/controllers/File_uploader.php
DEBUG - 2020-05-01 07:24:03 --> File_uploader MX_Controller Initialized
DEBUG - 2020-05-01 07:24:03 --> File loaded: /opt/lampp/htdocs/medi_shop_codeigniter_hmvc/application/modules/others/file_uploader/models/File_uploader_m.php
DEBUG - 2020-05-01 07:24:03 --> File loaded: /opt/lampp/htdocs/medi_shop_codeigniter_hmvc/application/modules/shop_user/dashboard_shop/models/Dashboard_m_shop.php
DEBUG - 2020-05-01 07:24:03 --> File loaded: /opt/lampp/htdocs/medi_shop_codeigniter_hmvc/application/modules/shop_user/profile_management/models/Profile_management_m.php
DEBUG - 2020-05-01 07:24:03 --> File loaded: /opt/lampp/htdocs/medi_shop_codeigniter_hmvc/application/modules/shop_user/shop_template/views/header.php
DEBUG - 2020-05-01 07:24:03 --> File loaded: /opt/lampp/htdocs/medi_shop_codeigniter_hmvc/application/modules/shop_user/shop_template/views/sidebar.php
DEBUG - 2020-05-01 07:24:03 --> File loaded: /opt/lampp/htdocs/medi_shop_codeigniter_hmvc/application/modules/shop_user/shop_template/views/navbar.php
DEBUG - 2020-05-01 07:24:03 --> File loaded: /opt/lampp/htdocs/medi_shop_codeigniter_hmvc/application/modules/shop_user/shop_template/views/javafns.php
DEBUG - 2020-05-01 07:24:03 --> File loaded: /opt/lampp/htdocs/medi_shop_codeigniter_hmvc/application/modules/shop_user/dashboard_shop/views/dashboard_v_shop.php
DEBUG - 2020-05-01 07:24:03 --> File loaded: /opt/lampp/htdocs/medi_shop_codeigniter_hmvc/application/modules/shop_user/shop_template/views/footer.php
INFO - 2020-05-01 07:24:03 --> Final output sent to browser
DEBUG - 2020-05-01 07:24:03 --> Total execution time: 0.1610
INFO - 2020-05-01 07:26:37 --> Config Class Initialized
INFO - 2020-05-01 07:26:37 --> Hooks Class Initialized
DEBUG - 2020-05-01 07:26:37 --> UTF-8 Support Enabled
INFO - 2020-05-01 07:26:37 --> Utf8 Class Initialized
INFO - 2020-05-01 07:26:37 --> URI Class Initialized
INFO - 2020-05-01 07:26:37 --> Router Class Initialized
INFO - 2020-05-01 07:26:37 --> Output Class Initialized
INFO - 2020-05-01 07:26:37 --> Security Class Initialized
DEBUG - 2020-05-01 07:26:37 --> Global POST, GET and COOKIE data sanitized
INFO - 2020-05-01 07:26:37 --> Input Class Initialized
INFO - 2020-05-01 07:26:37 --> Language Class Initialized
INFO - 2020-05-01 07:26:37 --> Language Class Initialized
INFO - 2020-05-01 07:26:37 --> Config Class Initialized
INFO - 2020-05-01 07:26:37 --> Loader Class Initialized
DEBUG - 2020-05-01 07:26:37 --> Config file loaded: /opt/lampp/htdocs/medi_shop_codeigniter_hmvc/application/config/rest.php
INFO - 2020-05-01 07:26:37 --> Helper loaded: url_helper
INFO - 2020-05-01 07:26:37 --> Helper loaded: form_helper
INFO - 2020-05-01 07:26:37 --> Helper loaded: adminurl_helper
INFO - 2020-05-01 07:26:37 --> Helper loaded: site_helper
INFO - 2020-05-01 07:26:37 --> Helper loaded: directory_helper
INFO - 2020-05-01 07:26:37 --> Language file loaded: language/english/api_lang.php
INFO - 2020-05-01 07:26:37 --> Database Driver Class Initialized
INFO - 2020-05-01 07:26:37 --> Email Class Initialized
DEBUG - 2020-05-01 07:26:37 --> Session: "sess_save_path" is empty; using "session.save_path" value from php.ini.
INFO - 2020-05-01 07:26:37 --> Session: Class initialized using 'files' driver.
INFO - 2020-05-01 07:26:37 --> Form Validation Class Initialized
INFO - 2020-05-01 07:26:37 --> Controller Class Initialized
DEBUG - 2020-05-01 07:26:37 --> Dashboard_shop MX_Controller Initialized
DEBUG - 2020-05-01 07:26:37 --> File loaded: /opt/lampp/htdocs/medi_shop_codeigniter_hmvc/application/controllers/../modules/shop_user/shop_template/controllers/Shop_template.php
DEBUG - 2020-05-01 07:26:37 --> Shop_template MX_Controller Initialized
DEBUG - 2020-05-01 07:26:37 --> File loaded: /opt/lampp/htdocs/medi_shop_codeigniter_hmvc/application/controllers/../modules/others/file_uploader/controllers/File_uploader.php
DEBUG - 2020-05-01 07:26:37 --> File_uploader MX_Controller Initialized
DEBUG - 2020-05-01 07:26:37 --> File loaded: /opt/lampp/htdocs/medi_shop_codeigniter_hmvc/application/modules/others/file_uploader/models/File_uploader_m.php
DEBUG - 2020-05-01 07:26:37 --> File loaded: /opt/lampp/htdocs/medi_shop_codeigniter_hmvc/application/modules/shop_user/dashboard_shop/models/Dashboard_m_shop.php
DEBUG - 2020-05-01 07:26:37 --> File loaded: /opt/lampp/htdocs/medi_shop_codeigniter_hmvc/application/modules/shop_user/profile_management/models/Profile_management_m.php
DEBUG - 2020-05-01 07:26:37 --> File loaded: /opt/lampp/htdocs/medi_shop_codeigniter_hmvc/application/modules/shop_user/shop_template/views/header.php
DEBUG - 2020-05-01 07:26:37 --> File loaded: /opt/lampp/htdocs/medi_shop_codeigniter_hmvc/application/modules/shop_user/shop_template/views/sidebar.php
DEBUG - 2020-05-01 07:26:37 --> File loaded: /opt/lampp/htdocs/medi_shop_codeigniter_hmvc/application/modules/shop_user/shop_template/views/navbar.php
DEBUG - 2020-05-01 07:26:37 --> File loaded: /opt/lampp/htdocs/medi_shop_codeigniter_hmvc/application/modules/shop_user/shop_template/views/javafns.php
DEBUG - 2020-05-01 07:26:37 --> File loaded: /opt/lampp/htdocs/medi_shop_codeigniter_hmvc/application/modules/shop_user/dashboard_shop/views/dashboard_v_shop.php
DEBUG - 2020-05-01 07:26:37 --> File loaded: /opt/lampp/htdocs/medi_shop_codeigniter_hmvc/application/modules/shop_user/shop_template/views/footer.php
INFO - 2020-05-01 07:26:37 --> Final output sent to browser
DEBUG - 2020-05-01 07:26:37 --> Total execution time: 0.2697
INFO - 2020-05-01 07:26:50 --> Config Class Initialized
INFO - 2020-05-01 07:26:50 --> Hooks Class Initialized
DEBUG - 2020-05-01 07:26:50 --> UTF-8 Support Enabled
INFO - 2020-05-01 07:26:50 --> Utf8 Class Initialized
INFO - 2020-05-01 07:26:50 --> URI Class Initialized
INFO - 2020-05-01 07:26:50 --> Router Class Initialized
INFO - 2020-05-01 07:26:50 --> Output Class Initialized
INFO - 2020-05-01 07:26:50 --> Security Class Initialized
DEBUG - 2020-05-01 07:26:50 --> Global POST, GET and COOKIE data sanitized
INFO - 2020-05-01 07:26:50 --> Input Class Initialized
INFO - 2020-05-01 07:26:50 --> Language Class Initialized
INFO - 2020-05-01 07:26:50 --> Language Class Initialized
INFO - 2020-05-01 07:26:50 --> Config Class Initialized
INFO - 2020-05-01 07:26:50 --> Loader Class Initialized
DEBUG - 2020-05-01 07:26:50 --> Config file loaded: /opt/lampp/htdocs/medi_shop_codeigniter_hmvc/application/config/rest.php
INFO - 2020-05-01 07:26:50 --> Helper loaded: url_helper
INFO - 2020-05-01 07:26:50 --> Helper loaded: form_helper
INFO - 2020-05-01 07:26:50 --> Helper loaded: adminurl_helper
INFO - 2020-05-01 07:26:50 --> Helper loaded: site_helper
INFO - 2020-05-01 07:26:50 --> Helper loaded: directory_helper
INFO - 2020-05-01 07:26:50 --> Language file loaded: language/english/api_lang.php
INFO - 2020-05-01 07:26:50 --> Database Driver Class Initialized
INFO - 2020-05-01 07:26:50 --> Email Class Initialized
DEBUG - 2020-05-01 07:26:50 --> Session: "sess_save_path" is empty; using "session.save_path" value from php.ini.
INFO - 2020-05-01 07:26:50 --> Session: Class initialized using 'files' driver.
INFO - 2020-05-01 07:26:50 --> Form Validation Class Initialized
INFO - 2020-05-01 07:26:50 --> Controller Class Initialized
DEBUG - 2020-05-01 07:26:50 --> Dashboard_shop MX_Controller Initialized
DEBUG - 2020-05-01 07:26:50 --> File loaded: /opt/lampp/htdocs/medi_shop_codeigniter_hmvc/application/controllers/../modules/shop_user/shop_template/controllers/Shop_template.php
DEBUG - 2020-05-01 07:26:50 --> Shop_template MX_Controller Initialized
DEBUG - 2020-05-01 07:26:50 --> File loaded: /opt/lampp/htdocs/medi_shop_codeigniter_hmvc/application/controllers/../modules/others/file_uploader/controllers/File_uploader.php
DEBUG - 2020-05-01 07:26:50 --> File_uploader MX_Controller Initialized
DEBUG - 2020-05-01 07:26:50 --> File loaded: /opt/lampp/htdocs/medi_shop_codeigniter_hmvc/application/modules/others/file_uploader/models/File_uploader_m.php
DEBUG - 2020-05-01 07:26:50 --> File loaded: /opt/lampp/htdocs/medi_shop_codeigniter_hmvc/application/modules/shop_user/dashboard_shop/models/Dashboard_m_shop.php
DEBUG - 2020-05-01 07:26:50 --> File loaded: /opt/lampp/htdocs/medi_shop_codeigniter_hmvc/application/modules/shop_user/profile_management/models/Profile_management_m.php
DEBUG - 2020-05-01 07:26:50 --> File loaded: /opt/lampp/htdocs/medi_shop_codeigniter_hmvc/application/modules/shop_user/shop_template/views/header.php
DEBUG - 2020-05-01 07:26:50 --> File loaded: /opt/lampp/htdocs/medi_shop_codeigniter_hmvc/application/modules/shop_user/shop_template/views/sidebar.php
DEBUG - 2020-05-01 07:26:50 --> File loaded: /opt/lampp/htdocs/medi_shop_codeigniter_hmvc/application/modules/shop_user/shop_template/views/navbar.php
DEBUG - 2020-05-01 07:26:50 --> File loaded: /opt/lampp/htdocs/medi_shop_codeigniter_hmvc/application/modules/shop_user/shop_template/views/javafns.php
DEBUG - 2020-05-01 07:26:50 --> File loaded: /opt/lampp/htdocs/medi_shop_codeigniter_hmvc/application/modules/shop_user/dashboard_shop/views/dashboard_v_shop.php
DEBUG - 2020-05-01 07:26:50 --> File loaded: /opt/lampp/htdocs/medi_shop_codeigniter_hmvc/application/modules/shop_user/shop_template/views/footer.php
INFO - 2020-05-01 07:26:50 --> Final output sent to browser
DEBUG - 2020-05-01 07:26:50 --> Total execution time: 0.1664
INFO - 2020-05-01 07:43:44 --> Config Class Initialized
INFO - 2020-05-01 07:43:44 --> Hooks Class Initialized
DEBUG - 2020-05-01 07:43:44 --> UTF-8 Support Enabled
INFO - 2020-05-01 07:43:44 --> Utf8 Class Initialized
INFO - 2020-05-01 07:43:44 --> URI Class Initialized
INFO - 2020-05-01 07:43:44 --> Router Class Initialized
INFO - 2020-05-01 07:43:44 --> Output Class Initialized
INFO - 2020-05-01 07:43:44 --> Security Class Initialized
DEBUG - 2020-05-01 07:43:44 --> Global POST, GET and COOKIE data sanitized
INFO - 2020-05-01 07:43:44 --> Input Class Initialized
INFO - 2020-05-01 07:43:44 --> Language Class Initialized
INFO - 2020-05-01 07:43:44 --> Language Class Initialized
INFO - 2020-05-01 07:43:44 --> Config Class Initialized
INFO - 2020-05-01 07:43:44 --> Loader Class Initialized
DEBUG - 2020-05-01 07:43:44 --> Config file loaded: /opt/lampp/htdocs/medi_shop_codeigniter_hmvc/application/config/rest.php
INFO - 2020-05-01 07:43:44 --> Helper loaded: url_helper
INFO - 2020-05-01 07:43:44 --> Helper loaded: form_helper
INFO - 2020-05-01 07:43:44 --> Helper loaded: adminurl_helper
INFO - 2020-05-01 07:43:44 --> Helper loaded: site_helper
INFO - 2020-05-01 07:43:44 --> Helper loaded: directory_helper
INFO - 2020-05-01 07:43:44 --> Language file loaded: language/english/api_lang.php
INFO - 2020-05-01 07:43:44 --> Database Driver Class Initialized
INFO - 2020-05-01 07:43:44 --> Email Class Initialized
DEBUG - 2020-05-01 07:43:44 --> Session: "sess_save_path" is empty; using "session.save_path" value from php.ini.
INFO - 2020-05-01 07:43:44 --> Session: Class initialized using 'files' driver.
INFO - 2020-05-01 07:43:44 --> Form Validation Class Initialized
INFO - 2020-05-01 07:43:44 --> Controller Class Initialized
DEBUG - 2020-05-01 07:43:44 --> Dashboard_shop MX_Controller Initialized
DEBUG - 2020-05-01 07:43:44 --> File loaded: /opt/lampp/htdocs/medi_shop_codeigniter_hmvc/application/controllers/../modules/shop_user/shop_template/controllers/Shop_template.php
DEBUG - 2020-05-01 07:43:44 --> Shop_template MX_Controller Initialized
DEBUG - 2020-05-01 07:43:44 --> File loaded: /opt/lampp/htdocs/medi_shop_codeigniter_hmvc/application/controllers/../modules/others/file_uploader/controllers/File_uploader.php
DEBUG - 2020-05-01 07:43:44 --> File_uploader MX_Controller Initialized
DEBUG - 2020-05-01 07:43:44 --> File loaded: /opt/lampp/htdocs/medi_shop_codeigniter_hmvc/application/modules/others/file_uploader/models/File_uploader_m.php
DEBUG - 2020-05-01 07:43:44 --> File loaded: /opt/lampp/htdocs/medi_shop_codeigniter_hmvc/application/modules/shop_user/dashboard_shop/models/Dashboard_m_shop.php
DEBUG - 2020-05-01 07:43:44 --> File loaded: /opt/lampp/htdocs/medi_shop_codeigniter_hmvc/application/modules/shop_user/profile_management/models/Profile_management_m.php
DEBUG - 2020-05-01 07:43:44 --> File loaded: /opt/lampp/htdocs/medi_shop_codeigniter_hmvc/application/modules/shop_user/shop_template/views/header.php
DEBUG - 2020-05-01 07:43:44 --> File loaded: /opt/lampp/htdocs/medi_shop_codeigniter_hmvc/application/modules/shop_user/shop_template/views/sidebar.php
DEBUG - 2020-05-01 07:43:44 --> File loaded: /opt/lampp/htdocs/medi_shop_codeigniter_hmvc/application/modules/shop_user/shop_template/views/navbar.php
DEBUG - 2020-05-01 07:43:44 --> File loaded: /opt/lampp/htdocs/medi_shop_codeigniter_hmvc/application/modules/shop_user/shop_template/views/javafns.php
DEBUG - 2020-05-01 07:43:44 --> File loaded: /opt/lampp/htdocs/medi_shop_codeigniter_hmvc/application/modules/shop_user/dashboard_shop/views/dashboard_v_shop.php
DEBUG - 2020-05-01 07:43:44 --> File loaded: /opt/lampp/htdocs/medi_shop_codeigniter_hmvc/application/modules/shop_user/shop_template/views/footer.php
INFO - 2020-05-01 07:43:44 --> Final output sent to browser
DEBUG - 2020-05-01 07:43:44 --> Total execution time: 0.2056
