INFO - 2020-08-05 08:53:32 --> Config Class Initialized
INFO - 2020-08-05 08:53:32 --> Config Class Initialized
INFO - 2020-08-05 08:53:32 --> Hooks Class Initialized
INFO - 2020-08-05 08:53:32 --> Hooks Class Initialized
DEBUG - 2020-08-05 08:53:34 --> UTF-8 Support Enabled
DEBUG - 2020-08-05 08:53:34 --> UTF-8 Support Enabled
INFO - 2020-08-05 08:53:34 --> Utf8 Class Initialized
INFO - 2020-08-05 08:53:34 --> Utf8 Class Initialized
INFO - 2020-08-05 08:53:36 --> URI Class Initialized
INFO - 2020-08-05 08:53:36 --> URI Class Initialized
INFO - 2020-08-05 08:53:39 --> Router Class Initialized
INFO - 2020-08-05 08:53:39 --> Router Class Initialized
INFO - 2020-08-05 08:53:41 --> Output Class Initialized
INFO - 2020-08-05 08:53:41 --> Output Class Initialized
INFO - 2020-08-05 08:53:42 --> Security Class Initialized
INFO - 2020-08-05 08:53:42 --> Security Class Initialized
DEBUG - 2020-08-05 08:53:42 --> Global POST, GET and COOKIE data sanitized
DEBUG - 2020-08-05 08:53:42 --> Global POST, GET and COOKIE data sanitized
INFO - 2020-08-05 08:53:42 --> Input Class Initialized
INFO - 2020-08-05 08:53:42 --> Input Class Initialized
INFO - 2020-08-05 08:53:43 --> Language Class Initialized
INFO - 2020-08-05 08:53:43 --> Language Class Initialized
INFO - 2020-08-05 08:53:46 --> Language Class Initialized
INFO - 2020-08-05 08:53:46 --> Language Class Initialized
INFO - 2020-08-05 08:53:46 --> Config Class Initialized
INFO - 2020-08-05 08:53:46 --> Config Class Initialized
INFO - 2020-08-05 08:53:47 --> Loader Class Initialized
INFO - 2020-08-05 08:53:47 --> Loader Class Initialized
DEBUG - 2020-08-05 08:53:48 --> Config file loaded: E:\xampp\htdocs\medi_shop_codeigniter_hmvc\application\config/rest.php
DEBUG - 2020-08-05 08:53:48 --> Config file loaded: E:\xampp\htdocs\medi_shop_codeigniter_hmvc\application\config/rest.php
INFO - 2020-08-05 08:53:48 --> Helper loaded: url_helper
INFO - 2020-08-05 08:53:48 --> Helper loaded: url_helper
INFO - 2020-08-05 08:53:48 --> Helper loaded: form_helper
INFO - 2020-08-05 08:53:48 --> Helper loaded: form_helper
INFO - 2020-08-05 08:53:48 --> Helper loaded: adminurl_helper
INFO - 2020-08-05 08:53:48 --> Helper loaded: adminurl_helper
INFO - 2020-08-05 08:53:49 --> Helper loaded: site_helper
INFO - 2020-08-05 08:53:49 --> Helper loaded: site_helper
INFO - 2020-08-05 08:53:49 --> Helper loaded: directory_helper
INFO - 2020-08-05 08:53:49 --> Helper loaded: directory_helper
INFO - 2020-08-05 08:53:49 --> Language file loaded: language/english/api_lang.php
INFO - 2020-08-05 08:53:49 --> Language file loaded: language/english/api_lang.php
INFO - 2020-08-05 08:53:50 --> Database Driver Class Initialized
INFO - 2020-08-05 08:53:50 --> Database Driver Class Initialized
INFO - 2020-08-05 08:53:51 --> Email Class Initialized
INFO - 2020-08-05 08:53:51 --> Email Class Initialized
DEBUG - 2020-08-05 08:53:51 --> Session: "sess_save_path" is empty; using "session.save_path" value from php.ini.
DEBUG - 2020-08-05 08:53:51 --> Session: "sess_save_path" is empty; using "session.save_path" value from php.ini.
INFO - 2020-08-05 08:53:51 --> Session: Class initialized using 'files' driver.
INFO - 2020-08-05 08:53:51 --> Session: Class initialized using 'files' driver.
INFO - 2020-08-05 08:53:52 --> Form Validation Class Initialized
INFO - 2020-08-05 08:53:52 --> Form Validation Class Initialized
INFO - 2020-08-05 08:53:52 --> Controller Class Initialized
INFO - 2020-08-05 08:53:52 --> Controller Class Initialized
DEBUG - 2020-08-05 08:53:52 --> manage_orders MX_Controller Initialized
DEBUG - 2020-08-05 08:53:52 --> User_accounts MX_Controller Initialized
