INFO - 2020-09-24 03:41:23 --> Config Class Initialized
INFO - 2020-09-24 03:41:23 --> Hooks Class Initialized
DEBUG - 2020-09-24 03:41:23 --> UTF-8 Support Enabled
INFO - 2020-09-24 03:41:23 --> Utf8 Class Initialized
INFO - 2020-09-24 03:41:23 --> URI Class Initialized
DEBUG - 2020-09-24 03:41:23 --> No URI present. Default controller set.
INFO - 2020-09-24 03:41:23 --> Router Class Initialized
INFO - 2020-09-24 03:41:23 --> Output Class Initialized
INFO - 2020-09-24 03:41:23 --> Security Class Initialized
DEBUG - 2020-09-24 03:41:23 --> Global POST, GET and COOKIE data sanitized
INFO - 2020-09-24 03:41:23 --> Input Class Initialized
INFO - 2020-09-24 03:41:23 --> Language Class Initialized
INFO - 2020-09-24 03:41:24 --> Language Class Initialized
INFO - 2020-09-24 03:41:24 --> Config Class Initialized
INFO - 2020-09-24 03:41:24 --> Loader Class Initialized
DEBUG - 2020-09-24 03:41:24 --> Config file loaded: C:\Apache24\htdocs\KSEBL_SSP\application\config/rest.php
INFO - 2020-09-24 03:41:24 --> Helper loaded: url_helper
INFO - 2020-09-24 03:41:24 --> Helper loaded: form_helper
INFO - 2020-09-24 03:41:24 --> Helper loaded: adminurl_helper
INFO - 2020-09-24 03:41:24 --> Helper loaded: site_helper
INFO - 2020-09-24 03:41:24 --> Helper loaded: directory_helper
INFO - 2020-09-24 03:41:24 --> Helper loaded: mail_helper
INFO - 2020-09-24 03:41:24 --> Language file loaded: language/english/api_lang.php
INFO - 2020-09-24 03:41:24 --> Database Driver Class Initialized
INFO - 2020-09-24 03:41:25 --> Database Driver Class Initialized
INFO - 2020-09-24 03:41:25 --> Email Class Initialized
INFO - 2020-09-24 03:41:25 --> Session: Class initialized using 'database' driver.
INFO - 2020-09-24 03:41:25 --> Form Validation Class Initialized
INFO - 2020-09-24 03:41:25 --> Controller Class Initialized
DEBUG - 2020-09-24 03:41:25 --> Web MX_Controller Initialized
DEBUG - 2020-09-24 03:41:25 --> File loaded: C:\Apache24\htdocs\KSEBL_SSP\application\controllers/../modules/template/controllers/Template.php
DEBUG - 2020-09-24 03:41:26 --> Template MX_Controller Initialized
DEBUG - 2020-09-24 03:41:26 --> File loaded: C:\Apache24\htdocs\KSEBL_SSP\application\modules/template/views/public/header.php
DEBUG - 2020-09-24 03:41:26 --> File loaded: C:\Apache24\htdocs\KSEBL_SSP\application\modules/website/web/views/home.php
DEBUG - 2020-09-24 03:41:26 --> File loaded: C:\Apache24\htdocs\KSEBL_SSP\application\modules/template/views/public/footer.php
INFO - 2020-09-24 03:41:26 --> Final output sent to browser
DEBUG - 2020-09-24 03:41:26 --> Total execution time: 3.0131
INFO - 2020-09-24 04:09:01 --> Config Class Initialized
INFO - 2020-09-24 04:09:01 --> Hooks Class Initialized
DEBUG - 2020-09-24 04:09:01 --> UTF-8 Support Enabled
INFO - 2020-09-24 04:09:01 --> Utf8 Class Initialized
INFO - 2020-09-24 04:09:01 --> URI Class Initialized
DEBUG - 2020-09-24 04:09:01 --> No URI present. Default controller set.
INFO - 2020-09-24 04:09:01 --> Router Class Initialized
INFO - 2020-09-24 04:09:01 --> Output Class Initialized
INFO - 2020-09-24 04:09:01 --> Security Class Initialized
DEBUG - 2020-09-24 04:09:01 --> Global POST, GET and COOKIE data sanitized
INFO - 2020-09-24 04:09:01 --> Input Class Initialized
INFO - 2020-09-24 04:09:01 --> Language Class Initialized
INFO - 2020-09-24 04:09:01 --> Language Class Initialized
INFO - 2020-09-24 04:09:02 --> Config Class Initialized
INFO - 2020-09-24 04:09:02 --> Loader Class Initialized
DEBUG - 2020-09-24 04:09:02 --> Config file loaded: C:\Apache24\htdocs\KSEBL_SSP\application\config/rest.php
INFO - 2020-09-24 04:09:02 --> Helper loaded: url_helper
INFO - 2020-09-24 04:09:02 --> Helper loaded: form_helper
INFO - 2020-09-24 04:09:02 --> Helper loaded: adminurl_helper
INFO - 2020-09-24 04:09:02 --> Helper loaded: site_helper
INFO - 2020-09-24 04:09:02 --> Helper loaded: directory_helper
INFO - 2020-09-24 04:09:02 --> Helper loaded: mail_helper
INFO - 2020-09-24 04:09:02 --> Language file loaded: language/english/api_lang.php
INFO - 2020-09-24 04:09:02 --> Database Driver Class Initialized
INFO - 2020-09-24 04:09:02 --> Database Driver Class Initialized
INFO - 2020-09-24 04:09:02 --> Email Class Initialized
INFO - 2020-09-24 04:09:02 --> Session: Class initialized using 'database' driver.
INFO - 2020-09-24 04:09:02 --> Form Validation Class Initialized
INFO - 2020-09-24 04:09:02 --> Controller Class Initialized
DEBUG - 2020-09-24 04:09:02 --> Web MX_Controller Initialized
DEBUG - 2020-09-24 04:09:02 --> File loaded: C:\Apache24\htdocs\KSEBL_SSP\application\controllers/../modules/template/controllers/Template.php
DEBUG - 2020-09-24 04:09:02 --> Template MX_Controller Initialized
DEBUG - 2020-09-24 04:09:02 --> File loaded: C:\Apache24\htdocs\KSEBL_SSP\application\modules/template/views/public/header.php
DEBUG - 2020-09-24 04:09:02 --> File loaded: C:\Apache24\htdocs\KSEBL_SSP\application\modules/website/web/views/home.php
DEBUG - 2020-09-24 04:09:03 --> File loaded: C:\Apache24\htdocs\KSEBL_SSP\application\modules/template/views/public/footer.php
INFO - 2020-09-24 04:09:03 --> Final output sent to browser
DEBUG - 2020-09-24 04:09:03 --> Total execution time: 1.5771
