INFO - 2020-09-09 11:10:31 --> Config Class Initialized
INFO - 2020-09-09 11:10:31 --> Hooks Class Initialized
DEBUG - 2020-09-09 11:10:31 --> UTF-8 Support Enabled
INFO - 2020-09-09 11:10:31 --> Utf8 Class Initialized
INFO - 2020-09-09 11:10:31 --> URI Class Initialized
INFO - 2020-09-09 11:10:31 --> Router Class Initialized
INFO - 2020-09-09 11:10:31 --> Output Class Initialized
INFO - 2020-09-09 11:10:31 --> Security Class Initialized
DEBUG - 2020-09-09 11:10:31 --> Global POST, GET and COOKIE data sanitized
INFO - 2020-09-09 11:10:31 --> Input Class Initialized
INFO - 2020-09-09 11:10:31 --> Language Class Initialized
INFO - 2020-09-09 11:10:32 --> Language Class Initialized
INFO - 2020-09-09 11:10:32 --> Config Class Initialized
INFO - 2020-09-09 11:10:32 --> Loader Class Initialized
DEBUG - 2020-09-09 11:10:32 --> Config file loaded: C:\Apache24\htdocs\KSEBL_SSP\application\config/rest.php
INFO - 2020-09-09 11:10:32 --> Helper loaded: url_helper
INFO - 2020-09-09 11:10:32 --> Helper loaded: form_helper
INFO - 2020-09-09 11:10:32 --> Helper loaded: adminurl_helper
INFO - 2020-09-09 11:10:32 --> Helper loaded: site_helper
INFO - 2020-09-09 11:10:32 --> Helper loaded: directory_helper
INFO - 2020-09-09 11:10:32 --> Helper loaded: mail_helper
INFO - 2020-09-09 11:10:32 --> Language file loaded: language/english/api_lang.php
INFO - 2020-09-09 11:10:32 --> Database Driver Class Initialized
INFO - 2020-09-09 11:10:33 --> Email Class Initialized
INFO - 2020-09-09 11:10:33 --> Session: Class initialized using 'database' driver.
INFO - 2020-09-09 11:10:33 --> Form Validation Class Initialized
INFO - 2020-09-09 11:10:33 --> Controller Class Initialized
DEBUG - 2020-09-09 11:10:33 --> Home MX_Controller Initialized
DEBUG - 2020-09-09 11:10:33 --> File loaded: C:\Apache24\htdocs\KSEBL_SSP\application\modules/admin/home/views/login.php
INFO - 2020-09-09 11:10:33 --> Final output sent to browser
DEBUG - 2020-09-09 11:10:33 --> Total execution time: 2.4633
INFO - 2020-09-09 11:10:34 --> Config Class Initialized
INFO - 2020-09-09 11:10:34 --> Hooks Class Initialized
DEBUG - 2020-09-09 11:10:34 --> UTF-8 Support Enabled
INFO - 2020-09-09 11:10:34 --> Utf8 Class Initialized
INFO - 2020-09-09 11:10:34 --> URI Class Initialized
INFO - 2020-09-09 11:10:34 --> Router Class Initialized
INFO - 2020-09-09 11:10:34 --> Output Class Initialized
INFO - 2020-09-09 11:10:34 --> Security Class Initialized
DEBUG - 2020-09-09 11:10:34 --> Global POST, GET and COOKIE data sanitized
INFO - 2020-09-09 11:10:34 --> Input Class Initialized
INFO - 2020-09-09 11:10:34 --> Language Class Initialized
INFO - 2020-09-09 11:10:34 --> Language Class Initialized
INFO - 2020-09-09 11:10:34 --> Config Class Initialized
INFO - 2020-09-09 11:10:34 --> Loader Class Initialized
DEBUG - 2020-09-09 11:10:34 --> Config file loaded: C:\Apache24\htdocs\KSEBL_SSP\application\config/rest.php
INFO - 2020-09-09 11:10:34 --> Helper loaded: url_helper
INFO - 2020-09-09 11:10:34 --> Helper loaded: form_helper
INFO - 2020-09-09 11:10:34 --> Helper loaded: adminurl_helper
INFO - 2020-09-09 11:10:34 --> Helper loaded: site_helper
INFO - 2020-09-09 11:10:35 --> Helper loaded: directory_helper
INFO - 2020-09-09 11:10:35 --> Helper loaded: mail_helper
INFO - 2020-09-09 11:10:35 --> Language file loaded: language/english/api_lang.php
INFO - 2020-09-09 11:10:35 --> Database Driver Class Initialized
INFO - 2020-09-09 11:10:35 --> Email Class Initialized
INFO - 2020-09-09 11:10:35 --> Session: Class initialized using 'database' driver.
INFO - 2020-09-09 11:10:35 --> Form Validation Class Initialized
INFO - 2020-09-09 11:10:35 --> Controller Class Initialized
DEBUG - 2020-09-09 11:10:35 --> Home MX_Controller Initialized
DEBUG - 2020-09-09 11:10:35 --> File loaded: C:\Apache24\htdocs\KSEBL_SSP\application\modules/admin/home/views/login.php
INFO - 2020-09-09 11:10:35 --> Final output sent to browser
DEBUG - 2020-09-09 11:10:35 --> Total execution time: 1.2070
INFO - 2020-09-09 11:10:37 --> Config Class Initialized
INFO - 2020-09-09 11:10:37 --> Hooks Class Initialized
DEBUG - 2020-09-09 11:10:37 --> UTF-8 Support Enabled
INFO - 2020-09-09 11:10:37 --> Utf8 Class Initialized
INFO - 2020-09-09 11:10:37 --> URI Class Initialized
INFO - 2020-09-09 11:10:37 --> Router Class Initialized
INFO - 2020-09-09 11:10:37 --> Output Class Initialized
INFO - 2020-09-09 11:10:37 --> Security Class Initialized
DEBUG - 2020-09-09 11:10:37 --> Global POST, GET and COOKIE data sanitized
INFO - 2020-09-09 11:10:37 --> Input Class Initialized
INFO - 2020-09-09 11:10:37 --> Language Class Initialized
INFO - 2020-09-09 11:10:37 --> Language Class Initialized
INFO - 2020-09-09 11:10:37 --> Config Class Initialized
INFO - 2020-09-09 11:10:37 --> Loader Class Initialized
DEBUG - 2020-09-09 11:10:37 --> Config file loaded: C:\Apache24\htdocs\KSEBL_SSP\application\config/rest.php
INFO - 2020-09-09 11:10:37 --> Helper loaded: url_helper
INFO - 2020-09-09 11:10:38 --> Helper loaded: form_helper
INFO - 2020-09-09 11:10:38 --> Helper loaded: adminurl_helper
INFO - 2020-09-09 11:10:38 --> Helper loaded: site_helper
INFO - 2020-09-09 11:10:38 --> Helper loaded: directory_helper
INFO - 2020-09-09 11:10:38 --> Helper loaded: mail_helper
INFO - 2020-09-09 11:10:38 --> Language file loaded: language/english/api_lang.php
INFO - 2020-09-09 11:10:38 --> Database Driver Class Initialized
INFO - 2020-09-09 11:10:38 --> Email Class Initialized
INFO - 2020-09-09 11:10:38 --> Session: Class initialized using 'database' driver.
INFO - 2020-09-09 11:10:38 --> Form Validation Class Initialized
INFO - 2020-09-09 11:10:38 --> Controller Class Initialized
DEBUG - 2020-09-09 11:10:38 --> Home MX_Controller Initialized
DEBUG - 2020-09-09 11:10:38 --> File loaded: C:\Apache24\htdocs\KSEBL_SSP\application\modules/admin/home/views/login.php
INFO - 2020-09-09 11:10:38 --> Final output sent to browser
DEBUG - 2020-09-09 11:10:38 --> Total execution time: 1.2272
INFO - 2020-09-09 11:10:42 --> Config Class Initialized
INFO - 2020-09-09 11:10:42 --> Hooks Class Initialized
DEBUG - 2020-09-09 11:10:42 --> UTF-8 Support Enabled
INFO - 2020-09-09 11:10:42 --> Utf8 Class Initialized
INFO - 2020-09-09 11:10:42 --> URI Class Initialized
INFO - 2020-09-09 11:10:42 --> Router Class Initialized
INFO - 2020-09-09 11:10:42 --> Output Class Initialized
INFO - 2020-09-09 11:10:42 --> Security Class Initialized
DEBUG - 2020-09-09 11:10:43 --> Global POST, GET and COOKIE data sanitized
INFO - 2020-09-09 11:10:43 --> Input Class Initialized
INFO - 2020-09-09 11:10:43 --> Language Class Initialized
INFO - 2020-09-09 11:10:43 --> Language Class Initialized
INFO - 2020-09-09 11:10:43 --> Config Class Initialized
INFO - 2020-09-09 11:10:43 --> Loader Class Initialized
DEBUG - 2020-09-09 11:10:43 --> Config file loaded: C:\Apache24\htdocs\KSEBL_SSP\application\config/rest.php
INFO - 2020-09-09 11:10:43 --> Helper loaded: url_helper
INFO - 2020-09-09 11:10:43 --> Helper loaded: form_helper
INFO - 2020-09-09 11:10:43 --> Helper loaded: adminurl_helper
INFO - 2020-09-09 11:10:43 --> Helper loaded: site_helper
INFO - 2020-09-09 11:10:43 --> Helper loaded: directory_helper
INFO - 2020-09-09 11:10:43 --> Helper loaded: mail_helper
INFO - 2020-09-09 11:10:43 --> Language file loaded: language/english/api_lang.php
INFO - 2020-09-09 11:10:43 --> Database Driver Class Initialized
INFO - 2020-09-09 11:10:43 --> Email Class Initialized
INFO - 2020-09-09 11:10:43 --> Session: Class initialized using 'database' driver.
INFO - 2020-09-09 11:10:43 --> Form Validation Class Initialized
INFO - 2020-09-09 11:10:43 --> Controller Class Initialized
DEBUG - 2020-09-09 11:10:43 --> Web MX_Controller Initialized
DEBUG - 2020-09-09 11:10:43 --> File loaded: C:\Apache24\htdocs\KSEBL_SSP\application\controllers/../modules/template/controllers/Template.php
DEBUG - 2020-09-09 11:10:43 --> Template MX_Controller Initialized
DEBUG - 2020-09-09 11:10:44 --> File loaded: C:\Apache24\htdocs\KSEBL_SSP\application\modules/template/views/public/header.php
DEBUG - 2020-09-09 11:10:44 --> File loaded: C:\Apache24\htdocs\KSEBL_SSP\application\modules/website/web/views/404.php
DEBUG - 2020-09-09 11:10:44 --> File loaded: C:\Apache24\htdocs\KSEBL_SSP\application\modules/template/views/public/footer.php
INFO - 2020-09-09 11:10:44 --> Final output sent to browser
DEBUG - 2020-09-09 11:10:44 --> Total execution time: 1.4633
INFO - 2020-09-09 11:10:46 --> Config Class Initialized
INFO - 2020-09-09 11:10:47 --> Hooks Class Initialized
DEBUG - 2020-09-09 11:10:47 --> UTF-8 Support Enabled
INFO - 2020-09-09 11:10:47 --> Utf8 Class Initialized
INFO - 2020-09-09 11:10:47 --> URI Class Initialized
INFO - 2020-09-09 11:10:47 --> Router Class Initialized
INFO - 2020-09-09 11:10:47 --> Output Class Initialized
INFO - 2020-09-09 11:10:47 --> Security Class Initialized
DEBUG - 2020-09-09 11:10:47 --> Global POST, GET and COOKIE data sanitized
INFO - 2020-09-09 11:10:47 --> Input Class Initialized
INFO - 2020-09-09 11:10:47 --> Language Class Initialized
INFO - 2020-09-09 11:10:47 --> Language Class Initialized
INFO - 2020-09-09 11:10:47 --> Config Class Initialized
INFO - 2020-09-09 11:10:47 --> Loader Class Initialized
DEBUG - 2020-09-09 11:10:47 --> Config file loaded: C:\Apache24\htdocs\KSEBL_SSP\application\config/rest.php
INFO - 2020-09-09 11:10:47 --> Helper loaded: url_helper
INFO - 2020-09-09 11:10:47 --> Helper loaded: form_helper
INFO - 2020-09-09 11:10:47 --> Helper loaded: adminurl_helper
INFO - 2020-09-09 11:10:47 --> Helper loaded: site_helper
INFO - 2020-09-09 11:10:47 --> Helper loaded: directory_helper
INFO - 2020-09-09 11:10:47 --> Helper loaded: mail_helper
INFO - 2020-09-09 11:10:48 --> Language file loaded: language/english/api_lang.php
INFO - 2020-09-09 11:10:48 --> Database Driver Class Initialized
INFO - 2020-09-09 11:10:48 --> Email Class Initialized
INFO - 2020-09-09 11:10:48 --> Session: Class initialized using 'database' driver.
INFO - 2020-09-09 11:10:48 --> Form Validation Class Initialized
INFO - 2020-09-09 11:10:48 --> Controller Class Initialized
DEBUG - 2020-09-09 11:10:48 --> Home MX_Controller Initialized
INFO - 2020-09-09 11:10:48 --> Language file loaded: language/english/form_validation_lang.php
DEBUG - 2020-09-09 11:10:48 --> File loaded: C:\Apache24\htdocs\KSEBL_SSP\application\modules/admin/home/models/Login.php
ERROR - 2020-09-09 11:10:48 --> Severity: Notice --> Undefined index: district_id C:\Apache24\htdocs\KSEBL_SSP\application\modules\admin\home\controllers\Home.php 38
ERROR - 2020-09-09 11:10:48 --> Severity: Notice --> Undefined index: basin_id C:\Apache24\htdocs\KSEBL_SSP\application\modules\admin\home\controllers\Home.php 39
INFO - 2020-09-09 11:10:49 --> Config Class Initialized
INFO - 2020-09-09 11:10:49 --> Hooks Class Initialized
DEBUG - 2020-09-09 11:10:49 --> UTF-8 Support Enabled
INFO - 2020-09-09 11:10:49 --> Utf8 Class Initialized
INFO - 2020-09-09 11:10:49 --> URI Class Initialized
INFO - 2020-09-09 11:10:49 --> Router Class Initialized
INFO - 2020-09-09 11:10:49 --> Output Class Initialized
INFO - 2020-09-09 11:10:49 --> Security Class Initialized
DEBUG - 2020-09-09 11:10:49 --> Global POST, GET and COOKIE data sanitized
INFO - 2020-09-09 11:10:49 --> Input Class Initialized
INFO - 2020-09-09 11:10:49 --> Language Class Initialized
INFO - 2020-09-09 11:10:49 --> Language Class Initialized
INFO - 2020-09-09 11:10:49 --> Config Class Initialized
INFO - 2020-09-09 11:10:49 --> Loader Class Initialized
DEBUG - 2020-09-09 11:10:50 --> Config file loaded: C:\Apache24\htdocs\KSEBL_SSP\application\config/rest.php
INFO - 2020-09-09 11:10:50 --> Helper loaded: url_helper
INFO - 2020-09-09 11:10:50 --> Helper loaded: form_helper
INFO - 2020-09-09 11:10:50 --> Helper loaded: adminurl_helper
INFO - 2020-09-09 11:10:50 --> Helper loaded: site_helper
INFO - 2020-09-09 11:10:50 --> Helper loaded: directory_helper
INFO - 2020-09-09 11:10:50 --> Helper loaded: mail_helper
INFO - 2020-09-09 11:10:50 --> Language file loaded: language/english/api_lang.php
INFO - 2020-09-09 11:10:50 --> Database Driver Class Initialized
INFO - 2020-09-09 11:10:50 --> Email Class Initialized
INFO - 2020-09-09 11:10:50 --> Session: Class initialized using 'database' driver.
INFO - 2020-09-09 11:10:50 --> Form Validation Class Initialized
INFO - 2020-09-09 11:10:50 --> Controller Class Initialized
DEBUG - 2020-09-09 11:10:50 --> Dashboard MX_Controller Initialized
DEBUG - 2020-09-09 11:10:50 --> File loaded: C:\Apache24\htdocs\KSEBL_SSP\application\controllers/../modules/template/controllers/Template.php
DEBUG - 2020-09-09 11:10:50 --> Template MX_Controller Initialized
DEBUG - 2020-09-09 11:10:50 --> File loaded: C:\Apache24\htdocs\KSEBL_SSP\application\modules/admin/dashboard/models/Dashboard_model.php
ERROR - 2020-09-09 11:10:50 --> Severity: Notice --> Undefined variable: main_menulabel C:\Apache24\htdocs\KSEBL_SSP\application\modules\template\views\admin\sidebar.php 5
DEBUG - 2020-09-09 11:10:50 --> File loaded: C:\Apache24\htdocs\KSEBL_SSP\application\modules/template/views/admin/sidebar.php
ERROR - 2020-09-09 11:10:51 --> Severity: Notice --> Undefined variable: main_menulabel C:\Apache24\htdocs\KSEBL_SSP\application\modules\template\views\admin\header.php 397
DEBUG - 2020-09-09 11:10:51 --> File loaded: C:\Apache24\htdocs\KSEBL_SSP\application\modules/template/views/admin/header.php
DEBUG - 2020-09-09 11:10:51 --> File loaded: C:\Apache24\htdocs\KSEBL_SSP\application\modules/admin/dashboard/views/home.php
DEBUG - 2020-09-09 11:10:51 --> File loaded: C:\Apache24\htdocs\KSEBL_SSP\application\modules/template/views/admin/footer.php
INFO - 2020-09-09 11:10:51 --> Final output sent to browser
DEBUG - 2020-09-09 11:10:51 --> Total execution time: 1.9137
INFO - 2020-09-09 11:10:54 --> Config Class Initialized
INFO - 2020-09-09 11:10:54 --> Hooks Class Initialized
DEBUG - 2020-09-09 11:10:54 --> UTF-8 Support Enabled
INFO - 2020-09-09 11:10:54 --> Utf8 Class Initialized
INFO - 2020-09-09 11:10:54 --> URI Class Initialized
INFO - 2020-09-09 11:10:54 --> Router Class Initialized
INFO - 2020-09-09 11:10:54 --> Output Class Initialized
INFO - 2020-09-09 11:10:54 --> Security Class Initialized
DEBUG - 2020-09-09 11:10:54 --> Global POST, GET and COOKIE data sanitized
INFO - 2020-09-09 11:10:54 --> Input Class Initialized
INFO - 2020-09-09 11:10:54 --> Language Class Initialized
INFO - 2020-09-09 11:10:54 --> Language Class Initialized
INFO - 2020-09-09 11:10:54 --> Config Class Initialized
INFO - 2020-09-09 11:10:54 --> Loader Class Initialized
DEBUG - 2020-09-09 11:10:54 --> Config file loaded: C:\Apache24\htdocs\KSEBL_SSP\application\config/rest.php
INFO - 2020-09-09 11:10:54 --> Helper loaded: url_helper
INFO - 2020-09-09 11:10:54 --> Helper loaded: form_helper
INFO - 2020-09-09 11:10:54 --> Helper loaded: adminurl_helper
INFO - 2020-09-09 11:10:54 --> Helper loaded: site_helper
INFO - 2020-09-09 11:10:54 --> Helper loaded: directory_helper
INFO - 2020-09-09 11:10:54 --> Helper loaded: mail_helper
INFO - 2020-09-09 11:10:54 --> Language file loaded: language/english/api_lang.php
INFO - 2020-09-09 11:10:54 --> Database Driver Class Initialized
INFO - 2020-09-09 11:10:55 --> Email Class Initialized
INFO - 2020-09-09 11:10:55 --> Session: Class initialized using 'database' driver.
INFO - 2020-09-09 11:10:55 --> Form Validation Class Initialized
INFO - 2020-09-09 11:10:55 --> Controller Class Initialized
DEBUG - 2020-09-09 11:10:55 --> Web MX_Controller Initialized
DEBUG - 2020-09-09 11:10:55 --> File loaded: C:\Apache24\htdocs\KSEBL_SSP\application\controllers/../modules/template/controllers/Template.php
DEBUG - 2020-09-09 11:10:55 --> Template MX_Controller Initialized
DEBUG - 2020-09-09 11:10:55 --> File loaded: C:\Apache24\htdocs\KSEBL_SSP\application\modules/template/views/public/header.php
DEBUG - 2020-09-09 11:10:55 --> File loaded: C:\Apache24\htdocs\KSEBL_SSP\application\modules/website/web/views/404.php
DEBUG - 2020-09-09 11:10:55 --> File loaded: C:\Apache24\htdocs\KSEBL_SSP\application\modules/template/views/public/footer.php
INFO - 2020-09-09 11:10:55 --> Final output sent to browser
DEBUG - 2020-09-09 11:10:55 --> Total execution time: 1.4635
INFO - 2020-09-09 11:11:02 --> Config Class Initialized
INFO - 2020-09-09 11:11:02 --> Hooks Class Initialized
DEBUG - 2020-09-09 11:11:02 --> UTF-8 Support Enabled
INFO - 2020-09-09 11:11:02 --> Utf8 Class Initialized
INFO - 2020-09-09 11:11:02 --> URI Class Initialized
INFO - 2020-09-09 11:11:02 --> Router Class Initialized
INFO - 2020-09-09 11:11:02 --> Output Class Initialized
INFO - 2020-09-09 11:11:02 --> Security Class Initialized
DEBUG - 2020-09-09 11:11:02 --> Global POST, GET and COOKIE data sanitized
INFO - 2020-09-09 11:11:02 --> Input Class Initialized
INFO - 2020-09-09 11:11:02 --> Language Class Initialized
INFO - 2020-09-09 11:11:02 --> Language Class Initialized
INFO - 2020-09-09 11:11:02 --> Config Class Initialized
INFO - 2020-09-09 11:11:02 --> Loader Class Initialized
DEBUG - 2020-09-09 11:11:02 --> Config file loaded: C:\Apache24\htdocs\KSEBL_SSP\application\config/rest.php
INFO - 2020-09-09 11:11:02 --> Helper loaded: url_helper
INFO - 2020-09-09 11:11:02 --> Helper loaded: form_helper
INFO - 2020-09-09 11:11:02 --> Helper loaded: adminurl_helper
INFO - 2020-09-09 11:11:03 --> Helper loaded: site_helper
INFO - 2020-09-09 11:11:03 --> Helper loaded: directory_helper
INFO - 2020-09-09 11:11:03 --> Helper loaded: mail_helper
INFO - 2020-09-09 11:11:03 --> Language file loaded: language/english/api_lang.php
INFO - 2020-09-09 11:11:03 --> Database Driver Class Initialized
INFO - 2020-09-09 11:11:03 --> Email Class Initialized
INFO - 2020-09-09 11:11:03 --> Session: Class initialized using 'database' driver.
INFO - 2020-09-09 11:11:03 --> Form Validation Class Initialized
INFO - 2020-09-09 11:11:03 --> Controller Class Initialized
DEBUG - 2020-09-09 11:11:03 --> Dashboard MX_Controller Initialized
DEBUG - 2020-09-09 11:11:03 --> File loaded: C:\Apache24\htdocs\KSEBL_SSP\application\controllers/../modules/template/controllers/Template.php
DEBUG - 2020-09-09 11:11:03 --> Template MX_Controller Initialized
DEBUG - 2020-09-09 11:11:03 --> File loaded: C:\Apache24\htdocs\KSEBL_SSP\application\modules/admin/dashboard/models/Dashboard_model.php
ERROR - 2020-09-09 11:11:03 --> Severity: Notice --> Undefined variable: main_menulabel C:\Apache24\htdocs\KSEBL_SSP\application\modules\template\views\admin\sidebar.php 5
DEBUG - 2020-09-09 11:11:03 --> File loaded: C:\Apache24\htdocs\KSEBL_SSP\application\modules/template/views/admin/sidebar.php
ERROR - 2020-09-09 11:11:03 --> Severity: Notice --> Undefined variable: main_menulabel C:\Apache24\htdocs\KSEBL_SSP\application\modules\template\views\admin\header.php 397
DEBUG - 2020-09-09 11:11:03 --> File loaded: C:\Apache24\htdocs\KSEBL_SSP\application\modules/template/views/admin/header.php
DEBUG - 2020-09-09 11:11:03 --> File loaded: C:\Apache24\htdocs\KSEBL_SSP\application\modules/admin/dashboard/views/home.php
DEBUG - 2020-09-09 11:11:03 --> File loaded: C:\Apache24\htdocs\KSEBL_SSP\application\modules/template/views/admin/footer.php
INFO - 2020-09-09 11:11:03 --> Final output sent to browser
DEBUG - 2020-09-09 11:11:03 --> Total execution time: 1.6576
INFO - 2020-09-09 11:11:04 --> Config Class Initialized
INFO - 2020-09-09 11:11:04 --> Hooks Class Initialized
DEBUG - 2020-09-09 11:11:04 --> UTF-8 Support Enabled
INFO - 2020-09-09 11:11:04 --> Utf8 Class Initialized
INFO - 2020-09-09 11:11:04 --> URI Class Initialized
INFO - 2020-09-09 11:11:04 --> Router Class Initialized
INFO - 2020-09-09 11:11:04 --> Output Class Initialized
INFO - 2020-09-09 11:11:04 --> Security Class Initialized
DEBUG - 2020-09-09 11:11:04 --> Global POST, GET and COOKIE data sanitized
INFO - 2020-09-09 11:11:04 --> Input Class Initialized
INFO - 2020-09-09 11:11:04 --> Language Class Initialized
INFO - 2020-09-09 11:11:05 --> Language Class Initialized
INFO - 2020-09-09 11:11:05 --> Config Class Initialized
INFO - 2020-09-09 11:11:05 --> Loader Class Initialized
DEBUG - 2020-09-09 11:11:05 --> Config file loaded: C:\Apache24\htdocs\KSEBL_SSP\application\config/rest.php
INFO - 2020-09-09 11:11:05 --> Helper loaded: url_helper
INFO - 2020-09-09 11:11:05 --> Helper loaded: form_helper
INFO - 2020-09-09 11:11:05 --> Helper loaded: adminurl_helper
INFO - 2020-09-09 11:11:05 --> Helper loaded: site_helper
INFO - 2020-09-09 11:11:05 --> Helper loaded: directory_helper
INFO - 2020-09-09 11:11:05 --> Helper loaded: mail_helper
INFO - 2020-09-09 11:11:05 --> Language file loaded: language/english/api_lang.php
INFO - 2020-09-09 11:11:05 --> Database Driver Class Initialized
INFO - 2020-09-09 11:11:05 --> Email Class Initialized
INFO - 2020-09-09 11:11:05 --> Session: Class initialized using 'database' driver.
INFO - 2020-09-09 11:11:05 --> Form Validation Class Initialized
INFO - 2020-09-09 11:11:05 --> Controller Class Initialized
DEBUG - 2020-09-09 11:11:05 --> Web MX_Controller Initialized
DEBUG - 2020-09-09 11:11:05 --> File loaded: C:\Apache24\htdocs\KSEBL_SSP\application\controllers/../modules/template/controllers/Template.php
DEBUG - 2020-09-09 11:11:05 --> Template MX_Controller Initialized
DEBUG - 2020-09-09 11:11:05 --> File loaded: C:\Apache24\htdocs\KSEBL_SSP\application\modules/template/views/public/header.php
DEBUG - 2020-09-09 11:11:05 --> File loaded: C:\Apache24\htdocs\KSEBL_SSP\application\modules/website/web/views/404.php
DEBUG - 2020-09-09 11:11:05 --> File loaded: C:\Apache24\htdocs\KSEBL_SSP\application\modules/template/views/public/footer.php
INFO - 2020-09-09 11:11:05 --> Final output sent to browser
DEBUG - 2020-09-09 11:11:05 --> Total execution time: 1.4006
INFO - 2020-09-09 11:11:43 --> Config Class Initialized
INFO - 2020-09-09 11:11:43 --> Hooks Class Initialized
DEBUG - 2020-09-09 11:11:43 --> UTF-8 Support Enabled
INFO - 2020-09-09 11:11:43 --> Utf8 Class Initialized
INFO - 2020-09-09 11:11:43 --> URI Class Initialized
INFO - 2020-09-09 11:11:43 --> Router Class Initialized
INFO - 2020-09-09 11:11:43 --> Output Class Initialized
INFO - 2020-09-09 11:11:43 --> Security Class Initialized
DEBUG - 2020-09-09 11:11:43 --> Global POST, GET and COOKIE data sanitized
INFO - 2020-09-09 11:11:43 --> Input Class Initialized
INFO - 2020-09-09 11:11:43 --> Language Class Initialized
INFO - 2020-09-09 11:11:43 --> Language Class Initialized
INFO - 2020-09-09 11:11:43 --> Config Class Initialized
INFO - 2020-09-09 11:11:43 --> Loader Class Initialized
DEBUG - 2020-09-09 11:11:43 --> Config file loaded: C:\Apache24\htdocs\KSEBL_SSP\application\config/rest.php
INFO - 2020-09-09 11:11:43 --> Helper loaded: url_helper
INFO - 2020-09-09 11:11:43 --> Helper loaded: form_helper
INFO - 2020-09-09 11:11:43 --> Helper loaded: adminurl_helper
INFO - 2020-09-09 11:11:43 --> Helper loaded: site_helper
INFO - 2020-09-09 11:11:43 --> Helper loaded: directory_helper
INFO - 2020-09-09 11:11:43 --> Helper loaded: mail_helper
INFO - 2020-09-09 11:11:44 --> Language file loaded: language/english/api_lang.php
INFO - 2020-09-09 11:11:44 --> Database Driver Class Initialized
INFO - 2020-09-09 11:11:44 --> Email Class Initialized
INFO - 2020-09-09 11:11:44 --> Session: Class initialized using 'database' driver.
INFO - 2020-09-09 11:11:44 --> Form Validation Class Initialized
INFO - 2020-09-09 11:11:44 --> Controller Class Initialized
DEBUG - 2020-09-09 11:11:44 --> Template MX_Controller Initialized
ERROR - 2020-09-09 11:11:44 --> Severity: Notice --> Undefined variable: main_menulabel C:\Apache24\htdocs\KSEBL_SSP\application\modules\template\views\admin\sidebar.php 5
ERROR - 2020-09-09 11:11:44 --> Severity: Notice --> Undefined variable: page C:\Apache24\htdocs\KSEBL_SSP\application\modules\template\views\admin\sidebar.php 5
DEBUG - 2020-09-09 11:11:44 --> File loaded: C:\Apache24\htdocs\KSEBL_SSP\application\modules/template/views/admin/sidebar.php
ERROR - 2020-09-09 11:11:44 --> Severity: Notice --> Undefined variable: title C:\Apache24\htdocs\KSEBL_SSP\application\modules\template\views\admin\header.php 5
ERROR - 2020-09-09 11:11:44 --> Severity: Notice --> Undefined variable: main_menulabel C:\Apache24\htdocs\KSEBL_SSP\application\modules\template\views\admin\header.php 397
ERROR - 2020-09-09 11:11:44 --> Severity: Notice --> Undefined variable: page C:\Apache24\htdocs\KSEBL_SSP\application\modules\template\views\admin\header.php 397
DEBUG - 2020-09-09 11:11:44 --> File loaded: C:\Apache24\htdocs\KSEBL_SSP\application\modules/template/views/admin/header.php
INFO - 2020-09-09 11:11:47 --> Config Class Initialized
INFO - 2020-09-09 11:11:47 --> Hooks Class Initialized
DEBUG - 2020-09-09 11:11:47 --> UTF-8 Support Enabled
INFO - 2020-09-09 11:11:47 --> Utf8 Class Initialized
INFO - 2020-09-09 11:11:47 --> URI Class Initialized
INFO - 2020-09-09 11:11:47 --> Router Class Initialized
INFO - 2020-09-09 11:11:47 --> Output Class Initialized
INFO - 2020-09-09 11:11:47 --> Security Class Initialized
DEBUG - 2020-09-09 11:11:47 --> Global POST, GET and COOKIE data sanitized
INFO - 2020-09-09 11:11:47 --> Input Class Initialized
INFO - 2020-09-09 11:11:47 --> Language Class Initialized
INFO - 2020-09-09 11:11:47 --> Language Class Initialized
INFO - 2020-09-09 11:11:47 --> Config Class Initialized
INFO - 2020-09-09 11:11:47 --> Loader Class Initialized
DEBUG - 2020-09-09 11:11:47 --> Config file loaded: C:\Apache24\htdocs\KSEBL_SSP\application\config/rest.php
INFO - 2020-09-09 11:11:47 --> Helper loaded: url_helper
INFO - 2020-09-09 11:11:47 --> Helper loaded: form_helper
INFO - 2020-09-09 11:11:47 --> Helper loaded: adminurl_helper
INFO - 2020-09-09 11:11:48 --> Helper loaded: site_helper
INFO - 2020-09-09 11:11:48 --> Helper loaded: directory_helper
INFO - 2020-09-09 11:11:48 --> Helper loaded: mail_helper
INFO - 2020-09-09 11:11:48 --> Language file loaded: language/english/api_lang.php
INFO - 2020-09-09 11:11:48 --> Database Driver Class Initialized
INFO - 2020-09-09 11:11:48 --> Email Class Initialized
INFO - 2020-09-09 11:11:48 --> Session: Class initialized using 'database' driver.
INFO - 2020-09-09 11:11:48 --> Form Validation Class Initialized
INFO - 2020-09-09 11:11:48 --> Controller Class Initialized
DEBUG - 2020-09-09 11:11:48 --> Dashboard MX_Controller Initialized
DEBUG - 2020-09-09 11:11:48 --> File loaded: C:\Apache24\htdocs\KSEBL_SSP\application\controllers/../modules/template/controllers/Template.php
DEBUG - 2020-09-09 11:11:48 --> Template MX_Controller Initialized
DEBUG - 2020-09-09 11:11:48 --> File loaded: C:\Apache24\htdocs\KSEBL_SSP\application\modules/admin/dashboard/models/Dashboard_model.php
ERROR - 2020-09-09 11:11:48 --> Severity: Notice --> Undefined variable: main_menulabel C:\Apache24\htdocs\KSEBL_SSP\application\modules\template\views\admin\sidebar.php 5
DEBUG - 2020-09-09 11:11:48 --> File loaded: C:\Apache24\htdocs\KSEBL_SSP\application\modules/template/views/admin/sidebar.php
ERROR - 2020-09-09 11:11:48 --> Severity: Notice --> Undefined variable: main_menulabel C:\Apache24\htdocs\KSEBL_SSP\application\modules\template\views\admin\header.php 397
DEBUG - 2020-09-09 11:11:48 --> File loaded: C:\Apache24\htdocs\KSEBL_SSP\application\modules/template/views/admin/header.php
DEBUG - 2020-09-09 11:11:48 --> File loaded: C:\Apache24\htdocs\KSEBL_SSP\application\modules/admin/dashboard/views/home.php
DEBUG - 2020-09-09 11:11:48 --> File loaded: C:\Apache24\htdocs\KSEBL_SSP\application\modules/template/views/admin/footer.php
INFO - 2020-09-09 11:11:48 --> Final output sent to browser
DEBUG - 2020-09-09 11:11:48 --> Total execution time: 1.5404
INFO - 2020-09-09 11:11:49 --> Config Class Initialized
INFO - 2020-09-09 11:11:49 --> Hooks Class Initialized
DEBUG - 2020-09-09 11:11:49 --> UTF-8 Support Enabled
INFO - 2020-09-09 11:11:49 --> Utf8 Class Initialized
INFO - 2020-09-09 11:11:49 --> URI Class Initialized
INFO - 2020-09-09 11:11:49 --> Config Class Initialized
INFO - 2020-09-09 11:11:49 --> Router Class Initialized
INFO - 2020-09-09 11:11:49 --> Hooks Class Initialized
INFO - 2020-09-09 11:11:49 --> Output Class Initialized
INFO - 2020-09-09 11:11:49 --> Security Class Initialized
DEBUG - 2020-09-09 11:11:49 --> UTF-8 Support Enabled
INFO - 2020-09-09 11:11:49 --> Utf8 Class Initialized
DEBUG - 2020-09-09 11:11:49 --> Global POST, GET and COOKIE data sanitized
INFO - 2020-09-09 11:11:49 --> URI Class Initialized
INFO - 2020-09-09 11:11:49 --> Input Class Initialized
INFO - 2020-09-09 11:11:49 --> Language Class Initialized
INFO - 2020-09-09 11:11:49 --> Router Class Initialized
INFO - 2020-09-09 11:11:49 --> Language Class Initialized
INFO - 2020-09-09 11:11:49 --> Output Class Initialized
INFO - 2020-09-09 11:11:49 --> Config Class Initialized
INFO - 2020-09-09 11:11:49 --> Security Class Initialized
INFO - 2020-09-09 11:11:49 --> Loader Class Initialized
DEBUG - 2020-09-09 11:11:49 --> Global POST, GET and COOKIE data sanitized
INFO - 2020-09-09 11:11:49 --> Input Class Initialized
DEBUG - 2020-09-09 11:11:49 --> Config file loaded: C:\Apache24\htdocs\KSEBL_SSP\application\config/rest.php
INFO - 2020-09-09 11:11:49 --> Helper loaded: url_helper
INFO - 2020-09-09 11:11:49 --> Language Class Initialized
INFO - 2020-09-09 11:11:49 --> Helper loaded: form_helper
INFO - 2020-09-09 11:11:49 --> Language Class Initialized
INFO - 2020-09-09 11:11:49 --> Helper loaded: adminurl_helper
INFO - 2020-09-09 11:11:49 --> Config Class Initialized
INFO - 2020-09-09 11:11:49 --> Helper loaded: site_helper
INFO - 2020-09-09 11:11:49 --> Loader Class Initialized
INFO - 2020-09-09 11:11:49 --> Helper loaded: directory_helper
DEBUG - 2020-09-09 11:11:49 --> Config file loaded: C:\Apache24\htdocs\KSEBL_SSP\application\config/rest.php
INFO - 2020-09-09 11:11:49 --> Helper loaded: url_helper
INFO - 2020-09-09 11:11:49 --> Helper loaded: mail_helper
INFO - 2020-09-09 11:11:50 --> Helper loaded: form_helper
INFO - 2020-09-09 11:11:50 --> Language file loaded: language/english/api_lang.php
INFO - 2020-09-09 11:11:50 --> Helper loaded: adminurl_helper
INFO - 2020-09-09 11:11:50 --> Database Driver Class Initialized
INFO - 2020-09-09 11:11:50 --> Helper loaded: site_helper
INFO - 2020-09-09 11:11:50 --> Email Class Initialized
INFO - 2020-09-09 11:11:50 --> Helper loaded: directory_helper
INFO - 2020-09-09 11:11:50 --> Session: Class initialized using 'database' driver.
INFO - 2020-09-09 11:11:50 --> Helper loaded: mail_helper
INFO - 2020-09-09 11:11:50 --> Form Validation Class Initialized
INFO - 2020-09-09 11:11:50 --> Controller Class Initialized
INFO - 2020-09-09 11:11:50 --> Language file loaded: language/english/api_lang.php
DEBUG - 2020-09-09 11:11:50 --> Home MX_Controller Initialized
INFO - 2020-09-09 11:11:50 --> Database Driver Class Initialized
INFO - 2020-09-09 11:11:50 --> Email Class Initialized
INFO - 2020-09-09 11:11:50 --> Session: Class initialized using 'database' driver.
INFO - 2020-09-09 11:11:50 --> Form Validation Class Initialized
INFO - 2020-09-09 11:11:50 --> Controller Class Initialized
DEBUG - 2020-09-09 11:11:50 --> Web MX_Controller Initialized
DEBUG - 2020-09-09 11:11:50 --> File loaded: C:\Apache24\htdocs\KSEBL_SSP\application\controllers/../modules/template/controllers/Template.php
DEBUG - 2020-09-09 11:11:50 --> Template MX_Controller Initialized
DEBUG - 2020-09-09 11:11:50 --> File loaded: C:\Apache24\htdocs\KSEBL_SSP\application\modules/template/views/public/header.php
DEBUG - 2020-09-09 11:11:50 --> File loaded: C:\Apache24\htdocs\KSEBL_SSP\application\modules/website/web/views/404.php
DEBUG - 2020-09-09 11:11:50 --> File loaded: C:\Apache24\htdocs\KSEBL_SSP\application\modules/template/views/public/footer.php
INFO - 2020-09-09 11:11:50 --> Config Class Initialized
INFO - 2020-09-09 11:11:50 --> Final output sent to browser
INFO - 2020-09-09 11:11:50 --> Hooks Class Initialized
DEBUG - 2020-09-09 11:11:50 --> Total execution time: 1.4430
DEBUG - 2020-09-09 11:11:50 --> UTF-8 Support Enabled
INFO - 2020-09-09 11:11:50 --> Utf8 Class Initialized
INFO - 2020-09-09 11:11:50 --> URI Class Initialized
INFO - 2020-09-09 11:11:50 --> Router Class Initialized
INFO - 2020-09-09 11:11:50 --> Output Class Initialized
INFO - 2020-09-09 11:11:51 --> Security Class Initialized
DEBUG - 2020-09-09 11:11:51 --> Global POST, GET and COOKIE data sanitized
INFO - 2020-09-09 11:11:51 --> Input Class Initialized
INFO - 2020-09-09 11:11:51 --> Language Class Initialized
INFO - 2020-09-09 11:11:51 --> Language Class Initialized
INFO - 2020-09-09 11:11:51 --> Config Class Initialized
INFO - 2020-09-09 11:11:51 --> Loader Class Initialized
DEBUG - 2020-09-09 11:11:51 --> Config file loaded: C:\Apache24\htdocs\KSEBL_SSP\application\config/rest.php
INFO - 2020-09-09 11:11:51 --> Helper loaded: url_helper
INFO - 2020-09-09 11:11:51 --> Helper loaded: form_helper
INFO - 2020-09-09 11:11:51 --> Helper loaded: adminurl_helper
INFO - 2020-09-09 11:11:51 --> Helper loaded: site_helper
INFO - 2020-09-09 11:11:51 --> Helper loaded: directory_helper
INFO - 2020-09-09 11:11:51 --> Helper loaded: mail_helper
INFO - 2020-09-09 11:11:51 --> Language file loaded: language/english/api_lang.php
INFO - 2020-09-09 11:11:51 --> Database Driver Class Initialized
INFO - 2020-09-09 11:11:51 --> Email Class Initialized
INFO - 2020-09-09 11:11:51 --> Session: Class initialized using 'database' driver.
INFO - 2020-09-09 11:11:51 --> Form Validation Class Initialized
INFO - 2020-09-09 11:11:51 --> Controller Class Initialized
DEBUG - 2020-09-09 11:11:51 --> Dashboard MX_Controller Initialized
DEBUG - 2020-09-09 11:11:51 --> File loaded: C:\Apache24\htdocs\KSEBL_SSP\application\controllers/../modules/template/controllers/Template.php
DEBUG - 2020-09-09 11:11:51 --> Template MX_Controller Initialized
DEBUG - 2020-09-09 11:11:51 --> File loaded: C:\Apache24\htdocs\KSEBL_SSP\application\modules/admin/dashboard/models/Dashboard_model.php
ERROR - 2020-09-09 11:11:52 --> Severity: Notice --> Undefined variable: main_menulabel C:\Apache24\htdocs\KSEBL_SSP\application\modules\template\views\admin\sidebar.php 5
DEBUG - 2020-09-09 11:11:52 --> File loaded: C:\Apache24\htdocs\KSEBL_SSP\application\modules/template/views/admin/sidebar.php
ERROR - 2020-09-09 11:11:52 --> Severity: Notice --> Undefined variable: main_menulabel C:\Apache24\htdocs\KSEBL_SSP\application\modules\template\views\admin\header.php 397
DEBUG - 2020-09-09 11:11:52 --> File loaded: C:\Apache24\htdocs\KSEBL_SSP\application\modules/template/views/admin/header.php
DEBUG - 2020-09-09 11:11:52 --> File loaded: C:\Apache24\htdocs\KSEBL_SSP\application\modules/admin/dashboard/views/home.php
DEBUG - 2020-09-09 11:11:52 --> File loaded: C:\Apache24\htdocs\KSEBL_SSP\application\modules/template/views/admin/footer.php
INFO - 2020-09-09 11:11:52 --> Final output sent to browser
DEBUG - 2020-09-09 11:11:52 --> Total execution time: 1.5173
INFO - 2020-09-09 11:11:52 --> Config Class Initialized
INFO - 2020-09-09 11:11:52 --> Hooks Class Initialized
DEBUG - 2020-09-09 11:11:52 --> UTF-8 Support Enabled
INFO - 2020-09-09 11:11:52 --> Utf8 Class Initialized
INFO - 2020-09-09 11:11:52 --> URI Class Initialized
INFO - 2020-09-09 11:11:52 --> Router Class Initialized
INFO - 2020-09-09 11:11:52 --> Output Class Initialized
INFO - 2020-09-09 11:11:53 --> Security Class Initialized
DEBUG - 2020-09-09 11:11:53 --> Global POST, GET and COOKIE data sanitized
INFO - 2020-09-09 11:11:53 --> Input Class Initialized
INFO - 2020-09-09 11:11:53 --> Language Class Initialized
INFO - 2020-09-09 11:11:53 --> Language Class Initialized
INFO - 2020-09-09 11:11:53 --> Config Class Initialized
INFO - 2020-09-09 11:11:53 --> Loader Class Initialized
DEBUG - 2020-09-09 11:11:53 --> Config file loaded: C:\Apache24\htdocs\KSEBL_SSP\application\config/rest.php
INFO - 2020-09-09 11:11:53 --> Helper loaded: url_helper
INFO - 2020-09-09 11:11:53 --> Helper loaded: form_helper
INFO - 2020-09-09 11:11:53 --> Helper loaded: adminurl_helper
INFO - 2020-09-09 11:11:53 --> Helper loaded: site_helper
INFO - 2020-09-09 11:11:53 --> Helper loaded: directory_helper
INFO - 2020-09-09 11:11:53 --> Helper loaded: mail_helper
INFO - 2020-09-09 11:11:53 --> Language file loaded: language/english/api_lang.php
INFO - 2020-09-09 11:11:53 --> Database Driver Class Initialized
INFO - 2020-09-09 11:11:53 --> Email Class Initialized
INFO - 2020-09-09 11:11:53 --> Session: Class initialized using 'database' driver.
INFO - 2020-09-09 11:11:53 --> Form Validation Class Initialized
INFO - 2020-09-09 11:11:53 --> Controller Class Initialized
DEBUG - 2020-09-09 11:11:53 --> Web MX_Controller Initialized
DEBUG - 2020-09-09 11:11:53 --> File loaded: C:\Apache24\htdocs\KSEBL_SSP\application\controllers/../modules/template/controllers/Template.php
DEBUG - 2020-09-09 11:11:53 --> Template MX_Controller Initialized
DEBUG - 2020-09-09 11:11:53 --> File loaded: C:\Apache24\htdocs\KSEBL_SSP\application\modules/template/views/public/header.php
DEBUG - 2020-09-09 11:11:54 --> File loaded: C:\Apache24\htdocs\KSEBL_SSP\application\modules/website/web/views/404.php
DEBUG - 2020-09-09 11:11:54 --> File loaded: C:\Apache24\htdocs\KSEBL_SSP\application\modules/template/views/public/footer.php
INFO - 2020-09-09 11:11:54 --> Final output sent to browser
DEBUG - 2020-09-09 11:11:54 --> Total execution time: 1.3821
INFO - 2020-09-09 11:12:07 --> Config Class Initialized
INFO - 2020-09-09 11:12:07 --> Hooks Class Initialized
DEBUG - 2020-09-09 11:12:07 --> UTF-8 Support Enabled
INFO - 2020-09-09 11:12:07 --> Utf8 Class Initialized
INFO - 2020-09-09 11:12:07 --> URI Class Initialized
INFO - 2020-09-09 11:12:07 --> Router Class Initialized
INFO - 2020-09-09 11:12:07 --> Output Class Initialized
INFO - 2020-09-09 11:12:07 --> Security Class Initialized
DEBUG - 2020-09-09 11:12:07 --> Global POST, GET and COOKIE data sanitized
INFO - 2020-09-09 11:12:07 --> Input Class Initialized
INFO - 2020-09-09 11:12:07 --> Language Class Initialized
INFO - 2020-09-09 11:12:07 --> Language Class Initialized
INFO - 2020-09-09 11:12:07 --> Config Class Initialized
INFO - 2020-09-09 11:12:08 --> Loader Class Initialized
DEBUG - 2020-09-09 11:12:08 --> Config file loaded: C:\Apache24\htdocs\KSEBL_SSP\application\config/rest.php
INFO - 2020-09-09 11:12:08 --> Helper loaded: url_helper
INFO - 2020-09-09 11:12:08 --> Helper loaded: form_helper
INFO - 2020-09-09 11:12:08 --> Helper loaded: adminurl_helper
INFO - 2020-09-09 11:12:08 --> Helper loaded: site_helper
INFO - 2020-09-09 11:12:08 --> Helper loaded: directory_helper
INFO - 2020-09-09 11:12:08 --> Helper loaded: mail_helper
INFO - 2020-09-09 11:12:08 --> Language file loaded: language/english/api_lang.php
INFO - 2020-09-09 11:12:08 --> Database Driver Class Initialized
INFO - 2020-09-09 11:12:08 --> Email Class Initialized
INFO - 2020-09-09 11:12:08 --> Session: Class initialized using 'database' driver.
INFO - 2020-09-09 11:12:08 --> Form Validation Class Initialized
INFO - 2020-09-09 11:12:08 --> Controller Class Initialized
DEBUG - 2020-09-09 11:12:08 --> Quotations MX_Controller Initialized
DEBUG - 2020-09-09 11:12:08 --> File loaded: C:\Apache24\htdocs\KSEBL_SSP\application\controllers/../modules/template/controllers/Template.php
DEBUG - 2020-09-09 11:12:08 --> Template MX_Controller Initialized
ERROR - 2020-09-09 11:12:08 --> Severity: Notice --> Undefined variable: main_menulabel C:\Apache24\htdocs\KSEBL_SSP\application\modules\template\views\admin\sidebar.php 5
DEBUG - 2020-09-09 11:12:08 --> File loaded: C:\Apache24\htdocs\KSEBL_SSP\application\modules/template/views/admin/sidebar.php
ERROR - 2020-09-09 11:12:08 --> Severity: Notice --> Undefined variable: main_menulabel C:\Apache24\htdocs\KSEBL_SSP\application\modules\template\views\admin\header.php 397
DEBUG - 2020-09-09 11:12:08 --> File loaded: C:\Apache24\htdocs\KSEBL_SSP\application\modules/template/views/admin/header.php
DEBUG - 2020-09-09 11:12:09 --> File loaded: C:\Apache24\htdocs\KSEBL_SSP\application\modules/template/views/admin/dataTable.php
DEBUG - 2020-09-09 11:12:09 --> File loaded: C:\Apache24\htdocs\KSEBL_SSP\application\modules/admin/quotations/views/manage_quotations.php
DEBUG - 2020-09-09 11:12:09 --> File loaded: C:\Apache24\htdocs\KSEBL_SSP\application\modules/template/views/admin/footer.php
INFO - 2020-09-09 11:12:09 --> Final output sent to browser
DEBUG - 2020-09-09 11:12:09 --> Total execution time: 1.7368
INFO - 2020-09-09 11:12:12 --> Config Class Initialized
INFO - 2020-09-09 11:12:12 --> Hooks Class Initialized
DEBUG - 2020-09-09 11:12:12 --> UTF-8 Support Enabled
INFO - 2020-09-09 11:12:12 --> Utf8 Class Initialized
INFO - 2020-09-09 11:12:12 --> URI Class Initialized
INFO - 2020-09-09 11:12:12 --> Router Class Initialized
INFO - 2020-09-09 11:12:12 --> Output Class Initialized
INFO - 2020-09-09 11:12:12 --> Security Class Initialized
DEBUG - 2020-09-09 11:12:12 --> Global POST, GET and COOKIE data sanitized
INFO - 2020-09-09 11:12:12 --> Input Class Initialized
INFO - 2020-09-09 11:12:12 --> Language Class Initialized
INFO - 2020-09-09 11:12:12 --> Language Class Initialized
INFO - 2020-09-09 11:12:12 --> Config Class Initialized
INFO - 2020-09-09 11:12:12 --> Loader Class Initialized
DEBUG - 2020-09-09 11:12:12 --> Config file loaded: C:\Apache24\htdocs\KSEBL_SSP\application\config/rest.php
INFO - 2020-09-09 11:12:12 --> Helper loaded: url_helper
INFO - 2020-09-09 11:12:12 --> Helper loaded: form_helper
INFO - 2020-09-09 11:12:12 --> Helper loaded: adminurl_helper
INFO - 2020-09-09 11:12:12 --> Helper loaded: site_helper
INFO - 2020-09-09 11:12:13 --> Helper loaded: directory_helper
INFO - 2020-09-09 11:12:13 --> Helper loaded: mail_helper
INFO - 2020-09-09 11:12:13 --> Language file loaded: language/english/api_lang.php
INFO - 2020-09-09 11:12:13 --> Database Driver Class Initialized
INFO - 2020-09-09 11:12:13 --> Email Class Initialized
INFO - 2020-09-09 11:12:13 --> Session: Class initialized using 'database' driver.
INFO - 2020-09-09 11:12:13 --> Form Validation Class Initialized
INFO - 2020-09-09 11:12:13 --> Controller Class Initialized
DEBUG - 2020-09-09 11:12:13 --> Web MX_Controller Initialized
DEBUG - 2020-09-09 11:12:13 --> File loaded: C:\Apache24\htdocs\KSEBL_SSP\application\controllers/../modules/template/controllers/Template.php
DEBUG - 2020-09-09 11:12:13 --> Template MX_Controller Initialized
DEBUG - 2020-09-09 11:12:13 --> File loaded: C:\Apache24\htdocs\KSEBL_SSP\application\modules/template/views/public/header.php
DEBUG - 2020-09-09 11:12:13 --> File loaded: C:\Apache24\htdocs\KSEBL_SSP\application\modules/website/web/views/404.php
DEBUG - 2020-09-09 11:12:13 --> File loaded: C:\Apache24\htdocs\KSEBL_SSP\application\modules/template/views/public/footer.php
INFO - 2020-09-09 11:12:13 --> Final output sent to browser
DEBUG - 2020-09-09 11:12:13 --> Total execution time: 1.4059
INFO - 2020-09-09 11:12:40 --> Config Class Initialized
INFO - 2020-09-09 11:12:40 --> Hooks Class Initialized
DEBUG - 2020-09-09 11:12:40 --> UTF-8 Support Enabled
INFO - 2020-09-09 11:12:40 --> Utf8 Class Initialized
INFO - 2020-09-09 11:12:40 --> URI Class Initialized
INFO - 2020-09-09 11:12:40 --> Router Class Initialized
INFO - 2020-09-09 11:12:40 --> Output Class Initialized
INFO - 2020-09-09 11:12:40 --> Security Class Initialized
DEBUG - 2020-09-09 11:12:40 --> Global POST, GET and COOKIE data sanitized
INFO - 2020-09-09 11:12:40 --> Input Class Initialized
INFO - 2020-09-09 11:12:40 --> Language Class Initialized
INFO - 2020-09-09 11:12:40 --> Language Class Initialized
INFO - 2020-09-09 11:12:40 --> Config Class Initialized
INFO - 2020-09-09 11:12:40 --> Loader Class Initialized
DEBUG - 2020-09-09 11:12:40 --> Config file loaded: C:\Apache24\htdocs\KSEBL_SSP\application\config/rest.php
INFO - 2020-09-09 11:12:40 --> Config Class Initialized
INFO - 2020-09-09 11:12:40 --> Helper loaded: url_helper
INFO - 2020-09-09 11:12:40 --> Hooks Class Initialized
INFO - 2020-09-09 11:12:40 --> Helper loaded: form_helper
DEBUG - 2020-09-09 11:12:40 --> UTF-8 Support Enabled
INFO - 2020-09-09 11:12:40 --> Helper loaded: adminurl_helper
INFO - 2020-09-09 11:12:40 --> Utf8 Class Initialized
INFO - 2020-09-09 11:12:40 --> Helper loaded: site_helper
INFO - 2020-09-09 11:12:40 --> URI Class Initialized
INFO - 2020-09-09 11:12:40 --> Helper loaded: directory_helper
INFO - 2020-09-09 11:12:40 --> Router Class Initialized
INFO - 2020-09-09 11:12:40 --> Helper loaded: mail_helper
INFO - 2020-09-09 11:12:40 --> Output Class Initialized
INFO - 2020-09-09 11:12:40 --> Language file loaded: language/english/api_lang.php
INFO - 2020-09-09 11:12:40 --> Security Class Initialized
INFO - 2020-09-09 11:12:40 --> Database Driver Class Initialized
DEBUG - 2020-09-09 11:12:41 --> Global POST, GET and COOKIE data sanitized
INFO - 2020-09-09 11:12:41 --> Email Class Initialized
INFO - 2020-09-09 11:12:41 --> Input Class Initialized
INFO - 2020-09-09 11:12:41 --> Session: Class initialized using 'database' driver.
INFO - 2020-09-09 11:12:41 --> Language Class Initialized
INFO - 2020-09-09 11:12:41 --> Form Validation Class Initialized
INFO - 2020-09-09 11:12:41 --> Language Class Initialized
INFO - 2020-09-09 11:12:41 --> Controller Class Initialized
INFO - 2020-09-09 11:12:41 --> Config Class Initialized
INFO - 2020-09-09 11:12:41 --> Loader Class Initialized
DEBUG - 2020-09-09 11:12:41 --> Procurement MX_Controller Initialized
DEBUG - 2020-09-09 11:12:41 --> Config file loaded: C:\Apache24\htdocs\KSEBL_SSP\application\config/rest.php
DEBUG - 2020-09-09 11:12:41 --> File loaded: C:\Apache24\htdocs\KSEBL_SSP\application\controllers/../modules/template/controllers/Template.php
DEBUG - 2020-09-09 11:12:41 --> Template MX_Controller Initialized
INFO - 2020-09-09 11:12:41 --> Helper loaded: url_helper
INFO - 2020-09-09 11:12:41 --> Helper loaded: form_helper
ERROR - 2020-09-09 11:12:41 --> Severity: Notice --> Undefined variable: main_menulabel C:\Apache24\htdocs\KSEBL_SSP\application\modules\template\views\admin\sidebar.php 5
INFO - 2020-09-09 11:12:41 --> Helper loaded: adminurl_helper
DEBUG - 2020-09-09 11:12:41 --> File loaded: C:\Apache24\htdocs\KSEBL_SSP\application\modules/template/views/admin/sidebar.php
INFO - 2020-09-09 11:12:41 --> Helper loaded: site_helper
ERROR - 2020-09-09 11:12:41 --> Severity: Notice --> Undefined variable: main_menulabel C:\Apache24\htdocs\KSEBL_SSP\application\modules\template\views\admin\header.php 397
INFO - 2020-09-09 11:12:41 --> Helper loaded: directory_helper
DEBUG - 2020-09-09 11:12:41 --> File loaded: C:\Apache24\htdocs\KSEBL_SSP\application\modules/template/views/admin/header.php
INFO - 2020-09-09 11:12:41 --> Helper loaded: mail_helper
INFO - 2020-09-09 11:12:41 --> Language file loaded: language/english/api_lang.php
DEBUG - 2020-09-09 11:12:41 --> File loaded: C:\Apache24\htdocs\KSEBL_SSP\application\modules/template/views/admin/dataTable.php
INFO - 2020-09-09 11:12:41 --> Database Driver Class Initialized
DEBUG - 2020-09-09 11:12:41 --> File loaded: C:\Apache24\htdocs\KSEBL_SSP\application\modules/admin/procurement/views/tenders.php
DEBUG - 2020-09-09 11:12:41 --> File loaded: C:\Apache24\htdocs\KSEBL_SSP\application\modules/template/views/admin/footer.php
INFO - 2020-09-09 11:12:41 --> Final output sent to browser
INFO - 2020-09-09 11:12:41 --> Email Class Initialized
DEBUG - 2020-09-09 11:12:41 --> Total execution time: 1.7179
INFO - 2020-09-09 11:12:42 --> Session: Class initialized using 'database' driver.
INFO - 2020-09-09 11:12:42 --> Form Validation Class Initialized
INFO - 2020-09-09 11:12:42 --> Controller Class Initialized
INFO - 2020-09-09 11:12:42 --> Config Class Initialized
DEBUG - 2020-09-09 11:12:42 --> User_management MX_Controller Initialized
INFO - 2020-09-09 11:12:42 --> Hooks Class Initialized
DEBUG - 2020-09-09 11:12:42 --> File loaded: C:\Apache24\htdocs\KSEBL_SSP\application\controllers/../modules/template/controllers/Template.php
DEBUG - 2020-09-09 11:12:42 --> UTF-8 Support Enabled
DEBUG - 2020-09-09 11:12:42 --> Template MX_Controller Initialized
INFO - 2020-09-09 11:12:42 --> Utf8 Class Initialized
ERROR - 2020-09-09 11:12:42 --> Severity: Notice --> Undefined variable: main_menulabel C:\Apache24\htdocs\KSEBL_SSP\application\modules\template\views\admin\sidebar.php 5
INFO - 2020-09-09 11:12:42 --> URI Class Initialized
DEBUG - 2020-09-09 11:12:42 --> File loaded: C:\Apache24\htdocs\KSEBL_SSP\application\modules/template/views/admin/sidebar.php
INFO - 2020-09-09 11:12:42 --> Router Class Initialized
ERROR - 2020-09-09 11:12:42 --> Severity: Notice --> Undefined variable: main_menulabel C:\Apache24\htdocs\KSEBL_SSP\application\modules\template\views\admin\header.php 397
INFO - 2020-09-09 11:12:42 --> Output Class Initialized
DEBUG - 2020-09-09 11:12:42 --> File loaded: C:\Apache24\htdocs\KSEBL_SSP\application\modules/template/views/admin/header.php
INFO - 2020-09-09 11:12:42 --> Security Class Initialized
DEBUG - 2020-09-09 11:12:42 --> Global POST, GET and COOKIE data sanitized
DEBUG - 2020-09-09 11:12:42 --> File loaded: C:\Apache24\htdocs\KSEBL_SSP\application\modules/template/views/admin/dataTable.php
INFO - 2020-09-09 11:12:42 --> Input Class Initialized
DEBUG - 2020-09-09 11:12:42 --> File loaded: C:\Apache24\htdocs\KSEBL_SSP\application\modules/admin/user_management/views/supplier.php
INFO - 2020-09-09 11:12:42 --> Language Class Initialized
DEBUG - 2020-09-09 11:12:42 --> File loaded: C:\Apache24\htdocs\KSEBL_SSP\application\modules/template/views/admin/footer.php
INFO - 2020-09-09 11:12:42 --> Language Class Initialized
INFO - 2020-09-09 11:12:42 --> Final output sent to browser
INFO - 2020-09-09 11:12:42 --> Config Class Initialized
DEBUG - 2020-09-09 11:12:42 --> Total execution time: 1.9860
INFO - 2020-09-09 11:12:42 --> Loader Class Initialized
DEBUG - 2020-09-09 11:12:42 --> Config file loaded: C:\Apache24\htdocs\KSEBL_SSP\application\config/rest.php
INFO - 2020-09-09 11:12:42 --> Helper loaded: url_helper
INFO - 2020-09-09 11:12:42 --> Helper loaded: form_helper
INFO - 2020-09-09 11:12:42 --> Helper loaded: adminurl_helper
INFO - 2020-09-09 11:12:42 --> Helper loaded: site_helper
INFO - 2020-09-09 11:12:42 --> Helper loaded: directory_helper
INFO - 2020-09-09 11:12:42 --> Helper loaded: mail_helper
INFO - 2020-09-09 11:12:43 --> Language file loaded: language/english/api_lang.php
INFO - 2020-09-09 11:12:43 --> Database Driver Class Initialized
INFO - 2020-09-09 11:12:43 --> Email Class Initialized
INFO - 2020-09-09 11:12:43 --> Session: Class initialized using 'database' driver.
INFO - 2020-09-09 11:12:43 --> Form Validation Class Initialized
INFO - 2020-09-09 11:12:43 --> Controller Class Initialized
DEBUG - 2020-09-09 11:12:43 --> Quotations MX_Controller Initialized
DEBUG - 2020-09-09 11:12:43 --> File loaded: C:\Apache24\htdocs\KSEBL_SSP\application\controllers/../modules/template/controllers/Template.php
DEBUG - 2020-09-09 11:12:43 --> Template MX_Controller Initialized
ERROR - 2020-09-09 11:12:43 --> Severity: Notice --> Undefined variable: main_menulabel C:\Apache24\htdocs\KSEBL_SSP\application\modules\template\views\admin\sidebar.php 5
DEBUG - 2020-09-09 11:12:43 --> File loaded: C:\Apache24\htdocs\KSEBL_SSP\application\modules/template/views/admin/sidebar.php
ERROR - 2020-09-09 11:12:43 --> Severity: Notice --> Undefined variable: main_menulabel C:\Apache24\htdocs\KSEBL_SSP\application\modules\template\views\admin\header.php 397
DEBUG - 2020-09-09 11:12:43 --> File loaded: C:\Apache24\htdocs\KSEBL_SSP\application\modules/template/views/admin/header.php
DEBUG - 2020-09-09 11:12:43 --> File loaded: C:\Apache24\htdocs\KSEBL_SSP\application\modules/template/views/admin/dataTable.php
INFO - 2020-09-09 11:12:43 --> Config Class Initialized
DEBUG - 2020-09-09 11:12:43 --> File loaded: C:\Apache24\htdocs\KSEBL_SSP\application\modules/admin/quotations/views/manage_quotations.php
DEBUG - 2020-09-09 11:12:43 --> File loaded: C:\Apache24\htdocs\KSEBL_SSP\application\modules/template/views/admin/footer.php
INFO - 2020-09-09 11:12:43 --> Hooks Class Initialized
DEBUG - 2020-09-09 11:12:43 --> UTF-8 Support Enabled
INFO - 2020-09-09 11:12:43 --> Final output sent to browser
INFO - 2020-09-09 11:12:43 --> Utf8 Class Initialized
DEBUG - 2020-09-09 11:12:43 --> Total execution time: 1.5610
INFO - 2020-09-09 11:12:43 --> URI Class Initialized
INFO - 2020-09-09 11:12:43 --> Router Class Initialized
INFO - 2020-09-09 11:12:43 --> Output Class Initialized
INFO - 2020-09-09 11:12:43 --> Security Class Initialized
DEBUG - 2020-09-09 11:12:43 --> Global POST, GET and COOKIE data sanitized
INFO - 2020-09-09 11:12:43 --> Input Class Initialized
INFO - 2020-09-09 11:12:44 --> Language Class Initialized
INFO - 2020-09-09 11:12:44 --> Language Class Initialized
INFO - 2020-09-09 11:12:44 --> Config Class Initialized
INFO - 2020-09-09 11:12:44 --> Loader Class Initialized
DEBUG - 2020-09-09 11:12:44 --> Config file loaded: C:\Apache24\htdocs\KSEBL_SSP\application\config/rest.php
INFO - 2020-09-09 11:12:44 --> Helper loaded: url_helper
INFO - 2020-09-09 11:12:44 --> Helper loaded: form_helper
INFO - 2020-09-09 11:12:44 --> Helper loaded: adminurl_helper
INFO - 2020-09-09 11:12:44 --> Helper loaded: site_helper
INFO - 2020-09-09 11:12:44 --> Helper loaded: directory_helper
INFO - 2020-09-09 11:12:44 --> Helper loaded: mail_helper
INFO - 2020-09-09 11:12:44 --> Language file loaded: language/english/api_lang.php
INFO - 2020-09-09 11:12:44 --> Database Driver Class Initialized
INFO - 2020-09-09 11:12:44 --> Email Class Initialized
INFO - 2020-09-09 11:12:44 --> Session: Class initialized using 'database' driver.
INFO - 2020-09-09 11:12:44 --> Form Validation Class Initialized
INFO - 2020-09-09 11:12:44 --> Controller Class Initialized
DEBUG - 2020-09-09 11:12:44 --> Procurement MX_Controller Initialized
DEBUG - 2020-09-09 11:12:44 --> File loaded: C:\Apache24\htdocs\KSEBL_SSP\application\controllers/../modules/template/controllers/Template.php
DEBUG - 2020-09-09 11:12:44 --> Template MX_Controller Initialized
ERROR - 2020-09-09 11:12:44 --> Severity: Notice --> Undefined variable: main_menulabel C:\Apache24\htdocs\KSEBL_SSP\application\modules\template\views\admin\sidebar.php 5
DEBUG - 2020-09-09 11:12:44 --> File loaded: C:\Apache24\htdocs\KSEBL_SSP\application\modules/template/views/admin/sidebar.php
ERROR - 2020-09-09 11:12:44 --> Severity: Notice --> Undefined variable: main_menulabel C:\Apache24\htdocs\KSEBL_SSP\application\modules\template\views\admin\header.php 397
DEBUG - 2020-09-09 11:12:44 --> File loaded: C:\Apache24\htdocs\KSEBL_SSP\application\modules/template/views/admin/header.php
DEBUG - 2020-09-09 11:12:44 --> File loaded: C:\Apache24\htdocs\KSEBL_SSP\application\modules/template/views/admin/dataTable.php
DEBUG - 2020-09-09 11:12:45 --> File loaded: C:\Apache24\htdocs\KSEBL_SSP\application\modules/admin/procurement/views/tenders.php
DEBUG - 2020-09-09 11:12:45 --> File loaded: C:\Apache24\htdocs\KSEBL_SSP\application\modules/template/views/admin/footer.php
INFO - 2020-09-09 11:12:45 --> Final output sent to browser
DEBUG - 2020-09-09 11:12:45 --> Total execution time: 1.5218
INFO - 2020-09-09 11:12:45 --> Config Class Initialized
INFO - 2020-09-09 11:12:45 --> Hooks Class Initialized
DEBUG - 2020-09-09 11:12:45 --> UTF-8 Support Enabled
INFO - 2020-09-09 11:12:45 --> Utf8 Class Initialized
INFO - 2020-09-09 11:12:45 --> URI Class Initialized
INFO - 2020-09-09 11:12:45 --> Router Class Initialized
INFO - 2020-09-09 11:12:46 --> Output Class Initialized
INFO - 2020-09-09 11:12:46 --> Security Class Initialized
DEBUG - 2020-09-09 11:12:46 --> Global POST, GET and COOKIE data sanitized
INFO - 2020-09-09 11:12:46 --> Input Class Initialized
INFO - 2020-09-09 11:12:46 --> Language Class Initialized
INFO - 2020-09-09 11:12:46 --> Language Class Initialized
INFO - 2020-09-09 11:12:46 --> Config Class Initialized
INFO - 2020-09-09 11:12:46 --> Loader Class Initialized
DEBUG - 2020-09-09 11:12:46 --> Config file loaded: C:\Apache24\htdocs\KSEBL_SSP\application\config/rest.php
INFO - 2020-09-09 11:12:46 --> Helper loaded: url_helper
INFO - 2020-09-09 11:12:46 --> Helper loaded: form_helper
INFO - 2020-09-09 11:12:46 --> Helper loaded: adminurl_helper
INFO - 2020-09-09 11:12:46 --> Helper loaded: site_helper
INFO - 2020-09-09 11:12:46 --> Helper loaded: directory_helper
INFO - 2020-09-09 11:12:46 --> Helper loaded: mail_helper
INFO - 2020-09-09 11:12:46 --> Language file loaded: language/english/api_lang.php
INFO - 2020-09-09 11:12:46 --> Database Driver Class Initialized
INFO - 2020-09-09 11:12:46 --> Email Class Initialized
INFO - 2020-09-09 11:12:46 --> Session: Class initialized using 'database' driver.
INFO - 2020-09-09 11:12:46 --> Form Validation Class Initialized
INFO - 2020-09-09 11:12:46 --> Controller Class Initialized
DEBUG - 2020-09-09 11:12:46 --> Dashboard MX_Controller Initialized
DEBUG - 2020-09-09 11:12:46 --> File loaded: C:\Apache24\htdocs\KSEBL_SSP\application\controllers/../modules/template/controllers/Template.php
DEBUG - 2020-09-09 11:12:47 --> Template MX_Controller Initialized
DEBUG - 2020-09-09 11:12:47 --> File loaded: C:\Apache24\htdocs\KSEBL_SSP\application\modules/admin/dashboard/models/Dashboard_model.php
ERROR - 2020-09-09 11:12:47 --> Severity: Notice --> Undefined variable: main_menulabel C:\Apache24\htdocs\KSEBL_SSP\application\modules\template\views\admin\sidebar.php 5
DEBUG - 2020-09-09 11:12:47 --> File loaded: C:\Apache24\htdocs\KSEBL_SSP\application\modules/template/views/admin/sidebar.php
ERROR - 2020-09-09 11:12:47 --> Severity: Notice --> Undefined variable: main_menulabel C:\Apache24\htdocs\KSEBL_SSP\application\modules\template\views\admin\header.php 397
DEBUG - 2020-09-09 11:12:47 --> File loaded: C:\Apache24\htdocs\KSEBL_SSP\application\modules/template/views/admin/header.php
DEBUG - 2020-09-09 11:12:47 --> File loaded: C:\Apache24\htdocs\KSEBL_SSP\application\modules/admin/dashboard/views/home.php
DEBUG - 2020-09-09 11:12:47 --> File loaded: C:\Apache24\htdocs\KSEBL_SSP\application\modules/template/views/admin/footer.php
INFO - 2020-09-09 11:12:47 --> Final output sent to browser
DEBUG - 2020-09-09 11:12:47 --> Total execution time: 1.5761
INFO - 2020-09-09 11:12:48 --> Config Class Initialized
INFO - 2020-09-09 11:12:48 --> Hooks Class Initialized
DEBUG - 2020-09-09 11:12:48 --> UTF-8 Support Enabled
INFO - 2020-09-09 11:12:48 --> Utf8 Class Initialized
INFO - 2020-09-09 11:12:48 --> URI Class Initialized
INFO - 2020-09-09 11:12:48 --> Router Class Initialized
INFO - 2020-09-09 11:12:48 --> Output Class Initialized
INFO - 2020-09-09 11:12:48 --> Security Class Initialized
DEBUG - 2020-09-09 11:12:48 --> Global POST, GET and COOKIE data sanitized
INFO - 2020-09-09 11:12:48 --> Input Class Initialized
INFO - 2020-09-09 11:12:48 --> Language Class Initialized
INFO - 2020-09-09 11:12:48 --> Language Class Initialized
INFO - 2020-09-09 11:12:48 --> Config Class Initialized
INFO - 2020-09-09 11:12:48 --> Loader Class Initialized
DEBUG - 2020-09-09 11:12:48 --> Config file loaded: C:\Apache24\htdocs\KSEBL_SSP\application\config/rest.php
INFO - 2020-09-09 11:12:48 --> Helper loaded: url_helper
INFO - 2020-09-09 11:12:48 --> Helper loaded: form_helper
INFO - 2020-09-09 11:12:48 --> Helper loaded: adminurl_helper
INFO - 2020-09-09 11:12:49 --> Helper loaded: site_helper
INFO - 2020-09-09 11:12:49 --> Helper loaded: directory_helper
INFO - 2020-09-09 11:12:49 --> Helper loaded: mail_helper
INFO - 2020-09-09 11:12:49 --> Language file loaded: language/english/api_lang.php
INFO - 2020-09-09 11:12:49 --> Database Driver Class Initialized
INFO - 2020-09-09 11:12:49 --> Email Class Initialized
INFO - 2020-09-09 11:12:49 --> Session: Class initialized using 'database' driver.
INFO - 2020-09-09 11:12:49 --> Form Validation Class Initialized
INFO - 2020-09-09 11:12:49 --> Controller Class Initialized
DEBUG - 2020-09-09 11:12:49 --> Web MX_Controller Initialized
DEBUG - 2020-09-09 11:12:49 --> File loaded: C:\Apache24\htdocs\KSEBL_SSP\application\controllers/../modules/template/controllers/Template.php
DEBUG - 2020-09-09 11:12:49 --> Template MX_Controller Initialized
DEBUG - 2020-09-09 11:12:49 --> File loaded: C:\Apache24\htdocs\KSEBL_SSP\application\modules/template/views/public/header.php
DEBUG - 2020-09-09 11:12:49 --> File loaded: C:\Apache24\htdocs\KSEBL_SSP\application\modules/website/web/views/404.php
DEBUG - 2020-09-09 11:12:49 --> File loaded: C:\Apache24\htdocs\KSEBL_SSP\application\modules/template/views/public/footer.php
INFO - 2020-09-09 11:12:49 --> Final output sent to browser
DEBUG - 2020-09-09 11:12:49 --> Total execution time: 1.4396
